2025-03-12 10:32:15,490 - INFO - Target extractor set...
2025-03-12 10:32:15,490 - INFO - Target loader set...
2025-03-12 10:32:15,490 - INFO - Successfully added step with key: 5384c54d3bd68715812bd9480e8adb85
2025-03-12 10:32:15,495 - INFO - Successfully added step with key: de222ed930bca8da97e04ac3f0e1a8c4
2025-03-12 10:32:15,496 - INFO - Successfully added step with key: 83f75dc262c2019d6cd451384412e01b
2025-03-12 10:32:15,496 - INFO - No valid checkpoint found, starting from the beginning...
2025-03-12 10:32:15,496 - INFO - Beginning ETL Execution at time: 1741789935.496832 ...
2025-03-12 10:32:15,506 - INFO - Executing Step: CSVExtractor
2025-03-12 10:32:15,511 - INFO - Added dataframe: tmp to globalcontext
2025-03-12 10:32:15,514 - INFO - Checkpoint stored for step: de222ed930bca8da97e04ac3f0e1a8c4
2025-03-12 10:32:15,514 - INFO - Step: CSVExtractor completed...
2025-03-12 10:32:15,514 - INFO - Executing Step: print_df_step
2025-03-12 10:32:15,517 - INFO - Checkpoint stored for step: 5384c54d3bd68715812bd9480e8adb85
2025-03-12 10:32:15,517 - INFO - Step: print_df_step completed...
2025-03-12 10:32:15,517 - INFO - Executing Step: CSVLoader
2025-03-12 10:32:15,520 - INFO - Checkpoint stored for step: 83f75dc262c2019d6cd451384412e01b
2025-03-12 10:32:15,520 - INFO - Step: CSVLoader completed...
2025-03-12 10:32:15,522 - INFO - Successfully added step with key: dc9c09368b6fc1eac32cee7be7815efa
2025-03-12 10:32:15,522 - INFO - Successfully added step with key: 9b2cd0a71d8e9a10a579ebaa632def31
2025-03-12 10:32:15,522 - INFO - No valid checkpoint found, starting from the beginning...
2025-03-12 10:32:15,522 - INFO - Beginning ETL Execution at time: 1741789935.522676 ...
2025-03-12 10:32:15,523 - INFO - Executing Step: CSVExtractor
2025-03-12 10:32:15,524 - INFO - Added dataframe: tmp to globalcontext
2025-03-12 10:32:15,525 - INFO - Checkpoint stored for step: dc9c09368b6fc1eac32cee7be7815efa
2025-03-12 10:32:15,525 - INFO - Step: CSVExtractor completed...
2025-03-12 10:32:15,525 - INFO - Executing Step: CSVExtractor
2025-03-12 10:32:15,527 - INFO - Checkpoint stored for step: de222ed930bca8da97e04ac3f0e1a8c4
2025-03-12 10:32:15,527 - INFO - Step: CSVExtractor completed...
2025-03-12 10:32:15,527 - INFO - Executing Step: print_df_step
2025-03-12 10:32:15,529 - INFO - Checkpoint stored for step: 5384c54d3bd68715812bd9480e8adb85
2025-03-12 10:32:15,529 - INFO - Step: print_df_step completed...
2025-03-12 10:32:15,529 - INFO - Executing Step: CSVLoader
2025-03-12 10:32:15,530 - INFO - Checkpoint stored for step: 83f75dc262c2019d6cd451384412e01b
2025-03-12 10:32:15,530 - INFO - Step: CSVLoader completed...
2025-03-12 10:32:15,530 - INFO - Executing Step: CSVLoader
2025-03-12 10:32:15,531 - INFO - Checkpoint stored for step: 9b2cd0a71d8e9a10a579ebaa632def31
2025-03-12 10:32:15,531 - INFO - Step: CSVLoader completed...
2025-03-12 10:32:15,531 - INFO - Successfully added step with key: fc0de5317ae15ad50e902796a1016724
2025-03-12 10:32:15,531 - INFO - Successfully added step with key: eaf1a0baf28692a69cbc149f0099f7c6
2025-03-12 10:32:15,532 - INFO - No valid checkpoint found, starting from the beginning...
2025-03-12 10:32:15,532 - INFO - Beginning ETL Execution at time: 1741789935.5321758 ...
2025-03-12 10:32:15,533 - INFO - Executing Step: CSVExtractor
2025-03-12 10:32:15,536 - INFO - Checkpoint stored for step: fc0de5317ae15ad50e902796a1016724
2025-03-12 10:32:15,536 - INFO - Step: CSVExtractor completed...
2025-03-12 10:32:15,536 - INFO - Executing Step: CSVExtractor
