2025-03-12 11:21:19,088 - INFO - Target extractor set...
2025-03-12 11:21:19,088 - INFO - Target loader set...
2025-03-12 11:21:19,088 - INFO - Successfully added step with key: 5384c54d3bd68715812bd9480e8adb85
2025-03-12 11:21:19,092 - INFO - Successfully added step with key: de222ed930bca8da97e04ac3f0e1a8c4
2025-03-12 11:21:19,092 - INFO - Successfully added step with key: 83f75dc262c2019d6cd451384412e01b
2025-03-12 11:21:19,093 - INFO - Successfully added step with key: 303c02b1d9dc0c0c316fca773bdcf9b6
2025-03-12 11:21:19,093 - INFO - No valid checkpoint found, starting from the beginning...
2025-03-12 11:21:19,093 - INFO - Beginning ETL Execution at time: 1741792879.093977 ...
2025-03-12 11:21:19,103 - INFO - Executing Step: CSVExtractor
2025-03-12 11:21:19,110 - INFO - Added dataframe: tmp to globalcontext
2025-03-12 11:21:19,112 - INFO - Checkpoint stored for step: de222ed930bca8da97e04ac3f0e1a8c4
2025-03-12 11:21:19,112 - INFO - Step: CSVExtractor completed...
2025-03-12 11:21:19,112 - INFO - Executing Step: print_df_step
2025-03-12 11:21:19,115 - INFO - Checkpoint stored for step: 5384c54d3bd68715812bd9480e8adb85
2025-03-12 11:21:19,115 - INFO - Step: print_df_step completed...
2025-03-12 11:21:19,115 - INFO - Executing Step: CSVLoader
2025-03-12 11:21:19,118 - INFO - Checkpoint stored for step: 83f75dc262c2019d6cd451384412e01b
2025-03-12 11:21:19,118 - INFO - Step: CSVLoader completed...
2025-03-12 11:21:19,118 - INFO - Executing Step: reset_cache
2025-03-12 11:21:19,118 - INFO - Step: reset_cache completed...
2025-03-12 11:21:19,120 - INFO - No valid checkpoint found, starting from the beginning...
2025-03-12 11:21:19,120 - INFO - Beginning ETL Execution at time: 1741792879.120509 ...
2025-03-12 11:21:19,122 - INFO - Executing Step: CSVExtractor
2025-03-12 11:21:19,123 - INFO - Added dataframe: tmp to globalcontext
2025-03-12 11:21:19,124 - INFO - Checkpoint stored for step: de222ed930bca8da97e04ac3f0e1a8c4
2025-03-12 11:21:19,124 - INFO - Step: CSVExtractor completed...
2025-03-12 11:21:19,124 - INFO - Executing Step: print_df_step
2025-03-12 11:21:19,125 - INFO - Checkpoint stored for step: 5384c54d3bd68715812bd9480e8adb85
2025-03-12 11:21:19,125 - INFO - Step: print_df_step completed...
2025-03-12 11:21:19,125 - INFO - Executing Step: CSVLoader
2025-03-12 11:21:19,127 - INFO - Checkpoint stored for step: 83f75dc262c2019d6cd451384412e01b
2025-03-12 11:21:19,127 - INFO - Step: CSVLoader completed...
2025-03-12 11:21:19,127 - INFO - Executing Step: reset_cache
2025-03-12 11:21:19,127 - INFO - Step: reset_cache completed...
2025-03-12 11:21:19,128 - INFO - No valid checkpoint found, starting from the beginning...
2025-03-12 11:21:19,128 - INFO - Beginning ETL Execution at time: 1741792879.128169 ...
2025-03-12 11:21:19,129 - INFO - Executing Step: CSVExtractor
2025-03-12 11:21:19,131 - INFO - Checkpoint stored for step: de222ed930bca8da97e04ac3f0e1a8c4
2025-03-12 11:21:19,131 - INFO - Step: CSVExtractor completed...
2025-03-12 11:21:19,131 - INFO - Executing Step: print_df_step
2025-03-12 11:21:19,132 - INFO - Checkpoint stored for step: 5384c54d3bd68715812bd9480e8adb85
2025-03-12 11:21:19,132 - INFO - Step: print_df_step completed...
2025-03-12 11:21:19,132 - INFO - Executing Step: CSVLoader
2025-03-12 11:21:19,136 - INFO - Checkpoint stored for step: 83f75dc262c2019d6cd451384412e01b
2025-03-12 11:21:19,136 - INFO - Step: CSVLoader completed...
2025-03-12 11:21:19,136 - INFO - Executing Step: reset_cache
2025-03-12 11:21:19,136 - INFO - Step: reset_cache completed...
2025-03-12 11:21:19,137 - INFO - No valid checkpoint found, starting from the beginning...
2025-03-12 11:21:19,137 - INFO - Beginning ETL Execution at time: 1741792879.13748 ...
2025-03-12 11:21:19,138 - INFO - Executing Step: CSVExtractor
2025-03-12 11:21:19,141 - INFO - Checkpoint stored for step: de222ed930bca8da97e04ac3f0e1a8c4
2025-03-12 11:21:19,141 - INFO - Step: CSVExtractor completed...
2025-03-12 11:21:19,141 - INFO - Executing Step: print_df_step
2025-03-12 11:21:19,142 - INFO - Checkpoint stored for step: 5384c54d3bd68715812bd9480e8adb85
2025-03-12 11:21:19,142 - INFO - Step: print_df_step completed...
2025-03-12 11:21:19,142 - INFO - Executing Step: CSVLoader
2025-03-12 11:21:19,143 - INFO - Checkpoint stored for step: 83f75dc262c2019d6cd451384412e01b
2025-03-12 11:21:19,143 - INFO - Step: CSVLoader completed...
2025-03-12 11:21:19,143 - INFO - Executing Step: reset_cache
2025-03-12 11:21:19,144 - INFO - Step: reset_cache completed...
2025-03-12 11:21:19,144 - INFO - ETL Execution Finished at time: 1741792879.144362 ...
2025-03-12 11:21:19,144 - INFO - Total Execution Time: 0.01 seconds
