2025-03-15 16:48:09,848 - INFO - Target extractor set...
2025-03-15 16:48:09,848 - INFO - Target loader set...
2025-03-15 16:48:09,848 - INFO - Successfully added step with key: 32d19eb47ab401990ab22f7a7131e175
2025-03-15 16:48:09,849 - INFO - Successfully added step with key: 13dc46e0dd043397767ffdc997a4743b
2025-03-15 16:48:09,849 - INFO - Successfully added step with key: b06e120d9cdaf4b1d7bf9bb14362d541
2025-03-15 16:48:09,849 - INFO - Successfully added step with key: bc688c77c2ca39c40898b98f63583856
2025-03-15 16:48:09,849 - INFO - Successfully added step with key: 2fd8f7e7e62cd92f53980b02d5ad1885
2025-03-15 16:48:09,852 - INFO - Successfully added step with key: fc0de5317ae15ad50e902796a1016724
2025-03-15 16:48:09,852 - INFO - Successfully added step with key: eaf1a0baf28692a69cbc149f0099f7c6
2025-03-15 16:48:09,852 - INFO - Beginning ETL Execution at time: 1742071689.8522189 ...
2025-03-15 16:48:09,864 - INFO - Executing Step: CSVExtractor
2025-03-15 16:48:09,873 - INFO - Added dataframe: tmp to globalcontext
2025-03-15 16:48:09,873 - INFO - Step: CSVExtractor completed...
2025-03-15 16:48:09,874 - INFO - Executing Step: CreateVariable
2025-03-15 16:48:09,874 - INFO - Step: CreateVariable completed...
2025-03-15 16:48:09,874 - INFO - Executing Step: IncrementVariable
2025-03-15 16:48:09,875 - INFO - Step: IncrementVariable completed...
2025-03-15 16:48:09,876 - INFO - Executing Step: GetColSum
2025-03-15 16:48:09,879 - INFO - Step: GetColSum completed...
2025-03-15 16:48:09,880 - INFO - Executing Step: TransposeDataFrame
2025-03-15 16:48:09,881 - INFO - Step: TransposeDataFrame completed...
2025-03-15 16:48:09,881 - INFO - Executing Step: print_df_step
2025-03-15 16:48:09,884 - INFO - Step: print_df_step completed...
2025-03-15 16:48:09,885 - INFO - Executing Step: CSVLoader
2025-03-15 16:48:09,887 - INFO - Step: CSVLoader completed...
2025-03-15 16:48:09,887 - INFO - ETL Execution Finished at time: 1742071689.887498 ...
2025-03-15 16:48:09,887 - INFO - Total Execution Time: 0.04 seconds
