2025-03-12 11:54:45,530 - INFO - Target extractor set...
2025-03-12 11:54:45,531 - INFO - Target loader set...
2025-03-12 11:54:45,531 - INFO - Successfully added step with key: 5384c54d3bd68715812bd9480e8adb85
2025-03-12 11:54:45,531 - INFO - Successfully added step with key: 0b31cc6b31a422983771068cbdf6a923
2025-03-12 11:54:45,531 - INFO - Successfully added step with key: f5e71a0bea083254707ca05a5cd6b067
2025-03-12 11:54:45,542 - INFO - Successfully added step with key: dc9c09368b6fc1eac32cee7be7815efa
2025-03-12 11:54:45,543 - INFO - Successfully added step with key: 9b2cd0a71d8e9a10a579ebaa632def31
2025-03-12 11:54:45,544 - INFO - Successfully added step with key: 265a8c16da69ec12db7978232af482c8
2025-03-12 11:54:45,640 - INFO - No valid checkpoint found, starting from the beginning...
2025-03-12 11:54:45,640 - INFO - Beginning ETL Execution at time: 1741794885.640469 ...
2025-03-12 11:54:45,652 - INFO - Executing Step: CSVExtractor
2025-03-12 11:54:45,655 - INFO - Added dataframe: tmp to globalcontext
2025-03-12 11:54:45,656 - INFO - Checkpoint stored for step: dc9c09368b6fc1eac32cee7be7815efa
2025-03-12 11:54:45,656 - INFO - Step: CSVExtractor completed...
2025-03-12 11:54:45,656 - INFO - Executing Step: print_df_step
2025-03-12 11:54:45,660 - INFO - Checkpoint stored for step: 5384c54d3bd68715812bd9480e8adb85
2025-03-12 11:54:45,660 - INFO - Step: print_df_step completed...
2025-03-12 11:54:45,660 - INFO - Executing Step: ExcelExtractor
2025-03-12 11:54:45,669 - INFO - Added dataframe: tmpBook to globalcontext
2025-03-12 11:54:45,670 - INFO - Checkpoint stored for step: 0b31cc6b31a422983771068cbdf6a923
2025-03-12 11:54:45,670 - INFO - Step: ExcelExtractor completed...
2025-03-12 11:54:45,670 - INFO - Executing Step: print_df_step2
2025-03-12 11:54:45,672 - INFO - Checkpoint stored for step: f5e71a0bea083254707ca05a5cd6b067
2025-03-12 11:54:45,672 - INFO - Step: print_df_step2 completed...
2025-03-12 11:54:45,672 - INFO - Executing Step: CSVLoader
2025-03-12 11:54:45,674 - INFO - Checkpoint stored for step: 9b2cd0a71d8e9a10a579ebaa632def31
2025-03-12 11:54:45,674 - INFO - Step: CSVLoader completed...
2025-03-12 11:54:45,674 - INFO - Executing Step: reset_cache
2025-03-12 11:54:45,674 - INFO - Step: reset_cache completed...
2025-03-12 11:54:45,675 - INFO - No valid checkpoint found, starting from the beginning...
2025-03-12 11:54:45,675 - INFO - Beginning ETL Execution at time: 1741794885.675421 ...
2025-03-12 11:54:45,676 - INFO - Executing Step: CSVExtractor
2025-03-12 11:54:45,677 - INFO - Added dataframe: tmp to globalcontext
2025-03-12 11:54:45,678 - INFO - Checkpoint stored for step: dc9c09368b6fc1eac32cee7be7815efa
2025-03-12 11:54:45,678 - INFO - Step: CSVExtractor completed...
2025-03-12 11:54:45,678 - INFO - Executing Step: print_df_step
2025-03-12 11:54:45,679 - INFO - Checkpoint stored for step: 5384c54d3bd68715812bd9480e8adb85
2025-03-12 11:54:45,679 - INFO - Step: print_df_step completed...
2025-03-12 11:54:45,679 - INFO - Executing Step: ExcelExtractor
2025-03-12 11:54:45,681 - INFO - Added dataframe: tmpBook to globalcontext
2025-03-12 11:54:45,682 - INFO - Checkpoint stored for step: 0b31cc6b31a422983771068cbdf6a923
2025-03-12 11:54:45,682 - INFO - Step: ExcelExtractor completed...
2025-03-12 11:54:45,682 - INFO - Executing Step: print_df_step2
2025-03-12 11:54:45,683 - INFO - Checkpoint stored for step: f5e71a0bea083254707ca05a5cd6b067
2025-03-12 11:54:45,683 - INFO - Step: print_df_step2 completed...
2025-03-12 11:54:45,683 - INFO - Executing Step: CSVLoader
2025-03-12 11:54:45,684 - INFO - Checkpoint stored for step: 9b2cd0a71d8e9a10a579ebaa632def31
2025-03-12 11:54:45,684 - INFO - Step: CSVLoader completed...
2025-03-12 11:54:45,684 - INFO - Executing Step: reset_cache
2025-03-12 11:54:45,684 - INFO - Step: reset_cache completed...
2025-03-12 11:54:45,685 - INFO - No valid checkpoint found, starting from the beginning...
2025-03-12 11:54:45,685 - INFO - Beginning ETL Execution at time: 1741794885.685517 ...
2025-03-12 11:54:45,686 - INFO - Executing Step: CSVExtractor
2025-03-12 11:54:45,689 - INFO - Checkpoint stored for step: dc9c09368b6fc1eac32cee7be7815efa
2025-03-12 11:54:45,689 - INFO - Step: CSVExtractor completed...
2025-03-12 11:54:45,689 - INFO - Executing Step: print_df_step
2025-03-12 11:54:45,691 - INFO - Checkpoint stored for step: 5384c54d3bd68715812bd9480e8adb85
2025-03-12 11:54:45,691 - INFO - Step: print_df_step completed...
2025-03-12 11:54:45,691 - INFO - Executing Step: ExcelExtractor
2025-03-12 11:54:45,694 - INFO - Checkpoint stored for step: 0b31cc6b31a422983771068cbdf6a923
2025-03-12 11:54:45,694 - INFO - Step: ExcelExtractor completed...
2025-03-12 11:54:45,694 - INFO - Executing Step: print_df_step2
2025-03-12 11:54:45,695 - INFO - Checkpoint stored for step: f5e71a0bea083254707ca05a5cd6b067
2025-03-12 11:54:45,695 - INFO - Step: print_df_step2 completed...
2025-03-12 11:54:45,695 - INFO - Executing Step: CSVLoader
2025-03-12 11:54:45,697 - INFO - Checkpoint stored for step: 9b2cd0a71d8e9a10a579ebaa632def31
2025-03-12 11:54:45,697 - INFO - Step: CSVLoader completed...
2025-03-12 11:54:45,697 - INFO - Executing Step: reset_cache
2025-03-12 11:54:45,697 - INFO - Step: reset_cache completed...
2025-03-12 11:54:45,697 - INFO - No valid checkpoint found, starting from the beginning...
2025-03-12 11:54:45,697 - INFO - Beginning ETL Execution at time: 1741794885.6976728 ...
2025-03-12 11:54:45,698 - INFO - Executing Step: CSVExtractor
2025-03-12 11:54:45,701 - INFO - Checkpoint stored for step: dc9c09368b6fc1eac32cee7be7815efa
2025-03-12 11:54:45,701 - INFO - Step: CSVExtractor completed...
2025-03-12 11:54:45,702 - INFO - Executing Step: print_df_step
2025-03-12 11:54:45,703 - INFO - Checkpoint stored for step: 5384c54d3bd68715812bd9480e8adb85
2025-03-12 11:54:45,703 - INFO - Step: print_df_step completed...
2025-03-12 11:54:45,703 - INFO - Executing Step: ExcelExtractor
2025-03-12 11:54:45,706 - INFO - Checkpoint stored for step: 0b31cc6b31a422983771068cbdf6a923
2025-03-12 11:54:45,706 - INFO - Step: ExcelExtractor completed...
2025-03-12 11:54:45,706 - INFO - Executing Step: print_df_step2
2025-03-12 11:54:45,708 - INFO - Checkpoint stored for step: f5e71a0bea083254707ca05a5cd6b067
2025-03-12 11:54:45,708 - INFO - Step: print_df_step2 completed...
2025-03-12 11:54:45,708 - INFO - Executing Step: CSVLoader
2025-03-12 11:54:45,709 - INFO - Checkpoint stored for step: 9b2cd0a71d8e9a10a579ebaa632def31
2025-03-12 11:54:45,709 - INFO - Step: CSVLoader completed...
2025-03-12 11:54:45,709 - INFO - Executing Step: reset_cache
2025-03-12 11:54:45,709 - INFO - Step: reset_cache completed...
2025-03-12 11:54:45,710 - INFO - No valid checkpoint found, starting from the beginning...
2025-03-12 11:54:45,710 - INFO - Beginning ETL Execution at time: 1741794885.7102149 ...
2025-03-12 11:54:45,711 - INFO - Executing Step: CSVExtractor
2025-03-12 11:54:45,713 - INFO - Checkpoint stored for step: dc9c09368b6fc1eac32cee7be7815efa
2025-03-12 11:54:45,713 - INFO - Step: CSVExtractor completed...
2025-03-12 11:54:45,713 - INFO - Executing Step: print_df_step
2025-03-12 11:54:45,714 - INFO - Checkpoint stored for step: 5384c54d3bd68715812bd9480e8adb85
2025-03-12 11:54:45,714 - INFO - Step: print_df_step completed...
2025-03-12 11:54:45,714 - INFO - Executing Step: ExcelExtractor
2025-03-12 11:54:45,717 - INFO - Checkpoint stored for step: 0b31cc6b31a422983771068cbdf6a923
2025-03-12 11:54:45,717 - INFO - Step: ExcelExtractor completed...
2025-03-12 11:54:45,717 - INFO - Executing Step: print_df_step2
2025-03-12 11:54:45,718 - INFO - Checkpoint stored for step: f5e71a0bea083254707ca05a5cd6b067
2025-03-12 11:54:45,718 - INFO - Step: print_df_step2 completed...
2025-03-12 11:54:45,718 - INFO - Executing Step: CSVLoader
2025-03-12 11:54:45,719 - INFO - Checkpoint stored for step: 9b2cd0a71d8e9a10a579ebaa632def31
2025-03-12 11:54:45,719 - INFO - Step: CSVLoader completed...
2025-03-12 11:54:45,719 - INFO - Executing Step: reset_cache
2025-03-12 11:54:45,719 - INFO - Step: reset_cache completed...
2025-03-12 11:54:45,720 - INFO - ETL Execution Finished at time: 1741794885.720129 ...
2025-03-12 11:54:45,720 - INFO - Total Execution Time: 0.01 seconds
