2025-03-12 10:32:55,435 - INFO - Target extractor set...
2025-03-12 10:32:55,435 - INFO - Target loader set...
2025-03-12 10:32:55,436 - INFO - Successfully added step with key: 5384c54d3bd68715812bd9480e8adb85
2025-03-12 10:32:55,440 - INFO - Successfully added step with key: de222ed930bca8da97e04ac3f0e1a8c4
2025-03-12 10:32:55,440 - INFO - Successfully added step with key: 83f75dc262c2019d6cd451384412e01b
2025-03-12 10:32:55,440 - INFO - No valid checkpoint found, starting from the beginning...
2025-03-12 10:32:55,441 - INFO - Beginning ETL Execution at time: 1741789975.441028 ...
2025-03-12 10:32:55,449 - INFO - Executing Step: CSVExtractor
2025-03-12 10:32:55,453 - INFO - Added dataframe: tmp to globalcontext
2025-03-12 10:32:55,455 - INFO - Checkpoint stored for step: de222ed930bca8da97e04ac3f0e1a8c4
2025-03-12 10:32:55,455 - INFO - Step: CSVExtractor completed...
2025-03-12 10:32:55,455 - INFO - Executing Step: print_df_step
2025-03-12 10:32:55,457 - INFO - Checkpoint stored for step: 5384c54d3bd68715812bd9480e8adb85
2025-03-12 10:32:55,457 - INFO - Step: print_df_step completed...
2025-03-12 10:32:55,457 - INFO - Executing Step: CSVLoader
2025-03-12 10:32:55,459 - INFO - Checkpoint stored for step: 83f75dc262c2019d6cd451384412e01b
2025-03-12 10:32:55,459 - INFO - Step: CSVLoader completed...
2025-03-12 10:32:55,461 - INFO - Successfully added step with key: dc9c09368b6fc1eac32cee7be7815efa
2025-03-12 10:32:55,461 - INFO - Successfully added step with key: 9b2cd0a71d8e9a10a579ebaa632def31
2025-03-12 10:32:55,461 - INFO - No valid checkpoint found, starting from the beginning...
2025-03-12 10:32:55,461 - INFO - Beginning ETL Execution at time: 1741789975.461975 ...
2025-03-12 10:32:55,463 - INFO - Executing Step: CSVExtractor
2025-03-12 10:32:55,464 - INFO - Added dataframe: tmp to globalcontext
2025-03-12 10:32:55,465 - INFO - Checkpoint stored for step: dc9c09368b6fc1eac32cee7be7815efa
2025-03-12 10:32:55,465 - INFO - Step: CSVExtractor completed...
2025-03-12 10:32:55,465 - INFO - Executing Step: CSVExtractor
2025-03-12 10:32:55,467 - INFO - Checkpoint stored for step: de222ed930bca8da97e04ac3f0e1a8c4
2025-03-12 10:32:55,467 - INFO - Step: CSVExtractor completed...
2025-03-12 10:32:55,467 - INFO - Executing Step: print_df_step
2025-03-12 10:32:55,468 - INFO - Checkpoint stored for step: 5384c54d3bd68715812bd9480e8adb85
2025-03-12 10:32:55,468 - INFO - Step: print_df_step completed...
2025-03-12 10:32:55,468 - INFO - Executing Step: CSVLoader
2025-03-12 10:32:55,469 - INFO - Checkpoint stored for step: 83f75dc262c2019d6cd451384412e01b
2025-03-12 10:32:55,469 - INFO - Step: CSVLoader completed...
2025-03-12 10:32:55,469 - INFO - Executing Step: CSVLoader
2025-03-12 10:32:55,470 - INFO - Checkpoint stored for step: 9b2cd0a71d8e9a10a579ebaa632def31
2025-03-12 10:32:55,470 - INFO - Step: CSVLoader completed...
2025-03-12 10:32:55,471 - INFO - Successfully added step with key: fc0de5317ae15ad50e902796a1016724
2025-03-12 10:32:55,471 - INFO - Successfully added step with key: eaf1a0baf28692a69cbc149f0099f7c6
2025-03-12 10:32:55,471 - INFO - No valid checkpoint found, starting from the beginning...
2025-03-12 10:32:55,471 - INFO - Beginning ETL Execution at time: 1741789975.471623 ...
2025-03-12 10:32:55,473 - INFO - Executing Step: CSVExtractor
2025-03-12 10:32:55,510 - INFO - Checkpoint stored for step: fc0de5317ae15ad50e902796a1016724
2025-03-12 10:32:55,510 - INFO - Step: CSVExtractor completed...
2025-03-12 10:32:55,510 - INFO - Executing Step: CSVExtractor
