2025-03-12 11:51:16,508 - INFO - Target extractor set...
2025-03-12 11:51:16,508 - INFO - Target loader set...
2025-03-12 11:51:16,508 - INFO - Successfully added step with key: 5384c54d3bd68715812bd9480e8adb85
2025-03-12 11:51:16,509 - INFO - Successfully added step with key: 0b31cc6b31a422983771068cbdf6a923
2025-03-12 11:51:16,509 - INFO - Successfully added step with key: f5e71a0bea083254707ca05a5cd6b067
2025-03-12 11:51:16,513 - INFO - Successfully added step with key: dc9c09368b6fc1eac32cee7be7815efa
2025-03-12 11:51:16,513 - INFO - Successfully added step with key: 9b2cd0a71d8e9a10a579ebaa632def31
2025-03-12 11:51:16,513 - INFO - Successfully added step with key: 265a8c16da69ec12db7978232af482c8
2025-03-12 11:51:16,576 - INFO - No valid checkpoint found, starting from the beginning...
2025-03-12 11:51:16,576 - INFO - Beginning ETL Execution at time: 1741794676.576417 ...
2025-03-12 11:51:16,583 - INFO - Executing Step: CSVExtractor
2025-03-12 11:51:16,586 - INFO - Added dataframe: tmp to globalcontext
2025-03-12 11:51:16,587 - INFO - Checkpoint stored for step: dc9c09368b6fc1eac32cee7be7815efa
2025-03-12 11:51:16,587 - INFO - Step: CSVExtractor completed...
2025-03-12 11:51:16,587 - INFO - Executing Step: print_df_step
2025-03-12 11:51:16,589 - INFO - Checkpoint stored for step: 5384c54d3bd68715812bd9480e8adb85
2025-03-12 11:51:16,589 - INFO - Step: print_df_step completed...
2025-03-12 11:51:16,590 - INFO - Executing Step: ExcelExtractor
2025-03-12 11:51:16,599 - INFO - Added dataframe: tmpBook to globalcontext
2025-03-12 11:51:16,600 - INFO - Checkpoint stored for step: 0b31cc6b31a422983771068cbdf6a923
2025-03-12 11:51:16,600 - INFO - Step: ExcelExtractor completed...
2025-03-12 11:51:16,600 - INFO - Executing Step: print_df_step2
2025-03-12 11:51:16,601 - INFO - Checkpoint stored for step: f5e71a0bea083254707ca05a5cd6b067
2025-03-12 11:51:16,601 - INFO - Step: print_df_step2 completed...
2025-03-12 11:51:16,601 - INFO - Executing Step: CSVLoader
2025-03-12 11:51:16,604 - INFO - Checkpoint stored for step: 9b2cd0a71d8e9a10a579ebaa632def31
2025-03-12 11:51:16,604 - INFO - Step: CSVLoader completed...
2025-03-12 11:51:16,604 - INFO - Executing Step: reset_cache
2025-03-12 11:51:16,604 - INFO - Step: reset_cache completed...
2025-03-12 11:51:16,605 - INFO - No valid checkpoint found, starting from the beginning...
2025-03-12 11:51:16,605 - INFO - Beginning ETL Execution at time: 1741794676.605262 ...
2025-03-12 11:51:16,606 - INFO - Executing Step: CSVExtractor
2025-03-12 11:51:16,608 - INFO - Added dataframe: tmp to globalcontext
2025-03-12 11:51:16,609 - INFO - Checkpoint stored for step: dc9c09368b6fc1eac32cee7be7815efa
2025-03-12 11:51:16,609 - INFO - Step: CSVExtractor completed...
2025-03-12 11:51:16,609 - INFO - Executing Step: print_df_step
2025-03-12 11:51:16,610 - INFO - Checkpoint stored for step: 5384c54d3bd68715812bd9480e8adb85
2025-03-12 11:51:16,610 - INFO - Step: print_df_step completed...
2025-03-12 11:51:16,610 - INFO - Executing Step: ExcelExtractor
2025-03-12 11:51:16,613 - INFO - Added dataframe: tmpBook to globalcontext
2025-03-12 11:51:16,614 - INFO - Checkpoint stored for step: 0b31cc6b31a422983771068cbdf6a923
2025-03-12 11:51:16,614 - INFO - Step: ExcelExtractor completed...
2025-03-12 11:51:16,614 - INFO - Executing Step: print_df_step2
2025-03-12 11:51:16,615 - INFO - Checkpoint stored for step: f5e71a0bea083254707ca05a5cd6b067
2025-03-12 11:51:16,615 - INFO - Step: print_df_step2 completed...
2025-03-12 11:51:16,615 - INFO - Executing Step: CSVLoader
2025-03-12 11:51:16,616 - INFO - Checkpoint stored for step: 9b2cd0a71d8e9a10a579ebaa632def31
2025-03-12 11:51:16,616 - INFO - Step: CSVLoader completed...
2025-03-12 11:51:16,616 - INFO - Executing Step: reset_cache
2025-03-12 11:51:16,616 - INFO - Step: reset_cache completed...
2025-03-12 11:51:16,617 - INFO - No valid checkpoint found, starting from the beginning...
2025-03-12 11:51:16,617 - INFO - Beginning ETL Execution at time: 1741794676.617297 ...
2025-03-12 11:51:16,618 - INFO - Executing Step: CSVExtractor
2025-03-12 11:51:16,621 - INFO - Checkpoint stored for step: dc9c09368b6fc1eac32cee7be7815efa
2025-03-12 11:51:16,621 - INFO - Step: CSVExtractor completed...
2025-03-12 11:51:16,621 - INFO - Executing Step: print_df_step
2025-03-12 11:51:16,622 - INFO - Checkpoint stored for step: 5384c54d3bd68715812bd9480e8adb85
2025-03-12 11:51:16,622 - INFO - Step: print_df_step completed...
2025-03-12 11:51:16,622 - INFO - Executing Step: ExcelExtractor
2025-03-12 11:51:16,626 - INFO - Checkpoint stored for step: 0b31cc6b31a422983771068cbdf6a923
2025-03-12 11:51:16,626 - INFO - Step: ExcelExtractor completed...
2025-03-12 11:51:16,626 - INFO - Executing Step: print_df_step2
2025-03-12 11:51:16,627 - INFO - Checkpoint stored for step: f5e71a0bea083254707ca05a5cd6b067
2025-03-12 11:51:16,627 - INFO - Step: print_df_step2 completed...
2025-03-12 11:51:16,627 - INFO - Executing Step: CSVLoader
2025-03-12 11:51:16,629 - INFO - Checkpoint stored for step: 9b2cd0a71d8e9a10a579ebaa632def31
2025-03-12 11:51:16,629 - INFO - Step: CSVLoader completed...
2025-03-12 11:51:16,629 - INFO - Executing Step: reset_cache
2025-03-12 11:51:16,629 - INFO - Step: reset_cache completed...
2025-03-12 11:51:16,629 - INFO - No valid checkpoint found, starting from the beginning...
2025-03-12 11:51:16,629 - INFO - Beginning ETL Execution at time: 1741794676.6297321 ...
2025-03-12 11:51:16,630 - INFO - Executing Step: CSVExtractor
2025-03-12 11:51:16,633 - INFO - Checkpoint stored for step: dc9c09368b6fc1eac32cee7be7815efa
2025-03-12 11:51:16,633 - INFO - Step: CSVExtractor completed...
2025-03-12 11:51:16,633 - INFO - Executing Step: print_df_step
2025-03-12 11:51:16,634 - INFO - Checkpoint stored for step: 5384c54d3bd68715812bd9480e8adb85
2025-03-12 11:51:16,634 - INFO - Step: print_df_step completed...
2025-03-12 11:51:16,634 - INFO - Executing Step: ExcelExtractor
2025-03-12 11:51:16,637 - INFO - Checkpoint stored for step: 0b31cc6b31a422983771068cbdf6a923
2025-03-12 11:51:16,637 - INFO - Step: ExcelExtractor completed...
2025-03-12 11:51:16,637 - INFO - Executing Step: print_df_step2
2025-03-12 11:51:16,639 - INFO - Checkpoint stored for step: f5e71a0bea083254707ca05a5cd6b067
2025-03-12 11:51:16,639 - INFO - Step: print_df_step2 completed...
2025-03-12 11:51:16,639 - INFO - Executing Step: CSVLoader
2025-03-12 11:51:16,640 - INFO - Checkpoint stored for step: 9b2cd0a71d8e9a10a579ebaa632def31
2025-03-12 11:51:16,640 - INFO - Step: CSVLoader completed...
2025-03-12 11:51:16,640 - INFO - Executing Step: reset_cache
2025-03-12 11:51:16,640 - INFO - Step: reset_cache completed...
2025-03-12 11:51:16,641 - INFO - No valid checkpoint found, starting from the beginning...
2025-03-12 11:51:16,641 - INFO - Beginning ETL Execution at time: 1741794676.6413682 ...
2025-03-12 11:51:16,642 - INFO - Executing Step: CSVExtractor
2025-03-12 11:51:16,645 - INFO - Checkpoint stored for step: dc9c09368b6fc1eac32cee7be7815efa
2025-03-12 11:51:16,645 - INFO - Step: CSVExtractor completed...
2025-03-12 11:51:16,645 - INFO - Executing Step: print_df_step
2025-03-12 11:51:16,646 - INFO - Checkpoint stored for step: 5384c54d3bd68715812bd9480e8adb85
2025-03-12 11:51:16,646 - INFO - Step: print_df_step completed...
2025-03-12 11:51:16,646 - INFO - Executing Step: ExcelExtractor
2025-03-12 11:51:16,649 - INFO - Checkpoint stored for step: 0b31cc6b31a422983771068cbdf6a923
2025-03-12 11:51:16,649 - INFO - Step: ExcelExtractor completed...
2025-03-12 11:51:16,649 - INFO - Executing Step: print_df_step2
2025-03-12 11:51:16,650 - INFO - Checkpoint stored for step: f5e71a0bea083254707ca05a5cd6b067
2025-03-12 11:51:16,650 - INFO - Step: print_df_step2 completed...
2025-03-12 11:51:16,650 - INFO - Executing Step: CSVLoader
2025-03-12 11:51:16,651 - INFO - Checkpoint stored for step: 9b2cd0a71d8e9a10a579ebaa632def31
2025-03-12 11:51:16,651 - INFO - Step: CSVLoader completed...
2025-03-12 11:51:16,651 - INFO - Executing Step: reset_cache
2025-03-12 11:51:16,652 - INFO - Step: reset_cache completed...
2025-03-12 11:51:16,652 - INFO - No valid checkpoint found, starting from the beginning...
2025-03-12 11:51:16,652 - INFO - Beginning ETL Execution at time: 1741794676.652534 ...
2025-03-12 11:51:16,653 - INFO - Executing Step: CSVExtractor
2025-03-12 11:51:16,656 - INFO - Checkpoint stored for step: dc9c09368b6fc1eac32cee7be7815efa
2025-03-12 11:51:16,656 - INFO - Step: CSVExtractor completed...
2025-03-12 11:51:16,656 - INFO - Executing Step: print_df_step
2025-03-12 11:51:16,658 - INFO - Checkpoint stored for step: 5384c54d3bd68715812bd9480e8adb85
2025-03-12 11:51:16,658 - INFO - Step: print_df_step completed...
2025-03-12 11:51:16,658 - INFO - Executing Step: ExcelExtractor
2025-03-12 11:51:16,661 - INFO - Checkpoint stored for step: 0b31cc6b31a422983771068cbdf6a923
2025-03-12 11:51:16,661 - INFO - Step: ExcelExtractor completed...
2025-03-12 11:51:16,661 - INFO - Executing Step: print_df_step2
2025-03-12 11:51:16,662 - INFO - Checkpoint stored for step: f5e71a0bea083254707ca05a5cd6b067
2025-03-12 11:51:16,662 - INFO - Step: print_df_step2 completed...
2025-03-12 11:51:16,662 - INFO - Executing Step: CSVLoader
2025-03-12 11:51:16,664 - INFO - Checkpoint stored for step: 9b2cd0a71d8e9a10a579ebaa632def31
2025-03-12 11:51:16,664 - INFO - Step: CSVLoader completed...
2025-03-12 11:51:16,664 - INFO - Executing Step: reset_cache
2025-03-12 11:51:16,664 - INFO - Step: reset_cache completed...
2025-03-12 11:51:16,664 - INFO - No valid checkpoint found, starting from the beginning...
2025-03-12 11:51:16,664 - INFO - Beginning ETL Execution at time: 1741794676.664938 ...
2025-03-12 11:51:16,665 - INFO - Executing Step: CSVExtractor
2025-03-12 11:51:16,682 - INFO - Checkpoint stored for step: dc9c09368b6fc1eac32cee7be7815efa
2025-03-12 11:51:16,684 - INFO - Step: CSVExtractor completed...
2025-03-12 11:51:16,685 - INFO - Executing Step: print_df_step
2025-03-12 11:51:16,701 - INFO - Checkpoint stored for step: 5384c54d3bd68715812bd9480e8adb85
2025-03-12 11:51:16,701 - INFO - Step: print_df_step completed...
2025-03-12 11:51:16,701 - INFO - Executing Step: ExcelExtractor
2025-03-12 11:51:16,711 - INFO - Checkpoint stored for step: 0b31cc6b31a422983771068cbdf6a923
2025-03-12 11:51:16,711 - INFO - Step: ExcelExtractor completed...
2025-03-12 11:51:16,712 - INFO - Executing Step: print_df_step2
2025-03-12 11:51:16,713 - INFO - Checkpoint stored for step: f5e71a0bea083254707ca05a5cd6b067
2025-03-12 11:51:16,713 - INFO - Step: print_df_step2 completed...
2025-03-12 11:51:16,713 - INFO - Executing Step: CSVLoader
2025-03-12 11:51:16,715 - INFO - Checkpoint stored for step: 9b2cd0a71d8e9a10a579ebaa632def31
2025-03-12 11:51:16,715 - INFO - Step: CSVLoader completed...
2025-03-12 11:51:16,715 - INFO - Executing Step: reset_cache
2025-03-12 11:51:16,716 - INFO - Step: reset_cache completed...
2025-03-12 11:51:16,716 - INFO - No valid checkpoint found, starting from the beginning...
2025-03-12 11:51:16,716 - INFO - Beginning ETL Execution at time: 1741794676.7163332 ...
2025-03-12 11:51:16,717 - INFO - Executing Step: CSVExtractor
2025-03-12 11:51:16,718 - INFO - Checkpoint stored for step: dc9c09368b6fc1eac32cee7be7815efa
2025-03-12 11:51:16,718 - INFO - Step: CSVExtractor completed...
2025-03-12 11:51:16,718 - INFO - Executing Step: print_df_step
2025-03-12 11:51:16,720 - INFO - Checkpoint stored for step: 5384c54d3bd68715812bd9480e8adb85
2025-03-12 11:51:16,720 - INFO - Step: print_df_step completed...
2025-03-12 11:51:16,720 - INFO - Executing Step: ExcelExtractor
2025-03-12 11:51:16,723 - INFO - Checkpoint stored for step: 0b31cc6b31a422983771068cbdf6a923
2025-03-12 11:51:16,723 - INFO - Step: ExcelExtractor completed...
2025-03-12 11:51:16,723 - INFO - Executing Step: print_df_step2
2025-03-12 11:51:16,725 - INFO - Checkpoint stored for step: f5e71a0bea083254707ca05a5cd6b067
2025-03-12 11:51:16,725 - INFO - Step: print_df_step2 completed...
2025-03-12 11:51:16,725 - INFO - Executing Step: CSVLoader
2025-03-12 11:51:16,727 - INFO - Checkpoint stored for step: 9b2cd0a71d8e9a10a579ebaa632def31
2025-03-12 11:51:16,727 - INFO - Step: CSVLoader completed...
2025-03-12 11:51:16,727 - INFO - Executing Step: reset_cache
2025-03-12 11:51:16,728 - INFO - Step: reset_cache completed...
2025-03-12 11:51:16,728 - INFO - No valid checkpoint found, starting from the beginning...
2025-03-12 11:51:16,728 - INFO - Beginning ETL Execution at time: 1741794676.728619 ...
2025-03-12 11:51:16,729 - INFO - Executing Step: CSVExtractor
2025-03-12 11:51:16,730 - INFO - Checkpoint stored for step: dc9c09368b6fc1eac32cee7be7815efa
2025-03-12 11:51:16,730 - INFO - Step: CSVExtractor completed...
2025-03-12 11:51:16,730 - INFO - Executing Step: print_df_step
2025-03-12 11:51:16,731 - INFO - Checkpoint stored for step: 5384c54d3bd68715812bd9480e8adb85
2025-03-12 11:51:16,731 - INFO - Step: print_df_step completed...
2025-03-12 11:51:16,731 - INFO - Executing Step: ExcelExtractor
2025-03-12 11:51:16,735 - INFO - Checkpoint stored for step: 0b31cc6b31a422983771068cbdf6a923
2025-03-12 11:51:16,735 - INFO - Step: ExcelExtractor completed...
2025-03-12 11:51:16,735 - INFO - Executing Step: print_df_step2
2025-03-12 11:51:16,736 - INFO - Checkpoint stored for step: f5e71a0bea083254707ca05a5cd6b067
2025-03-12 11:51:16,736 - INFO - Step: print_df_step2 completed...
2025-03-12 11:51:16,736 - INFO - Executing Step: CSVLoader
2025-03-12 11:51:16,737 - INFO - Checkpoint stored for step: 9b2cd0a71d8e9a10a579ebaa632def31
2025-03-12 11:51:16,737 - INFO - Step: CSVLoader completed...
2025-03-12 11:51:16,737 - INFO - Executing Step: reset_cache
2025-03-12 11:51:16,737 - INFO - Step: reset_cache completed...
2025-03-12 11:51:16,738 - INFO - No valid checkpoint found, starting from the beginning...
2025-03-12 11:51:16,738 - INFO - Beginning ETL Execution at time: 1741794676.738271 ...
2025-03-12 11:51:16,739 - INFO - Executing Step: CSVExtractor
2025-03-12 11:51:16,743 - INFO - Checkpoint stored for step: dc9c09368b6fc1eac32cee7be7815efa
2025-03-12 11:51:16,743 - INFO - Step: CSVExtractor completed...
2025-03-12 11:51:16,743 - INFO - Executing Step: print_df_step
2025-03-12 11:51:16,744 - INFO - Checkpoint stored for step: 5384c54d3bd68715812bd9480e8adb85
2025-03-12 11:51:16,744 - INFO - Step: print_df_step completed...
2025-03-12 11:51:16,744 - INFO - Executing Step: ExcelExtractor
2025-03-12 11:51:16,748 - INFO - Checkpoint stored for step: 0b31cc6b31a422983771068cbdf6a923
2025-03-12 11:51:16,748 - INFO - Step: ExcelExtractor completed...
2025-03-12 11:51:16,748 - INFO - Executing Step: print_df_step2
2025-03-12 11:51:16,749 - INFO - Checkpoint stored for step: f5e71a0bea083254707ca05a5cd6b067
2025-03-12 11:51:16,749 - INFO - Step: print_df_step2 completed...
2025-03-12 11:51:16,749 - INFO - Executing Step: CSVLoader
2025-03-12 11:51:16,751 - INFO - Checkpoint stored for step: 9b2cd0a71d8e9a10a579ebaa632def31
2025-03-12 11:51:16,751 - INFO - Step: CSVLoader completed...
2025-03-12 11:51:16,751 - INFO - Executing Step: reset_cache
2025-03-12 11:51:16,751 - INFO - Step: reset_cache completed...
2025-03-12 11:51:16,752 - INFO - ETL Execution Finished at time: 1741794676.752718 ...
2025-03-12 11:51:16,752 - INFO - Total Execution Time: 0.01 seconds
