2025-03-12 10:22:29,760 - INFO - Target extractor set...
2025-03-12 10:22:29,760 - INFO - Target loader set...
2025-03-12 10:22:29,761 - INFO - Successfully added step with key: 5384c54d3bd68715812bd9480e8adb85
2025-03-12 10:22:29,766 - INFO - Successfully added step with key: de222ed930bca8da97e04ac3f0e1a8c4
2025-03-12 10:22:29,766 - INFO - Successfully added step with key: 83f75dc262c2019d6cd451384412e01b
2025-03-12 10:22:29,767 - INFO - No valid checkpoint found, starting from the beginning...
2025-03-12 10:22:29,767 - INFO - Beginning ETL Execution at time: 1741789349.767851 ...
2025-03-12 10:22:29,779 - INFO - Executing Step: CSVExtractor
2025-03-12 10:22:29,784 - INFO - Added dataframe: tmp to globalcontext
2025-03-12 10:22:29,785 - INFO - Checkpoint stored for step: de222ed930bca8da97e04ac3f0e1a8c4
2025-03-12 10:22:29,785 - INFO - Step: CSVExtractor completed...
2025-03-12 10:22:29,785 - INFO - Executing Step: print_df_step
2025-03-12 10:22:29,787 - INFO - Checkpoint stored for step: 5384c54d3bd68715812bd9480e8adb85
2025-03-12 10:22:29,788 - INFO - Step: print_df_step completed...
2025-03-12 10:22:29,788 - INFO - Executing Step: CSVLoader
2025-03-12 10:22:29,789 - INFO - Checkpoint stored for step: 83f75dc262c2019d6cd451384412e01b
2025-03-12 10:22:29,789 - INFO - Step: CSVLoader completed...
2025-03-12 10:22:29,791 - INFO - Successfully added step with key: dc9c09368b6fc1eac32cee7be7815efa
2025-03-12 10:22:29,791 - INFO - Successfully added step with key: 9b2cd0a71d8e9a10a579ebaa632def31
2025-03-12 10:22:29,792 - INFO - No valid checkpoint found, starting from the beginning...
2025-03-12 10:22:29,792 - INFO - Beginning ETL Execution at time: 1741789349.7922401 ...
2025-03-12 10:22:29,793 - INFO - Executing Step: CSVExtractor
2025-03-12 10:22:29,795 - INFO - Added dataframe: tmp to globalcontext
2025-03-12 10:22:29,797 - INFO - Checkpoint stored for step: dc9c09368b6fc1eac32cee7be7815efa
2025-03-12 10:22:29,797 - INFO - Step: CSVExtractor completed...
2025-03-12 10:22:29,797 - INFO - Executing Step: CSVExtractor
2025-03-12 10:22:29,799 - INFO - Checkpoint stored for step: de222ed930bca8da97e04ac3f0e1a8c4
2025-03-12 10:22:29,799 - INFO - Step: CSVExtractor completed...
2025-03-12 10:22:29,799 - INFO - Executing Step: print_df_step
2025-03-12 10:22:29,800 - INFO - Checkpoint stored for step: 5384c54d3bd68715812bd9480e8adb85
2025-03-12 10:22:29,800 - INFO - Step: print_df_step completed...
2025-03-12 10:22:29,800 - INFO - Executing Step: CSVLoader
2025-03-12 10:22:29,801 - INFO - Checkpoint stored for step: 83f75dc262c2019d6cd451384412e01b
2025-03-12 10:22:29,801 - INFO - Step: CSVLoader completed...
2025-03-12 10:22:29,801 - INFO - Executing Step: CSVLoader
2025-03-12 10:22:29,804 - INFO - Checkpoint stored for step: 9b2cd0a71d8e9a10a579ebaa632def31
2025-03-12 10:22:29,804 - INFO - Step: CSVLoader completed...
2025-03-12 10:22:29,805 - INFO - Successfully added step with key: fc0de5317ae15ad50e902796a1016724
2025-03-12 10:22:29,806 - INFO - Successfully added step with key: eaf1a0baf28692a69cbc149f0099f7c6
2025-03-12 10:22:29,806 - INFO - No valid checkpoint found, starting from the beginning...
2025-03-12 10:22:29,806 - INFO - Beginning ETL Execution at time: 1741789349.806535 ...
2025-03-12 10:22:29,836 - INFO - Executing Step: CSVExtractor
2025-03-12 10:22:29,840 - INFO - Checkpoint stored for step: fc0de5317ae15ad50e902796a1016724
2025-03-12 10:22:29,840 - INFO - Step: CSVExtractor completed...
2025-03-12 10:22:29,840 - INFO - Executing Step: CSVExtractor
