2025-03-12 10:57:44,073 - INFO - Target extractor set...
2025-03-12 10:57:44,073 - INFO - Target loader set...
2025-03-12 10:57:44,078 - INFO - Successfully added step with key: 5384c54d3bd68715812bd9480e8adb85
2025-03-12 10:57:44,085 - INFO - Successfully added step with key: de222ed930bca8da97e04ac3f0e1a8c4
2025-03-12 10:57:44,085 - INFO - Successfully added step with key: 83f75dc262c2019d6cd451384412e01b
2025-03-12 10:57:44,086 - INFO - Successfully added step with key: 303c02b1d9dc0c0c316fca773bdcf9b6
2025-03-12 10:57:44,086 - INFO - No valid checkpoint found, starting from the beginning...
2025-03-12 10:57:44,086 - INFO - Beginning ETL Execution at time: 1741791464.086755 ...
2025-03-12 10:57:44,094 - INFO - Executing Step: CSVExtractor
2025-03-12 10:57:44,097 - INFO - Added dataframe: tmp to globalcontext
2025-03-12 10:57:44,098 - INFO - Checkpoint stored for step: de222ed930bca8da97e04ac3f0e1a8c4
2025-03-12 10:57:44,098 - INFO - Step: CSVExtractor completed...
2025-03-12 10:57:44,098 - INFO - Executing Step: print_df_step
2025-03-12 10:57:44,102 - INFO - Checkpoint stored for step: 5384c54d3bd68715812bd9480e8adb85
2025-03-12 10:57:44,102 - INFO - Step: print_df_step completed...
2025-03-12 10:57:44,102 - INFO - Executing Step: CSVLoader
2025-03-12 10:57:44,105 - INFO - Checkpoint stored for step: 83f75dc262c2019d6cd451384412e01b
2025-03-12 10:57:44,105 - INFO - Step: CSVLoader completed...
2025-03-12 10:57:44,105 - INFO - Executing Step: reset_cache
2025-03-12 10:57:44,108 - INFO - Checkpoint stored for step: 303c02b1d9dc0c0c316fca773bdcf9b6
2025-03-12 10:57:44,108 - INFO - Step: reset_cache completed...
2025-03-12 10:57:44,108 - INFO - ETL Execution Finished at time: 1741791464.108644 ...
2025-03-12 10:57:44,108 - INFO - Total Execution Time: 0.02 seconds
