2025-03-12 11:38:49,080 - INFO - Target extractor set...
2025-03-12 11:38:49,080 - INFO - Target loader set...
2025-03-12 11:38:49,080 - INFO - Successfully added step with key: 5384c54d3bd68715812bd9480e8adb85
2025-03-12 11:38:49,081 - INFO - Successfully added step with key: 0b31cc6b31a422983771068cbdf6a923
2025-03-12 11:38:49,081 - INFO - Successfully added step with key: f5e71a0bea083254707ca05a5cd6b067
2025-03-12 11:38:49,115 - INFO - Successfully added step with key: dc9c09368b6fc1eac32cee7be7815efa
2025-03-12 11:38:49,116 - INFO - Successfully added step with key: 9b2cd0a71d8e9a10a579ebaa632def31
2025-03-12 11:38:49,117 - INFO - Successfully added step with key: 265a8c16da69ec12db7978232af482c8
2025-03-12 11:38:49,182 - INFO - No valid checkpoint found, starting from the beginning...
2025-03-12 11:38:49,182 - INFO - Beginning ETL Execution at time: 1741793929.182894 ...
2025-03-12 11:38:49,191 - INFO - Executing Step: CSVExtractor
2025-03-12 11:38:49,196 - INFO - Added dataframe: tmp to globalcontext
2025-03-12 11:38:49,198 - INFO - Checkpoint stored for step: dc9c09368b6fc1eac32cee7be7815efa
2025-03-12 11:38:49,198 - INFO - Step: CSVExtractor completed...
2025-03-12 11:38:49,198 - INFO - Executing Step: print_df_step
2025-03-12 11:38:49,200 - INFO - Checkpoint stored for step: 5384c54d3bd68715812bd9480e8adb85
2025-03-12 11:38:49,200 - INFO - Step: print_df_step completed...
2025-03-12 11:38:49,200 - INFO - Executing Step: ExcelExtractor
2025-03-12 11:38:49,210 - INFO - Added dataframe: tmpBook to globalcontext
2025-03-12 11:38:49,211 - INFO - Checkpoint stored for step: 0b31cc6b31a422983771068cbdf6a923
2025-03-12 11:38:49,211 - INFO - Step: ExcelExtractor completed...
2025-03-12 11:38:49,211 - INFO - Executing Step: print_df_step2
2025-03-12 11:38:49,213 - INFO - Checkpoint stored for step: f5e71a0bea083254707ca05a5cd6b067
2025-03-12 11:38:49,213 - INFO - Step: print_df_step2 completed...
2025-03-12 11:38:49,213 - INFO - Executing Step: CSVLoader
2025-03-12 11:38:49,215 - INFO - Checkpoint stored for step: 9b2cd0a71d8e9a10a579ebaa632def31
2025-03-12 11:38:49,215 - INFO - Step: CSVLoader completed...
2025-03-12 11:38:49,216 - INFO - Executing Step: reset_cache
2025-03-12 11:38:49,216 - INFO - Step: reset_cache completed...
2025-03-12 11:38:49,217 - INFO - No valid checkpoint found, starting from the beginning...
2025-03-12 11:38:49,217 - INFO - Beginning ETL Execution at time: 1741793929.217568 ...
2025-03-12 11:38:49,218 - INFO - Executing Step: CSVExtractor
2025-03-12 11:38:49,219 - INFO - Added dataframe: tmp to globalcontext
2025-03-12 11:38:49,220 - INFO - Checkpoint stored for step: dc9c09368b6fc1eac32cee7be7815efa
2025-03-12 11:38:49,220 - INFO - Step: CSVExtractor completed...
2025-03-12 11:38:49,220 - INFO - Executing Step: print_df_step
2025-03-12 11:38:49,222 - INFO - Checkpoint stored for step: 5384c54d3bd68715812bd9480e8adb85
2025-03-12 11:38:49,222 - INFO - Step: print_df_step completed...
2025-03-12 11:38:49,222 - INFO - Executing Step: ExcelExtractor
2025-03-12 11:38:49,224 - INFO - Added dataframe: tmpBook to globalcontext
2025-03-12 11:38:49,225 - INFO - Checkpoint stored for step: 0b31cc6b31a422983771068cbdf6a923
2025-03-12 11:38:49,225 - INFO - Step: ExcelExtractor completed...
2025-03-12 11:38:49,225 - INFO - Executing Step: print_df_step2
2025-03-12 11:38:49,227 - INFO - Checkpoint stored for step: f5e71a0bea083254707ca05a5cd6b067
2025-03-12 11:38:49,227 - INFO - Step: print_df_step2 completed...
2025-03-12 11:38:49,227 - INFO - Executing Step: CSVLoader
2025-03-12 11:38:49,228 - INFO - Checkpoint stored for step: 9b2cd0a71d8e9a10a579ebaa632def31
2025-03-12 11:38:49,228 - INFO - Step: CSVLoader completed...
2025-03-12 11:38:49,228 - INFO - Executing Step: reset_cache
2025-03-12 11:38:49,229 - INFO - Step: reset_cache completed...
2025-03-12 11:38:49,230 - INFO - No valid checkpoint found, starting from the beginning...
2025-03-12 11:38:49,230 - INFO - Beginning ETL Execution at time: 1741793929.230484 ...
2025-03-12 11:38:49,231 - INFO - Executing Step: CSVExtractor
2025-03-12 11:38:49,235 - INFO - Checkpoint stored for step: dc9c09368b6fc1eac32cee7be7815efa
2025-03-12 11:38:49,235 - INFO - Step: CSVExtractor completed...
2025-03-12 11:38:49,235 - INFO - Executing Step: print_df_step
2025-03-12 11:38:49,237 - INFO - Checkpoint stored for step: 5384c54d3bd68715812bd9480e8adb85
2025-03-12 11:38:49,237 - INFO - Step: print_df_step completed...
2025-03-12 11:38:49,237 - INFO - Executing Step: ExcelExtractor
2025-03-12 11:38:49,240 - INFO - Checkpoint stored for step: 0b31cc6b31a422983771068cbdf6a923
2025-03-12 11:38:49,240 - INFO - Step: ExcelExtractor completed...
2025-03-12 11:38:49,240 - INFO - Executing Step: print_df_step2
2025-03-12 11:38:49,241 - INFO - Checkpoint stored for step: f5e71a0bea083254707ca05a5cd6b067
2025-03-12 11:38:49,241 - INFO - Step: print_df_step2 completed...
2025-03-12 11:38:49,241 - INFO - Executing Step: CSVLoader
2025-03-12 11:38:49,243 - INFO - Checkpoint stored for step: 9b2cd0a71d8e9a10a579ebaa632def31
2025-03-12 11:38:49,243 - INFO - Step: CSVLoader completed...
2025-03-12 11:38:49,243 - INFO - Executing Step: reset_cache
2025-03-12 11:38:49,243 - INFO - Step: reset_cache completed...
2025-03-12 11:38:49,244 - INFO - No valid checkpoint found, starting from the beginning...
2025-03-12 11:38:49,245 - INFO - Beginning ETL Execution at time: 1741793929.245039 ...
2025-03-12 11:38:49,246 - INFO - Executing Step: CSVExtractor
2025-03-12 11:38:49,250 - INFO - Checkpoint stored for step: dc9c09368b6fc1eac32cee7be7815efa
2025-03-12 11:38:49,250 - INFO - Step: CSVExtractor completed...
2025-03-12 11:38:49,250 - INFO - Executing Step: print_df_step
2025-03-12 11:38:49,251 - INFO - Checkpoint stored for step: 5384c54d3bd68715812bd9480e8adb85
2025-03-12 11:38:49,251 - INFO - Step: print_df_step completed...
2025-03-12 11:38:49,251 - INFO - Executing Step: ExcelExtractor
2025-03-12 11:38:49,254 - INFO - Checkpoint stored for step: 0b31cc6b31a422983771068cbdf6a923
2025-03-12 11:38:49,254 - INFO - Step: ExcelExtractor completed...
2025-03-12 11:38:49,254 - INFO - Executing Step: print_df_step2
2025-03-12 11:38:49,255 - INFO - Checkpoint stored for step: f5e71a0bea083254707ca05a5cd6b067
2025-03-12 11:38:49,255 - INFO - Step: print_df_step2 completed...
2025-03-12 11:38:49,255 - INFO - Executing Step: CSVLoader
2025-03-12 11:38:49,256 - INFO - Checkpoint stored for step: 9b2cd0a71d8e9a10a579ebaa632def31
2025-03-12 11:38:49,256 - INFO - Step: CSVLoader completed...
2025-03-12 11:38:49,256 - INFO - Executing Step: reset_cache
2025-03-12 11:38:49,257 - INFO - Step: reset_cache completed...
2025-03-12 11:38:49,257 - INFO - No valid checkpoint found, starting from the beginning...
2025-03-12 11:38:49,257 - INFO - Beginning ETL Execution at time: 1741793929.25751 ...
2025-03-12 11:38:49,258 - INFO - Executing Step: CSVExtractor
2025-03-12 11:38:49,262 - INFO - Checkpoint stored for step: dc9c09368b6fc1eac32cee7be7815efa
2025-03-12 11:38:49,262 - INFO - Step: CSVExtractor completed...
2025-03-12 11:38:49,262 - INFO - Executing Step: print_df_step
2025-03-12 11:38:49,263 - INFO - Checkpoint stored for step: 5384c54d3bd68715812bd9480e8adb85
2025-03-12 11:38:49,263 - INFO - Step: print_df_step completed...
2025-03-12 11:38:49,263 - INFO - Executing Step: ExcelExtractor
2025-03-12 11:38:49,266 - INFO - Checkpoint stored for step: 0b31cc6b31a422983771068cbdf6a923
2025-03-12 11:38:49,266 - INFO - Step: ExcelExtractor completed...
2025-03-12 11:38:49,266 - INFO - Executing Step: print_df_step2
2025-03-12 11:38:49,267 - INFO - Checkpoint stored for step: f5e71a0bea083254707ca05a5cd6b067
2025-03-12 11:38:49,267 - INFO - Step: print_df_step2 completed...
2025-03-12 11:38:49,267 - INFO - Executing Step: CSVLoader
2025-03-12 11:38:49,269 - INFO - Checkpoint stored for step: 9b2cd0a71d8e9a10a579ebaa632def31
2025-03-12 11:38:49,269 - INFO - Step: CSVLoader completed...
2025-03-12 11:38:49,269 - INFO - Executing Step: reset_cache
2025-03-12 11:38:49,269 - INFO - Step: reset_cache completed...
2025-03-12 11:38:49,269 - INFO - No valid checkpoint found, starting from the beginning...
2025-03-12 11:38:49,269 - INFO - Beginning ETL Execution at time: 1741793929.269721 ...
2025-03-12 11:38:49,270 - INFO - Executing Step: CSVExtractor
2025-03-12 11:38:49,273 - INFO - Checkpoint stored for step: dc9c09368b6fc1eac32cee7be7815efa
2025-03-12 11:38:49,273 - INFO - Step: CSVExtractor completed...
2025-03-12 11:38:49,273 - INFO - Executing Step: print_df_step
2025-03-12 11:38:49,274 - INFO - Checkpoint stored for step: 5384c54d3bd68715812bd9480e8adb85
2025-03-12 11:38:49,275 - INFO - Step: print_df_step completed...
2025-03-12 11:38:49,275 - INFO - Executing Step: ExcelExtractor
2025-03-12 11:38:49,277 - INFO - Checkpoint stored for step: 0b31cc6b31a422983771068cbdf6a923
2025-03-12 11:38:49,277 - INFO - Step: ExcelExtractor completed...
2025-03-12 11:38:49,277 - INFO - Executing Step: print_df_step2
2025-03-12 11:38:49,279 - INFO - Checkpoint stored for step: f5e71a0bea083254707ca05a5cd6b067
2025-03-12 11:38:49,279 - INFO - Step: print_df_step2 completed...
2025-03-12 11:38:49,279 - INFO - Executing Step: CSVLoader
2025-03-12 11:38:49,280 - INFO - Checkpoint stored for step: 9b2cd0a71d8e9a10a579ebaa632def31
2025-03-12 11:38:49,280 - INFO - Step: CSVLoader completed...
2025-03-12 11:38:49,280 - INFO - Executing Step: reset_cache
2025-03-12 11:38:49,281 - INFO - Step: reset_cache completed...
2025-03-12 11:38:49,281 - INFO - No valid checkpoint found, starting from the beginning...
2025-03-12 11:38:49,281 - INFO - Beginning ETL Execution at time: 1741793929.281624 ...
2025-03-12 11:38:49,282 - INFO - Executing Step: CSVExtractor
2025-03-12 11:38:49,286 - INFO - Checkpoint stored for step: dc9c09368b6fc1eac32cee7be7815efa
2025-03-12 11:38:49,286 - INFO - Step: CSVExtractor completed...
2025-03-12 11:38:49,286 - INFO - Executing Step: print_df_step
2025-03-12 11:38:49,287 - INFO - Checkpoint stored for step: 5384c54d3bd68715812bd9480e8adb85
2025-03-12 11:38:49,287 - INFO - Step: print_df_step completed...
2025-03-12 11:38:49,287 - INFO - Executing Step: ExcelExtractor
2025-03-12 11:38:49,290 - INFO - Checkpoint stored for step: 0b31cc6b31a422983771068cbdf6a923
2025-03-12 11:38:49,290 - INFO - Step: ExcelExtractor completed...
2025-03-12 11:38:49,290 - INFO - Executing Step: print_df_step2
2025-03-12 11:38:49,291 - INFO - Checkpoint stored for step: f5e71a0bea083254707ca05a5cd6b067
2025-03-12 11:38:49,291 - INFO - Step: print_df_step2 completed...
2025-03-12 11:38:49,291 - INFO - Executing Step: CSVLoader
2025-03-12 11:38:49,292 - INFO - Checkpoint stored for step: 9b2cd0a71d8e9a10a579ebaa632def31
2025-03-12 11:38:49,292 - INFO - Step: CSVLoader completed...
2025-03-12 11:38:49,293 - INFO - Executing Step: reset_cache
2025-03-12 11:38:49,293 - INFO - Step: reset_cache completed...
2025-03-12 11:38:49,293 - INFO - No valid checkpoint found, starting from the beginning...
2025-03-12 11:38:49,293 - INFO - Beginning ETL Execution at time: 1741793929.29365 ...
2025-03-12 11:38:49,294 - INFO - Executing Step: CSVExtractor
2025-03-12 11:38:49,298 - INFO - Checkpoint stored for step: dc9c09368b6fc1eac32cee7be7815efa
2025-03-12 11:38:49,298 - INFO - Step: CSVExtractor completed...
2025-03-12 11:38:49,298 - INFO - Executing Step: print_df_step
2025-03-12 11:38:49,299 - INFO - Checkpoint stored for step: 5384c54d3bd68715812bd9480e8adb85
2025-03-12 11:38:49,299 - INFO - Step: print_df_step completed...
2025-03-12 11:38:49,299 - INFO - Executing Step: ExcelExtractor
2025-03-12 11:38:49,302 - INFO - Checkpoint stored for step: 0b31cc6b31a422983771068cbdf6a923
2025-03-12 11:38:49,302 - INFO - Step: ExcelExtractor completed...
2025-03-12 11:38:49,302 - INFO - Executing Step: print_df_step2
2025-03-12 11:38:49,303 - INFO - Checkpoint stored for step: f5e71a0bea083254707ca05a5cd6b067
2025-03-12 11:38:49,303 - INFO - Step: print_df_step2 completed...
2025-03-12 11:38:49,303 - INFO - Executing Step: CSVLoader
2025-03-12 11:38:49,304 - INFO - Checkpoint stored for step: 9b2cd0a71d8e9a10a579ebaa632def31
2025-03-12 11:38:49,304 - INFO - Step: CSVLoader completed...
2025-03-12 11:38:49,304 - INFO - Executing Step: reset_cache
2025-03-12 11:38:49,305 - INFO - Step: reset_cache completed...
2025-03-12 11:38:49,305 - INFO - No valid checkpoint found, starting from the beginning...
2025-03-12 11:38:49,305 - INFO - Beginning ETL Execution at time: 1741793929.3056881 ...
2025-03-12 11:38:49,306 - INFO - Executing Step: CSVExtractor
2025-03-12 11:38:49,340 - INFO - Checkpoint stored for step: dc9c09368b6fc1eac32cee7be7815efa
2025-03-12 11:38:49,340 - INFO - Step: CSVExtractor completed...
2025-03-12 11:38:49,340 - INFO - Executing Step: print_df_step
2025-03-12 11:38:49,342 - INFO - Checkpoint stored for step: 5384c54d3bd68715812bd9480e8adb85
2025-03-12 11:38:49,342 - INFO - Step: print_df_step completed...
2025-03-12 11:38:49,342 - INFO - Executing Step: ExcelExtractor
2025-03-12 11:38:49,352 - INFO - Checkpoint stored for step: 0b31cc6b31a422983771068cbdf6a923
2025-03-12 11:38:49,352 - INFO - Step: ExcelExtractor completed...
2025-03-12 11:38:49,352 - INFO - Executing Step: print_df_step2
2025-03-12 11:38:49,353 - INFO - Checkpoint stored for step: f5e71a0bea083254707ca05a5cd6b067
2025-03-12 11:38:49,353 - INFO - Step: print_df_step2 completed...
2025-03-12 11:38:49,353 - INFO - Executing Step: CSVLoader
2025-03-12 11:38:49,355 - INFO - Checkpoint stored for step: 9b2cd0a71d8e9a10a579ebaa632def31
2025-03-12 11:38:49,355 - INFO - Step: CSVLoader completed...
2025-03-12 11:38:49,355 - INFO - Executing Step: reset_cache
2025-03-12 11:38:49,355 - INFO - Step: reset_cache completed...
2025-03-12 11:38:49,356 - INFO - No valid checkpoint found, starting from the beginning...
2025-03-12 11:38:49,356 - INFO - Beginning ETL Execution at time: 1741793929.356349 ...
2025-03-12 11:38:49,357 - INFO - Executing Step: CSVExtractor
2025-03-12 11:38:49,359 - INFO - Checkpoint stored for step: dc9c09368b6fc1eac32cee7be7815efa
2025-03-12 11:38:49,359 - INFO - Step: CSVExtractor completed...
2025-03-12 11:38:49,359 - INFO - Executing Step: print_df_step
2025-03-12 11:38:49,360 - INFO - Checkpoint stored for step: 5384c54d3bd68715812bd9480e8adb85
2025-03-12 11:38:49,360 - INFO - Step: print_df_step completed...
2025-03-12 11:38:49,360 - INFO - Executing Step: ExcelExtractor
2025-03-12 11:38:49,364 - INFO - Checkpoint stored for step: 0b31cc6b31a422983771068cbdf6a923
2025-03-12 11:38:49,364 - INFO - Step: ExcelExtractor completed...
2025-03-12 11:38:49,364 - INFO - Executing Step: print_df_step2
2025-03-12 11:38:49,365 - INFO - Checkpoint stored for step: f5e71a0bea083254707ca05a5cd6b067
2025-03-12 11:38:49,365 - INFO - Step: print_df_step2 completed...
2025-03-12 11:38:49,365 - INFO - Executing Step: CSVLoader
2025-03-12 11:38:49,366 - INFO - Checkpoint stored for step: 9b2cd0a71d8e9a10a579ebaa632def31
2025-03-12 11:38:49,366 - INFO - Step: CSVLoader completed...
2025-03-12 11:38:49,366 - INFO - Executing Step: reset_cache
2025-03-12 11:38:49,367 - INFO - Step: reset_cache completed...
2025-03-12 11:38:49,367 - INFO - ETL Execution Finished at time: 1741793929.367522 ...
2025-03-12 11:38:49,367 - INFO - Total Execution Time: 0.01 seconds
