2025-03-12 10:49:54,476 - INFO - Target extractor set...
2025-03-12 10:49:54,476 - INFO - Target loader set...
2025-03-12 10:49:54,476 - INFO - Successfully added step with key: 5384c54d3bd68715812bd9480e8adb85
2025-03-12 10:49:54,482 - INFO - Successfully added step with key: de222ed930bca8da97e04ac3f0e1a8c4
2025-03-12 10:49:54,482 - INFO - Successfully added step with key: 83f75dc262c2019d6cd451384412e01b
2025-03-12 10:49:54,483 - INFO - Successfully added step with key: 303c02b1d9dc0c0c316fca773bdcf9b6
2025-03-12 10:49:54,484 - INFO - No valid checkpoint found, starting from the beginning...
2025-03-12 10:49:54,484 - INFO - Beginning ETL Execution at time: 1741790994.484823 ...
2025-03-12 10:49:54,494 - INFO - Executing Step: CSVExtractor
2025-03-12 10:49:54,499 - INFO - Added dataframe: tmp to globalcontext
2025-03-12 10:49:54,501 - INFO - Checkpoint stored for step: de222ed930bca8da97e04ac3f0e1a8c4
2025-03-12 10:49:54,501 - INFO - Step: CSVExtractor completed...
2025-03-12 10:49:54,501 - INFO - Executing Step: print_df_step
2025-03-12 10:49:54,504 - INFO - Checkpoint stored for step: 5384c54d3bd68715812bd9480e8adb85
2025-03-12 10:49:54,504 - INFO - Step: print_df_step completed...
2025-03-12 10:49:54,504 - INFO - Executing Step: CSVLoader
2025-03-12 10:49:54,506 - INFO - Checkpoint stored for step: 83f75dc262c2019d6cd451384412e01b
2025-03-12 10:49:54,506 - INFO - Step: CSVLoader completed...
2025-03-12 10:49:54,506 - INFO - Executing Step: reset_cache
2025-03-12 10:49:54,509 - INFO - Checkpoint stored for step: 303c02b1d9dc0c0c316fca773bdcf9b6
2025-03-12 10:49:54,509 - INFO - Step: reset_cache completed...
2025-03-12 10:49:54,510 - INFO - No valid checkpoint found, starting from the beginning...
2025-03-12 10:49:54,510 - INFO - Beginning ETL Execution at time: 1741790994.510761 ...
2025-03-12 10:49:54,512 - INFO - Executing Step: CSVExtractor
2025-03-12 10:49:54,513 - INFO - Added dataframe: tmp to globalcontext
2025-03-12 10:49:54,515 - INFO - Checkpoint stored for step: de222ed930bca8da97e04ac3f0e1a8c4
2025-03-12 10:49:54,515 - INFO - Step: CSVExtractor completed...
2025-03-12 10:49:54,515 - INFO - Executing Step: print_df_step
2025-03-12 10:49:54,530 - INFO - Checkpoint stored for step: 5384c54d3bd68715812bd9480e8adb85
2025-03-12 10:49:54,531 - INFO - Step: print_df_step completed...
2025-03-12 10:49:54,534 - INFO - Executing Step: CSVLoader
2025-03-12 10:49:54,548 - INFO - Checkpoint stored for step: 83f75dc262c2019d6cd451384412e01b
2025-03-12 10:49:54,548 - INFO - Step: CSVLoader completed...
2025-03-12 10:49:54,548 - INFO - Executing Step: reset_cache
2025-03-12 10:49:54,550 - INFO - Checkpoint stored for step: 303c02b1d9dc0c0c316fca773bdcf9b6
2025-03-12 10:49:54,550 - INFO - Step: reset_cache completed...
2025-03-12 10:49:54,552 - INFO - No valid checkpoint found, starting from the beginning...
2025-03-12 10:49:54,552 - INFO - Beginning ETL Execution at time: 1741790994.552203 ...
2025-03-12 10:49:54,558 - INFO - Executing Step: CSVExtractor
2025-03-12 10:49:54,561 - INFO - Checkpoint stored for step: de222ed930bca8da97e04ac3f0e1a8c4
2025-03-12 10:49:54,561 - INFO - Step: CSVExtractor completed...
2025-03-12 10:49:54,561 - INFO - Executing Step: print_df_step
2025-03-12 10:49:54,563 - INFO - Checkpoint stored for step: 5384c54d3bd68715812bd9480e8adb85
2025-03-12 10:49:54,563 - INFO - Step: print_df_step completed...
2025-03-12 10:49:54,563 - INFO - Executing Step: CSVLoader
2025-03-12 10:49:54,564 - INFO - Checkpoint stored for step: 83f75dc262c2019d6cd451384412e01b
2025-03-12 10:49:54,564 - INFO - Step: CSVLoader completed...
2025-03-12 10:49:54,564 - INFO - Executing Step: reset_cache
2025-03-12 10:49:54,566 - INFO - Checkpoint stored for step: 303c02b1d9dc0c0c316fca773bdcf9b6
2025-03-12 10:49:54,566 - INFO - Step: reset_cache completed...
2025-03-12 10:49:54,567 - INFO - No valid checkpoint found, starting from the beginning...
2025-03-12 10:49:54,567 - INFO - Beginning ETL Execution at time: 1741790994.5670998 ...
2025-03-12 10:49:54,567 - INFO - Executing Step: CSVExtractor
2025-03-12 10:49:54,570 - INFO - Checkpoint stored for step: de222ed930bca8da97e04ac3f0e1a8c4
2025-03-12 10:49:54,570 - INFO - Step: CSVExtractor completed...
2025-03-12 10:49:54,570 - INFO - Executing Step: print_df_step
2025-03-12 10:49:54,572 - INFO - Checkpoint stored for step: 5384c54d3bd68715812bd9480e8adb85
2025-03-12 10:49:54,572 - INFO - Step: print_df_step completed...
2025-03-12 10:49:54,572 - INFO - Executing Step: CSVLoader
2025-03-12 10:49:54,573 - INFO - Checkpoint stored for step: 83f75dc262c2019d6cd451384412e01b
2025-03-12 10:49:54,574 - INFO - Step: CSVLoader completed...
2025-03-12 10:49:54,574 - INFO - Executing Step: reset_cache
2025-03-12 10:49:54,574 - INFO - Checkpoint stored for step: 303c02b1d9dc0c0c316fca773bdcf9b6
2025-03-12 10:49:54,574 - INFO - Step: reset_cache completed...
2025-03-12 10:49:54,575 - INFO - No valid checkpoint found, starting from the beginning...
2025-03-12 10:49:54,575 - INFO - Beginning ETL Execution at time: 1741790994.575354 ...
2025-03-12 10:49:54,576 - INFO - Executing Step: CSVExtractor
