2025-03-12 17:04:53,928 - INFO - Target extractor set...
2025-03-12 17:04:53,928 - INFO - Target loader set...
2025-03-12 17:04:53,931 - INFO - Successfully added step with key: 412abfdcd44b2d96741df91f5a116e5d
2025-03-12 17:04:53,931 - INFO - Successfully added step with key: a9d2d015f54ec6ed470f2e80d92f220a
2025-03-12 17:04:53,931 - INFO - Successfully added step with key: 27d8060727e34c3f38218b3d4aa43473
2025-03-12 17:04:53,931 - INFO - No valid checkpoint found, starting from the beginning...
2025-03-12 17:04:53,932 - INFO - Beginning ETL Execution at time: 1741813493.9320014 ...
2025-03-12 17:04:53,933 - INFO - Executing Step: CSVExtractor
2025-03-12 17:04:53,934 - INFO - Added dataframe: tmp to globalcontext
2025-03-12 17:04:53,935 - INFO - Checkpoint stored for step: 412abfdcd44b2d96741df91f5a116e5d
2025-03-12 17:04:53,935 - INFO - Step: CSVExtractor completed...
2025-03-12 17:04:53,935 - INFO - Executing Step: CSVLoader
2025-03-12 17:04:53,936 - INFO - Checkpoint stored for step: a9d2d015f54ec6ed470f2e80d92f220a
2025-03-12 17:04:53,936 - INFO - Step: CSVLoader completed...
2025-03-12 17:04:53,936 - INFO - Executing Step: reset_cache
2025-03-12 17:04:53,936 - INFO - Step: reset_cache completed...
2025-03-12 17:04:53,936 - INFO - No valid checkpoint found, starting from the beginning...
2025-03-12 17:04:53,936 - INFO - Beginning ETL Execution at time: 1741813493.936918 ...
2025-03-12 17:04:53,937 - INFO - Executing Step: CSVExtractor
2025-03-12 17:04:53,937 - INFO - Added dataframe: tmp to globalcontext
2025-03-12 17:04:53,938 - INFO - Checkpoint stored for step: 412abfdcd44b2d96741df91f5a116e5d
2025-03-12 17:04:53,938 - INFO - Step: CSVExtractor completed...
2025-03-12 17:04:53,938 - INFO - Executing Step: CSVLoader
2025-03-12 17:04:53,939 - INFO - Checkpoint stored for step: a9d2d015f54ec6ed470f2e80d92f220a
2025-03-12 17:04:53,939 - INFO - Step: CSVLoader completed...
2025-03-12 17:04:53,939 - INFO - Executing Step: reset_cache
2025-03-12 17:04:53,939 - INFO - Step: reset_cache completed...
2025-03-12 17:04:53,939 - INFO - No valid checkpoint found, starting from the beginning...
2025-03-12 17:04:53,939 - INFO - Beginning ETL Execution at time: 1741813493.9398026 ...
2025-03-12 17:04:53,940 - INFO - Executing Step: CSVExtractor
2025-03-12 17:04:53,941 - INFO - Checkpoint stored for step: 412abfdcd44b2d96741df91f5a116e5d
2025-03-12 17:04:53,941 - INFO - Step: CSVExtractor completed...
2025-03-12 17:04:53,941 - INFO - Executing Step: CSVLoader
2025-03-12 17:04:53,942 - INFO - Checkpoint stored for step: a9d2d015f54ec6ed470f2e80d92f220a
2025-03-12 17:04:53,942 - INFO - Step: CSVLoader completed...
2025-03-12 17:04:53,942 - INFO - Executing Step: reset_cache
2025-03-12 17:04:53,942 - INFO - Step: reset_cache completed...
2025-03-12 17:04:53,942 - INFO - No valid checkpoint found, starting from the beginning...
2025-03-12 17:04:53,942 - INFO - Beginning ETL Execution at time: 1741813493.9425704 ...
2025-03-12 17:04:53,943 - INFO - Executing Step: CSVExtractor
2025-03-12 17:04:53,944 - INFO - Checkpoint stored for step: 412abfdcd44b2d96741df91f5a116e5d
2025-03-12 17:04:53,944 - INFO - Step: CSVExtractor completed...
2025-03-12 17:04:53,944 - INFO - Executing Step: CSVLoader
2025-03-12 17:04:53,945 - INFO - Checkpoint stored for step: a9d2d015f54ec6ed470f2e80d92f220a
2025-03-12 17:04:53,945 - INFO - Step: CSVLoader completed...
2025-03-12 17:04:53,945 - INFO - Executing Step: reset_cache
2025-03-12 17:04:53,945 - INFO - Step: reset_cache completed...
2025-03-12 17:04:53,945 - INFO - No valid checkpoint found, starting from the beginning...
2025-03-12 17:04:53,945 - INFO - Beginning ETL Execution at time: 1741813493.945756 ...
2025-03-12 17:04:53,946 - INFO - Executing Step: CSVExtractor
2025-03-12 17:04:53,947 - INFO - Checkpoint stored for step: 412abfdcd44b2d96741df91f5a116e5d
2025-03-12 17:04:53,947 - INFO - Step: CSVExtractor completed...
2025-03-12 17:04:53,947 - INFO - Executing Step: CSVLoader
2025-03-12 17:04:53,948 - INFO - Checkpoint stored for step: a9d2d015f54ec6ed470f2e80d92f220a
2025-03-12 17:04:53,948 - INFO - Step: CSVLoader completed...
2025-03-12 17:04:53,948 - INFO - Executing Step: reset_cache
2025-03-12 17:04:53,948 - INFO - Step: reset_cache completed...
2025-03-12 17:04:53,948 - INFO - No valid checkpoint found, starting from the beginning...
2025-03-12 17:04:53,948 - INFO - Beginning ETL Execution at time: 1741813493.948672 ...
2025-03-12 17:04:53,949 - INFO - Executing Step: CSVExtractor
2025-03-12 17:04:53,950 - INFO - Checkpoint stored for step: 412abfdcd44b2d96741df91f5a116e5d
2025-03-12 17:04:53,950 - INFO - Step: CSVExtractor completed...
2025-03-12 17:04:53,950 - INFO - Executing Step: CSVLoader
2025-03-12 17:04:53,951 - INFO - Checkpoint stored for step: a9d2d015f54ec6ed470f2e80d92f220a
2025-03-12 17:04:53,951 - INFO - Step: CSVLoader completed...
2025-03-12 17:04:53,951 - INFO - Executing Step: reset_cache
2025-03-12 17:04:53,951 - INFO - Step: reset_cache completed...
2025-03-12 17:04:53,951 - INFO - No valid checkpoint found, starting from the beginning...
2025-03-12 17:04:53,951 - INFO - Beginning ETL Execution at time: 1741813493.9514842 ...
2025-03-12 17:04:53,951 - INFO - Executing Step: CSVExtractor
2025-03-12 17:04:53,952 - INFO - Checkpoint stored for step: 412abfdcd44b2d96741df91f5a116e5d
2025-03-12 17:04:53,952 - INFO - Step: CSVExtractor completed...
2025-03-12 17:04:53,952 - INFO - Executing Step: CSVLoader
2025-03-12 17:04:53,953 - INFO - Checkpoint stored for step: a9d2d015f54ec6ed470f2e80d92f220a
2025-03-12 17:04:53,953 - INFO - Step: CSVLoader completed...
2025-03-12 17:04:53,953 - INFO - Executing Step: reset_cache
2025-03-12 17:04:53,953 - INFO - Step: reset_cache completed...
