2025-03-12 11:52:15,655 - INFO - Target extractor set...
2025-03-12 11:52:15,655 - INFO - Target loader set...
2025-03-12 11:52:15,655 - INFO - Successfully added step with key: 5384c54d3bd68715812bd9480e8adb85
2025-03-12 11:52:15,655 - INFO - Successfully added step with key: 0b31cc6b31a422983771068cbdf6a923
2025-03-12 11:52:15,655 - INFO - Successfully added step with key: f5e71a0bea083254707ca05a5cd6b067
2025-03-12 11:52:15,659 - INFO - Successfully added step with key: dc9c09368b6fc1eac32cee7be7815efa
2025-03-12 11:52:15,659 - INFO - Successfully added step with key: 9b2cd0a71d8e9a10a579ebaa632def31
2025-03-12 11:52:15,660 - INFO - Successfully added step with key: 265a8c16da69ec12db7978232af482c8
2025-03-12 11:52:15,750 - INFO - No valid checkpoint found, starting from the beginning...
2025-03-12 11:52:15,750 - INFO - Beginning ETL Execution at time: 1741794735.7508721 ...
2025-03-12 11:52:15,758 - INFO - Executing Step: CSVExtractor
2025-03-12 11:52:15,762 - INFO - Added dataframe: tmp to globalcontext
2025-03-12 11:52:15,763 - INFO - Checkpoint stored for step: dc9c09368b6fc1eac32cee7be7815efa
2025-03-12 11:52:15,763 - INFO - Step: CSVExtractor completed...
2025-03-12 11:52:15,763 - INFO - Executing Step: print_df_step
2025-03-12 11:52:15,765 - INFO - Checkpoint stored for step: 5384c54d3bd68715812bd9480e8adb85
2025-03-12 11:52:15,765 - INFO - Step: print_df_step completed...
2025-03-12 11:52:15,765 - INFO - Executing Step: ExcelExtractor
2025-03-12 11:52:15,772 - INFO - Added dataframe: tmpBook to globalcontext
2025-03-12 11:52:15,773 - INFO - Checkpoint stored for step: 0b31cc6b31a422983771068cbdf6a923
2025-03-12 11:52:15,773 - INFO - Step: ExcelExtractor completed...
2025-03-12 11:52:15,773 - INFO - Executing Step: print_df_step2
2025-03-12 11:52:15,775 - INFO - Checkpoint stored for step: f5e71a0bea083254707ca05a5cd6b067
2025-03-12 11:52:15,775 - INFO - Step: print_df_step2 completed...
2025-03-12 11:52:15,775 - INFO - Executing Step: CSVLoader
2025-03-12 11:52:15,778 - INFO - Checkpoint stored for step: 9b2cd0a71d8e9a10a579ebaa632def31
2025-03-12 11:52:15,778 - INFO - Step: CSVLoader completed...
2025-03-12 11:52:15,779 - INFO - Executing Step: reset_cache
2025-03-12 11:52:15,779 - INFO - Step: reset_cache completed...
2025-03-12 11:52:15,779 - INFO - No valid checkpoint found, starting from the beginning...
2025-03-12 11:52:15,779 - INFO - Beginning ETL Execution at time: 1741794735.779799 ...
2025-03-12 11:52:15,780 - INFO - Executing Step: CSVExtractor
2025-03-12 11:52:15,781 - INFO - Added dataframe: tmp to globalcontext
2025-03-12 11:52:15,782 - INFO - Checkpoint stored for step: dc9c09368b6fc1eac32cee7be7815efa
2025-03-12 11:52:15,782 - INFO - Step: CSVExtractor completed...
2025-03-12 11:52:15,782 - INFO - Executing Step: print_df_step
2025-03-12 11:52:15,784 - INFO - Checkpoint stored for step: 5384c54d3bd68715812bd9480e8adb85
2025-03-12 11:52:15,784 - INFO - Step: print_df_step completed...
2025-03-12 11:52:15,784 - INFO - Executing Step: ExcelExtractor
2025-03-12 11:52:15,786 - INFO - Added dataframe: tmpBook to globalcontext
2025-03-12 11:52:15,787 - INFO - Checkpoint stored for step: 0b31cc6b31a422983771068cbdf6a923
2025-03-12 11:52:15,787 - INFO - Step: ExcelExtractor completed...
2025-03-12 11:52:15,787 - INFO - Executing Step: print_df_step2
2025-03-12 11:52:15,788 - INFO - Checkpoint stored for step: f5e71a0bea083254707ca05a5cd6b067
2025-03-12 11:52:15,788 - INFO - Step: print_df_step2 completed...
2025-03-12 11:52:15,788 - INFO - Executing Step: CSVLoader
2025-03-12 11:52:15,789 - INFO - Checkpoint stored for step: 9b2cd0a71d8e9a10a579ebaa632def31
2025-03-12 11:52:15,789 - INFO - Step: CSVLoader completed...
2025-03-12 11:52:15,789 - INFO - Executing Step: reset_cache
2025-03-12 11:52:15,789 - INFO - Step: reset_cache completed...
2025-03-12 11:52:15,790 - INFO - No valid checkpoint found, starting from the beginning...
2025-03-12 11:52:15,790 - INFO - Beginning ETL Execution at time: 1741794735.790525 ...
2025-03-12 11:52:15,791 - INFO - Executing Step: CSVExtractor
2025-03-12 11:52:15,794 - INFO - Checkpoint stored for step: dc9c09368b6fc1eac32cee7be7815efa
2025-03-12 11:52:15,794 - INFO - Step: CSVExtractor completed...
2025-03-12 11:52:15,794 - INFO - Executing Step: print_df_step
2025-03-12 11:52:15,796 - INFO - Checkpoint stored for step: 5384c54d3bd68715812bd9480e8adb85
2025-03-12 11:52:15,796 - INFO - Step: print_df_step completed...
2025-03-12 11:52:15,796 - INFO - Executing Step: ExcelExtractor
2025-03-12 11:52:15,799 - INFO - Checkpoint stored for step: 0b31cc6b31a422983771068cbdf6a923
2025-03-12 11:52:15,799 - INFO - Step: ExcelExtractor completed...
2025-03-12 11:52:15,799 - INFO - Executing Step: print_df_step2
2025-03-12 11:52:15,800 - INFO - Checkpoint stored for step: f5e71a0bea083254707ca05a5cd6b067
2025-03-12 11:52:15,800 - INFO - Step: print_df_step2 completed...
2025-03-12 11:52:15,800 - INFO - Executing Step: CSVLoader
2025-03-12 11:52:15,801 - INFO - Checkpoint stored for step: 9b2cd0a71d8e9a10a579ebaa632def31
2025-03-12 11:52:15,801 - INFO - Step: CSVLoader completed...
2025-03-12 11:52:15,801 - INFO - Executing Step: reset_cache
2025-03-12 11:52:15,802 - INFO - Step: reset_cache completed...
2025-03-12 11:52:15,802 - INFO - No valid checkpoint found, starting from the beginning...
2025-03-12 11:52:15,802 - INFO - Beginning ETL Execution at time: 1741794735.8025851 ...
2025-03-12 11:52:15,803 - INFO - Executing Step: CSVExtractor
2025-03-12 11:52:15,807 - INFO - Checkpoint stored for step: dc9c09368b6fc1eac32cee7be7815efa
2025-03-12 11:52:15,807 - INFO - Step: CSVExtractor completed...
2025-03-12 11:52:15,807 - INFO - Executing Step: print_df_step
2025-03-12 11:52:15,808 - INFO - Checkpoint stored for step: 5384c54d3bd68715812bd9480e8adb85
2025-03-12 11:52:15,808 - INFO - Step: print_df_step completed...
2025-03-12 11:52:15,808 - INFO - Executing Step: ExcelExtractor
2025-03-12 11:52:15,811 - INFO - Checkpoint stored for step: 0b31cc6b31a422983771068cbdf6a923
2025-03-12 11:52:15,811 - INFO - Step: ExcelExtractor completed...
2025-03-12 11:52:15,811 - INFO - Executing Step: print_df_step2
2025-03-12 11:52:15,812 - INFO - Checkpoint stored for step: f5e71a0bea083254707ca05a5cd6b067
2025-03-12 11:52:15,812 - INFO - Step: print_df_step2 completed...
2025-03-12 11:52:15,812 - INFO - Executing Step: CSVLoader
2025-03-12 11:52:15,813 - INFO - Checkpoint stored for step: 9b2cd0a71d8e9a10a579ebaa632def31
2025-03-12 11:52:15,813 - INFO - Step: CSVLoader completed...
2025-03-12 11:52:15,813 - INFO - Executing Step: reset_cache
2025-03-12 11:52:15,814 - INFO - Step: reset_cache completed...
2025-03-12 11:52:15,814 - INFO - No valid checkpoint found, starting from the beginning...
2025-03-12 11:52:15,814 - INFO - Beginning ETL Execution at time: 1741794735.814432 ...
2025-03-12 11:52:15,814 - INFO - Executing Step: CSVExtractor
2025-03-12 11:52:15,818 - INFO - Checkpoint stored for step: dc9c09368b6fc1eac32cee7be7815efa
2025-03-12 11:52:15,818 - INFO - Step: CSVExtractor completed...
2025-03-12 11:52:15,818 - INFO - Executing Step: print_df_step
2025-03-12 11:52:15,819 - INFO - Checkpoint stored for step: 5384c54d3bd68715812bd9480e8adb85
2025-03-12 11:52:15,819 - INFO - Step: print_df_step completed...
2025-03-12 11:52:15,819 - INFO - Executing Step: ExcelExtractor
2025-03-12 11:52:15,822 - INFO - Checkpoint stored for step: 0b31cc6b31a422983771068cbdf6a923
2025-03-12 11:52:15,822 - INFO - Step: ExcelExtractor completed...
2025-03-12 11:52:15,822 - INFO - Executing Step: print_df_step2
2025-03-12 11:52:15,823 - INFO - Checkpoint stored for step: f5e71a0bea083254707ca05a5cd6b067
2025-03-12 11:52:15,823 - INFO - Step: print_df_step2 completed...
2025-03-12 11:52:15,823 - INFO - Executing Step: CSVLoader
2025-03-12 11:52:15,825 - INFO - Checkpoint stored for step: 9b2cd0a71d8e9a10a579ebaa632def31
2025-03-12 11:52:15,825 - INFO - Step: CSVLoader completed...
2025-03-12 11:52:15,825 - INFO - Executing Step: reset_cache
2025-03-12 11:52:15,825 - INFO - Step: reset_cache completed...
2025-03-12 11:52:15,825 - INFO - No valid checkpoint found, starting from the beginning...
2025-03-12 11:52:15,825 - INFO - Beginning ETL Execution at time: 1741794735.825858 ...
2025-03-12 11:52:15,826 - INFO - Executing Step: CSVExtractor
2025-03-12 11:52:15,829 - INFO - Checkpoint stored for step: dc9c09368b6fc1eac32cee7be7815efa
2025-03-12 11:52:15,829 - INFO - Step: CSVExtractor completed...
2025-03-12 11:52:15,829 - INFO - Executing Step: print_df_step
2025-03-12 11:52:15,831 - INFO - Checkpoint stored for step: 5384c54d3bd68715812bd9480e8adb85
2025-03-12 11:52:15,831 - INFO - Step: print_df_step completed...
2025-03-12 11:52:15,831 - INFO - Executing Step: ExcelExtractor
2025-03-12 11:52:15,834 - INFO - Checkpoint stored for step: 0b31cc6b31a422983771068cbdf6a923
2025-03-12 11:52:15,834 - INFO - Step: ExcelExtractor completed...
2025-03-12 11:52:15,834 - INFO - Executing Step: print_df_step2
2025-03-12 11:52:15,835 - INFO - Checkpoint stored for step: f5e71a0bea083254707ca05a5cd6b067
2025-03-12 11:52:15,835 - INFO - Step: print_df_step2 completed...
2025-03-12 11:52:15,835 - INFO - Executing Step: CSVLoader
2025-03-12 11:52:15,836 - INFO - Checkpoint stored for step: 9b2cd0a71d8e9a10a579ebaa632def31
2025-03-12 11:52:15,836 - INFO - Step: CSVLoader completed...
2025-03-12 11:52:15,836 - INFO - Executing Step: reset_cache
2025-03-12 11:52:15,836 - INFO - Step: reset_cache completed...
2025-03-12 11:52:15,837 - INFO - No valid checkpoint found, starting from the beginning...
2025-03-12 11:52:15,837 - INFO - Beginning ETL Execution at time: 1741794735.8373508 ...
2025-03-12 11:52:15,838 - INFO - Executing Step: CSVExtractor
2025-03-12 11:52:15,841 - INFO - Checkpoint stored for step: dc9c09368b6fc1eac32cee7be7815efa
2025-03-12 11:52:15,841 - INFO - Step: CSVExtractor completed...
2025-03-12 11:52:15,841 - INFO - Executing Step: print_df_step
2025-03-12 11:52:15,843 - INFO - Checkpoint stored for step: 5384c54d3bd68715812bd9480e8adb85
2025-03-12 11:52:15,843 - INFO - Step: print_df_step completed...
2025-03-12 11:52:15,843 - INFO - Executing Step: ExcelExtractor
2025-03-12 11:52:15,846 - INFO - Checkpoint stored for step: 0b31cc6b31a422983771068cbdf6a923
2025-03-12 11:52:15,846 - INFO - Step: ExcelExtractor completed...
2025-03-12 11:52:15,846 - INFO - Executing Step: print_df_step2
2025-03-12 11:52:15,847 - INFO - Checkpoint stored for step: f5e71a0bea083254707ca05a5cd6b067
2025-03-12 11:52:15,847 - INFO - Step: print_df_step2 completed...
2025-03-12 11:52:15,847 - INFO - Executing Step: CSVLoader
2025-03-12 11:52:15,849 - INFO - Checkpoint stored for step: 9b2cd0a71d8e9a10a579ebaa632def31
2025-03-12 11:52:15,849 - INFO - Step: CSVLoader completed...
2025-03-12 11:52:15,849 - INFO - Executing Step: reset_cache
2025-03-12 11:52:15,849 - INFO - Step: reset_cache completed...
2025-03-12 11:52:15,849 - INFO - No valid checkpoint found, starting from the beginning...
2025-03-12 11:52:15,849 - INFO - Beginning ETL Execution at time: 1741794735.849689 ...
2025-03-12 11:52:15,850 - INFO - Executing Step: CSVExtractor
2025-03-12 11:52:15,853 - INFO - Checkpoint stored for step: dc9c09368b6fc1eac32cee7be7815efa
2025-03-12 11:52:15,853 - INFO - Step: CSVExtractor completed...
2025-03-12 11:52:15,853 - INFO - Executing Step: print_df_step
2025-03-12 11:52:15,855 - INFO - Checkpoint stored for step: 5384c54d3bd68715812bd9480e8adb85
2025-03-12 11:52:15,855 - INFO - Step: print_df_step completed...
2025-03-12 11:52:15,855 - INFO - Executing Step: ExcelExtractor
2025-03-12 11:52:15,859 - INFO - Checkpoint stored for step: 0b31cc6b31a422983771068cbdf6a923
2025-03-12 11:52:15,859 - INFO - Step: ExcelExtractor completed...
2025-03-12 11:52:15,859 - INFO - Executing Step: print_df_step2
2025-03-12 11:52:15,860 - INFO - Checkpoint stored for step: f5e71a0bea083254707ca05a5cd6b067
2025-03-12 11:52:15,860 - INFO - Step: print_df_step2 completed...
2025-03-12 11:52:15,860 - INFO - Executing Step: CSVLoader
2025-03-12 11:52:15,863 - INFO - Checkpoint stored for step: 9b2cd0a71d8e9a10a579ebaa632def31
2025-03-12 11:52:15,863 - INFO - Step: CSVLoader completed...
2025-03-12 11:52:15,863 - INFO - Executing Step: reset_cache
2025-03-12 11:52:15,864 - INFO - Step: reset_cache completed...
2025-03-12 11:52:15,864 - INFO - No valid checkpoint found, starting from the beginning...
2025-03-12 11:52:15,864 - INFO - Beginning ETL Execution at time: 1741794735.864484 ...
2025-03-12 11:52:15,865 - INFO - Executing Step: CSVExtractor
2025-03-12 11:52:15,866 - INFO - Checkpoint stored for step: dc9c09368b6fc1eac32cee7be7815efa
2025-03-12 11:52:15,866 - INFO - Step: CSVExtractor completed...
2025-03-12 11:52:15,866 - INFO - Executing Step: print_df_step
2025-03-12 11:52:15,867 - INFO - Checkpoint stored for step: 5384c54d3bd68715812bd9480e8adb85
2025-03-12 11:52:15,867 - INFO - Step: print_df_step completed...
2025-03-12 11:52:15,867 - INFO - Executing Step: ExcelExtractor
2025-03-12 11:52:15,870 - INFO - Checkpoint stored for step: 0b31cc6b31a422983771068cbdf6a923
2025-03-12 11:52:15,870 - INFO - Step: ExcelExtractor completed...
2025-03-12 11:52:15,870 - INFO - Executing Step: print_df_step2
2025-03-12 11:52:15,871 - INFO - Checkpoint stored for step: f5e71a0bea083254707ca05a5cd6b067
2025-03-12 11:52:15,871 - INFO - Step: print_df_step2 completed...
2025-03-12 11:52:15,871 - INFO - Executing Step: CSVLoader
2025-03-12 11:52:15,873 - INFO - Checkpoint stored for step: 9b2cd0a71d8e9a10a579ebaa632def31
2025-03-12 11:52:15,873 - INFO - Step: CSVLoader completed...
2025-03-12 11:52:15,873 - INFO - Executing Step: reset_cache
2025-03-12 11:52:15,873 - INFO - Step: reset_cache completed...
2025-03-12 11:52:15,874 - INFO - No valid checkpoint found, starting from the beginning...
2025-03-12 11:52:15,874 - INFO - Beginning ETL Execution at time: 1741794735.874172 ...
2025-03-12 11:52:15,875 - INFO - Executing Step: CSVExtractor
2025-03-12 11:52:15,878 - INFO - Checkpoint stored for step: dc9c09368b6fc1eac32cee7be7815efa
2025-03-12 11:52:15,878 - INFO - Step: CSVExtractor completed...
2025-03-12 11:52:15,878 - INFO - Executing Step: print_df_step
2025-03-12 11:52:15,879 - INFO - Checkpoint stored for step: 5384c54d3bd68715812bd9480e8adb85
2025-03-12 11:52:15,879 - INFO - Step: print_df_step completed...
2025-03-12 11:52:15,879 - INFO - Executing Step: ExcelExtractor
2025-03-12 11:52:15,882 - INFO - Checkpoint stored for step: 0b31cc6b31a422983771068cbdf6a923
2025-03-12 11:52:15,882 - INFO - Step: ExcelExtractor completed...
2025-03-12 11:52:15,882 - INFO - Executing Step: print_df_step2
2025-03-12 11:52:15,883 - INFO - Checkpoint stored for step: f5e71a0bea083254707ca05a5cd6b067
2025-03-12 11:52:15,883 - INFO - Step: print_df_step2 completed...
2025-03-12 11:52:15,883 - INFO - Executing Step: CSVLoader
2025-03-12 11:52:15,884 - INFO - Checkpoint stored for step: 9b2cd0a71d8e9a10a579ebaa632def31
2025-03-12 11:52:15,884 - INFO - Step: CSVLoader completed...
2025-03-12 11:52:15,884 - INFO - Executing Step: reset_cache
2025-03-12 11:52:15,885 - INFO - Step: reset_cache completed...
2025-03-12 11:52:15,885 - INFO - ETL Execution Finished at time: 1741794735.8854 ...
2025-03-12 11:52:15,885 - INFO - Total Execution Time: 0.01 seconds
