2025-03-12 17:56:48,733 - INFO - Target extractor set...
2025-03-12 17:56:48,734 - INFO - Target loader set...
2025-03-12 17:56:48,734 - INFO - Successfully added step with key: 412abfdcd44b2d96741df91f5a116e5d
2025-03-12 17:56:48,738 - INFO - Successfully added step with key: de222ed930bca8da97e04ac3f0e1a8c4
2025-03-12 17:56:48,738 - INFO - Successfully added step with key: 83f75dc262c2019d6cd451384412e01b
2025-03-12 17:56:48,738 - INFO - Successfully added step with key: 303c02b1d9dc0c0c316fca773bdcf9b6
2025-03-12 17:56:48,739 - INFO - No valid checkpoint found, starting from the beginning...
2025-03-12 17:56:48,739 - INFO - Beginning ETL Execution at time: 1741816608.7392175 ...
2025-03-12 17:56:48,741 - INFO - Executing Step: CSVExtractor
2025-03-12 17:56:48,742 - INFO - Added dataframe: tmp to globalcontext
2025-03-12 17:56:48,743 - INFO - Checkpoint stored for step: de222ed930bca8da97e04ac3f0e1a8c4
2025-03-12 17:56:48,743 - INFO - Step: CSVExtractor completed...
2025-03-12 17:56:48,743 - INFO - Executing Step: CSVExtractor
2025-03-12 17:56:48,744 - INFO - Added dataframe: othertmp to globalcontext
2025-03-12 17:56:48,744 - INFO - Checkpoint stored for step: 412abfdcd44b2d96741df91f5a116e5d
2025-03-12 17:56:48,745 - INFO - Step: CSVExtractor completed...
2025-03-12 17:56:48,745 - INFO - Executing Step: CSVLoader
2025-03-12 17:56:48,747 - INFO - Checkpoint stored for step: 83f75dc262c2019d6cd451384412e01b
2025-03-12 17:56:48,747 - INFO - Step: CSVLoader completed...
2025-03-12 17:56:48,747 - INFO - Executing Step: reset_cache
2025-03-12 17:56:48,747 - INFO - Step: reset_cache completed...
2025-03-12 17:56:48,747 - INFO - No valid checkpoint found, starting from the beginning...
2025-03-12 17:56:48,748 - INFO - Beginning ETL Execution at time: 1741816608.748115 ...
2025-03-12 17:56:48,748 - INFO - Executing Step: CSVExtractor
2025-03-12 17:56:48,750 - INFO - Added dataframe: tmp to globalcontext
2025-03-12 17:56:48,751 - INFO - Checkpoint stored for step: de222ed930bca8da97e04ac3f0e1a8c4
2025-03-12 17:56:48,751 - INFO - Step: CSVExtractor completed...
2025-03-12 17:56:48,751 - INFO - Executing Step: CSVExtractor
2025-03-12 17:56:48,751 - INFO - Added dataframe: othertmp to globalcontext
2025-03-12 17:56:48,752 - INFO - Checkpoint stored for step: 412abfdcd44b2d96741df91f5a116e5d
2025-03-12 17:56:48,752 - INFO - Step: CSVExtractor completed...
2025-03-12 17:56:48,752 - INFO - Executing Step: CSVLoader
2025-03-12 17:56:48,754 - INFO - Checkpoint stored for step: 83f75dc262c2019d6cd451384412e01b
2025-03-12 17:56:48,754 - INFO - Step: CSVLoader completed...
2025-03-12 17:56:48,754 - INFO - Executing Step: reset_cache
2025-03-12 17:56:48,754 - INFO - Step: reset_cache completed...
2025-03-12 17:56:48,755 - INFO - No valid checkpoint found, starting from the beginning...
2025-03-12 17:56:48,755 - INFO - Beginning ETL Execution at time: 1741816608.7553573 ...
2025-03-12 17:56:48,756 - INFO - Executing Step: CSVExtractor
2025-03-12 17:56:48,758 - INFO - Checkpoint stored for step: de222ed930bca8da97e04ac3f0e1a8c4
2025-03-12 17:56:48,758 - INFO - Step: CSVExtractor completed...
2025-03-12 17:56:48,758 - INFO - Executing Step: CSVExtractor
2025-03-12 17:56:48,759 - INFO - Checkpoint stored for step: 412abfdcd44b2d96741df91f5a116e5d
2025-03-12 17:56:48,759 - INFO - Step: CSVExtractor completed...
2025-03-12 17:56:48,759 - INFO - Executing Step: CSVLoader
2025-03-12 17:56:48,761 - INFO - Checkpoint stored for step: 83f75dc262c2019d6cd451384412e01b
2025-03-12 17:56:48,761 - INFO - Step: CSVLoader completed...
2025-03-12 17:56:48,761 - INFO - Executing Step: reset_cache
2025-03-12 17:56:48,761 - INFO - Step: reset_cache completed...
2025-03-12 17:56:48,761 - INFO - No valid checkpoint found, starting from the beginning...
2025-03-12 17:56:48,761 - INFO - Beginning ETL Execution at time: 1741816608.7619176 ...
2025-03-12 17:56:48,762 - INFO - Executing Step: CSVExtractor
2025-03-12 17:56:48,766 - INFO - Checkpoint stored for step: de222ed930bca8da97e04ac3f0e1a8c4
2025-03-12 17:56:48,766 - INFO - Step: CSVExtractor completed...
2025-03-12 17:56:48,766 - INFO - Executing Step: CSVExtractor
2025-03-12 17:56:48,768 - INFO - Checkpoint stored for step: 412abfdcd44b2d96741df91f5a116e5d
2025-03-12 17:56:48,768 - INFO - Step: CSVExtractor completed...
2025-03-12 17:56:48,768 - INFO - Executing Step: CSVLoader
2025-03-12 17:56:48,769 - INFO - Checkpoint stored for step: 83f75dc262c2019d6cd451384412e01b
2025-03-12 17:56:48,770 - INFO - Step: CSVLoader completed...
2025-03-12 17:56:48,770 - INFO - Executing Step: reset_cache
2025-03-12 17:56:48,770 - INFO - Step: reset_cache completed...
2025-03-12 17:56:48,770 - INFO - No valid checkpoint found, starting from the beginning...
2025-03-12 17:56:48,770 - INFO - Beginning ETL Execution at time: 1741816608.7705638 ...
2025-03-12 17:56:48,771 - INFO - Executing Step: CSVExtractor
2025-03-12 17:56:48,772 - INFO - Checkpoint stored for step: de222ed930bca8da97e04ac3f0e1a8c4
2025-03-12 17:56:48,772 - INFO - Step: CSVExtractor completed...
2025-03-12 17:56:48,772 - INFO - Executing Step: CSVExtractor
2025-03-12 17:56:48,774 - INFO - Checkpoint stored for step: 412abfdcd44b2d96741df91f5a116e5d
2025-03-12 17:56:48,774 - INFO - Step: CSVExtractor completed...
2025-03-12 17:56:48,774 - INFO - Executing Step: CSVLoader
2025-03-12 17:56:48,775 - INFO - Checkpoint stored for step: 83f75dc262c2019d6cd451384412e01b
2025-03-12 17:56:48,775 - INFO - Step: CSVLoader completed...
2025-03-12 17:56:48,775 - INFO - Executing Step: reset_cache
2025-03-12 17:56:48,775 - INFO - Step: reset_cache completed...
2025-03-12 17:56:48,775 - INFO - No valid checkpoint found, starting from the beginning...
2025-03-12 17:56:48,775 - INFO - Beginning ETL Execution at time: 1741816608.7758002 ...
2025-03-12 17:56:48,776 - INFO - Executing Step: CSVExtractor
2025-03-12 17:56:48,778 - INFO - Checkpoint stored for step: de222ed930bca8da97e04ac3f0e1a8c4
2025-03-12 17:56:48,778 - INFO - Step: CSVExtractor completed...
2025-03-12 17:56:48,778 - INFO - Executing Step: CSVExtractor
2025-03-12 17:56:48,779 - INFO - Checkpoint stored for step: 412abfdcd44b2d96741df91f5a116e5d
2025-03-12 17:56:48,779 - INFO - Step: CSVExtractor completed...
2025-03-12 17:56:48,779 - INFO - Executing Step: CSVLoader
2025-03-12 17:56:48,780 - INFO - Checkpoint stored for step: 83f75dc262c2019d6cd451384412e01b
2025-03-12 17:56:48,780 - INFO - Step: CSVLoader completed...
2025-03-12 17:56:48,780 - INFO - Executing Step: reset_cache
2025-03-12 17:56:48,780 - INFO - Step: reset_cache completed...
2025-03-12 17:56:48,780 - INFO - No valid checkpoint found, starting from the beginning...
2025-03-12 17:56:48,780 - INFO - Beginning ETL Execution at time: 1741816608.7809918 ...
2025-03-12 17:56:48,781 - INFO - Executing Step: CSVExtractor
2025-03-12 17:56:48,782 - INFO - Checkpoint stored for step: de222ed930bca8da97e04ac3f0e1a8c4
2025-03-12 17:56:48,782 - INFO - Step: CSVExtractor completed...
2025-03-12 17:56:48,782 - INFO - Executing Step: CSVExtractor
2025-03-12 17:56:48,783 - INFO - Checkpoint stored for step: 412abfdcd44b2d96741df91f5a116e5d
2025-03-12 17:56:48,783 - INFO - Step: CSVExtractor completed...
2025-03-12 17:56:48,783 - INFO - Executing Step: CSVLoader
2025-03-12 17:56:48,785 - INFO - Checkpoint stored for step: 83f75dc262c2019d6cd451384412e01b
2025-03-12 17:56:48,785 - INFO - Step: CSVLoader completed...
2025-03-12 17:56:48,785 - INFO - Executing Step: reset_cache
2025-03-12 17:56:48,785 - INFO - Step: reset_cache completed...
