2025-03-12 17:29:52,556 - INFO - Target extractor set...
2025-03-12 17:29:52,556 - INFO - Target loader set...
2025-03-12 17:29:52,556 - INFO - Successfully added step with key: 412abfdcd44b2d96741df91f5a116e5d
2025-03-12 17:29:52,559 - INFO - Successfully added step with key: de222ed930bca8da97e04ac3f0e1a8c4
2025-03-12 17:29:52,559 - INFO - Successfully added step with key: 83f75dc262c2019d6cd451384412e01b
2025-03-12 17:29:52,559 - INFO - Successfully added step with key: 303c02b1d9dc0c0c316fca773bdcf9b6
2025-03-12 17:29:52,560 - INFO - No valid checkpoint found, starting from the beginning...
2025-03-12 17:29:52,560 - INFO - Beginning ETL Execution at time: 1741814992.5600405 ...
2025-03-12 17:29:52,561 - INFO - Executing Step: CSVExtractor
2025-03-12 17:29:52,563 - INFO - Added dataframe: tmp to globalcontext
2025-03-12 17:29:52,565 - INFO - Checkpoint stored for step: de222ed930bca8da97e04ac3f0e1a8c4
2025-03-12 17:29:52,565 - INFO - Step: CSVExtractor completed...
2025-03-12 17:29:52,565 - INFO - Executing Step: CSVExtractor
2025-03-12 17:29:52,566 - INFO - Added dataframe: othertmp to globalcontext
2025-03-12 17:29:52,568 - INFO - Checkpoint stored for step: 412abfdcd44b2d96741df91f5a116e5d
2025-03-12 17:29:52,568 - INFO - Step: CSVExtractor completed...
2025-03-12 17:29:52,568 - INFO - Executing Step: CSVLoader
2025-03-12 17:29:52,571 - INFO - Checkpoint stored for step: 83f75dc262c2019d6cd451384412e01b
2025-03-12 17:29:52,571 - INFO - Step: CSVLoader completed...
2025-03-12 17:29:52,571 - INFO - Executing Step: reset_cache
2025-03-12 17:29:52,571 - INFO - Step: reset_cache completed...
2025-03-12 17:29:52,572 - INFO - No valid checkpoint found, starting from the beginning...
2025-03-12 17:29:52,572 - INFO - Beginning ETL Execution at time: 1741814992.572062 ...
2025-03-12 17:29:52,572 - INFO - Executing Step: CSVExtractor
2025-03-12 17:29:52,573 - INFO - Added dataframe: tmp to globalcontext
2025-03-12 17:29:52,574 - INFO - Checkpoint stored for step: de222ed930bca8da97e04ac3f0e1a8c4
2025-03-12 17:29:52,574 - INFO - Step: CSVExtractor completed...
2025-03-12 17:29:52,574 - INFO - Executing Step: CSVExtractor
2025-03-12 17:29:52,575 - INFO - Added dataframe: othertmp to globalcontext
2025-03-12 17:29:52,576 - INFO - Checkpoint stored for step: 412abfdcd44b2d96741df91f5a116e5d
2025-03-12 17:29:52,576 - INFO - Step: CSVExtractor completed...
2025-03-12 17:29:52,576 - INFO - Executing Step: CSVLoader
2025-03-12 17:29:52,578 - INFO - Checkpoint stored for step: 83f75dc262c2019d6cd451384412e01b
2025-03-12 17:29:52,578 - INFO - Step: CSVLoader completed...
2025-03-12 17:29:52,578 - INFO - Executing Step: reset_cache
2025-03-12 17:29:52,579 - INFO - Step: reset_cache completed...
2025-03-12 17:29:52,579 - INFO - No valid checkpoint found, starting from the beginning...
2025-03-12 17:29:52,579 - INFO - Beginning ETL Execution at time: 1741814992.5797498 ...
2025-03-12 17:29:52,580 - INFO - Executing Step: CSVExtractor
2025-03-12 17:29:52,582 - INFO - Checkpoint stored for step: de222ed930bca8da97e04ac3f0e1a8c4
2025-03-12 17:29:52,582 - INFO - Step: CSVExtractor completed...
2025-03-12 17:29:52,582 - INFO - Executing Step: CSVExtractor
2025-03-12 17:29:52,583 - INFO - Checkpoint stored for step: 412abfdcd44b2d96741df91f5a116e5d
2025-03-12 17:29:52,583 - INFO - Step: CSVExtractor completed...
2025-03-12 17:29:52,583 - INFO - Executing Step: CSVLoader
2025-03-12 17:29:52,585 - INFO - Checkpoint stored for step: 83f75dc262c2019d6cd451384412e01b
2025-03-12 17:29:52,585 - INFO - Step: CSVLoader completed...
2025-03-12 17:29:52,585 - INFO - Executing Step: reset_cache
2025-03-12 17:29:52,585 - INFO - Step: reset_cache completed...
2025-03-12 17:29:52,585 - INFO - No valid checkpoint found, starting from the beginning...
2025-03-12 17:29:52,585 - INFO - Beginning ETL Execution at time: 1741814992.58567 ...
2025-03-12 17:29:52,586 - INFO - Executing Step: CSVExtractor
2025-03-12 17:29:52,587 - INFO - Checkpoint stored for step: de222ed930bca8da97e04ac3f0e1a8c4
2025-03-12 17:29:52,587 - INFO - Step: CSVExtractor completed...
2025-03-12 17:29:52,587 - INFO - Executing Step: CSVExtractor
2025-03-12 17:29:52,589 - INFO - Checkpoint stored for step: 412abfdcd44b2d96741df91f5a116e5d
2025-03-12 17:29:52,589 - INFO - Step: CSVExtractor completed...
2025-03-12 17:29:52,589 - INFO - Executing Step: CSVLoader
2025-03-12 17:29:52,590 - INFO - Checkpoint stored for step: 83f75dc262c2019d6cd451384412e01b
2025-03-12 17:29:52,590 - INFO - Step: CSVLoader completed...
2025-03-12 17:29:52,590 - INFO - Executing Step: reset_cache
2025-03-12 17:29:52,590 - INFO - Step: reset_cache completed...
2025-03-12 17:29:52,591 - INFO - No valid checkpoint found, starting from the beginning...
2025-03-12 17:29:52,591 - INFO - Beginning ETL Execution at time: 1741814992.5911593 ...
2025-03-12 17:29:52,592 - INFO - Executing Step: CSVExtractor
2025-03-12 17:29:52,594 - INFO - Checkpoint stored for step: de222ed930bca8da97e04ac3f0e1a8c4
2025-03-12 17:29:52,594 - INFO - Step: CSVExtractor completed...
2025-03-12 17:29:52,594 - INFO - Executing Step: CSVExtractor
2025-03-12 17:29:52,596 - INFO - Checkpoint stored for step: 412abfdcd44b2d96741df91f5a116e5d
2025-03-12 17:29:52,596 - INFO - Step: CSVExtractor completed...
2025-03-12 17:29:52,596 - INFO - Executing Step: CSVLoader
2025-03-12 17:29:52,598 - INFO - Checkpoint stored for step: 83f75dc262c2019d6cd451384412e01b
2025-03-12 17:29:52,598 - INFO - Step: CSVLoader completed...
2025-03-12 17:29:52,598 - INFO - Executing Step: reset_cache
2025-03-12 17:29:52,598 - INFO - Step: reset_cache completed...
2025-03-12 17:29:52,599 - INFO - No valid checkpoint found, starting from the beginning...
2025-03-12 17:29:52,599 - INFO - Beginning ETL Execution at time: 1741814992.5993695 ...
2025-03-12 17:29:52,600 - INFO - Executing Step: CSVExtractor
2025-03-12 17:29:52,602 - INFO - Checkpoint stored for step: de222ed930bca8da97e04ac3f0e1a8c4
2025-03-12 17:29:52,602 - INFO - Step: CSVExtractor completed...
2025-03-12 17:29:52,602 - INFO - Executing Step: CSVExtractor
2025-03-12 17:29:52,603 - INFO - Checkpoint stored for step: 412abfdcd44b2d96741df91f5a116e5d
2025-03-12 17:29:52,603 - INFO - Step: CSVExtractor completed...
2025-03-12 17:29:52,603 - INFO - Executing Step: CSVLoader
2025-03-12 17:29:52,604 - INFO - Checkpoint stored for step: 83f75dc262c2019d6cd451384412e01b
2025-03-12 17:29:52,604 - INFO - Step: CSVLoader completed...
2025-03-12 17:29:52,604 - INFO - Executing Step: reset_cache
2025-03-12 17:29:52,604 - INFO - Step: reset_cache completed...
