2025-03-12 17:20:40,825 - INFO - Target extractor set...
2025-03-12 17:20:40,826 - INFO - Target loader set...
2025-03-12 17:20:40,826 - INFO - Successfully added step with key: 412abfdcd44b2d96741df91f5a116e5d
2025-03-12 17:20:40,828 - INFO - Successfully added step with key: de222ed930bca8da97e04ac3f0e1a8c4
2025-03-12 17:20:40,828 - INFO - Successfully added step with key: 83f75dc262c2019d6cd451384412e01b
2025-03-12 17:20:40,829 - INFO - Successfully added step with key: 303c02b1d9dc0c0c316fca773bdcf9b6
2025-03-12 17:20:40,829 - INFO - No valid checkpoint found, starting from the beginning...
2025-03-12 17:20:40,829 - INFO - Beginning ETL Execution at time: 1741814440.8293846 ...
2025-03-12 17:20:40,830 - INFO - Executing Step: CSVExtractor
2025-03-12 17:20:40,831 - INFO - Added dataframe: tmp to globalcontext
2025-03-12 17:20:40,832 - INFO - Checkpoint stored for step: de222ed930bca8da97e04ac3f0e1a8c4
2025-03-12 17:20:40,832 - INFO - Step: CSVExtractor completed...
2025-03-12 17:20:40,832 - INFO - Executing Step: CSVExtractor
2025-03-12 17:20:40,833 - INFO - Added dataframe: othertmp to globalcontext
2025-03-12 17:20:40,834 - INFO - Checkpoint stored for step: 412abfdcd44b2d96741df91f5a116e5d
2025-03-12 17:20:40,834 - INFO - Step: CSVExtractor completed...
2025-03-12 17:20:40,834 - INFO - Executing Step: CSVLoader
2025-03-12 17:20:40,835 - INFO - Checkpoint stored for step: 83f75dc262c2019d6cd451384412e01b
2025-03-12 17:20:40,835 - INFO - Step: CSVLoader completed...
2025-03-12 17:20:40,835 - INFO - Executing Step: reset_cache
2025-03-12 17:20:40,835 - INFO - Step: reset_cache completed...
2025-03-12 17:20:40,836 - INFO - No valid checkpoint found, starting from the beginning...
2025-03-12 17:20:40,836 - INFO - Beginning ETL Execution at time: 1741814440.8361478 ...
2025-03-12 17:20:40,836 - INFO - Executing Step: CSVExtractor
2025-03-12 17:20:40,837 - INFO - Added dataframe: tmp to globalcontext
2025-03-12 17:20:40,838 - INFO - Checkpoint stored for step: de222ed930bca8da97e04ac3f0e1a8c4
2025-03-12 17:20:40,838 - INFO - Step: CSVExtractor completed...
2025-03-12 17:20:40,838 - INFO - Executing Step: CSVExtractor
2025-03-12 17:20:40,838 - INFO - Added dataframe: othertmp to globalcontext
2025-03-12 17:20:40,839 - INFO - Checkpoint stored for step: 412abfdcd44b2d96741df91f5a116e5d
2025-03-12 17:20:40,839 - INFO - Step: CSVExtractor completed...
2025-03-12 17:20:40,839 - INFO - Executing Step: CSVLoader
2025-03-12 17:20:40,840 - INFO - Checkpoint stored for step: 83f75dc262c2019d6cd451384412e01b
2025-03-12 17:20:40,840 - INFO - Step: CSVLoader completed...
2025-03-12 17:20:40,840 - INFO - Executing Step: reset_cache
2025-03-12 17:20:40,840 - INFO - Step: reset_cache completed...
2025-03-12 17:20:40,841 - INFO - No valid checkpoint found, starting from the beginning...
2025-03-12 17:20:40,841 - INFO - Beginning ETL Execution at time: 1741814440.8412497 ...
2025-03-12 17:20:40,841 - INFO - Executing Step: CSVExtractor
2025-03-12 17:20:40,842 - INFO - Checkpoint stored for step: de222ed930bca8da97e04ac3f0e1a8c4
2025-03-12 17:20:40,842 - INFO - Step: CSVExtractor completed...
2025-03-12 17:20:40,842 - INFO - Executing Step: CSVExtractor
2025-03-12 17:20:40,844 - INFO - Checkpoint stored for step: 412abfdcd44b2d96741df91f5a116e5d
2025-03-12 17:20:40,844 - INFO - Step: CSVExtractor completed...
2025-03-12 17:20:40,844 - INFO - Executing Step: CSVLoader
2025-03-12 17:20:40,845 - INFO - Checkpoint stored for step: 83f75dc262c2019d6cd451384412e01b
2025-03-12 17:20:40,845 - INFO - Step: CSVLoader completed...
2025-03-12 17:20:40,845 - INFO - Executing Step: reset_cache
2025-03-12 17:20:40,845 - INFO - Step: reset_cache completed...
2025-03-12 17:20:40,845 - INFO - No valid checkpoint found, starting from the beginning...
2025-03-12 17:20:40,845 - INFO - Beginning ETL Execution at time: 1741814440.845465 ...
2025-03-12 17:20:40,845 - INFO - Executing Step: CSVExtractor
2025-03-12 17:20:40,847 - INFO - Checkpoint stored for step: de222ed930bca8da97e04ac3f0e1a8c4
2025-03-12 17:20:40,847 - INFO - Step: CSVExtractor completed...
2025-03-12 17:20:40,847 - INFO - Executing Step: CSVExtractor
2025-03-12 17:20:40,849 - INFO - Checkpoint stored for step: 412abfdcd44b2d96741df91f5a116e5d
2025-03-12 17:20:40,849 - INFO - Step: CSVExtractor completed...
2025-03-12 17:20:40,849 - INFO - Executing Step: CSVLoader
2025-03-12 17:20:40,850 - INFO - Checkpoint stored for step: 83f75dc262c2019d6cd451384412e01b
2025-03-12 17:20:40,850 - INFO - Step: CSVLoader completed...
2025-03-12 17:20:40,850 - INFO - Executing Step: reset_cache
2025-03-12 17:20:40,850 - INFO - Step: reset_cache completed...
2025-03-12 17:20:40,850 - INFO - No valid checkpoint found, starting from the beginning...
2025-03-12 17:20:40,850 - INFO - Beginning ETL Execution at time: 1741814440.8508372 ...
2025-03-12 17:20:40,851 - INFO - Executing Step: CSVExtractor
2025-03-12 17:20:40,852 - INFO - Checkpoint stored for step: de222ed930bca8da97e04ac3f0e1a8c4
2025-03-12 17:20:40,852 - INFO - Step: CSVExtractor completed...
2025-03-12 17:20:40,852 - INFO - Executing Step: CSVExtractor
2025-03-12 17:20:40,853 - INFO - Checkpoint stored for step: 412abfdcd44b2d96741df91f5a116e5d
2025-03-12 17:20:40,853 - INFO - Step: CSVExtractor completed...
2025-03-12 17:20:40,853 - INFO - Executing Step: CSVLoader
2025-03-12 17:20:40,854 - INFO - Checkpoint stored for step: 83f75dc262c2019d6cd451384412e01b
2025-03-12 17:20:40,854 - INFO - Step: CSVLoader completed...
2025-03-12 17:20:40,854 - INFO - Executing Step: reset_cache
2025-03-12 17:20:40,854 - INFO - Step: reset_cache completed...
2025-03-12 17:20:40,855 - INFO - No valid checkpoint found, starting from the beginning...
2025-03-12 17:20:40,855 - INFO - Beginning ETL Execution at time: 1741814440.8553393 ...
2025-03-12 17:20:40,856 - INFO - Executing Step: CSVExtractor
2025-03-12 17:20:40,857 - INFO - Checkpoint stored for step: de222ed930bca8da97e04ac3f0e1a8c4
2025-03-12 17:20:40,857 - INFO - Step: CSVExtractor completed...
2025-03-12 17:20:40,857 - INFO - Executing Step: CSVExtractor
2025-03-12 17:20:40,858 - INFO - Checkpoint stored for step: 412abfdcd44b2d96741df91f5a116e5d
2025-03-12 17:20:40,858 - INFO - Step: CSVExtractor completed...
2025-03-12 17:20:40,858 - INFO - Executing Step: CSVLoader
2025-03-12 17:20:40,859 - INFO - Checkpoint stored for step: 83f75dc262c2019d6cd451384412e01b
2025-03-12 17:20:40,859 - INFO - Step: CSVLoader completed...
2025-03-12 17:20:40,860 - INFO - Executing Step: reset_cache
2025-03-12 17:20:40,860 - INFO - Step: reset_cache completed...
2025-03-12 17:20:40,860 - INFO - No valid checkpoint found, starting from the beginning...
2025-03-12 17:20:40,860 - INFO - Beginning ETL Execution at time: 1741814440.8609884 ...
2025-03-12 17:20:40,861 - INFO - Executing Step: CSVExtractor
2025-03-12 17:20:40,863 - INFO - Checkpoint stored for step: de222ed930bca8da97e04ac3f0e1a8c4
2025-03-12 17:20:40,863 - INFO - Step: CSVExtractor completed...
2025-03-12 17:20:40,863 - INFO - Executing Step: CSVExtractor
2025-03-12 17:20:40,865 - INFO - Checkpoint stored for step: 412abfdcd44b2d96741df91f5a116e5d
2025-03-12 17:20:40,865 - INFO - Step: CSVExtractor completed...
2025-03-12 17:20:40,866 - INFO - Executing Step: CSVLoader
2025-03-12 17:20:40,867 - INFO - Checkpoint stored for step: 83f75dc262c2019d6cd451384412e01b
2025-03-12 17:20:40,867 - INFO - Step: CSVLoader completed...
2025-03-12 17:20:40,867 - INFO - Executing Step: reset_cache
2025-03-12 17:20:40,867 - INFO - Step: reset_cache completed...
2025-03-12 17:20:40,868 - INFO - No valid checkpoint found, starting from the beginning...
2025-03-12 17:20:40,868 - INFO - Beginning ETL Execution at time: 1741814440.8682408 ...
2025-03-12 17:20:40,868 - INFO - Executing Step: CSVExtractor
2025-03-12 17:20:40,870 - INFO - Checkpoint stored for step: de222ed930bca8da97e04ac3f0e1a8c4
2025-03-12 17:20:40,870 - INFO - Step: CSVExtractor completed...
2025-03-12 17:20:40,870 - INFO - Executing Step: CSVExtractor
2025-03-12 17:20:40,871 - INFO - Checkpoint stored for step: 412abfdcd44b2d96741df91f5a116e5d
2025-03-12 17:20:40,871 - INFO - Step: CSVExtractor completed...
2025-03-12 17:20:40,871 - INFO - Executing Step: CSVLoader
2025-03-12 17:20:40,872 - INFO - Checkpoint stored for step: 83f75dc262c2019d6cd451384412e01b
2025-03-12 17:20:40,872 - INFO - Step: CSVLoader completed...
2025-03-12 17:20:40,872 - INFO - Executing Step: reset_cache
2025-03-12 17:20:40,872 - INFO - Step: reset_cache completed...
2025-03-12 17:20:40,872 - INFO - No valid checkpoint found, starting from the beginning...
2025-03-12 17:20:40,872 - INFO - Beginning ETL Execution at time: 1741814440.8728151 ...
2025-03-12 17:20:40,873 - INFO - Executing Step: CSVExtractor
2025-03-12 17:20:40,874 - INFO - Checkpoint stored for step: de222ed930bca8da97e04ac3f0e1a8c4
2025-03-12 17:20:40,874 - INFO - Step: CSVExtractor completed...
2025-03-12 17:20:40,874 - INFO - Executing Step: CSVExtractor
2025-03-12 17:20:40,875 - INFO - Checkpoint stored for step: 412abfdcd44b2d96741df91f5a116e5d
2025-03-12 17:20:40,875 - INFO - Step: CSVExtractor completed...
2025-03-12 17:20:40,875 - INFO - Executing Step: CSVLoader
2025-03-12 17:20:40,876 - INFO - Checkpoint stored for step: 83f75dc262c2019d6cd451384412e01b
2025-03-12 17:20:40,876 - INFO - Step: CSVLoader completed...
2025-03-12 17:20:40,876 - INFO - Executing Step: reset_cache
2025-03-12 17:20:40,876 - INFO - Step: reset_cache completed...
2025-03-12 17:20:40,876 - INFO - No valid checkpoint found, starting from the beginning...
2025-03-12 17:20:40,876 - INFO - Beginning ETL Execution at time: 1741814440.8768883 ...
2025-03-12 17:20:40,877 - INFO - Executing Step: CSVExtractor
2025-03-12 17:20:40,879 - INFO - Checkpoint stored for step: de222ed930bca8da97e04ac3f0e1a8c4
2025-03-12 17:20:40,879 - INFO - Step: CSVExtractor completed...
2025-03-12 17:20:40,879 - INFO - Executing Step: CSVExtractor
2025-03-12 17:20:40,880 - INFO - Checkpoint stored for step: 412abfdcd44b2d96741df91f5a116e5d
2025-03-12 17:20:40,880 - INFO - Step: CSVExtractor completed...
2025-03-12 17:20:40,880 - INFO - Executing Step: CSVLoader
2025-03-12 17:20:40,881 - INFO - Checkpoint stored for step: 83f75dc262c2019d6cd451384412e01b
2025-03-12 17:20:40,881 - INFO - Step: CSVLoader completed...
2025-03-12 17:20:40,881 - INFO - Executing Step: reset_cache
2025-03-12 17:20:40,881 - INFO - Step: reset_cache completed...
2025-03-12 17:20:40,881 - INFO - No valid checkpoint found, starting from the beginning...
2025-03-12 17:20:40,881 - INFO - Beginning ETL Execution at time: 1741814440.8817675 ...
2025-03-12 17:20:40,882 - INFO - Executing Step: CSVExtractor
2025-03-12 17:20:40,882 - INFO - Checkpoint stored for step: de222ed930bca8da97e04ac3f0e1a8c4
2025-03-12 17:20:40,882 - INFO - Step: CSVExtractor completed...
2025-03-12 17:20:40,882 - INFO - Executing Step: CSVExtractor
2025-03-12 17:20:40,883 - INFO - Checkpoint stored for step: 412abfdcd44b2d96741df91f5a116e5d
2025-03-12 17:20:40,883 - INFO - Step: CSVExtractor completed...
2025-03-12 17:20:40,883 - INFO - Executing Step: CSVLoader
2025-03-12 17:20:40,884 - INFO - Checkpoint stored for step: 83f75dc262c2019d6cd451384412e01b
2025-03-12 17:20:40,884 - INFO - Step: CSVLoader completed...
2025-03-12 17:20:40,884 - INFO - Executing Step: reset_cache
2025-03-12 17:20:40,884 - INFO - Step: reset_cache completed...
2025-03-12 17:20:40,884 - INFO - No valid checkpoint found, starting from the beginning...
2025-03-12 17:20:40,885 - INFO - Beginning ETL Execution at time: 1741814440.8850756 ...
2025-03-12 17:20:40,885 - INFO - Executing Step: CSVExtractor
2025-03-12 17:20:40,886 - INFO - Checkpoint stored for step: de222ed930bca8da97e04ac3f0e1a8c4
2025-03-12 17:20:40,886 - INFO - Step: CSVExtractor completed...
2025-03-12 17:20:40,886 - INFO - Executing Step: CSVExtractor
2025-03-12 17:20:40,886 - INFO - Checkpoint stored for step: 412abfdcd44b2d96741df91f5a116e5d
2025-03-12 17:20:40,886 - INFO - Step: CSVExtractor completed...
2025-03-12 17:20:40,886 - INFO - Executing Step: CSVLoader
2025-03-12 17:20:40,887 - INFO - Checkpoint stored for step: 83f75dc262c2019d6cd451384412e01b
2025-03-12 17:20:40,887 - INFO - Step: CSVLoader completed...
2025-03-12 17:20:40,887 - INFO - Executing Step: reset_cache
2025-03-12 17:20:40,887 - INFO - Step: reset_cache completed...
2025-03-12 17:20:40,887 - INFO - No valid checkpoint found, starting from the beginning...
2025-03-12 17:20:40,887 - INFO - Beginning ETL Execution at time: 1741814440.8878658 ...
2025-03-12 17:20:40,888 - INFO - Executing Step: CSVExtractor
2025-03-12 17:20:40,889 - INFO - Checkpoint stored for step: de222ed930bca8da97e04ac3f0e1a8c4
2025-03-12 17:20:40,889 - INFO - Step: CSVExtractor completed...
2025-03-12 17:20:40,889 - INFO - Executing Step: CSVExtractor
2025-03-12 17:20:40,889 - INFO - Checkpoint stored for step: 412abfdcd44b2d96741df91f5a116e5d
2025-03-12 17:20:40,889 - INFO - Step: CSVExtractor completed...
2025-03-12 17:20:40,889 - INFO - Executing Step: CSVLoader
2025-03-12 17:20:40,890 - INFO - Checkpoint stored for step: 83f75dc262c2019d6cd451384412e01b
2025-03-12 17:20:40,890 - INFO - Step: CSVLoader completed...
2025-03-12 17:20:40,890 - INFO - Executing Step: reset_cache
2025-03-12 17:20:40,890 - INFO - Step: reset_cache completed...
2025-03-12 17:20:40,890 - INFO - No valid checkpoint found, starting from the beginning...
2025-03-12 17:20:40,891 - INFO - Beginning ETL Execution at time: 1741814440.8910067 ...
2025-03-12 17:20:40,891 - INFO - Executing Step: CSVExtractor
2025-03-12 17:20:40,892 - INFO - Checkpoint stored for step: de222ed930bca8da97e04ac3f0e1a8c4
2025-03-12 17:20:40,892 - INFO - Step: CSVExtractor completed...
2025-03-12 17:20:40,892 - INFO - Executing Step: CSVExtractor
2025-03-12 17:20:40,892 - INFO - Checkpoint stored for step: 412abfdcd44b2d96741df91f5a116e5d
2025-03-12 17:20:40,893 - INFO - Step: CSVExtractor completed...
2025-03-12 17:20:40,893 - INFO - Executing Step: CSVLoader
2025-03-12 17:20:40,893 - INFO - Checkpoint stored for step: 83f75dc262c2019d6cd451384412e01b
2025-03-12 17:20:40,893 - INFO - Step: CSVLoader completed...
2025-03-12 17:20:40,893 - INFO - Executing Step: reset_cache
2025-03-12 17:20:40,893 - INFO - Step: reset_cache completed...
