2025-03-15 14:12:03,092 - INFO - Target extractor set...
2025-03-15 14:12:03,093 - INFO - Target loader set...
2025-03-15 14:12:03,093 - INFO - Successfully added step with key: 32d19eb47ab401990ab22f7a7131e175
2025-03-15 14:12:03,093 - INFO - Successfully added step with key: 13dc46e0dd043397767ffdc997a4743b
2025-03-15 14:12:03,093 - INFO - Successfully added step with key: b06e120d9cdaf4b1d7bf9bb14362d541
2025-03-15 14:12:03,093 - INFO - Successfully added step with key: faa8908a15c536117ad84461e4117f52
2025-03-15 14:12:03,099 - INFO - Successfully added step with key: ccebc1e6ff363ca3333cff00c666e94b
2025-03-15 14:12:03,099 - INFO - Successfully added step with key: 2669451e8efe8dbefaa7abcbefad58c1
2025-03-15 14:12:03,099 - INFO - Beginning ETL Execution at time: 1742062323.0993779 ...
2025-03-15 14:12:03,115 - INFO - Executing Step: CSVExtractor
2025-03-15 14:12:03,118 - INFO - Added dataframe: tmp to globalcontext
2025-03-15 14:12:03,118 - INFO - Step: CSVExtractor completed...
2025-03-15 14:12:03,118 - INFO - Executing Step: CreateVariable
2025-03-15 14:12:03,118 - INFO - Step: CreateVariable completed...
2025-03-15 14:12:03,118 - INFO - Executing Step: IncrementVariable
2025-03-15 14:12:03,118 - INFO - Step: IncrementVariable completed...
2025-03-15 14:12:03,118 - INFO - Executing Step: GetColSum
2025-03-15 14:12:03,119 - INFO - Step: GetColSum completed...
2025-03-15 14:12:03,119 - INFO - Executing Step: print_df_step
2025-03-15 14:12:03,121 - INFO - Step: print_df_step completed...
2025-03-15 14:12:03,121 - INFO - Executing Step: CSVLoader
2025-03-15 14:12:03,122 - INFO - Step: CSVLoader completed...
2025-03-15 14:12:03,122 - INFO - ETL Execution Finished at time: 1742062323.1226351 ...
2025-03-15 14:12:03,122 - INFO - Total Execution Time: 0.02 seconds
