2025-03-12 11:59:51,477 - INFO - Target extractor set...
2025-03-12 11:59:51,478 - INFO - Target loader set...
2025-03-12 11:59:51,478 - INFO - Successfully added step with key: 5384c54d3bd68715812bd9480e8adb85
2025-03-12 11:59:51,478 - INFO - Successfully added step with key: 0b31cc6b31a422983771068cbdf6a923
2025-03-12 11:59:51,478 - INFO - Successfully added step with key: f5e71a0bea083254707ca05a5cd6b067
2025-03-12 11:59:51,481 - INFO - Successfully added step with key: dc9c09368b6fc1eac32cee7be7815efa
2025-03-12 11:59:51,482 - INFO - Successfully added step with key: 9b2cd0a71d8e9a10a579ebaa632def31
2025-03-12 11:59:51,485 - INFO - Successfully added step with key: 265a8c16da69ec12db7978232af482c8
2025-03-12 11:59:51,556 - INFO - Resuming execution from checkpoint: 5384c54d3bd68715812bd9480e8adb85
2025-03-12 11:59:51,556 - INFO - Beginning ETL Execution at time: 1741795191.556787 ...
2025-03-12 11:59:51,564 - INFO - Executing Step: ExcelExtractor
2025-03-12 11:59:51,579 - INFO - Checkpoint stored for step: 0b31cc6b31a422983771068cbdf6a923
2025-03-12 11:59:51,579 - INFO - Step: ExcelExtractor completed...
2025-03-12 11:59:51,579 - INFO - Executing Step: print_df_step2
2025-03-12 11:59:51,583 - INFO - Checkpoint stored for step: f5e71a0bea083254707ca05a5cd6b067
2025-03-12 11:59:51,583 - INFO - Step: print_df_step2 completed...
2025-03-12 11:59:51,583 - INFO - Executing Step: CSVLoader
2025-03-12 11:59:51,585 - INFO - Checkpoint stored for step: 9b2cd0a71d8e9a10a579ebaa632def31
2025-03-12 11:59:51,585 - INFO - Step: CSVLoader completed...
2025-03-12 11:59:51,585 - INFO - Executing Step: reset_cache
2025-03-12 11:59:51,586 - INFO - Step: reset_cache completed...
2025-03-12 11:59:51,586 - INFO - No valid checkpoint found, starting from the beginning...
2025-03-12 11:59:51,586 - INFO - Beginning ETL Execution at time: 1741795191.586825 ...
2025-03-12 11:59:51,588 - INFO - Executing Step: CSVExtractor
2025-03-12 11:59:51,589 - INFO - Added dataframe: tmp to globalcontext
2025-03-12 11:59:51,591 - INFO - Checkpoint stored for step: dc9c09368b6fc1eac32cee7be7815efa
2025-03-12 11:59:51,591 - INFO - Step: CSVExtractor completed...
2025-03-12 11:59:51,591 - INFO - Executing Step: print_df_step
2025-03-12 11:59:51,592 - INFO - Checkpoint stored for step: 5384c54d3bd68715812bd9480e8adb85
2025-03-12 11:59:51,592 - INFO - Step: print_df_step completed...
2025-03-12 11:59:51,592 - INFO - Executing Step: ExcelExtractor
2025-03-12 11:59:51,596 - INFO - Added dataframe: tmpBook to globalcontext
2025-03-12 11:59:51,598 - INFO - Checkpoint stored for step: 0b31cc6b31a422983771068cbdf6a923
2025-03-12 11:59:51,598 - INFO - Step: ExcelExtractor completed...
2025-03-12 11:59:51,598 - INFO - Executing Step: print_df_step2
2025-03-12 11:59:51,600 - INFO - Checkpoint stored for step: f5e71a0bea083254707ca05a5cd6b067
2025-03-12 11:59:51,600 - INFO - Step: print_df_step2 completed...
2025-03-12 11:59:51,600 - INFO - Executing Step: CSVLoader
2025-03-12 11:59:51,603 - INFO - Checkpoint stored for step: 9b2cd0a71d8e9a10a579ebaa632def31
2025-03-12 11:59:51,603 - INFO - Step: CSVLoader completed...
2025-03-12 11:59:51,603 - INFO - Executing Step: reset_cache
2025-03-12 11:59:51,603 - INFO - Step: reset_cache completed...
2025-03-12 11:59:51,604 - INFO - No valid checkpoint found, starting from the beginning...
2025-03-12 11:59:51,604 - INFO - Beginning ETL Execution at time: 1741795191.604409 ...
2025-03-12 11:59:51,605 - INFO - Executing Step: CSVExtractor
2025-03-12 11:59:51,607 - INFO - Checkpoint stored for step: dc9c09368b6fc1eac32cee7be7815efa
2025-03-12 11:59:51,607 - INFO - Step: CSVExtractor completed...
2025-03-12 11:59:51,607 - INFO - Executing Step: print_df_step
2025-03-12 11:59:51,609 - INFO - Checkpoint stored for step: 5384c54d3bd68715812bd9480e8adb85
2025-03-12 11:59:51,609 - INFO - Step: print_df_step completed...
2025-03-12 11:59:51,609 - INFO - Executing Step: ExcelExtractor
2025-03-12 11:59:51,612 - INFO - Checkpoint stored for step: 0b31cc6b31a422983771068cbdf6a923
2025-03-12 11:59:51,612 - INFO - Step: ExcelExtractor completed...
2025-03-12 11:59:51,612 - INFO - Executing Step: print_df_step2
2025-03-12 11:59:51,614 - INFO - Checkpoint stored for step: f5e71a0bea083254707ca05a5cd6b067
2025-03-12 11:59:51,614 - INFO - Step: print_df_step2 completed...
2025-03-12 11:59:51,614 - INFO - Executing Step: CSVLoader
2025-03-12 11:59:51,615 - INFO - Checkpoint stored for step: 9b2cd0a71d8e9a10a579ebaa632def31
2025-03-12 11:59:51,615 - INFO - Step: CSVLoader completed...
2025-03-12 11:59:51,615 - INFO - Executing Step: reset_cache
2025-03-12 11:59:51,615 - INFO - Step: reset_cache completed...
2025-03-12 11:59:51,615 - INFO - No valid checkpoint found, starting from the beginning...
2025-03-12 11:59:51,615 - INFO - Beginning ETL Execution at time: 1741795191.6159759 ...
2025-03-12 11:59:51,616 - INFO - Executing Step: CSVExtractor
2025-03-12 11:59:51,619 - INFO - Checkpoint stored for step: dc9c09368b6fc1eac32cee7be7815efa
2025-03-12 11:59:51,619 - INFO - Step: CSVExtractor completed...
2025-03-12 11:59:51,619 - INFO - Executing Step: print_df_step
2025-03-12 11:59:51,621 - INFO - Checkpoint stored for step: 5384c54d3bd68715812bd9480e8adb85
2025-03-12 11:59:51,621 - INFO - Step: print_df_step completed...
2025-03-12 11:59:51,621 - INFO - Executing Step: ExcelExtractor
2025-03-12 11:59:51,625 - INFO - Checkpoint stored for step: 0b31cc6b31a422983771068cbdf6a923
2025-03-12 11:59:51,625 - INFO - Step: ExcelExtractor completed...
2025-03-12 11:59:51,625 - INFO - Executing Step: print_df_step2
2025-03-12 11:59:51,626 - INFO - Checkpoint stored for step: f5e71a0bea083254707ca05a5cd6b067
2025-03-12 11:59:51,626 - INFO - Step: print_df_step2 completed...
2025-03-12 11:59:51,626 - INFO - Executing Step: CSVLoader
2025-03-12 11:59:51,627 - INFO - Checkpoint stored for step: 9b2cd0a71d8e9a10a579ebaa632def31
2025-03-12 11:59:51,627 - INFO - Step: CSVLoader completed...
2025-03-12 11:59:51,627 - INFO - Executing Step: reset_cache
2025-03-12 11:59:51,627 - INFO - Step: reset_cache completed...
2025-03-12 11:59:51,627 - INFO - No valid checkpoint found, starting from the beginning...
2025-03-12 11:59:51,627 - INFO - Beginning ETL Execution at time: 1741795191.627979 ...
2025-03-12 11:59:51,630 - INFO - Executing Step: CSVExtractor
2025-03-12 11:59:51,634 - INFO - Checkpoint stored for step: dc9c09368b6fc1eac32cee7be7815efa
2025-03-12 11:59:51,634 - INFO - Step: CSVExtractor completed...
2025-03-12 11:59:51,634 - INFO - Executing Step: print_df_step
2025-03-12 11:59:51,635 - INFO - Checkpoint stored for step: 5384c54d3bd68715812bd9480e8adb85
2025-03-12 11:59:51,635 - INFO - Step: print_df_step completed...
2025-03-12 11:59:51,635 - INFO - Executing Step: ExcelExtractor
