2025-03-12 10:24:53,404 - INFO - Target extractor set...
2025-03-12 10:24:53,405 - INFO - Target loader set...
2025-03-12 10:24:53,405 - INFO - Successfully added step with key: 5384c54d3bd68715812bd9480e8adb85
2025-03-12 10:24:53,438 - INFO - Successfully added step with key: de222ed930bca8da97e04ac3f0e1a8c4
2025-03-12 10:24:53,438 - INFO - Successfully added step with key: 83f75dc262c2019d6cd451384412e01b
2025-03-12 10:24:53,446 - INFO - No valid checkpoint found, starting from the beginning...
2025-03-12 10:24:53,446 - INFO - Beginning ETL Execution at time: 1741789493.4467359 ...
2025-03-12 10:24:53,454 - INFO - Executing Step: CSVExtractor
2025-03-12 10:24:53,458 - INFO - Added dataframe: tmp to globalcontext
2025-03-12 10:24:53,460 - INFO - Checkpoint stored for step: de222ed930bca8da97e04ac3f0e1a8c4
2025-03-12 10:24:53,460 - INFO - Step: CSVExtractor completed...
2025-03-12 10:24:53,460 - INFO - Executing Step: print_df_step
2025-03-12 10:24:53,462 - INFO - Checkpoint stored for step: 5384c54d3bd68715812bd9480e8adb85
2025-03-12 10:24:53,462 - INFO - Step: print_df_step completed...
2025-03-12 10:24:53,462 - INFO - Executing Step: CSVLoader
2025-03-12 10:24:53,464 - INFO - Checkpoint stored for step: 83f75dc262c2019d6cd451384412e01b
2025-03-12 10:24:53,464 - INFO - Step: CSVLoader completed...
2025-03-12 10:24:53,465 - INFO - Successfully added step with key: dc9c09368b6fc1eac32cee7be7815efa
2025-03-12 10:24:53,466 - INFO - Successfully added step with key: 9b2cd0a71d8e9a10a579ebaa632def31
2025-03-12 10:24:53,466 - INFO - No valid checkpoint found, starting from the beginning...
2025-03-12 10:24:53,466 - INFO - Beginning ETL Execution at time: 1741789493.46616 ...
2025-03-12 10:24:53,466 - INFO - Executing Step: CSVExtractor
2025-03-12 10:24:53,468 - INFO - Added dataframe: tmp to globalcontext
2025-03-12 10:24:53,469 - INFO - Checkpoint stored for step: dc9c09368b6fc1eac32cee7be7815efa
2025-03-12 10:24:53,469 - INFO - Step: CSVExtractor completed...
2025-03-12 10:24:53,469 - INFO - Executing Step: CSVExtractor
2025-03-12 10:24:53,470 - INFO - Checkpoint stored for step: de222ed930bca8da97e04ac3f0e1a8c4
2025-03-12 10:24:53,470 - INFO - Step: CSVExtractor completed...
2025-03-12 10:24:53,470 - INFO - Executing Step: print_df_step
2025-03-12 10:24:53,472 - INFO - Checkpoint stored for step: 5384c54d3bd68715812bd9480e8adb85
2025-03-12 10:24:53,472 - INFO - Step: print_df_step completed...
2025-03-12 10:24:53,472 - INFO - Executing Step: CSVLoader
2025-03-12 10:24:53,473 - INFO - Checkpoint stored for step: 83f75dc262c2019d6cd451384412e01b
2025-03-12 10:24:53,473 - INFO - Step: CSVLoader completed...
2025-03-12 10:24:53,473 - INFO - Executing Step: CSVLoader
2025-03-12 10:24:53,473 - INFO - Checkpoint stored for step: 9b2cd0a71d8e9a10a579ebaa632def31
2025-03-12 10:24:53,473 - INFO - Step: CSVLoader completed...
2025-03-12 10:24:53,474 - INFO - Successfully added step with key: fc0de5317ae15ad50e902796a1016724
2025-03-12 10:24:53,474 - INFO - Successfully added step with key: eaf1a0baf28692a69cbc149f0099f7c6
2025-03-12 10:24:53,475 - INFO - No valid checkpoint found, starting from the beginning...
2025-03-12 10:24:53,475 - INFO - Beginning ETL Execution at time: 1741789493.475198 ...
2025-03-12 10:24:53,476 - INFO - Executing Step: CSVExtractor
2025-03-12 10:24:53,479 - INFO - Checkpoint stored for step: fc0de5317ae15ad50e902796a1016724
2025-03-12 10:24:53,479 - INFO - Step: CSVExtractor completed...
2025-03-12 10:24:53,479 - INFO - Executing Step: CSVExtractor
