2025-03-12 17:54:40,149 - INFO - Target extractor set...
2025-03-12 17:54:40,149 - INFO - Target loader set...
2025-03-12 17:54:40,150 - INFO - Successfully added step with key: 412abfdcd44b2d96741df91f5a116e5d
2025-03-12 17:54:40,155 - INFO - Successfully added step with key: de222ed930bca8da97e04ac3f0e1a8c4
2025-03-12 17:54:40,155 - INFO - Successfully added step with key: 83f75dc262c2019d6cd451384412e01b
2025-03-12 17:54:40,156 - INFO - Successfully added step with key: 303c02b1d9dc0c0c316fca773bdcf9b6
2025-03-12 17:54:40,156 - INFO - No valid checkpoint found, starting from the beginning...
2025-03-12 17:54:40,156 - INFO - Beginning ETL Execution at time: 1741816480.1564624 ...
2025-03-12 17:54:40,158 - INFO - Executing Step: CSVExtractor
2025-03-12 17:54:40,160 - INFO - Added dataframe: tmp to globalcontext
2025-03-12 17:54:40,161 - INFO - Checkpoint stored for step: de222ed930bca8da97e04ac3f0e1a8c4
2025-03-12 17:54:40,161 - INFO - Step: CSVExtractor completed...
2025-03-12 17:54:40,161 - INFO - Executing Step: CSVExtractor
2025-03-12 17:54:40,162 - INFO - Added dataframe: othertmp to globalcontext
2025-03-12 17:54:40,163 - INFO - Checkpoint stored for step: 412abfdcd44b2d96741df91f5a116e5d
2025-03-12 17:54:40,163 - INFO - Step: CSVExtractor completed...
2025-03-12 17:54:40,163 - INFO - Executing Step: CSVLoader
2025-03-12 17:54:40,165 - INFO - Checkpoint stored for step: 83f75dc262c2019d6cd451384412e01b
2025-03-12 17:54:40,165 - INFO - Step: CSVLoader completed...
2025-03-12 17:54:40,165 - INFO - Executing Step: reset_cache
2025-03-12 17:54:40,165 - INFO - Step: reset_cache completed...
2025-03-12 17:54:40,165 - INFO - No valid checkpoint found, starting from the beginning...
2025-03-12 17:54:40,165 - INFO - Beginning ETL Execution at time: 1741816480.1657984 ...
2025-03-12 17:54:40,166 - INFO - Executing Step: CSVExtractor
2025-03-12 17:54:40,168 - INFO - Added dataframe: tmp to globalcontext
2025-03-12 17:54:40,169 - INFO - Checkpoint stored for step: de222ed930bca8da97e04ac3f0e1a8c4
2025-03-12 17:54:40,169 - INFO - Step: CSVExtractor completed...
2025-03-12 17:54:40,170 - INFO - Executing Step: CSVExtractor
2025-03-12 17:54:40,171 - INFO - Added dataframe: othertmp to globalcontext
2025-03-12 17:54:40,172 - INFO - Checkpoint stored for step: 412abfdcd44b2d96741df91f5a116e5d
2025-03-12 17:54:40,172 - INFO - Step: CSVExtractor completed...
2025-03-12 17:54:40,172 - INFO - Executing Step: CSVLoader
2025-03-12 17:54:40,173 - INFO - Checkpoint stored for step: 83f75dc262c2019d6cd451384412e01b
2025-03-12 17:54:40,173 - INFO - Step: CSVLoader completed...
2025-03-12 17:54:40,173 - INFO - Executing Step: reset_cache
2025-03-12 17:54:40,173 - INFO - Step: reset_cache completed...
2025-03-12 17:54:40,174 - INFO - No valid checkpoint found, starting from the beginning...
2025-03-12 17:54:40,174 - INFO - Beginning ETL Execution at time: 1741816480.1742296 ...
2025-03-12 17:54:40,174 - INFO - Executing Step: CSVExtractor
2025-03-12 17:54:40,176 - INFO - Checkpoint stored for step: de222ed930bca8da97e04ac3f0e1a8c4
2025-03-12 17:54:40,176 - INFO - Step: CSVExtractor completed...
2025-03-12 17:54:40,176 - INFO - Executing Step: CSVExtractor
2025-03-12 17:54:40,177 - INFO - Checkpoint stored for step: 412abfdcd44b2d96741df91f5a116e5d
2025-03-12 17:54:40,177 - INFO - Step: CSVExtractor completed...
2025-03-12 17:54:40,177 - INFO - Executing Step: CSVLoader
2025-03-12 17:54:40,178 - INFO - Checkpoint stored for step: 83f75dc262c2019d6cd451384412e01b
2025-03-12 17:54:40,178 - INFO - Step: CSVLoader completed...
2025-03-12 17:54:40,178 - INFO - Executing Step: reset_cache
2025-03-12 17:54:40,178 - INFO - Step: reset_cache completed...
2025-03-12 17:54:40,179 - INFO - No valid checkpoint found, starting from the beginning...
2025-03-12 17:54:40,179 - INFO - Beginning ETL Execution at time: 1741816480.1791763 ...
2025-03-12 17:54:40,179 - INFO - Executing Step: CSVExtractor
2025-03-12 17:54:40,181 - INFO - Checkpoint stored for step: de222ed930bca8da97e04ac3f0e1a8c4
2025-03-12 17:54:40,181 - INFO - Step: CSVExtractor completed...
2025-03-12 17:54:40,181 - INFO - Executing Step: CSVExtractor
2025-03-12 17:54:40,182 - INFO - Checkpoint stored for step: 412abfdcd44b2d96741df91f5a116e5d
2025-03-12 17:54:40,182 - INFO - Step: CSVExtractor completed...
2025-03-12 17:54:40,182 - INFO - Executing Step: CSVLoader
2025-03-12 17:54:40,183 - INFO - Checkpoint stored for step: 83f75dc262c2019d6cd451384412e01b
2025-03-12 17:54:40,183 - INFO - Step: CSVLoader completed...
2025-03-12 17:54:40,183 - INFO - Executing Step: reset_cache
2025-03-12 17:54:40,183 - INFO - Step: reset_cache completed...
2025-03-12 17:54:40,184 - INFO - No valid checkpoint found, starting from the beginning...
2025-03-12 17:54:40,184 - INFO - Beginning ETL Execution at time: 1741816480.1841724 ...
2025-03-12 17:54:40,184 - INFO - Executing Step: CSVExtractor
2025-03-12 17:54:40,186 - INFO - Checkpoint stored for step: de222ed930bca8da97e04ac3f0e1a8c4
2025-03-12 17:54:40,186 - INFO - Step: CSVExtractor completed...
2025-03-12 17:54:40,186 - INFO - Executing Step: CSVExtractor
2025-03-12 17:54:40,187 - INFO - Checkpoint stored for step: 412abfdcd44b2d96741df91f5a116e5d
2025-03-12 17:54:40,187 - INFO - Step: CSVExtractor completed...
2025-03-12 17:54:40,187 - INFO - Executing Step: CSVLoader
2025-03-12 17:54:40,188 - INFO - Checkpoint stored for step: 83f75dc262c2019d6cd451384412e01b
2025-03-12 17:54:40,188 - INFO - Step: CSVLoader completed...
2025-03-12 17:54:40,188 - INFO - Executing Step: reset_cache
2025-03-12 17:54:40,188 - INFO - Step: reset_cache completed...
2025-03-12 17:54:40,189 - INFO - No valid checkpoint found, starting from the beginning...
2025-03-12 17:54:40,189 - INFO - Beginning ETL Execution at time: 1741816480.1892986 ...
2025-03-12 17:54:40,189 - INFO - Executing Step: CSVExtractor
2025-03-12 17:54:40,191 - INFO - Checkpoint stored for step: de222ed930bca8da97e04ac3f0e1a8c4
2025-03-12 17:54:40,191 - INFO - Step: CSVExtractor completed...
2025-03-12 17:54:40,191 - INFO - Executing Step: CSVExtractor
2025-03-12 17:54:40,192 - INFO - Checkpoint stored for step: 412abfdcd44b2d96741df91f5a116e5d
2025-03-12 17:54:40,192 - INFO - Step: CSVExtractor completed...
2025-03-12 17:54:40,192 - INFO - Executing Step: CSVLoader
2025-03-12 17:54:40,193 - INFO - Checkpoint stored for step: 83f75dc262c2019d6cd451384412e01b
2025-03-12 17:54:40,193 - INFO - Step: CSVLoader completed...
2025-03-12 17:54:40,193 - INFO - Executing Step: reset_cache
2025-03-12 17:54:40,194 - INFO - Step: reset_cache completed...
