2025-03-12 10:54:19,674 - INFO - Target extractor set...
2025-03-12 10:54:19,675 - INFO - Target loader set...
2025-03-12 10:54:19,675 - INFO - Successfully added step with key: 5384c54d3bd68715812bd9480e8adb85
2025-03-12 10:54:19,688 - INFO - Successfully added step with key: de222ed930bca8da97e04ac3f0e1a8c4
2025-03-12 10:54:19,689 - INFO - Successfully added step with key: 83f75dc262c2019d6cd451384412e01b
2025-03-12 10:54:19,690 - INFO - Successfully added step with key: 303c02b1d9dc0c0c316fca773bdcf9b6
2025-03-12 10:54:19,691 - INFO - No valid checkpoint found, starting from the beginning...
2025-03-12 10:54:19,691 - INFO - Beginning ETL Execution at time: 1741791259.691566 ...
2025-03-12 10:54:19,702 - INFO - Executing Step: CSVExtractor
2025-03-12 10:54:19,706 - INFO - Added dataframe: tmp to globalcontext
2025-03-12 10:54:19,707 - INFO - Checkpoint stored for step: de222ed930bca8da97e04ac3f0e1a8c4
2025-03-12 10:54:19,707 - INFO - Step: CSVExtractor completed...
2025-03-12 10:54:19,707 - INFO - Executing Step: print_df_step
2025-03-12 10:54:19,709 - INFO - Checkpoint stored for step: 5384c54d3bd68715812bd9480e8adb85
2025-03-12 10:54:19,709 - INFO - Step: print_df_step completed...
2025-03-12 10:54:19,709 - INFO - Executing Step: CSVLoader
2025-03-12 10:54:19,712 - INFO - Checkpoint stored for step: 83f75dc262c2019d6cd451384412e01b
2025-03-12 10:54:19,712 - INFO - Step: CSVLoader completed...
2025-03-12 10:54:19,712 - INFO - Executing Step: reset_cache
2025-03-12 10:54:19,715 - INFO - Checkpoint stored for step: 303c02b1d9dc0c0c316fca773bdcf9b6
2025-03-12 10:54:19,715 - INFO - Step: reset_cache completed...
2025-03-12 10:54:19,717 - INFO - ETL Execution Finished at time: 1741791259.7172632 ...
2025-03-12 10:54:19,717 - INFO - Total Execution Time: 0.03 seconds
