2025-03-12 10:24:19,174 - INFO - Target extractor set...
2025-03-12 10:24:19,174 - INFO - Target loader set...
2025-03-12 10:24:19,174 - INFO - Successfully added step with key: 5384c54d3bd68715812bd9480e8adb85
2025-03-12 10:24:19,179 - INFO - Successfully added step with key: de222ed930bca8da97e04ac3f0e1a8c4
2025-03-12 10:24:19,179 - INFO - Successfully added step with key: 83f75dc262c2019d6cd451384412e01b
2025-03-12 10:24:19,180 - INFO - No valid checkpoint found, starting from the beginning...
2025-03-12 10:24:19,180 - INFO - Beginning ETL Execution at time: 1741789459.18007 ...
2025-03-12 10:24:19,196 - INFO - Executing Step: CSVExtractor
2025-03-12 10:24:19,202 - INFO - Added dataframe: tmp to globalcontext
2025-03-12 10:24:19,206 - INFO - Checkpoint stored for step: de222ed930bca8da97e04ac3f0e1a8c4
2025-03-12 10:24:19,206 - INFO - Step: CSVExtractor completed...
2025-03-12 10:24:19,206 - INFO - Executing Step: print_df_step
2025-03-12 10:24:19,212 - INFO - Checkpoint stored for step: 5384c54d3bd68715812bd9480e8adb85
2025-03-12 10:24:19,212 - INFO - Step: print_df_step completed...
2025-03-12 10:24:19,212 - INFO - Executing Step: CSVLoader
2025-03-12 10:24:19,215 - INFO - Checkpoint stored for step: 83f75dc262c2019d6cd451384412e01b
2025-03-12 10:24:19,215 - INFO - Step: CSVLoader completed...
2025-03-12 10:24:19,216 - INFO - Successfully added step with key: dc9c09368b6fc1eac32cee7be7815efa
2025-03-12 10:24:19,216 - INFO - Successfully added step with key: 9b2cd0a71d8e9a10a579ebaa632def31
2025-03-12 10:24:19,216 - INFO - No valid checkpoint found, starting from the beginning...
2025-03-12 10:24:19,216 - INFO - Beginning ETL Execution at time: 1741789459.216646 ...
2025-03-12 10:24:19,218 - INFO - Executing Step: CSVExtractor
2025-03-12 10:24:19,219 - INFO - Added dataframe: tmp to globalcontext
2025-03-12 10:24:19,220 - INFO - Checkpoint stored for step: dc9c09368b6fc1eac32cee7be7815efa
2025-03-12 10:24:19,220 - INFO - Step: CSVExtractor completed...
2025-03-12 10:24:19,220 - INFO - Executing Step: CSVExtractor
2025-03-12 10:24:19,221 - INFO - Checkpoint stored for step: de222ed930bca8da97e04ac3f0e1a8c4
2025-03-12 10:24:19,221 - INFO - Step: CSVExtractor completed...
2025-03-12 10:24:19,221 - INFO - Executing Step: print_df_step
2025-03-12 10:24:19,222 - INFO - Checkpoint stored for step: 5384c54d3bd68715812bd9480e8adb85
2025-03-12 10:24:19,222 - INFO - Step: print_df_step completed...
2025-03-12 10:24:19,222 - INFO - Executing Step: CSVLoader
2025-03-12 10:24:19,223 - INFO - Checkpoint stored for step: 83f75dc262c2019d6cd451384412e01b
2025-03-12 10:24:19,223 - INFO - Step: CSVLoader completed...
2025-03-12 10:24:19,223 - INFO - Executing Step: CSVLoader
2025-03-12 10:24:19,224 - INFO - Checkpoint stored for step: 9b2cd0a71d8e9a10a579ebaa632def31
2025-03-12 10:24:19,224 - INFO - Step: CSVLoader completed...
2025-03-12 10:24:19,225 - INFO - Successfully added step with key: fc0de5317ae15ad50e902796a1016724
2025-03-12 10:24:19,225 - INFO - Successfully added step with key: eaf1a0baf28692a69cbc149f0099f7c6
2025-03-12 10:24:19,225 - INFO - No valid checkpoint found, starting from the beginning...
2025-03-12 10:24:19,225 - INFO - Beginning ETL Execution at time: 1741789459.225475 ...
2025-03-12 10:24:19,226 - INFO - Executing Step: CSVExtractor
2025-03-12 10:24:19,228 - INFO - Checkpoint stored for step: fc0de5317ae15ad50e902796a1016724
2025-03-12 10:24:19,228 - INFO - Step: CSVExtractor completed...
2025-03-12 10:24:19,228 - INFO - Executing Step: CSVExtractor
