2025-03-12 16:28:49,914 - INFO - Target extractor set...
2025-03-12 16:28:49,914 - INFO - Target loader set...
2025-03-12 16:28:49,917 - INFO - Successfully added step with key: 412abfdcd44b2d96741df91f5a116e5d
2025-03-12 16:28:49,917 - INFO - Successfully added step with key: de222ed930bca8da97e04ac3f0e1a8c4
2025-03-12 16:28:49,917 - INFO - Successfully added step with key: 83f75dc262c2019d6cd451384412e01b
2025-03-12 16:28:49,917 - INFO - Successfully added step with key: 303c02b1d9dc0c0c316fca773bdcf9b6
2025-03-12 16:28:49,918 - INFO - No valid checkpoint found, starting from the beginning...
2025-03-12 16:28:49,918 - INFO - Beginning ETL Execution at time: 1741811329.9181757 ...
2025-03-12 16:28:49,919 - INFO - Executing Step: CSVExtractor
2025-03-12 16:28:49,920 - INFO - Added dataframe: othertmp to globalcontext
2025-03-12 16:28:49,921 - INFO - Checkpoint stored for step: de222ed930bca8da97e04ac3f0e1a8c4
2025-03-12 16:28:49,921 - INFO - Step: CSVExtractor completed...
2025-03-12 16:28:49,921 - INFO - Executing Step: CSVExtractor
2025-03-12 16:28:49,922 - INFO - Added dataframe: tmp to globalcontext
2025-03-12 16:28:49,923 - INFO - Checkpoint stored for step: 412abfdcd44b2d96741df91f5a116e5d
2025-03-12 16:28:49,923 - INFO - Step: CSVExtractor completed...
2025-03-12 16:28:49,923 - INFO - Executing Step: CSVLoader
2025-03-12 16:28:49,924 - INFO - Checkpoint stored for step: 83f75dc262c2019d6cd451384412e01b
2025-03-12 16:28:49,924 - INFO - Step: CSVLoader completed...
2025-03-12 16:28:49,924 - INFO - Executing Step: reset_cache
2025-03-12 16:28:49,924 - INFO - Step: reset_cache completed...
2025-03-12 16:28:49,925 - INFO - No valid checkpoint found, starting from the beginning...
2025-03-12 16:28:49,925 - INFO - Beginning ETL Execution at time: 1741811329.92509 ...
2025-03-12 16:28:49,925 - INFO - Executing Step: CSVExtractor
2025-03-12 16:28:49,926 - INFO - Added dataframe: othertmp to globalcontext
2025-03-12 16:28:49,926 - INFO - Checkpoint stored for step: de222ed930bca8da97e04ac3f0e1a8c4
2025-03-12 16:28:49,926 - INFO - Step: CSVExtractor completed...
2025-03-12 16:28:49,926 - INFO - Executing Step: CSVExtractor
2025-03-12 16:28:49,927 - INFO - Added dataframe: tmp to globalcontext
2025-03-12 16:28:49,927 - INFO - Checkpoint stored for step: 412abfdcd44b2d96741df91f5a116e5d
2025-03-12 16:28:49,927 - INFO - Step: CSVExtractor completed...
2025-03-12 16:28:49,928 - INFO - Executing Step: CSVLoader
2025-03-12 16:28:49,929 - INFO - Checkpoint stored for step: 83f75dc262c2019d6cd451384412e01b
2025-03-12 16:28:49,929 - INFO - Step: CSVLoader completed...
2025-03-12 16:28:49,929 - INFO - Executing Step: reset_cache
2025-03-12 16:28:49,929 - INFO - Step: reset_cache completed...
2025-03-12 16:28:49,929 - INFO - No valid checkpoint found, starting from the beginning...
2025-03-12 16:28:49,929 - INFO - Beginning ETL Execution at time: 1741811329.9296253 ...
2025-03-12 16:28:49,930 - INFO - Executing Step: CSVExtractor
2025-03-12 16:28:49,931 - INFO - Checkpoint stored for step: de222ed930bca8da97e04ac3f0e1a8c4
2025-03-12 16:28:49,931 - INFO - Step: CSVExtractor completed...
2025-03-12 16:28:49,931 - INFO - Executing Step: CSVExtractor
2025-03-12 16:28:49,932 - INFO - Checkpoint stored for step: 412abfdcd44b2d96741df91f5a116e5d
2025-03-12 16:28:49,932 - INFO - Step: CSVExtractor completed...
2025-03-12 16:28:49,932 - INFO - Executing Step: CSVLoader
2025-03-12 16:28:49,933 - INFO - Checkpoint stored for step: 83f75dc262c2019d6cd451384412e01b
2025-03-12 16:28:49,933 - INFO - Step: CSVLoader completed...
2025-03-12 16:28:49,933 - INFO - Executing Step: reset_cache
2025-03-12 16:28:49,934 - INFO - Step: reset_cache completed...
2025-03-12 16:28:49,934 - INFO - No valid checkpoint found, starting from the beginning...
2025-03-12 16:28:49,934 - INFO - Beginning ETL Execution at time: 1741811329.9344785 ...
2025-03-12 16:28:49,934 - INFO - Executing Step: CSVExtractor
2025-03-12 16:28:49,936 - INFO - Checkpoint stored for step: de222ed930bca8da97e04ac3f0e1a8c4
2025-03-12 16:28:49,936 - INFO - Step: CSVExtractor completed...
2025-03-12 16:28:49,936 - INFO - Executing Step: CSVExtractor
2025-03-12 16:28:49,937 - INFO - Checkpoint stored for step: 412abfdcd44b2d96741df91f5a116e5d
2025-03-12 16:28:49,937 - INFO - Step: CSVExtractor completed...
2025-03-12 16:28:49,937 - INFO - Executing Step: CSVLoader
2025-03-12 16:28:49,938 - INFO - Checkpoint stored for step: 83f75dc262c2019d6cd451384412e01b
2025-03-12 16:28:49,938 - INFO - Step: CSVLoader completed...
2025-03-12 16:28:49,938 - INFO - Executing Step: reset_cache
2025-03-12 16:28:49,938 - INFO - Step: reset_cache completed...
2025-03-12 16:28:49,939 - INFO - No valid checkpoint found, starting from the beginning...
2025-03-12 16:28:49,939 - INFO - Beginning ETL Execution at time: 1741811329.9390273 ...
2025-03-12 16:28:49,939 - INFO - Executing Step: CSVExtractor
2025-03-12 16:28:49,940 - INFO - Checkpoint stored for step: de222ed930bca8da97e04ac3f0e1a8c4
2025-03-12 16:28:49,940 - INFO - Step: CSVExtractor completed...
2025-03-12 16:28:49,940 - INFO - Executing Step: CSVExtractor
2025-03-12 16:28:49,941 - INFO - Checkpoint stored for step: 412abfdcd44b2d96741df91f5a116e5d
2025-03-12 16:28:49,941 - INFO - Step: CSVExtractor completed...
2025-03-12 16:28:49,941 - INFO - Executing Step: CSVLoader
2025-03-12 16:28:49,942 - INFO - Checkpoint stored for step: 83f75dc262c2019d6cd451384412e01b
2025-03-12 16:28:49,942 - INFO - Step: CSVLoader completed...
2025-03-12 16:28:49,942 - INFO - Executing Step: reset_cache
2025-03-12 16:28:49,942 - INFO - Step: reset_cache completed...
2025-03-12 16:28:49,943 - INFO - No valid checkpoint found, starting from the beginning...
2025-03-12 16:28:49,943 - INFO - Beginning ETL Execution at time: 1741811329.9430804 ...
2025-03-12 16:28:49,943 - INFO - Executing Step: CSVExtractor
2025-03-12 16:28:49,944 - INFO - Checkpoint stored for step: de222ed930bca8da97e04ac3f0e1a8c4
2025-03-12 16:28:49,944 - INFO - Step: CSVExtractor completed...
2025-03-12 16:28:49,944 - INFO - Executing Step: CSVExtractor
2025-03-12 16:28:49,945 - INFO - Checkpoint stored for step: 412abfdcd44b2d96741df91f5a116e5d
2025-03-12 16:28:49,945 - INFO - Step: CSVExtractor completed...
2025-03-12 16:28:49,945 - INFO - Executing Step: CSVLoader
2025-03-12 16:28:49,946 - INFO - Checkpoint stored for step: 83f75dc262c2019d6cd451384412e01b
2025-03-12 16:28:49,946 - INFO - Step: CSVLoader completed...
2025-03-12 16:28:49,946 - INFO - Executing Step: reset_cache
2025-03-12 16:28:49,946 - INFO - Step: reset_cache completed...
2025-03-12 16:28:49,946 - INFO - No valid checkpoint found, starting from the beginning...
2025-03-12 16:28:49,947 - INFO - Beginning ETL Execution at time: 1741811329.9469986 ...
2025-03-12 16:28:49,947 - INFO - Executing Step: CSVExtractor
2025-03-12 16:28:49,948 - INFO - Checkpoint stored for step: de222ed930bca8da97e04ac3f0e1a8c4
2025-03-12 16:28:49,948 - INFO - Step: CSVExtractor completed...
2025-03-12 16:28:49,948 - INFO - Executing Step: CSVExtractor
2025-03-12 16:28:49,949 - INFO - Checkpoint stored for step: 412abfdcd44b2d96741df91f5a116e5d
2025-03-12 16:28:49,949 - INFO - Step: CSVExtractor completed...
2025-03-12 16:28:49,949 - INFO - Executing Step: CSVLoader
2025-03-12 16:28:49,950 - INFO - Checkpoint stored for step: 83f75dc262c2019d6cd451384412e01b
2025-03-12 16:28:49,950 - INFO - Step: CSVLoader completed...
2025-03-12 16:28:49,950 - INFO - Executing Step: reset_cache
2025-03-12 16:28:49,950 - INFO - Step: reset_cache completed...
2025-03-12 16:28:49,950 - INFO - ETL Execution Finished at time: 1741811329.950632 ...
2025-03-12 16:28:49,950 - INFO - Total Execution Time: 0.00 seconds
