2025-03-12 17:13:30,650 - INFO - Target extractor set...
2025-03-12 17:13:30,650 - INFO - Target loader set...
2025-03-12 17:13:30,653 - INFO - Successfully added step with key: 412abfdcd44b2d96741df91f5a116e5d
2025-03-12 17:13:30,653 - INFO - Successfully added step with key: a9d2d015f54ec6ed470f2e80d92f220a
2025-03-12 17:13:30,653 - INFO - Successfully added step with key: 27d8060727e34c3f38218b3d4aa43473
2025-03-12 17:13:30,654 - INFO - No valid checkpoint found, starting from the beginning...
2025-03-12 17:13:30,654 - INFO - Beginning ETL Execution at time: 1741814010.6542046 ...
2025-03-12 17:13:30,656 - INFO - Executing Step: CSVExtractor
2025-03-12 17:13:30,657 - INFO - Added dataframe: tmp to globalcontext
2025-03-12 17:13:30,658 - INFO - Checkpoint stored for step: 412abfdcd44b2d96741df91f5a116e5d
2025-03-12 17:13:30,658 - INFO - Step: CSVExtractor completed...
2025-03-12 17:13:30,658 - INFO - Executing Step: CSVLoader
2025-03-12 17:13:30,659 - INFO - Checkpoint stored for step: a9d2d015f54ec6ed470f2e80d92f220a
2025-03-12 17:13:30,659 - INFO - Step: CSVLoader completed...
2025-03-12 17:13:30,659 - INFO - Executing Step: reset_cache
2025-03-12 17:13:30,660 - INFO - Step: reset_cache completed...
2025-03-12 17:13:30,660 - INFO - No valid checkpoint found, starting from the beginning...
2025-03-12 17:13:30,660 - INFO - Beginning ETL Execution at time: 1741814010.660341 ...
2025-03-12 17:13:30,660 - INFO - Executing Step: CSVExtractor
2025-03-12 17:13:30,661 - INFO - Added dataframe: tmp to globalcontext
2025-03-12 17:13:30,662 - INFO - Checkpoint stored for step: 412abfdcd44b2d96741df91f5a116e5d
2025-03-12 17:13:30,662 - INFO - Step: CSVExtractor completed...
2025-03-12 17:13:30,662 - INFO - Executing Step: CSVLoader
2025-03-12 17:13:30,663 - INFO - Checkpoint stored for step: a9d2d015f54ec6ed470f2e80d92f220a
2025-03-12 17:13:30,663 - INFO - Step: CSVLoader completed...
2025-03-12 17:13:30,663 - INFO - Executing Step: reset_cache
2025-03-12 17:13:30,663 - INFO - Step: reset_cache completed...
2025-03-12 17:13:30,663 - INFO - No valid checkpoint found, starting from the beginning...
2025-03-12 17:13:30,663 - INFO - Beginning ETL Execution at time: 1741814010.6639636 ...
2025-03-12 17:13:30,664 - INFO - Executing Step: CSVExtractor
2025-03-12 17:13:30,665 - INFO - Checkpoint stored for step: 412abfdcd44b2d96741df91f5a116e5d
2025-03-12 17:13:30,665 - INFO - Step: CSVExtractor completed...
2025-03-12 17:13:30,665 - INFO - Executing Step: CSVLoader
2025-03-12 17:13:30,666 - INFO - Checkpoint stored for step: a9d2d015f54ec6ed470f2e80d92f220a
2025-03-12 17:13:30,666 - INFO - Step: CSVLoader completed...
2025-03-12 17:13:30,666 - INFO - Executing Step: reset_cache
2025-03-12 17:13:30,666 - INFO - Step: reset_cache completed...
2025-03-12 17:13:30,667 - INFO - No valid checkpoint found, starting from the beginning...
2025-03-12 17:13:30,667 - INFO - Beginning ETL Execution at time: 1741814010.6671255 ...
2025-03-12 17:13:30,667 - INFO - Executing Step: CSVExtractor
2025-03-12 17:13:30,668 - INFO - Checkpoint stored for step: 412abfdcd44b2d96741df91f5a116e5d
2025-03-12 17:13:30,668 - INFO - Step: CSVExtractor completed...
2025-03-12 17:13:30,668 - INFO - Executing Step: CSVLoader
2025-03-12 17:13:30,669 - INFO - Checkpoint stored for step: a9d2d015f54ec6ed470f2e80d92f220a
2025-03-12 17:13:30,669 - INFO - Step: CSVLoader completed...
2025-03-12 17:13:30,669 - INFO - Executing Step: reset_cache
2025-03-12 17:13:30,669 - INFO - Step: reset_cache completed...
