2025-03-12 13:38:45,761 - INFO - Target extractor set...
2025-03-12 13:38:45,761 - INFO - Target loader set...
2025-03-12 13:38:45,762 - INFO - Successfully added step with key: 412abfdcd44b2d96741df91f5a116e5d
2025-03-12 13:38:45,773 - INFO - Successfully added step with key: de222ed930bca8da97e04ac3f0e1a8c4
2025-03-12 13:38:45,774 - INFO - Successfully added step with key: 83f75dc262c2019d6cd451384412e01b
2025-03-12 13:38:45,775 - INFO - Successfully added step with key: 303c02b1d9dc0c0c316fca773bdcf9b6
2025-03-12 13:38:45,776 - INFO - No valid checkpoint found, starting from the beginning...
2025-03-12 13:38:45,776 - INFO - Beginning ETL Execution at time: 1741801125.776514 ...
2025-03-12 13:38:45,785 - INFO - Executing Step: CSVExtractor
2025-03-12 13:38:45,789 - INFO - Added dataframe: tmp to globalcontext
2025-03-12 13:38:45,790 - INFO - Checkpoint stored for step: de222ed930bca8da97e04ac3f0e1a8c4
2025-03-12 13:38:45,790 - INFO - Step: CSVExtractor completed...
2025-03-12 13:38:45,790 - INFO - Executing Step: CSVExtractor
2025-03-12 13:38:45,791 - INFO - Added dataframe: othertmp to globalcontext
2025-03-12 13:38:45,792 - INFO - Checkpoint stored for step: 412abfdcd44b2d96741df91f5a116e5d
2025-03-12 13:38:45,792 - INFO - Step: CSVExtractor completed...
2025-03-12 13:38:45,792 - INFO - Executing Step: CSVLoader
2025-03-12 13:38:45,794 - INFO - Checkpoint stored for step: 83f75dc262c2019d6cd451384412e01b
2025-03-12 13:38:45,794 - INFO - Step: CSVLoader completed...
2025-03-12 13:38:45,794 - INFO - Executing Step: reset_cache
2025-03-12 13:38:45,794 - INFO - Step: reset_cache completed...
2025-03-12 13:38:45,795 - INFO - No valid checkpoint found, starting from the beginning...
2025-03-12 13:38:45,796 - INFO - Beginning ETL Execution at time: 1741801125.796216 ...
2025-03-12 13:38:45,797 - INFO - Executing Step: CSVExtractor
2025-03-12 13:38:45,799 - INFO - Added dataframe: tmp to globalcontext
2025-03-12 13:38:45,800 - INFO - Checkpoint stored for step: de222ed930bca8da97e04ac3f0e1a8c4
2025-03-12 13:38:45,800 - INFO - Step: CSVExtractor completed...
2025-03-12 13:38:45,800 - INFO - Executing Step: CSVExtractor
2025-03-12 13:38:45,800 - INFO - Added dataframe: othertmp to globalcontext
2025-03-12 13:38:45,801 - INFO - Checkpoint stored for step: 412abfdcd44b2d96741df91f5a116e5d
2025-03-12 13:38:45,801 - INFO - Step: CSVExtractor completed...
2025-03-12 13:38:45,801 - INFO - Executing Step: CSVLoader
2025-03-12 13:38:45,802 - INFO - Checkpoint stored for step: 83f75dc262c2019d6cd451384412e01b
2025-03-12 13:38:45,802 - INFO - Step: CSVLoader completed...
2025-03-12 13:38:45,802 - INFO - Executing Step: reset_cache
2025-03-12 13:38:45,803 - INFO - Step: reset_cache completed...
2025-03-12 13:38:45,803 - INFO - No valid checkpoint found, starting from the beginning...
2025-03-12 13:38:45,803 - INFO - Beginning ETL Execution at time: 1741801125.803466 ...
2025-03-12 13:38:45,804 - INFO - Executing Step: CSVExtractor
2025-03-12 13:38:45,806 - INFO - Checkpoint stored for step: de222ed930bca8da97e04ac3f0e1a8c4
2025-03-12 13:38:45,806 - INFO - Step: CSVExtractor completed...
2025-03-12 13:38:45,806 - INFO - Executing Step: CSVExtractor
2025-03-12 13:38:45,807 - INFO - Checkpoint stored for step: 412abfdcd44b2d96741df91f5a116e5d
2025-03-12 13:38:45,807 - INFO - Step: CSVExtractor completed...
2025-03-12 13:38:45,807 - INFO - Executing Step: CSVLoader
2025-03-12 13:38:45,808 - INFO - Checkpoint stored for step: 83f75dc262c2019d6cd451384412e01b
2025-03-12 13:38:45,808 - INFO - Step: CSVLoader completed...
2025-03-12 13:38:45,808 - INFO - Executing Step: reset_cache
2025-03-12 13:38:45,809 - INFO - Step: reset_cache completed...
2025-03-12 13:38:45,809 - INFO - No valid checkpoint found, starting from the beginning...
2025-03-12 13:38:45,810 - INFO - Beginning ETL Execution at time: 1741801125.810158 ...
2025-03-12 13:38:45,812 - INFO - Executing Step: CSVExtractor
2025-03-12 13:38:45,815 - INFO - Checkpoint stored for step: de222ed930bca8da97e04ac3f0e1a8c4
2025-03-12 13:38:45,815 - INFO - Step: CSVExtractor completed...
2025-03-12 13:38:45,815 - INFO - Executing Step: CSVExtractor
2025-03-12 13:38:45,816 - INFO - Checkpoint stored for step: 412abfdcd44b2d96741df91f5a116e5d
2025-03-12 13:38:45,816 - INFO - Step: CSVExtractor completed...
2025-03-12 13:38:45,816 - INFO - Executing Step: CSVLoader
2025-03-12 13:38:45,817 - INFO - Checkpoint stored for step: 83f75dc262c2019d6cd451384412e01b
2025-03-12 13:38:45,818 - INFO - Step: CSVLoader completed...
2025-03-12 13:38:45,818 - INFO - Executing Step: reset_cache
2025-03-12 13:38:45,818 - INFO - Step: reset_cache completed...
2025-03-12 13:38:45,818 - INFO - No valid checkpoint found, starting from the beginning...
2025-03-12 13:38:45,818 - INFO - Beginning ETL Execution at time: 1741801125.818579 ...
2025-03-12 13:38:45,819 - INFO - Executing Step: CSVExtractor
2025-03-12 13:38:45,821 - INFO - Checkpoint stored for step: de222ed930bca8da97e04ac3f0e1a8c4
2025-03-12 13:38:45,821 - INFO - Step: CSVExtractor completed...
2025-03-12 13:38:45,821 - INFO - Executing Step: CSVExtractor
2025-03-12 13:38:45,822 - INFO - Checkpoint stored for step: 412abfdcd44b2d96741df91f5a116e5d
2025-03-12 13:38:45,822 - INFO - Step: CSVExtractor completed...
2025-03-12 13:38:45,822 - INFO - Executing Step: CSVLoader
2025-03-12 13:38:45,823 - INFO - Checkpoint stored for step: 83f75dc262c2019d6cd451384412e01b
2025-03-12 13:38:45,823 - INFO - Step: CSVLoader completed...
2025-03-12 13:38:45,823 - INFO - Executing Step: reset_cache
2025-03-12 13:38:45,824 - INFO - Step: reset_cache completed...
2025-03-12 13:38:45,825 - INFO - No valid checkpoint found, starting from the beginning...
2025-03-12 13:38:45,825 - INFO - Beginning ETL Execution at time: 1741801125.825363 ...
2025-03-12 13:38:45,826 - INFO - Executing Step: CSVExtractor
2025-03-12 13:38:45,828 - INFO - Checkpoint stored for step: de222ed930bca8da97e04ac3f0e1a8c4
2025-03-12 13:38:45,828 - INFO - Step: CSVExtractor completed...
2025-03-12 13:38:45,828 - INFO - Executing Step: CSVExtractor
2025-03-12 13:38:45,829 - INFO - Checkpoint stored for step: 412abfdcd44b2d96741df91f5a116e5d
2025-03-12 13:38:45,829 - INFO - Step: CSVExtractor completed...
2025-03-12 13:38:45,829 - INFO - Executing Step: CSVLoader
2025-03-12 13:38:45,830 - INFO - Checkpoint stored for step: 83f75dc262c2019d6cd451384412e01b
2025-03-12 13:38:45,830 - INFO - Step: CSVLoader completed...
2025-03-12 13:38:45,830 - INFO - Executing Step: reset_cache
2025-03-12 13:38:45,830 - INFO - Step: reset_cache completed...
2025-03-12 13:38:45,831 - INFO - No valid checkpoint found, starting from the beginning...
2025-03-12 13:38:45,831 - INFO - Beginning ETL Execution at time: 1741801125.831116 ...
2025-03-12 13:38:45,831 - INFO - Executing Step: CSVExtractor
2025-03-12 13:38:45,833 - INFO - Checkpoint stored for step: de222ed930bca8da97e04ac3f0e1a8c4
2025-03-12 13:38:45,833 - INFO - Step: CSVExtractor completed...
2025-03-12 13:38:45,833 - INFO - Executing Step: CSVExtractor
2025-03-12 13:38:45,834 - INFO - Checkpoint stored for step: 412abfdcd44b2d96741df91f5a116e5d
2025-03-12 13:38:45,834 - INFO - Step: CSVExtractor completed...
2025-03-12 13:38:45,834 - INFO - Executing Step: CSVLoader
2025-03-12 13:38:45,835 - INFO - Checkpoint stored for step: 83f75dc262c2019d6cd451384412e01b
2025-03-12 13:38:45,835 - INFO - Step: CSVLoader completed...
2025-03-12 13:38:45,835 - INFO - Executing Step: reset_cache
2025-03-12 13:38:45,835 - INFO - Step: reset_cache completed...
2025-03-12 13:38:45,835 - INFO - ETL Execution Finished at time: 1741801125.835789 ...
2025-03-12 13:38:45,835 - INFO - Total Execution Time: 0.00 seconds
