2025-03-12 11:38:19,997 - INFO - Target extractor set...
2025-03-12 11:38:19,998 - INFO - Target loader set...
2025-03-12 11:38:19,999 - INFO - Successfully added step with key: 5384c54d3bd68715812bd9480e8adb85
2025-03-12 11:38:19,999 - INFO - Successfully added step with key: 0b31cc6b31a422983771068cbdf6a923
2025-03-12 11:38:19,999 - INFO - Successfully added step with key: f5e71a0bea083254707ca05a5cd6b067
2025-03-12 11:38:20,002 - INFO - Successfully added step with key: dc9c09368b6fc1eac32cee7be7815efa
2025-03-12 11:38:20,003 - INFO - Successfully added step with key: 9b2cd0a71d8e9a10a579ebaa632def31
2025-03-12 11:38:20,004 - INFO - Successfully added step with key: 265a8c16da69ec12db7978232af482c8
2025-03-12 11:38:20,068 - INFO - No valid checkpoint found, starting from the beginning...
2025-03-12 11:38:20,068 - INFO - Beginning ETL Execution at time: 1741793900.068116 ...
2025-03-12 11:38:20,076 - INFO - Executing Step: CSVExtractor
2025-03-12 11:38:20,081 - INFO - Added dataframe: tmp to globalcontext
2025-03-12 11:38:20,083 - INFO - Checkpoint stored for step: dc9c09368b6fc1eac32cee7be7815efa
2025-03-12 11:38:20,083 - INFO - Step: CSVExtractor completed...
2025-03-12 11:38:20,083 - INFO - Executing Step: print_df_step
2025-03-12 11:38:20,086 - INFO - Checkpoint stored for step: 5384c54d3bd68715812bd9480e8adb85
2025-03-12 11:38:20,086 - INFO - Step: print_df_step completed...
2025-03-12 11:38:20,087 - INFO - Executing Step: ExcelExtractor
2025-03-12 11:38:20,098 - INFO - Added dataframe: tmpBook to globalcontext
2025-03-12 11:38:20,099 - INFO - Checkpoint stored for step: 0b31cc6b31a422983771068cbdf6a923
2025-03-12 11:38:20,099 - INFO - Step: ExcelExtractor completed...
2025-03-12 11:38:20,099 - INFO - Executing Step: print_df_step2
2025-03-12 11:38:20,101 - INFO - Checkpoint stored for step: f5e71a0bea083254707ca05a5cd6b067
2025-03-12 11:38:20,101 - INFO - Step: print_df_step2 completed...
2025-03-12 11:38:20,101 - INFO - Executing Step: CSVLoader
2025-03-12 11:38:20,103 - INFO - Checkpoint stored for step: 9b2cd0a71d8e9a10a579ebaa632def31
2025-03-12 11:38:20,103 - INFO - Step: CSVLoader completed...
2025-03-12 11:38:20,103 - INFO - Executing Step: reset_cache
2025-03-12 11:38:20,103 - INFO - Step: reset_cache completed...
2025-03-12 11:38:20,103 - INFO - No valid checkpoint found, starting from the beginning...
2025-03-12 11:38:20,103 - INFO - Beginning ETL Execution at time: 1741793900.103849 ...
2025-03-12 11:38:20,104 - INFO - Executing Step: CSVExtractor
2025-03-12 11:38:20,105 - INFO - Added dataframe: tmp to globalcontext
2025-03-12 11:38:20,106 - INFO - Checkpoint stored for step: dc9c09368b6fc1eac32cee7be7815efa
2025-03-12 11:38:20,106 - INFO - Step: CSVExtractor completed...
2025-03-12 11:38:20,106 - INFO - Executing Step: print_df_step
2025-03-12 11:38:20,107 - INFO - Checkpoint stored for step: 5384c54d3bd68715812bd9480e8adb85
2025-03-12 11:38:20,107 - INFO - Step: print_df_step completed...
2025-03-12 11:38:20,108 - INFO - Executing Step: ExcelExtractor
2025-03-12 11:38:20,110 - INFO - Added dataframe: tmpBook to globalcontext
2025-03-12 11:38:20,110 - INFO - Checkpoint stored for step: 0b31cc6b31a422983771068cbdf6a923
2025-03-12 11:38:20,110 - INFO - Step: ExcelExtractor completed...
2025-03-12 11:38:20,110 - INFO - Executing Step: print_df_step2
2025-03-12 11:38:20,112 - INFO - Checkpoint stored for step: f5e71a0bea083254707ca05a5cd6b067
2025-03-12 11:38:20,112 - INFO - Step: print_df_step2 completed...
2025-03-12 11:38:20,112 - INFO - Executing Step: CSVLoader
2025-03-12 11:38:20,113 - INFO - Checkpoint stored for step: 9b2cd0a71d8e9a10a579ebaa632def31
2025-03-12 11:38:20,113 - INFO - Step: CSVLoader completed...
2025-03-12 11:38:20,114 - INFO - Executing Step: reset_cache
2025-03-12 11:38:20,114 - INFO - Step: reset_cache completed...
2025-03-12 11:38:20,114 - INFO - No valid checkpoint found, starting from the beginning...
2025-03-12 11:38:20,114 - INFO - Beginning ETL Execution at time: 1741793900.114721 ...
2025-03-12 11:38:20,115 - INFO - Executing Step: CSVExtractor
2025-03-12 11:38:20,125 - INFO - Checkpoint stored for step: dc9c09368b6fc1eac32cee7be7815efa
2025-03-12 11:38:20,125 - INFO - Step: CSVExtractor completed...
2025-03-12 11:38:20,125 - INFO - Executing Step: print_df_step
2025-03-12 11:38:20,129 - INFO - Checkpoint stored for step: 5384c54d3bd68715812bd9480e8adb85
2025-03-12 11:38:20,129 - INFO - Step: print_df_step completed...
2025-03-12 11:38:20,129 - INFO - Executing Step: ExcelExtractor
2025-03-12 11:38:20,134 - INFO - Checkpoint stored for step: 0b31cc6b31a422983771068cbdf6a923
2025-03-12 11:38:20,134 - INFO - Step: ExcelExtractor completed...
2025-03-12 11:38:20,134 - INFO - Executing Step: print_df_step2
2025-03-12 11:38:20,136 - INFO - Checkpoint stored for step: f5e71a0bea083254707ca05a5cd6b067
2025-03-12 11:38:20,136 - INFO - Step: print_df_step2 completed...
2025-03-12 11:38:20,136 - INFO - Executing Step: CSVLoader
2025-03-12 11:38:20,137 - INFO - Checkpoint stored for step: 9b2cd0a71d8e9a10a579ebaa632def31
2025-03-12 11:38:20,137 - INFO - Step: CSVLoader completed...
2025-03-12 11:38:20,137 - INFO - Executing Step: reset_cache
2025-03-12 11:38:20,137 - INFO - Step: reset_cache completed...
2025-03-12 11:38:20,138 - INFO - No valid checkpoint found, starting from the beginning...
2025-03-12 11:38:20,138 - INFO - Beginning ETL Execution at time: 1741793900.1384692 ...
2025-03-12 11:38:20,139 - INFO - Executing Step: CSVExtractor
2025-03-12 11:38:20,142 - INFO - Checkpoint stored for step: dc9c09368b6fc1eac32cee7be7815efa
2025-03-12 11:38:20,142 - INFO - Step: CSVExtractor completed...
2025-03-12 11:38:20,142 - INFO - Executing Step: print_df_step
2025-03-12 11:38:20,143 - INFO - Checkpoint stored for step: 5384c54d3bd68715812bd9480e8adb85
2025-03-12 11:38:20,143 - INFO - Step: print_df_step completed...
2025-03-12 11:38:20,143 - INFO - Executing Step: ExcelExtractor
2025-03-12 11:38:20,147 - INFO - Checkpoint stored for step: 0b31cc6b31a422983771068cbdf6a923
2025-03-12 11:38:20,147 - INFO - Step: ExcelExtractor completed...
2025-03-12 11:38:20,147 - INFO - Executing Step: print_df_step2
2025-03-12 11:38:20,148 - INFO - Checkpoint stored for step: f5e71a0bea083254707ca05a5cd6b067
2025-03-12 11:38:20,148 - INFO - Step: print_df_step2 completed...
2025-03-12 11:38:20,148 - INFO - Executing Step: CSVLoader
2025-03-12 11:38:20,150 - INFO - Checkpoint stored for step: 9b2cd0a71d8e9a10a579ebaa632def31
2025-03-12 11:38:20,150 - INFO - Step: CSVLoader completed...
2025-03-12 11:38:20,150 - INFO - Executing Step: reset_cache
2025-03-12 11:38:20,150 - INFO - Step: reset_cache completed...
2025-03-12 11:38:20,151 - INFO - No valid checkpoint found, starting from the beginning...
2025-03-12 11:38:20,151 - INFO - Beginning ETL Execution at time: 1741793900.151423 ...
2025-03-12 11:38:20,153 - INFO - Executing Step: CSVExtractor
2025-03-12 11:38:20,156 - INFO - Checkpoint stored for step: dc9c09368b6fc1eac32cee7be7815efa
2025-03-12 11:38:20,156 - INFO - Step: CSVExtractor completed...
2025-03-12 11:38:20,156 - INFO - Executing Step: print_df_step
2025-03-12 11:38:20,158 - INFO - Checkpoint stored for step: 5384c54d3bd68715812bd9480e8adb85
2025-03-12 11:38:20,158 - INFO - Step: print_df_step completed...
2025-03-12 11:38:20,158 - INFO - Executing Step: ExcelExtractor
2025-03-12 11:38:20,160 - INFO - Checkpoint stored for step: 0b31cc6b31a422983771068cbdf6a923
2025-03-12 11:38:20,160 - INFO - Step: ExcelExtractor completed...
2025-03-12 11:38:20,160 - INFO - Executing Step: print_df_step2
2025-03-12 11:38:20,162 - INFO - Checkpoint stored for step: f5e71a0bea083254707ca05a5cd6b067
2025-03-12 11:38:20,162 - INFO - Step: print_df_step2 completed...
2025-03-12 11:38:20,162 - INFO - Executing Step: CSVLoader
2025-03-12 11:38:20,164 - INFO - Checkpoint stored for step: 9b2cd0a71d8e9a10a579ebaa632def31
2025-03-12 11:38:20,164 - INFO - Step: CSVLoader completed...
2025-03-12 11:38:20,164 - INFO - Executing Step: reset_cache
2025-03-12 11:38:20,164 - INFO - Step: reset_cache completed...
2025-03-12 11:38:20,164 - INFO - No valid checkpoint found, starting from the beginning...
2025-03-12 11:38:20,164 - INFO - Beginning ETL Execution at time: 1741793900.164791 ...
2025-03-12 11:38:20,169 - INFO - Executing Step: CSVExtractor
2025-03-12 11:38:20,185 - INFO - Checkpoint stored for step: dc9c09368b6fc1eac32cee7be7815efa
2025-03-12 11:38:20,185 - INFO - Step: CSVExtractor completed...
2025-03-12 11:38:20,187 - INFO - Executing Step: print_df_step
2025-03-12 11:38:20,203 - INFO - Checkpoint stored for step: 5384c54d3bd68715812bd9480e8adb85
2025-03-12 11:38:20,203 - INFO - Step: print_df_step completed...
2025-03-12 11:38:20,203 - INFO - Executing Step: ExcelExtractor
2025-03-12 11:38:20,212 - INFO - Checkpoint stored for step: 0b31cc6b31a422983771068cbdf6a923
2025-03-12 11:38:20,212 - INFO - Step: ExcelExtractor completed...
2025-03-12 11:38:20,212 - INFO - Executing Step: print_df_step2
2025-03-12 11:38:20,214 - INFO - Checkpoint stored for step: f5e71a0bea083254707ca05a5cd6b067
2025-03-12 11:38:20,214 - INFO - Step: print_df_step2 completed...
2025-03-12 11:38:20,214 - INFO - Executing Step: CSVLoader
2025-03-12 11:38:20,217 - INFO - Checkpoint stored for step: 9b2cd0a71d8e9a10a579ebaa632def31
2025-03-12 11:38:20,217 - INFO - Step: CSVLoader completed...
2025-03-12 11:38:20,217 - INFO - Executing Step: reset_cache
2025-03-12 11:38:20,217 - INFO - Step: reset_cache completed...
2025-03-12 11:38:20,217 - INFO - No valid checkpoint found, starting from the beginning...
2025-03-12 11:38:20,217 - INFO - Beginning ETL Execution at time: 1741793900.2179441 ...
2025-03-12 11:38:20,218 - INFO - Executing Step: CSVExtractor
2025-03-12 11:38:20,220 - INFO - Checkpoint stored for step: dc9c09368b6fc1eac32cee7be7815efa
2025-03-12 11:38:20,220 - INFO - Step: CSVExtractor completed...
2025-03-12 11:38:20,220 - INFO - Executing Step: print_df_step
2025-03-12 11:38:20,221 - INFO - Checkpoint stored for step: 5384c54d3bd68715812bd9480e8adb85
2025-03-12 11:38:20,221 - INFO - Step: print_df_step completed...
2025-03-12 11:38:20,221 - INFO - Executing Step: ExcelExtractor
2025-03-12 11:38:20,224 - INFO - Checkpoint stored for step: 0b31cc6b31a422983771068cbdf6a923
2025-03-12 11:38:20,224 - INFO - Step: ExcelExtractor completed...
2025-03-12 11:38:20,224 - INFO - Executing Step: print_df_step2
2025-03-12 11:38:20,225 - INFO - Checkpoint stored for step: f5e71a0bea083254707ca05a5cd6b067
2025-03-12 11:38:20,226 - INFO - Step: print_df_step2 completed...
2025-03-12 11:38:20,226 - INFO - Executing Step: CSVLoader
2025-03-12 11:38:20,227 - INFO - Checkpoint stored for step: 9b2cd0a71d8e9a10a579ebaa632def31
2025-03-12 11:38:20,227 - INFO - Step: CSVLoader completed...
2025-03-12 11:38:20,227 - INFO - Executing Step: reset_cache
2025-03-12 11:38:20,227 - INFO - Step: reset_cache completed...
2025-03-12 11:38:20,227 - INFO - No valid checkpoint found, starting from the beginning...
2025-03-12 11:38:20,227 - INFO - Beginning ETL Execution at time: 1741793900.227705 ...
2025-03-12 11:38:20,228 - INFO - Executing Step: CSVExtractor
2025-03-12 11:38:20,231 - INFO - Checkpoint stored for step: dc9c09368b6fc1eac32cee7be7815efa
2025-03-12 11:38:20,231 - INFO - Step: CSVExtractor completed...
2025-03-12 11:38:20,231 - INFO - Executing Step: print_df_step
2025-03-12 11:38:20,233 - INFO - Checkpoint stored for step: 5384c54d3bd68715812bd9480e8adb85
2025-03-12 11:38:20,233 - INFO - Step: print_df_step completed...
2025-03-12 11:38:20,233 - INFO - Executing Step: ExcelExtractor
2025-03-12 11:38:20,236 - INFO - Checkpoint stored for step: 0b31cc6b31a422983771068cbdf6a923
2025-03-12 11:38:20,236 - INFO - Step: ExcelExtractor completed...
2025-03-12 11:38:20,236 - INFO - Executing Step: print_df_step2
2025-03-12 11:38:20,237 - INFO - Checkpoint stored for step: f5e71a0bea083254707ca05a5cd6b067
2025-03-12 11:38:20,237 - INFO - Step: print_df_step2 completed...
2025-03-12 11:38:20,237 - INFO - Executing Step: CSVLoader
2025-03-12 11:38:20,238 - INFO - Checkpoint stored for step: 9b2cd0a71d8e9a10a579ebaa632def31
2025-03-12 11:38:20,238 - INFO - Step: CSVLoader completed...
2025-03-12 11:38:20,238 - INFO - Executing Step: reset_cache
2025-03-12 11:38:20,239 - INFO - Step: reset_cache completed...
2025-03-12 11:38:20,239 - INFO - No valid checkpoint found, starting from the beginning...
2025-03-12 11:38:20,239 - INFO - Beginning ETL Execution at time: 1741793900.239572 ...
2025-03-12 11:38:20,240 - INFO - Executing Step: CSVExtractor
2025-03-12 11:38:20,243 - INFO - Checkpoint stored for step: dc9c09368b6fc1eac32cee7be7815efa
2025-03-12 11:38:20,243 - INFO - Step: CSVExtractor completed...
2025-03-12 11:38:20,243 - INFO - Executing Step: print_df_step
2025-03-12 11:38:20,244 - INFO - Checkpoint stored for step: 5384c54d3bd68715812bd9480e8adb85
2025-03-12 11:38:20,244 - INFO - Step: print_df_step completed...
2025-03-12 11:38:20,244 - INFO - Executing Step: ExcelExtractor
2025-03-12 11:38:20,247 - INFO - Checkpoint stored for step: 0b31cc6b31a422983771068cbdf6a923
2025-03-12 11:38:20,247 - INFO - Step: ExcelExtractor completed...
2025-03-12 11:38:20,247 - INFO - Executing Step: print_df_step2
2025-03-12 11:38:20,248 - INFO - Checkpoint stored for step: f5e71a0bea083254707ca05a5cd6b067
2025-03-12 11:38:20,248 - INFO - Step: print_df_step2 completed...
2025-03-12 11:38:20,248 - INFO - Executing Step: CSVLoader
2025-03-12 11:38:20,249 - INFO - Checkpoint stored for step: 9b2cd0a71d8e9a10a579ebaa632def31
2025-03-12 11:38:20,249 - INFO - Step: CSVLoader completed...
2025-03-12 11:38:20,249 - INFO - Executing Step: reset_cache
2025-03-12 11:38:20,250 - INFO - Step: reset_cache completed...
2025-03-12 11:38:20,250 - INFO - No valid checkpoint found, starting from the beginning...
2025-03-12 11:38:20,250 - INFO - Beginning ETL Execution at time: 1741793900.250459 ...
2025-03-12 11:38:20,251 - INFO - Executing Step: CSVExtractor
2025-03-12 11:38:20,254 - INFO - Checkpoint stored for step: dc9c09368b6fc1eac32cee7be7815efa
2025-03-12 11:38:20,254 - INFO - Step: CSVExtractor completed...
2025-03-12 11:38:20,254 - INFO - Executing Step: print_df_step
2025-03-12 11:38:20,255 - INFO - Checkpoint stored for step: 5384c54d3bd68715812bd9480e8adb85
2025-03-12 11:38:20,255 - INFO - Step: print_df_step completed...
2025-03-12 11:38:20,255 - INFO - Executing Step: ExcelExtractor
2025-03-12 11:38:20,258 - INFO - Checkpoint stored for step: 0b31cc6b31a422983771068cbdf6a923
2025-03-12 11:38:20,258 - INFO - Step: ExcelExtractor completed...
2025-03-12 11:38:20,258 - INFO - Executing Step: print_df_step2
2025-03-12 11:38:20,259 - INFO - Checkpoint stored for step: f5e71a0bea083254707ca05a5cd6b067
2025-03-12 11:38:20,259 - INFO - Step: print_df_step2 completed...
2025-03-12 11:38:20,259 - INFO - Executing Step: CSVLoader
2025-03-12 11:38:20,261 - INFO - Checkpoint stored for step: 9b2cd0a71d8e9a10a579ebaa632def31
2025-03-12 11:38:20,261 - INFO - Step: CSVLoader completed...
2025-03-12 11:38:20,261 - INFO - Executing Step: reset_cache
2025-03-12 11:38:20,261 - INFO - Step: reset_cache completed...
2025-03-12 11:38:20,261 - INFO - ETL Execution Finished at time: 1741793900.261559 ...
2025-03-12 11:38:20,261 - INFO - Total Execution Time: 0.01 seconds
