2025-03-12 17:27:07,585 - INFO - Target extractor set...
2025-03-12 17:27:07,585 - INFO - Target loader set...
2025-03-12 17:27:07,585 - INFO - Successfully added step with key: 412abfdcd44b2d96741df91f5a116e5d
2025-03-12 17:27:07,587 - INFO - Successfully added step with key: de222ed930bca8da97e04ac3f0e1a8c4
2025-03-12 17:27:07,588 - INFO - Successfully added step with key: 83f75dc262c2019d6cd451384412e01b
2025-03-12 17:27:07,588 - INFO - Successfully added step with key: 303c02b1d9dc0c0c316fca773bdcf9b6
2025-03-12 17:27:07,588 - INFO - No valid checkpoint found, starting from the beginning...
2025-03-12 17:27:07,588 - INFO - Beginning ETL Execution at time: 1741814827.58883 ...
2025-03-12 17:27:07,590 - INFO - Executing Step: CSVExtractor
2025-03-12 17:27:07,592 - INFO - Added dataframe: tmp to globalcontext
2025-03-12 17:27:07,594 - INFO - Checkpoint stored for step: de222ed930bca8da97e04ac3f0e1a8c4
2025-03-12 17:27:07,594 - INFO - Step: CSVExtractor completed...
2025-03-12 17:27:07,594 - INFO - Executing Step: CSVExtractor
2025-03-12 17:27:07,595 - INFO - Added dataframe: othertmp to globalcontext
2025-03-12 17:27:07,597 - INFO - Checkpoint stored for step: 412abfdcd44b2d96741df91f5a116e5d
2025-03-12 17:27:07,597 - INFO - Step: CSVExtractor completed...
2025-03-12 17:27:07,597 - INFO - Executing Step: CSVLoader
2025-03-12 17:27:07,599 - INFO - Checkpoint stored for step: 83f75dc262c2019d6cd451384412e01b
2025-03-12 17:27:07,600 - INFO - Step: CSVLoader completed...
2025-03-12 17:27:07,600 - INFO - Executing Step: reset_cache
2025-03-12 17:27:07,600 - INFO - Step: reset_cache completed...
2025-03-12 17:27:07,600 - INFO - No valid checkpoint found, starting from the beginning...
2025-03-12 17:27:07,601 - INFO - Beginning ETL Execution at time: 1741814827.6010132 ...
2025-03-12 17:27:07,602 - INFO - Executing Step: CSVExtractor
2025-03-12 17:27:07,603 - INFO - Added dataframe: tmp to globalcontext
2025-03-12 17:27:07,605 - INFO - Checkpoint stored for step: de222ed930bca8da97e04ac3f0e1a8c4
2025-03-12 17:27:07,605 - INFO - Step: CSVExtractor completed...
2025-03-12 17:27:07,605 - INFO - Executing Step: CSVExtractor
2025-03-12 17:27:07,606 - INFO - Added dataframe: othertmp to globalcontext
2025-03-12 17:27:07,607 - INFO - Checkpoint stored for step: 412abfdcd44b2d96741df91f5a116e5d
2025-03-12 17:27:07,607 - INFO - Step: CSVExtractor completed...
2025-03-12 17:27:07,607 - INFO - Executing Step: CSVLoader
2025-03-12 17:27:07,608 - INFO - Checkpoint stored for step: 83f75dc262c2019d6cd451384412e01b
2025-03-12 17:27:07,608 - INFO - Step: CSVLoader completed...
2025-03-12 17:27:07,608 - INFO - Executing Step: reset_cache
2025-03-12 17:27:07,608 - INFO - Step: reset_cache completed...
2025-03-12 17:27:07,609 - INFO - No valid checkpoint found, starting from the beginning...
2025-03-12 17:27:07,609 - INFO - Beginning ETL Execution at time: 1741814827.6091352 ...
2025-03-12 17:27:07,609 - INFO - Executing Step: CSVExtractor
2025-03-12 17:27:07,611 - INFO - Checkpoint stored for step: de222ed930bca8da97e04ac3f0e1a8c4
2025-03-12 17:27:07,611 - INFO - Step: CSVExtractor completed...
2025-03-12 17:27:07,611 - INFO - Executing Step: CSVExtractor
2025-03-12 17:27:07,613 - INFO - Checkpoint stored for step: 412abfdcd44b2d96741df91f5a116e5d
2025-03-12 17:27:07,613 - INFO - Step: CSVExtractor completed...
2025-03-12 17:27:07,613 - INFO - Executing Step: CSVLoader
2025-03-12 17:27:07,614 - INFO - Checkpoint stored for step: 83f75dc262c2019d6cd451384412e01b
2025-03-12 17:27:07,614 - INFO - Step: CSVLoader completed...
2025-03-12 17:27:07,614 - INFO - Executing Step: reset_cache
2025-03-12 17:27:07,614 - INFO - Step: reset_cache completed...
2025-03-12 17:27:07,614 - INFO - No valid checkpoint found, starting from the beginning...
2025-03-12 17:27:07,614 - INFO - Beginning ETL Execution at time: 1741814827.6148264 ...
2025-03-12 17:27:07,615 - INFO - Executing Step: CSVExtractor
2025-03-12 17:27:07,617 - INFO - Checkpoint stored for step: de222ed930bca8da97e04ac3f0e1a8c4
2025-03-12 17:27:07,617 - INFO - Step: CSVExtractor completed...
2025-03-12 17:27:07,617 - INFO - Executing Step: CSVExtractor
2025-03-12 17:27:07,618 - INFO - Checkpoint stored for step: 412abfdcd44b2d96741df91f5a116e5d
2025-03-12 17:27:07,618 - INFO - Step: CSVExtractor completed...
2025-03-12 17:27:07,618 - INFO - Executing Step: CSVLoader
2025-03-12 17:27:07,620 - INFO - Checkpoint stored for step: 83f75dc262c2019d6cd451384412e01b
2025-03-12 17:27:07,620 - INFO - Step: CSVLoader completed...
2025-03-12 17:27:07,620 - INFO - Executing Step: reset_cache
2025-03-12 17:27:07,620 - INFO - Step: reset_cache completed...
2025-03-12 17:27:07,621 - INFO - No valid checkpoint found, starting from the beginning...
2025-03-12 17:27:07,621 - INFO - Beginning ETL Execution at time: 1741814827.621641 ...
2025-03-12 17:27:07,622 - INFO - Executing Step: CSVExtractor
2025-03-12 17:27:07,625 - INFO - Checkpoint stored for step: de222ed930bca8da97e04ac3f0e1a8c4
2025-03-12 17:27:07,625 - INFO - Step: CSVExtractor completed...
2025-03-12 17:27:07,625 - INFO - Executing Step: CSVExtractor
2025-03-12 17:27:07,627 - INFO - Checkpoint stored for step: 412abfdcd44b2d96741df91f5a116e5d
2025-03-12 17:27:07,627 - INFO - Step: CSVExtractor completed...
2025-03-12 17:27:07,627 - INFO - Executing Step: CSVLoader
2025-03-12 17:27:07,629 - INFO - Checkpoint stored for step: 83f75dc262c2019d6cd451384412e01b
2025-03-12 17:27:07,629 - INFO - Step: CSVLoader completed...
2025-03-12 17:27:07,629 - INFO - Executing Step: reset_cache
2025-03-12 17:27:07,629 - INFO - Step: reset_cache completed...
2025-03-12 17:27:07,629 - INFO - No valid checkpoint found, starting from the beginning...
2025-03-12 17:27:07,629 - INFO - Beginning ETL Execution at time: 1741814827.6296794 ...
2025-03-12 17:27:07,630 - INFO - Executing Step: CSVExtractor
2025-03-12 17:27:07,631 - INFO - Checkpoint stored for step: de222ed930bca8da97e04ac3f0e1a8c4
2025-03-12 17:27:07,631 - INFO - Step: CSVExtractor completed...
2025-03-12 17:27:07,631 - INFO - Executing Step: CSVExtractor
2025-03-12 17:27:07,632 - INFO - Checkpoint stored for step: 412abfdcd44b2d96741df91f5a116e5d
2025-03-12 17:27:07,632 - INFO - Step: CSVExtractor completed...
2025-03-12 17:27:07,632 - INFO - Executing Step: CSVLoader
2025-03-12 17:27:07,633 - INFO - Checkpoint stored for step: 83f75dc262c2019d6cd451384412e01b
2025-03-12 17:27:07,634 - INFO - Step: CSVLoader completed...
2025-03-12 17:27:07,634 - INFO - Executing Step: reset_cache
2025-03-12 17:27:07,634 - INFO - Step: reset_cache completed...
