2025-03-12 10:52:40,390 - INFO - Target extractor set...
2025-03-12 10:52:40,390 - INFO - Target loader set...
2025-03-12 10:52:40,390 - INFO - Successfully added step with key: 5384c54d3bd68715812bd9480e8adb85
2025-03-12 10:52:40,394 - INFO - Successfully added step with key: de222ed930bca8da97e04ac3f0e1a8c4
2025-03-12 10:52:40,394 - INFO - Successfully added step with key: 83f75dc262c2019d6cd451384412e01b
2025-03-12 10:52:40,426 - INFO - Successfully added step with key: 303c02b1d9dc0c0c316fca773bdcf9b6
2025-03-12 10:52:40,427 - INFO - No valid checkpoint found, starting from the beginning...
2025-03-12 10:52:40,429 - INFO - Beginning ETL Execution at time: 1741791160.4291909 ...
2025-03-12 10:52:40,446 - INFO - Executing Step: CSVExtractor
2025-03-12 10:52:40,449 - INFO - Added dataframe: tmp to globalcontext
2025-03-12 10:52:40,450 - INFO - Checkpoint stored for step: de222ed930bca8da97e04ac3f0e1a8c4
2025-03-12 10:52:40,450 - INFO - Step: CSVExtractor completed...
2025-03-12 10:52:40,450 - INFO - Executing Step: print_df_step
2025-03-12 10:52:40,452 - INFO - Checkpoint stored for step: 5384c54d3bd68715812bd9480e8adb85
2025-03-12 10:52:40,452 - INFO - Step: print_df_step completed...
2025-03-12 10:52:40,452 - INFO - Executing Step: CSVLoader
2025-03-12 10:52:40,454 - INFO - Checkpoint stored for step: 83f75dc262c2019d6cd451384412e01b
2025-03-12 10:52:40,454 - INFO - Step: CSVLoader completed...
2025-03-12 10:52:40,454 - INFO - Executing Step: reset_cache
2025-03-12 10:52:40,455 - INFO - Checkpoint stored for step: 303c02b1d9dc0c0c316fca773bdcf9b6
2025-03-12 10:52:40,455 - INFO - Step: reset_cache completed...
2025-03-12 10:52:40,456 - INFO - ETL Execution Finished at time: 1741791160.4563048 ...
2025-03-12 10:52:40,456 - INFO - Total Execution Time: 0.03 seconds
