2025-03-12 17:07:37,082 - INFO - Target extractor set...
2025-03-12 17:07:37,082 - INFO - Target loader set...
2025-03-12 17:07:37,085 - INFO - Successfully added step with key: 412abfdcd44b2d96741df91f5a116e5d
2025-03-12 17:07:37,085 - INFO - Successfully added step with key: a9d2d015f54ec6ed470f2e80d92f220a
2025-03-12 17:07:37,086 - INFO - Successfully added step with key: 27d8060727e34c3f38218b3d4aa43473
2025-03-12 17:07:37,086 - INFO - No valid checkpoint found, starting from the beginning...
2025-03-12 17:07:37,086 - INFO - Beginning ETL Execution at time: 1741813657.0865839 ...
2025-03-12 17:07:37,087 - INFO - Executing Step: CSVExtractor
2025-03-12 17:07:37,089 - INFO - Added dataframe: tmp to globalcontext
2025-03-12 17:07:37,089 - INFO - Checkpoint stored for step: 412abfdcd44b2d96741df91f5a116e5d
2025-03-12 17:07:37,089 - INFO - Step: CSVExtractor completed...
2025-03-12 17:07:37,089 - INFO - Executing Step: CSVLoader
2025-03-12 17:07:37,091 - INFO - Checkpoint stored for step: a9d2d015f54ec6ed470f2e80d92f220a
2025-03-12 17:07:37,091 - INFO - Step: CSVLoader completed...
2025-03-12 17:07:37,091 - INFO - Executing Step: reset_cache
2025-03-12 17:07:37,091 - INFO - Step: reset_cache completed...
2025-03-12 17:07:37,091 - INFO - No valid checkpoint found, starting from the beginning...
2025-03-12 17:07:37,091 - INFO - Beginning ETL Execution at time: 1741813657.0916438 ...
2025-03-12 17:07:37,092 - INFO - Executing Step: CSVExtractor
2025-03-12 17:07:37,092 - INFO - Added dataframe: tmp to globalcontext
2025-03-12 17:07:37,093 - INFO - Checkpoint stored for step: 412abfdcd44b2d96741df91f5a116e5d
2025-03-12 17:07:37,093 - INFO - Step: CSVExtractor completed...
2025-03-12 17:07:37,093 - INFO - Executing Step: CSVLoader
2025-03-12 17:07:37,094 - INFO - Checkpoint stored for step: a9d2d015f54ec6ed470f2e80d92f220a
2025-03-12 17:07:37,094 - INFO - Step: CSVLoader completed...
2025-03-12 17:07:37,094 - INFO - Executing Step: reset_cache
2025-03-12 17:07:37,094 - INFO - Step: reset_cache completed...
2025-03-12 17:07:37,094 - INFO - No valid checkpoint found, starting from the beginning...
2025-03-12 17:07:37,094 - INFO - Beginning ETL Execution at time: 1741813657.0945783 ...
2025-03-12 17:07:37,094 - INFO - Executing Step: CSVExtractor
2025-03-12 17:07:37,096 - INFO - Checkpoint stored for step: 412abfdcd44b2d96741df91f5a116e5d
2025-03-12 17:07:37,096 - INFO - Step: CSVExtractor completed...
2025-03-12 17:07:37,096 - INFO - Executing Step: CSVLoader
2025-03-12 17:07:37,096 - INFO - Checkpoint stored for step: a9d2d015f54ec6ed470f2e80d92f220a
2025-03-12 17:07:37,096 - INFO - Step: CSVLoader completed...
2025-03-12 17:07:37,096 - INFO - Executing Step: reset_cache
2025-03-12 17:07:37,097 - INFO - Step: reset_cache completed...
2025-03-12 17:07:37,097 - INFO - No valid checkpoint found, starting from the beginning...
2025-03-12 17:07:37,097 - INFO - Beginning ETL Execution at time: 1741813657.0973356 ...
2025-03-12 17:07:37,097 - INFO - Executing Step: CSVExtractor
2025-03-12 17:07:37,098 - INFO - Checkpoint stored for step: 412abfdcd44b2d96741df91f5a116e5d
2025-03-12 17:07:37,099 - INFO - Step: CSVExtractor completed...
2025-03-12 17:07:37,099 - INFO - Executing Step: CSVLoader
2025-03-12 17:07:37,099 - INFO - Checkpoint stored for step: a9d2d015f54ec6ed470f2e80d92f220a
2025-03-12 17:07:37,099 - INFO - Step: CSVLoader completed...
2025-03-12 17:07:37,099 - INFO - Executing Step: reset_cache
2025-03-12 17:07:37,099 - INFO - Step: reset_cache completed...
2025-03-12 17:07:37,100 - INFO - No valid checkpoint found, starting from the beginning...
2025-03-12 17:07:37,100 - INFO - Beginning ETL Execution at time: 1741813657.1002622 ...
2025-03-12 17:07:37,100 - INFO - Executing Step: CSVExtractor
2025-03-12 17:07:37,101 - INFO - Checkpoint stored for step: 412abfdcd44b2d96741df91f5a116e5d
2025-03-12 17:07:37,101 - INFO - Step: CSVExtractor completed...
2025-03-12 17:07:37,101 - INFO - Executing Step: CSVLoader
2025-03-12 17:07:37,102 - INFO - Checkpoint stored for step: a9d2d015f54ec6ed470f2e80d92f220a
2025-03-12 17:07:37,102 - INFO - Step: CSVLoader completed...
2025-03-12 17:07:37,102 - INFO - Executing Step: reset_cache
2025-03-12 17:07:37,102 - INFO - Step: reset_cache completed...
2025-03-12 17:07:37,103 - INFO - No valid checkpoint found, starting from the beginning...
2025-03-12 17:07:37,103 - INFO - Beginning ETL Execution at time: 1741813657.103082 ...
2025-03-12 17:07:37,103 - INFO - Executing Step: CSVExtractor
2025-03-12 17:07:37,104 - INFO - Checkpoint stored for step: 412abfdcd44b2d96741df91f5a116e5d
2025-03-12 17:07:37,104 - INFO - Step: CSVExtractor completed...
2025-03-12 17:07:37,104 - INFO - Executing Step: CSVLoader
2025-03-12 17:07:37,105 - INFO - Checkpoint stored for step: a9d2d015f54ec6ed470f2e80d92f220a
2025-03-12 17:07:37,105 - INFO - Step: CSVLoader completed...
2025-03-12 17:07:37,105 - INFO - Executing Step: reset_cache
2025-03-12 17:07:37,105 - INFO - Step: reset_cache completed...
2025-03-12 17:07:37,106 - INFO - No valid checkpoint found, starting from the beginning...
2025-03-12 17:07:37,106 - INFO - Beginning ETL Execution at time: 1741813657.1061294 ...
2025-03-12 17:07:37,106 - INFO - Executing Step: CSVExtractor
2025-03-12 17:07:37,108 - INFO - Checkpoint stored for step: 412abfdcd44b2d96741df91f5a116e5d
2025-03-12 17:07:37,108 - INFO - Step: CSVExtractor completed...
2025-03-12 17:07:37,108 - INFO - Executing Step: CSVLoader
2025-03-12 17:07:37,109 - INFO - Checkpoint stored for step: a9d2d015f54ec6ed470f2e80d92f220a
2025-03-12 17:07:37,109 - INFO - Step: CSVLoader completed...
2025-03-12 17:07:37,109 - INFO - Executing Step: reset_cache
2025-03-12 17:07:37,109 - INFO - Step: reset_cache completed...
