2025-03-12 10:46:56,387 - INFO - Target extractor set...
2025-03-12 10:46:56,387 - INFO - Target loader set...
2025-03-12 10:46:56,387 - INFO - Successfully added step with key: 5384c54d3bd68715812bd9480e8adb85
2025-03-12 10:46:56,391 - INFO - Successfully added step with key: de222ed930bca8da97e04ac3f0e1a8c4
2025-03-12 10:46:56,391 - INFO - Successfully added step with key: 83f75dc262c2019d6cd451384412e01b
2025-03-12 10:46:56,392 - INFO - Successfully added step with key: 303c02b1d9dc0c0c316fca773bdcf9b6
2025-03-12 10:46:56,393 - INFO - No valid checkpoint found, starting from the beginning...
2025-03-12 10:46:56,393 - INFO - Beginning ETL Execution at time: 1741790816.3939462 ...
2025-03-12 10:46:56,405 - INFO - Executing Step: CSVExtractor
2025-03-12 10:46:56,412 - INFO - Added dataframe: tmp to globalcontext
2025-03-12 10:46:56,414 - INFO - Checkpoint stored for step: de222ed930bca8da97e04ac3f0e1a8c4
2025-03-12 10:46:56,415 - INFO - Step: CSVExtractor completed...
2025-03-12 10:46:56,415 - INFO - Executing Step: print_df_step
2025-03-12 10:46:56,419 - INFO - Checkpoint stored for step: 5384c54d3bd68715812bd9480e8adb85
2025-03-12 10:46:56,419 - INFO - Step: print_df_step completed...
2025-03-12 10:46:56,419 - INFO - Executing Step: CSVLoader
2025-03-12 10:46:56,421 - INFO - Checkpoint stored for step: 83f75dc262c2019d6cd451384412e01b
2025-03-12 10:46:56,421 - INFO - Step: CSVLoader completed...
2025-03-12 10:46:56,421 - INFO - Executing Step: reset_cache
2025-03-12 10:46:56,422 - INFO - Checkpoint stored for step: 303c02b1d9dc0c0c316fca773bdcf9b6
2025-03-12 10:46:56,422 - INFO - Step: reset_cache completed...
2025-03-12 10:46:56,423 - INFO - No valid checkpoint found, starting from the beginning...
2025-03-12 10:46:56,423 - INFO - Beginning ETL Execution at time: 1741790816.4232588 ...
2025-03-12 10:46:56,424 - INFO - Executing Step: CSVExtractor
2025-03-12 10:46:56,425 - INFO - Added dataframe: tmp to globalcontext
2025-03-12 10:46:56,426 - INFO - Checkpoint stored for step: de222ed930bca8da97e04ac3f0e1a8c4
2025-03-12 10:46:56,426 - INFO - Step: CSVExtractor completed...
2025-03-12 10:46:56,426 - INFO - Executing Step: print_df_step
2025-03-12 10:46:56,428 - INFO - Checkpoint stored for step: 5384c54d3bd68715812bd9480e8adb85
2025-03-12 10:46:56,428 - INFO - Step: print_df_step completed...
2025-03-12 10:46:56,428 - INFO - Executing Step: CSVLoader
2025-03-12 10:46:56,430 - INFO - Checkpoint stored for step: 83f75dc262c2019d6cd451384412e01b
2025-03-12 10:46:56,430 - INFO - Step: CSVLoader completed...
2025-03-12 10:46:56,430 - INFO - Executing Step: reset_cache
2025-03-12 10:46:56,432 - INFO - Checkpoint stored for step: 303c02b1d9dc0c0c316fca773bdcf9b6
2025-03-12 10:46:56,432 - INFO - Step: reset_cache completed...
2025-03-12 10:46:56,433 - INFO - No valid checkpoint found, starting from the beginning...
2025-03-12 10:46:56,433 - INFO - Beginning ETL Execution at time: 1741790816.4337049 ...
2025-03-12 10:46:56,434 - INFO - Executing Step: CSVExtractor
2025-03-12 10:46:56,470 - INFO - Checkpoint stored for step: de222ed930bca8da97e04ac3f0e1a8c4
2025-03-12 10:46:56,470 - INFO - Step: CSVExtractor completed...
2025-03-12 10:46:56,470 - INFO - Executing Step: print_df_step
2025-03-12 10:46:56,472 - INFO - Checkpoint stored for step: 5384c54d3bd68715812bd9480e8adb85
2025-03-12 10:46:56,472 - INFO - Step: print_df_step completed...
2025-03-12 10:46:56,472 - INFO - Executing Step: CSVLoader
2025-03-12 10:46:56,479 - INFO - Checkpoint stored for step: 83f75dc262c2019d6cd451384412e01b
2025-03-12 10:46:56,479 - INFO - Step: CSVLoader completed...
2025-03-12 10:46:56,479 - INFO - Executing Step: reset_cache
2025-03-12 10:46:56,482 - INFO - Checkpoint stored for step: 303c02b1d9dc0c0c316fca773bdcf9b6
2025-03-12 10:46:56,482 - INFO - Step: reset_cache completed...
2025-03-12 10:46:56,483 - INFO - No valid checkpoint found, starting from the beginning...
2025-03-12 10:46:56,483 - INFO - Beginning ETL Execution at time: 1741790816.483818 ...
2025-03-12 10:46:56,484 - INFO - Executing Step: CSVExtractor
2025-03-12 10:46:56,486 - INFO - Checkpoint stored for step: de222ed930bca8da97e04ac3f0e1a8c4
2025-03-12 10:46:56,486 - INFO - Step: CSVExtractor completed...
2025-03-12 10:46:56,486 - INFO - Executing Step: print_df_step
2025-03-12 10:46:56,487 - INFO - Checkpoint stored for step: 5384c54d3bd68715812bd9480e8adb85
2025-03-12 10:46:56,487 - INFO - Step: print_df_step completed...
2025-03-12 10:46:56,487 - INFO - Executing Step: CSVLoader
2025-03-12 10:46:56,488 - INFO - Checkpoint stored for step: 83f75dc262c2019d6cd451384412e01b
2025-03-12 10:46:56,488 - INFO - Step: CSVLoader completed...
2025-03-12 10:46:56,488 - INFO - Executing Step: reset_cache
2025-03-12 10:46:56,489 - INFO - Checkpoint stored for step: 303c02b1d9dc0c0c316fca773bdcf9b6
2025-03-12 10:46:56,489 - INFO - Step: reset_cache completed...
2025-03-12 10:46:56,490 - INFO - No valid checkpoint found, starting from the beginning...
2025-03-12 10:46:56,490 - INFO - Beginning ETL Execution at time: 1741790816.4901829 ...
2025-03-12 10:46:56,490 - INFO - Executing Step: CSVExtractor
