2025-03-12 17:14:34,915 - INFO - Target extractor set...
2025-03-12 17:14:34,915 - INFO - Target loader set...
2025-03-12 17:14:34,917 - INFO - Successfully added step with key: 412abfdcd44b2d96741df91f5a116e5d
2025-03-12 17:14:34,918 - INFO - Successfully added step with key: de222ed930bca8da97e04ac3f0e1a8c4
2025-03-12 17:14:34,918 - INFO - Successfully added step with key: 83f75dc262c2019d6cd451384412e01b
2025-03-12 17:14:34,918 - INFO - Successfully added step with key: 303c02b1d9dc0c0c316fca773bdcf9b6
2025-03-12 17:14:34,918 - INFO - No valid checkpoint found, starting from the beginning...
2025-03-12 17:14:34,918 - INFO - Beginning ETL Execution at time: 1741814074.918978 ...
2025-03-12 17:14:34,920 - INFO - Executing Step: CSVExtractor
2025-03-12 17:14:34,921 - INFO - Added dataframe: othertmp to globalcontext
2025-03-12 17:14:34,922 - INFO - Checkpoint stored for step: de222ed930bca8da97e04ac3f0e1a8c4
2025-03-12 17:14:34,922 - INFO - Step: CSVExtractor completed...
2025-03-12 17:14:34,922 - INFO - Executing Step: CSVExtractor
2025-03-12 17:14:34,923 - INFO - Added dataframe: tmp to globalcontext
2025-03-12 17:14:34,924 - INFO - Checkpoint stored for step: 412abfdcd44b2d96741df91f5a116e5d
2025-03-12 17:14:34,924 - INFO - Step: CSVExtractor completed...
2025-03-12 17:14:34,924 - INFO - Executing Step: CSVLoader
2025-03-12 17:14:34,925 - INFO - Checkpoint stored for step: 83f75dc262c2019d6cd451384412e01b
2025-03-12 17:14:34,925 - INFO - Step: CSVLoader completed...
2025-03-12 17:14:34,925 - INFO - Executing Step: reset_cache
2025-03-12 17:14:34,925 - INFO - Step: reset_cache completed...
2025-03-12 17:14:34,926 - INFO - No valid checkpoint found, starting from the beginning...
2025-03-12 17:14:34,926 - INFO - Beginning ETL Execution at time: 1741814074.926094 ...
2025-03-12 17:14:34,926 - INFO - Executing Step: CSVExtractor
2025-03-12 17:14:34,927 - INFO - Added dataframe: othertmp to globalcontext
2025-03-12 17:14:34,928 - INFO - Checkpoint stored for step: de222ed930bca8da97e04ac3f0e1a8c4
2025-03-12 17:14:34,928 - INFO - Step: CSVExtractor completed...
2025-03-12 17:14:34,928 - INFO - Executing Step: CSVExtractor
2025-03-12 17:14:34,928 - INFO - Added dataframe: tmp to globalcontext
2025-03-12 17:14:34,929 - INFO - Checkpoint stored for step: 412abfdcd44b2d96741df91f5a116e5d
2025-03-12 17:14:34,929 - INFO - Step: CSVExtractor completed...
2025-03-12 17:14:34,929 - INFO - Executing Step: CSVLoader
2025-03-12 17:14:34,930 - INFO - Checkpoint stored for step: 83f75dc262c2019d6cd451384412e01b
2025-03-12 17:14:34,930 - INFO - Step: CSVLoader completed...
2025-03-12 17:14:34,930 - INFO - Executing Step: reset_cache
2025-03-12 17:14:34,930 - INFO - Step: reset_cache completed...
2025-03-12 17:14:34,930 - INFO - No valid checkpoint found, starting from the beginning...
2025-03-12 17:14:34,930 - INFO - Beginning ETL Execution at time: 1741814074.930896 ...
2025-03-12 17:14:34,931 - INFO - Executing Step: CSVExtractor
2025-03-12 17:14:34,932 - INFO - Checkpoint stored for step: de222ed930bca8da97e04ac3f0e1a8c4
2025-03-12 17:14:34,932 - INFO - Step: CSVExtractor completed...
2025-03-12 17:14:34,932 - INFO - Executing Step: CSVExtractor
2025-03-12 17:14:34,934 - INFO - Checkpoint stored for step: 412abfdcd44b2d96741df91f5a116e5d
2025-03-12 17:14:34,934 - INFO - Step: CSVExtractor completed...
2025-03-12 17:14:34,934 - INFO - Executing Step: CSVLoader
2025-03-12 17:14:34,935 - INFO - Checkpoint stored for step: 83f75dc262c2019d6cd451384412e01b
2025-03-12 17:14:34,935 - INFO - Step: CSVLoader completed...
2025-03-12 17:14:34,935 - INFO - Executing Step: reset_cache
2025-03-12 17:14:34,935 - INFO - Step: reset_cache completed...
2025-03-12 17:14:34,935 - INFO - No valid checkpoint found, starting from the beginning...
2025-03-12 17:14:34,935 - INFO - Beginning ETL Execution at time: 1741814074.9356878 ...
2025-03-12 17:14:34,936 - INFO - Executing Step: CSVExtractor
2025-03-12 17:14:34,938 - INFO - Checkpoint stored for step: de222ed930bca8da97e04ac3f0e1a8c4
2025-03-12 17:14:34,938 - INFO - Step: CSVExtractor completed...
2025-03-12 17:14:34,938 - INFO - Executing Step: CSVExtractor
2025-03-12 17:14:34,940 - INFO - Checkpoint stored for step: 412abfdcd44b2d96741df91f5a116e5d
2025-03-12 17:14:34,940 - INFO - Step: CSVExtractor completed...
2025-03-12 17:14:34,940 - INFO - Executing Step: CSVLoader
2025-03-12 17:14:34,941 - INFO - Checkpoint stored for step: 83f75dc262c2019d6cd451384412e01b
2025-03-12 17:14:34,941 - INFO - Step: CSVLoader completed...
2025-03-12 17:14:34,941 - INFO - Executing Step: reset_cache
2025-03-12 17:14:34,941 - INFO - Step: reset_cache completed...
2025-03-12 17:14:34,942 - INFO - No valid checkpoint found, starting from the beginning...
2025-03-12 17:14:34,942 - INFO - Beginning ETL Execution at time: 1741814074.9422946 ...
2025-03-12 17:14:34,942 - INFO - Executing Step: CSVExtractor
2025-03-12 17:14:34,944 - INFO - Checkpoint stored for step: de222ed930bca8da97e04ac3f0e1a8c4
2025-03-12 17:14:34,944 - INFO - Step: CSVExtractor completed...
2025-03-12 17:14:34,944 - INFO - Executing Step: CSVExtractor
2025-03-12 17:14:34,945 - INFO - Checkpoint stored for step: 412abfdcd44b2d96741df91f5a116e5d
2025-03-12 17:14:34,945 - INFO - Step: CSVExtractor completed...
2025-03-12 17:14:34,945 - INFO - Executing Step: CSVLoader
2025-03-12 17:14:34,947 - INFO - Checkpoint stored for step: 83f75dc262c2019d6cd451384412e01b
2025-03-12 17:14:34,947 - INFO - Step: CSVLoader completed...
2025-03-12 17:14:34,947 - INFO - Executing Step: reset_cache
2025-03-12 17:14:34,947 - INFO - Step: reset_cache completed...
2025-03-12 17:14:34,947 - INFO - No valid checkpoint found, starting from the beginning...
2025-03-12 17:14:34,947 - INFO - Beginning ETL Execution at time: 1741814074.9476726 ...
2025-03-12 17:14:34,948 - INFO - Executing Step: CSVExtractor
2025-03-12 17:14:34,950 - INFO - Checkpoint stored for step: de222ed930bca8da97e04ac3f0e1a8c4
2025-03-12 17:14:34,950 - INFO - Step: CSVExtractor completed...
2025-03-12 17:14:34,950 - INFO - Executing Step: CSVExtractor
2025-03-12 17:14:34,951 - INFO - Checkpoint stored for step: 412abfdcd44b2d96741df91f5a116e5d
2025-03-12 17:14:34,951 - INFO - Step: CSVExtractor completed...
2025-03-12 17:14:34,951 - INFO - Executing Step: CSVLoader
2025-03-12 17:14:34,952 - INFO - Checkpoint stored for step: 83f75dc262c2019d6cd451384412e01b
2025-03-12 17:14:34,952 - INFO - Step: CSVLoader completed...
2025-03-12 17:14:34,953 - INFO - Executing Step: reset_cache
2025-03-12 17:14:34,953 - INFO - Step: reset_cache completed...
2025-03-12 17:14:34,953 - INFO - No valid checkpoint found, starting from the beginning...
2025-03-12 17:14:34,953 - INFO - Beginning ETL Execution at time: 1741814074.953572 ...
2025-03-12 17:14:34,954 - INFO - Executing Step: CSVExtractor
2025-03-12 17:14:34,957 - INFO - Checkpoint stored for step: de222ed930bca8da97e04ac3f0e1a8c4
2025-03-12 17:14:34,957 - INFO - Step: CSVExtractor completed...
2025-03-12 17:14:34,957 - INFO - Executing Step: CSVExtractor
2025-03-12 17:14:34,959 - INFO - Checkpoint stored for step: 412abfdcd44b2d96741df91f5a116e5d
2025-03-12 17:14:34,959 - INFO - Step: CSVExtractor completed...
2025-03-12 17:14:34,959 - INFO - Executing Step: CSVLoader
2025-03-12 17:14:34,960 - INFO - Checkpoint stored for step: 83f75dc262c2019d6cd451384412e01b
2025-03-12 17:14:34,960 - INFO - Step: CSVLoader completed...
2025-03-12 17:14:34,960 - INFO - Executing Step: reset_cache
2025-03-12 17:14:34,960 - INFO - Step: reset_cache completed...
2025-03-12 17:14:34,961 - INFO - No valid checkpoint found, starting from the beginning...
2025-03-12 17:14:34,961 - INFO - Beginning ETL Execution at time: 1741814074.9613183 ...
2025-03-12 17:14:34,961 - INFO - Executing Step: CSVExtractor
2025-03-12 17:14:34,963 - INFO - Checkpoint stored for step: de222ed930bca8da97e04ac3f0e1a8c4
2025-03-12 17:14:34,963 - INFO - Step: CSVExtractor completed...
2025-03-12 17:14:34,963 - INFO - Executing Step: CSVExtractor
2025-03-12 17:14:34,963 - INFO - Checkpoint stored for step: 412abfdcd44b2d96741df91f5a116e5d
2025-03-12 17:14:34,963 - INFO - Step: CSVExtractor completed...
2025-03-12 17:14:34,963 - INFO - Executing Step: CSVLoader
2025-03-12 17:14:34,964 - INFO - Checkpoint stored for step: 83f75dc262c2019d6cd451384412e01b
2025-03-12 17:14:34,964 - INFO - Step: CSVLoader completed...
2025-03-12 17:14:34,964 - INFO - Executing Step: reset_cache
2025-03-12 17:14:34,964 - INFO - Step: reset_cache completed...
2025-03-12 17:14:34,964 - INFO - No valid checkpoint found, starting from the beginning...
2025-03-12 17:14:34,964 - INFO - Beginning ETL Execution at time: 1741814074.964938 ...
2025-03-12 17:14:34,965 - INFO - Executing Step: CSVExtractor
2025-03-12 17:14:34,966 - INFO - Checkpoint stored for step: de222ed930bca8da97e04ac3f0e1a8c4
2025-03-12 17:14:34,966 - INFO - Step: CSVExtractor completed...
2025-03-12 17:14:34,966 - INFO - Executing Step: CSVExtractor
2025-03-12 17:14:34,967 - INFO - Checkpoint stored for step: 412abfdcd44b2d96741df91f5a116e5d
2025-03-12 17:14:34,967 - INFO - Step: CSVExtractor completed...
2025-03-12 17:14:34,967 - INFO - Executing Step: CSVLoader
2025-03-12 17:14:34,967 - INFO - Checkpoint stored for step: 83f75dc262c2019d6cd451384412e01b
2025-03-12 17:14:34,967 - INFO - Step: CSVLoader completed...
2025-03-12 17:14:34,967 - INFO - Executing Step: reset_cache
2025-03-12 17:14:34,967 - INFO - Step: reset_cache completed...
2025-03-12 17:14:34,968 - INFO - No valid checkpoint found, starting from the beginning...
2025-03-12 17:14:34,968 - INFO - Beginning ETL Execution at time: 1741814074.968179 ...
2025-03-12 17:14:34,968 - INFO - Executing Step: CSVExtractor
2025-03-12 17:14:34,969 - INFO - Checkpoint stored for step: de222ed930bca8da97e04ac3f0e1a8c4
2025-03-12 17:14:34,969 - INFO - Step: CSVExtractor completed...
2025-03-12 17:14:34,969 - INFO - Executing Step: CSVExtractor
2025-03-12 17:14:34,970 - INFO - Checkpoint stored for step: 412abfdcd44b2d96741df91f5a116e5d
2025-03-12 17:14:34,970 - INFO - Step: CSVExtractor completed...
2025-03-12 17:14:34,970 - INFO - Executing Step: CSVLoader
2025-03-12 17:14:34,970 - INFO - Checkpoint stored for step: 83f75dc262c2019d6cd451384412e01b
2025-03-12 17:14:34,970 - INFO - Step: CSVLoader completed...
2025-03-12 17:14:34,970 - INFO - Executing Step: reset_cache
2025-03-12 17:14:34,970 - INFO - Step: reset_cache completed...
2025-03-12 17:14:34,971 - INFO - No valid checkpoint found, starting from the beginning...
2025-03-12 17:14:34,971 - INFO - Beginning ETL Execution at time: 1741814074.971139 ...
2025-03-12 17:14:34,971 - INFO - Executing Step: CSVExtractor
2025-03-12 17:14:34,972 - INFO - Checkpoint stored for step: de222ed930bca8da97e04ac3f0e1a8c4
2025-03-12 17:14:34,972 - INFO - Step: CSVExtractor completed...
2025-03-12 17:14:34,972 - INFO - Executing Step: CSVExtractor
2025-03-12 17:14:34,973 - INFO - Checkpoint stored for step: 412abfdcd44b2d96741df91f5a116e5d
2025-03-12 17:14:34,973 - INFO - Step: CSVExtractor completed...
2025-03-12 17:14:34,973 - INFO - Executing Step: CSVLoader
2025-03-12 17:14:34,973 - INFO - Checkpoint stored for step: 83f75dc262c2019d6cd451384412e01b
2025-03-12 17:14:34,973 - INFO - Step: CSVLoader completed...
2025-03-12 17:14:34,973 - INFO - Executing Step: reset_cache
2025-03-12 17:14:34,974 - INFO - Step: reset_cache completed...
2025-03-12 17:14:34,974 - INFO - No valid checkpoint found, starting from the beginning...
2025-03-12 17:14:34,974 - INFO - Beginning ETL Execution at time: 1741814074.9744186 ...
2025-03-12 17:14:34,974 - INFO - Executing Step: CSVExtractor
2025-03-12 17:14:34,976 - INFO - Checkpoint stored for step: de222ed930bca8da97e04ac3f0e1a8c4
2025-03-12 17:14:34,976 - INFO - Step: CSVExtractor completed...
2025-03-12 17:14:34,976 - INFO - Executing Step: CSVExtractor
2025-03-12 17:14:34,976 - INFO - Checkpoint stored for step: 412abfdcd44b2d96741df91f5a116e5d
2025-03-12 17:14:34,977 - INFO - Step: CSVExtractor completed...
2025-03-12 17:14:34,977 - INFO - Executing Step: CSVLoader
2025-03-12 17:14:34,978 - INFO - Checkpoint stored for step: 83f75dc262c2019d6cd451384412e01b
2025-03-12 17:14:34,978 - INFO - Step: CSVLoader completed...
2025-03-12 17:14:34,978 - INFO - Executing Step: reset_cache
2025-03-12 17:14:34,978 - INFO - Step: reset_cache completed...
2025-03-12 17:14:34,978 - INFO - No valid checkpoint found, starting from the beginning...
2025-03-12 17:14:34,978 - INFO - Beginning ETL Execution at time: 1741814074.9785624 ...
2025-03-12 17:14:34,978 - INFO - Executing Step: CSVExtractor
2025-03-12 17:14:34,979 - INFO - Checkpoint stored for step: de222ed930bca8da97e04ac3f0e1a8c4
2025-03-12 17:14:34,979 - INFO - Step: CSVExtractor completed...
2025-03-12 17:14:34,979 - INFO - Executing Step: CSVExtractor
2025-03-12 17:14:34,980 - INFO - Checkpoint stored for step: 412abfdcd44b2d96741df91f5a116e5d
2025-03-12 17:14:34,980 - INFO - Step: CSVExtractor completed...
2025-03-12 17:14:34,980 - INFO - Executing Step: CSVLoader
2025-03-12 17:14:34,981 - INFO - Checkpoint stored for step: 83f75dc262c2019d6cd451384412e01b
2025-03-12 17:14:34,981 - INFO - Step: CSVLoader completed...
2025-03-12 17:14:34,981 - INFO - Executing Step: reset_cache
2025-03-12 17:14:34,981 - INFO - Step: reset_cache completed...
2025-03-12 17:14:34,981 - INFO - No valid checkpoint found, starting from the beginning...
2025-03-12 17:14:34,981 - INFO - Beginning ETL Execution at time: 1741814074.9818463 ...
2025-03-12 17:14:34,982 - INFO - Executing Step: CSVExtractor
2025-03-12 17:14:34,983 - INFO - Checkpoint stored for step: de222ed930bca8da97e04ac3f0e1a8c4
2025-03-12 17:14:34,983 - INFO - Step: CSVExtractor completed...
2025-03-12 17:14:34,983 - INFO - Executing Step: CSVExtractor
2025-03-12 17:14:34,983 - INFO - Checkpoint stored for step: 412abfdcd44b2d96741df91f5a116e5d
2025-03-12 17:14:34,983 - INFO - Step: CSVExtractor completed...
2025-03-12 17:14:34,984 - INFO - Executing Step: CSVLoader
2025-03-12 17:14:34,984 - INFO - Checkpoint stored for step: 83f75dc262c2019d6cd451384412e01b
2025-03-12 17:14:34,985 - INFO - Step: CSVLoader completed...
2025-03-12 17:14:34,985 - INFO - Executing Step: reset_cache
2025-03-12 17:14:34,985 - INFO - Step: reset_cache completed...
2025-03-12 17:14:34,985 - INFO - No valid checkpoint found, starting from the beginning...
2025-03-12 17:14:34,985 - INFO - Beginning ETL Execution at time: 1741814074.9857557 ...
2025-03-12 17:14:34,986 - INFO - Executing Step: CSVExtractor
2025-03-12 17:14:34,987 - INFO - Checkpoint stored for step: de222ed930bca8da97e04ac3f0e1a8c4
2025-03-12 17:14:34,987 - INFO - Step: CSVExtractor completed...
2025-03-12 17:14:34,987 - INFO - Executing Step: CSVExtractor
2025-03-12 17:14:34,988 - INFO - Checkpoint stored for step: 412abfdcd44b2d96741df91f5a116e5d
2025-03-12 17:14:34,988 - INFO - Step: CSVExtractor completed...
2025-03-12 17:14:34,988 - INFO - Executing Step: CSVLoader
2025-03-12 17:14:34,990 - INFO - Checkpoint stored for step: 83f75dc262c2019d6cd451384412e01b
2025-03-12 17:14:34,990 - INFO - Step: CSVLoader completed...
2025-03-12 17:14:34,990 - INFO - Executing Step: reset_cache
2025-03-12 17:14:34,990 - INFO - Step: reset_cache completed...
2025-03-12 17:14:34,990 - INFO - No valid checkpoint found, starting from the beginning...
2025-03-12 17:14:34,990 - INFO - Beginning ETL Execution at time: 1741814074.9905837 ...
2025-03-12 17:14:34,991 - INFO - Executing Step: CSVExtractor
2025-03-12 17:14:34,991 - INFO - Checkpoint stored for step: de222ed930bca8da97e04ac3f0e1a8c4
2025-03-12 17:14:34,991 - INFO - Step: CSVExtractor completed...
2025-03-12 17:14:34,992 - INFO - Executing Step: CSVExtractor
2025-03-12 17:14:34,992 - INFO - Checkpoint stored for step: 412abfdcd44b2d96741df91f5a116e5d
2025-03-12 17:14:34,992 - INFO - Step: CSVExtractor completed...
2025-03-12 17:14:34,992 - INFO - Executing Step: CSVLoader
2025-03-12 17:14:34,993 - INFO - Checkpoint stored for step: 83f75dc262c2019d6cd451384412e01b
2025-03-12 17:14:34,993 - INFO - Step: CSVLoader completed...
2025-03-12 17:14:34,993 - INFO - Executing Step: reset_cache
2025-03-12 17:14:34,993 - INFO - Step: reset_cache completed...
2025-03-12 17:14:34,994 - INFO - No valid checkpoint found, starting from the beginning...
2025-03-12 17:14:34,994 - INFO - Beginning ETL Execution at time: 1741814074.994203 ...
2025-03-12 17:14:34,994 - INFO - Executing Step: CSVExtractor
2025-03-12 17:14:34,995 - INFO - Checkpoint stored for step: de222ed930bca8da97e04ac3f0e1a8c4
2025-03-12 17:14:34,995 - INFO - Step: CSVExtractor completed...
2025-03-12 17:14:34,995 - INFO - Executing Step: CSVExtractor
2025-03-12 17:14:34,996 - INFO - Checkpoint stored for step: 412abfdcd44b2d96741df91f5a116e5d
2025-03-12 17:14:34,996 - INFO - Step: CSVExtractor completed...
2025-03-12 17:14:34,996 - INFO - Executing Step: CSVLoader
2025-03-12 17:14:34,996 - INFO - Checkpoint stored for step: 83f75dc262c2019d6cd451384412e01b
2025-03-12 17:14:34,996 - INFO - Step: CSVLoader completed...
2025-03-12 17:14:34,996 - INFO - Executing Step: reset_cache
2025-03-12 17:14:34,996 - INFO - Step: reset_cache completed...
2025-03-12 17:14:34,997 - INFO - No valid checkpoint found, starting from the beginning...
2025-03-12 17:14:34,997 - INFO - Beginning ETL Execution at time: 1741814074.997208 ...
2025-03-12 17:14:34,997 - INFO - Executing Step: CSVExtractor
2025-03-12 17:14:34,998 - INFO - Checkpoint stored for step: de222ed930bca8da97e04ac3f0e1a8c4
2025-03-12 17:14:34,998 - INFO - Step: CSVExtractor completed...
2025-03-12 17:14:34,998 - INFO - Executing Step: CSVExtractor
2025-03-12 17:14:34,999 - INFO - Checkpoint stored for step: 412abfdcd44b2d96741df91f5a116e5d
2025-03-12 17:14:34,999 - INFO - Step: CSVExtractor completed...
2025-03-12 17:14:34,999 - INFO - Executing Step: CSVLoader
2025-03-12 17:14:34,999 - INFO - Checkpoint stored for step: 83f75dc262c2019d6cd451384412e01b
2025-03-12 17:14:34,999 - INFO - Step: CSVLoader completed...
2025-03-12 17:14:34,999 - INFO - Executing Step: reset_cache
2025-03-12 17:14:34,999 - INFO - Step: reset_cache completed...
2025-03-12 17:14:35,000 - INFO - No valid checkpoint found, starting from the beginning...
2025-03-12 17:14:35,000 - INFO - Beginning ETL Execution at time: 1741814075.0001006 ...
2025-03-12 17:14:35,000 - INFO - Executing Step: CSVExtractor
2025-03-12 17:14:35,001 - INFO - Checkpoint stored for step: de222ed930bca8da97e04ac3f0e1a8c4
2025-03-12 17:14:35,001 - INFO - Step: CSVExtractor completed...
2025-03-12 17:14:35,001 - INFO - Executing Step: CSVExtractor
2025-03-12 17:14:35,002 - INFO - Checkpoint stored for step: 412abfdcd44b2d96741df91f5a116e5d
2025-03-12 17:14:35,003 - INFO - Step: CSVExtractor completed...
2025-03-12 17:14:35,003 - INFO - Executing Step: CSVLoader
2025-03-12 17:14:35,004 - INFO - Checkpoint stored for step: 83f75dc262c2019d6cd451384412e01b
2025-03-12 17:14:35,004 - INFO - Step: CSVLoader completed...
2025-03-12 17:14:35,004 - INFO - Executing Step: reset_cache
2025-03-12 17:14:35,004 - INFO - Step: reset_cache completed...
2025-03-12 17:14:35,004 - INFO - No valid checkpoint found, starting from the beginning...
2025-03-12 17:14:35,004 - INFO - Beginning ETL Execution at time: 1741814075.004922 ...
2025-03-12 17:14:35,005 - INFO - Executing Step: CSVExtractor
2025-03-12 17:14:35,007 - INFO - Checkpoint stored for step: de222ed930bca8da97e04ac3f0e1a8c4
2025-03-12 17:14:35,007 - INFO - Step: CSVExtractor completed...
2025-03-12 17:14:35,007 - INFO - Executing Step: CSVExtractor
2025-03-12 17:14:35,008 - INFO - Checkpoint stored for step: 412abfdcd44b2d96741df91f5a116e5d
2025-03-12 17:14:35,008 - INFO - Step: CSVExtractor completed...
2025-03-12 17:14:35,008 - INFO - Executing Step: CSVLoader
2025-03-12 17:14:35,009 - INFO - Checkpoint stored for step: 83f75dc262c2019d6cd451384412e01b
2025-03-12 17:14:35,009 - INFO - Step: CSVLoader completed...
2025-03-12 17:14:35,009 - INFO - Executing Step: reset_cache
2025-03-12 17:14:35,009 - INFO - Step: reset_cache completed...
2025-03-12 17:14:35,009 - INFO - No valid checkpoint found, starting from the beginning...
2025-03-12 17:14:35,009 - INFO - Beginning ETL Execution at time: 1741814075.0096788 ...
2025-03-12 17:14:35,010 - INFO - Executing Step: CSVExtractor
2025-03-12 17:14:35,010 - INFO - Checkpoint stored for step: de222ed930bca8da97e04ac3f0e1a8c4
2025-03-12 17:14:35,010 - INFO - Step: CSVExtractor completed...
2025-03-12 17:14:35,010 - INFO - Executing Step: CSVExtractor
2025-03-12 17:14:35,011 - INFO - Checkpoint stored for step: 412abfdcd44b2d96741df91f5a116e5d
2025-03-12 17:14:35,011 - INFO - Step: CSVExtractor completed...
2025-03-12 17:14:35,011 - INFO - Executing Step: CSVLoader
2025-03-12 17:14:35,012 - INFO - Checkpoint stored for step: 83f75dc262c2019d6cd451384412e01b
2025-03-12 17:14:35,012 - INFO - Step: CSVLoader completed...
2025-03-12 17:14:35,012 - INFO - Executing Step: reset_cache
2025-03-12 17:14:35,012 - INFO - Step: reset_cache completed...
2025-03-12 17:14:35,012 - INFO - No valid checkpoint found, starting from the beginning...
2025-03-12 17:14:35,012 - INFO - Beginning ETL Execution at time: 1741814075.0127559 ...
2025-03-12 17:14:35,013 - INFO - Executing Step: CSVExtractor
2025-03-12 17:14:35,013 - INFO - Checkpoint stored for step: de222ed930bca8da97e04ac3f0e1a8c4
2025-03-12 17:14:35,013 - INFO - Step: CSVExtractor completed...
2025-03-12 17:14:35,013 - INFO - Executing Step: CSVExtractor
2025-03-12 17:14:35,014 - INFO - Checkpoint stored for step: 412abfdcd44b2d96741df91f5a116e5d
2025-03-12 17:14:35,014 - INFO - Step: CSVExtractor completed...
2025-03-12 17:14:35,014 - INFO - Executing Step: CSVLoader
2025-03-12 17:14:35,015 - INFO - Checkpoint stored for step: 83f75dc262c2019d6cd451384412e01b
2025-03-12 17:14:35,015 - INFO - Step: CSVLoader completed...
2025-03-12 17:14:35,015 - INFO - Executing Step: reset_cache
2025-03-12 17:14:35,015 - INFO - Step: reset_cache completed...
2025-03-12 17:14:35,015 - INFO - No valid checkpoint found, starting from the beginning...
2025-03-12 17:14:35,015 - INFO - Beginning ETL Execution at time: 1741814075.015925 ...
2025-03-12 17:14:35,016 - INFO - Executing Step: CSVExtractor
2025-03-12 17:14:35,017 - INFO - Checkpoint stored for step: de222ed930bca8da97e04ac3f0e1a8c4
2025-03-12 17:14:35,017 - INFO - Step: CSVExtractor completed...
2025-03-12 17:14:35,017 - INFO - Executing Step: CSVExtractor
2025-03-12 17:14:35,018 - INFO - Checkpoint stored for step: 412abfdcd44b2d96741df91f5a116e5d
2025-03-12 17:14:35,018 - INFO - Step: CSVExtractor completed...
2025-03-12 17:14:35,018 - INFO - Executing Step: CSVLoader
2025-03-12 17:14:35,019 - INFO - Checkpoint stored for step: 83f75dc262c2019d6cd451384412e01b
2025-03-12 17:14:35,019 - INFO - Step: CSVLoader completed...
2025-03-12 17:14:35,019 - INFO - Executing Step: reset_cache
2025-03-12 17:14:35,019 - INFO - Step: reset_cache completed...
2025-03-12 17:14:35,019 - INFO - No valid checkpoint found, starting from the beginning...
2025-03-12 17:14:35,019 - INFO - Beginning ETL Execution at time: 1741814075.019817 ...
2025-03-12 17:14:35,020 - INFO - Executing Step: CSVExtractor
2025-03-12 17:14:35,021 - INFO - Checkpoint stored for step: de222ed930bca8da97e04ac3f0e1a8c4
2025-03-12 17:14:35,021 - INFO - Step: CSVExtractor completed...
2025-03-12 17:14:35,021 - INFO - Executing Step: CSVExtractor
2025-03-12 17:14:35,022 - INFO - Checkpoint stored for step: 412abfdcd44b2d96741df91f5a116e5d
2025-03-12 17:14:35,022 - INFO - Step: CSVExtractor completed...
2025-03-12 17:14:35,022 - INFO - Executing Step: CSVLoader
2025-03-12 17:14:35,022 - INFO - Checkpoint stored for step: 83f75dc262c2019d6cd451384412e01b
2025-03-12 17:14:35,022 - INFO - Step: CSVLoader completed...
2025-03-12 17:14:35,022 - INFO - Executing Step: reset_cache
2025-03-12 17:14:35,022 - INFO - Step: reset_cache completed...
2025-03-12 17:14:35,023 - INFO - No valid checkpoint found, starting from the beginning...
2025-03-12 17:14:35,023 - INFO - Beginning ETL Execution at time: 1741814075.0232859 ...
2025-03-12 17:14:35,023 - INFO - Executing Step: CSVExtractor
2025-03-12 17:14:35,024 - INFO - Checkpoint stored for step: de222ed930bca8da97e04ac3f0e1a8c4
2025-03-12 17:14:35,024 - INFO - Step: CSVExtractor completed...
2025-03-12 17:14:35,024 - INFO - Executing Step: CSVExtractor
2025-03-12 17:14:35,025 - INFO - Checkpoint stored for step: 412abfdcd44b2d96741df91f5a116e5d
2025-03-12 17:14:35,025 - INFO - Step: CSVExtractor completed...
2025-03-12 17:14:35,025 - INFO - Executing Step: CSVLoader
2025-03-12 17:14:35,025 - INFO - Checkpoint stored for step: 83f75dc262c2019d6cd451384412e01b
2025-03-12 17:14:35,025 - INFO - Step: CSVLoader completed...
2025-03-12 17:14:35,025 - INFO - Executing Step: reset_cache
2025-03-12 17:14:35,025 - INFO - Step: reset_cache completed...
2025-03-12 17:14:35,026 - INFO - No valid checkpoint found, starting from the beginning...
2025-03-12 17:14:35,026 - INFO - Beginning ETL Execution at time: 1741814075.0261855 ...
2025-03-12 17:14:35,026 - INFO - Executing Step: CSVExtractor
2025-03-12 17:14:35,027 - INFO - Checkpoint stored for step: de222ed930bca8da97e04ac3f0e1a8c4
2025-03-12 17:14:35,027 - INFO - Step: CSVExtractor completed...
2025-03-12 17:14:35,027 - INFO - Executing Step: CSVExtractor
2025-03-12 17:14:35,027 - INFO - Checkpoint stored for step: 412abfdcd44b2d96741df91f5a116e5d
2025-03-12 17:14:35,027 - INFO - Step: CSVExtractor completed...
2025-03-12 17:14:35,027 - INFO - Executing Step: CSVLoader
2025-03-12 17:14:35,028 - INFO - Checkpoint stored for step: 83f75dc262c2019d6cd451384412e01b
2025-03-12 17:14:35,028 - INFO - Step: CSVLoader completed...
2025-03-12 17:14:35,028 - INFO - Executing Step: reset_cache
2025-03-12 17:14:35,028 - INFO - Step: reset_cache completed...
2025-03-12 17:14:35,028 - INFO - No valid checkpoint found, starting from the beginning...
2025-03-12 17:14:35,028 - INFO - Beginning ETL Execution at time: 1741814075.0288582 ...
2025-03-12 17:14:35,029 - INFO - Executing Step: CSVExtractor
2025-03-12 17:14:35,030 - INFO - Checkpoint stored for step: de222ed930bca8da97e04ac3f0e1a8c4
2025-03-12 17:14:35,030 - INFO - Step: CSVExtractor completed...
2025-03-12 17:14:35,030 - INFO - Executing Step: CSVExtractor
2025-03-12 17:14:35,030 - INFO - Checkpoint stored for step: 412abfdcd44b2d96741df91f5a116e5d
2025-03-12 17:14:35,030 - INFO - Step: CSVExtractor completed...
2025-03-12 17:14:35,030 - INFO - Executing Step: CSVLoader
2025-03-12 17:14:35,031 - INFO - Checkpoint stored for step: 83f75dc262c2019d6cd451384412e01b
2025-03-12 17:14:35,031 - INFO - Step: CSVLoader completed...
2025-03-12 17:14:35,031 - INFO - Executing Step: reset_cache
2025-03-12 17:14:35,031 - INFO - Step: reset_cache completed...
2025-03-12 17:14:35,031 - INFO - No valid checkpoint found, starting from the beginning...
2025-03-12 17:14:35,031 - INFO - Beginning ETL Execution at time: 1741814075.0317726 ...
2025-03-12 17:14:35,032 - INFO - Executing Step: CSVExtractor
2025-03-12 17:14:35,032 - INFO - Checkpoint stored for step: de222ed930bca8da97e04ac3f0e1a8c4
2025-03-12 17:14:35,032 - INFO - Step: CSVExtractor completed...
2025-03-12 17:14:35,032 - INFO - Executing Step: CSVExtractor
2025-03-12 17:14:35,033 - INFO - Checkpoint stored for step: 412abfdcd44b2d96741df91f5a116e5d
2025-03-12 17:14:35,033 - INFO - Step: CSVExtractor completed...
2025-03-12 17:14:35,033 - INFO - Executing Step: CSVLoader
2025-03-12 17:14:35,034 - INFO - Checkpoint stored for step: 83f75dc262c2019d6cd451384412e01b
2025-03-12 17:14:35,034 - INFO - Step: CSVLoader completed...
2025-03-12 17:14:35,034 - INFO - Executing Step: reset_cache
2025-03-12 17:14:35,034 - INFO - Step: reset_cache completed...
2025-03-12 17:14:35,034 - INFO - No valid checkpoint found, starting from the beginning...
2025-03-12 17:14:35,034 - INFO - Beginning ETL Execution at time: 1741814075.0346196 ...
2025-03-12 17:14:35,034 - INFO - Executing Step: CSVExtractor
2025-03-12 17:14:35,035 - INFO - Checkpoint stored for step: de222ed930bca8da97e04ac3f0e1a8c4
2025-03-12 17:14:35,035 - INFO - Step: CSVExtractor completed...
2025-03-12 17:14:35,035 - INFO - Executing Step: CSVExtractor
2025-03-12 17:14:35,036 - INFO - Checkpoint stored for step: 412abfdcd44b2d96741df91f5a116e5d
2025-03-12 17:14:35,036 - INFO - Step: CSVExtractor completed...
2025-03-12 17:14:35,036 - INFO - Executing Step: CSVLoader
2025-03-12 17:14:35,037 - INFO - Checkpoint stored for step: 83f75dc262c2019d6cd451384412e01b
2025-03-12 17:14:35,037 - INFO - Step: CSVLoader completed...
2025-03-12 17:14:35,037 - INFO - Executing Step: reset_cache
2025-03-12 17:14:35,037 - INFO - Step: reset_cache completed...
2025-03-12 17:14:35,037 - INFO - No valid checkpoint found, starting from the beginning...
2025-03-12 17:14:35,037 - INFO - Beginning ETL Execution at time: 1741814075.0376563 ...
2025-03-12 17:14:35,038 - INFO - Executing Step: CSVExtractor
2025-03-12 17:14:35,038 - INFO - Checkpoint stored for step: de222ed930bca8da97e04ac3f0e1a8c4
2025-03-12 17:14:35,038 - INFO - Step: CSVExtractor completed...
2025-03-12 17:14:35,038 - INFO - Executing Step: CSVExtractor
2025-03-12 17:14:35,039 - INFO - Checkpoint stored for step: 412abfdcd44b2d96741df91f5a116e5d
2025-03-12 17:14:35,039 - INFO - Step: CSVExtractor completed...
2025-03-12 17:14:35,039 - INFO - Executing Step: CSVLoader
2025-03-12 17:14:35,040 - INFO - Checkpoint stored for step: 83f75dc262c2019d6cd451384412e01b
2025-03-12 17:14:35,040 - INFO - Step: CSVLoader completed...
2025-03-12 17:14:35,040 - INFO - Executing Step: reset_cache
2025-03-12 17:14:35,040 - INFO - Step: reset_cache completed...
2025-03-12 17:14:35,040 - INFO - No valid checkpoint found, starting from the beginning...
2025-03-12 17:14:35,040 - INFO - Beginning ETL Execution at time: 1741814075.0404327 ...
2025-03-12 17:14:35,040 - INFO - Executing Step: CSVExtractor
2025-03-12 17:14:35,041 - INFO - Checkpoint stored for step: de222ed930bca8da97e04ac3f0e1a8c4
2025-03-12 17:14:35,041 - INFO - Step: CSVExtractor completed...
2025-03-12 17:14:35,041 - INFO - Executing Step: CSVExtractor
2025-03-12 17:14:35,042 - INFO - Checkpoint stored for step: 412abfdcd44b2d96741df91f5a116e5d
2025-03-12 17:14:35,042 - INFO - Step: CSVExtractor completed...
2025-03-12 17:14:35,042 - INFO - Executing Step: CSVLoader
2025-03-12 17:14:35,042 - INFO - Checkpoint stored for step: 83f75dc262c2019d6cd451384412e01b
2025-03-12 17:14:35,042 - INFO - Step: CSVLoader completed...
2025-03-12 17:14:35,042 - INFO - Executing Step: reset_cache
2025-03-12 17:14:35,042 - INFO - Step: reset_cache completed...
2025-03-12 17:14:35,043 - INFO - No valid checkpoint found, starting from the beginning...
2025-03-12 17:14:35,043 - INFO - Beginning ETL Execution at time: 1741814075.0431519 ...
2025-03-12 17:14:35,043 - INFO - Executing Step: CSVExtractor
2025-03-12 17:14:35,044 - INFO - Checkpoint stored for step: de222ed930bca8da97e04ac3f0e1a8c4
2025-03-12 17:14:35,044 - INFO - Step: CSVExtractor completed...
2025-03-12 17:14:35,044 - INFO - Executing Step: CSVExtractor
2025-03-12 17:14:35,045 - INFO - Checkpoint stored for step: 412abfdcd44b2d96741df91f5a116e5d
2025-03-12 17:14:35,045 - INFO - Step: CSVExtractor completed...
2025-03-12 17:14:35,045 - INFO - Executing Step: CSVLoader
2025-03-12 17:14:35,046 - INFO - Checkpoint stored for step: 83f75dc262c2019d6cd451384412e01b
2025-03-12 17:14:35,046 - INFO - Step: CSVLoader completed...
2025-03-12 17:14:35,046 - INFO - Executing Step: reset_cache
2025-03-12 17:14:35,046 - INFO - Step: reset_cache completed...
2025-03-12 17:14:35,046 - INFO - No valid checkpoint found, starting from the beginning...
2025-03-12 17:14:35,046 - INFO - Beginning ETL Execution at time: 1741814075.0465038 ...
2025-03-12 17:14:35,046 - INFO - Executing Step: CSVExtractor
2025-03-12 17:14:35,047 - INFO - Checkpoint stored for step: de222ed930bca8da97e04ac3f0e1a8c4
2025-03-12 17:14:35,047 - INFO - Step: CSVExtractor completed...
2025-03-12 17:14:35,047 - INFO - Executing Step: CSVExtractor
2025-03-12 17:14:35,048 - INFO - Checkpoint stored for step: 412abfdcd44b2d96741df91f5a116e5d
2025-03-12 17:14:35,048 - INFO - Step: CSVExtractor completed...
2025-03-12 17:14:35,048 - INFO - Executing Step: CSVLoader
2025-03-12 17:14:35,049 - INFO - Checkpoint stored for step: 83f75dc262c2019d6cd451384412e01b
2025-03-12 17:14:35,049 - INFO - Step: CSVLoader completed...
2025-03-12 17:14:35,049 - INFO - Executing Step: reset_cache
2025-03-12 17:14:35,049 - INFO - Step: reset_cache completed...
2025-03-12 17:14:35,049 - INFO - No valid checkpoint found, starting from the beginning...
2025-03-12 17:14:35,049 - INFO - Beginning ETL Execution at time: 1741814075.0494227 ...
2025-03-12 17:14:35,049 - INFO - Executing Step: CSVExtractor
2025-03-12 17:14:35,050 - INFO - Checkpoint stored for step: de222ed930bca8da97e04ac3f0e1a8c4
2025-03-12 17:14:35,050 - INFO - Step: CSVExtractor completed...
2025-03-12 17:14:35,050 - INFO - Executing Step: CSVExtractor
2025-03-12 17:14:35,051 - INFO - Checkpoint stored for step: 412abfdcd44b2d96741df91f5a116e5d
2025-03-12 17:14:35,051 - INFO - Step: CSVExtractor completed...
2025-03-12 17:14:35,051 - INFO - Executing Step: CSVLoader
2025-03-12 17:14:35,051 - INFO - Checkpoint stored for step: 83f75dc262c2019d6cd451384412e01b
2025-03-12 17:14:35,051 - INFO - Step: CSVLoader completed...
2025-03-12 17:14:35,051 - INFO - Executing Step: reset_cache
2025-03-12 17:14:35,051 - INFO - Step: reset_cache completed...
2025-03-12 17:14:35,052 - INFO - No valid checkpoint found, starting from the beginning...
2025-03-12 17:14:35,052 - INFO - Beginning ETL Execution at time: 1741814075.0521252 ...
2025-03-12 17:14:35,052 - INFO - Executing Step: CSVExtractor
2025-03-12 17:14:35,053 - INFO - Checkpoint stored for step: de222ed930bca8da97e04ac3f0e1a8c4
2025-03-12 17:14:35,053 - INFO - Step: CSVExtractor completed...
2025-03-12 17:14:35,053 - INFO - Executing Step: CSVExtractor
2025-03-12 17:14:35,054 - INFO - Checkpoint stored for step: 412abfdcd44b2d96741df91f5a116e5d
2025-03-12 17:14:35,054 - INFO - Step: CSVExtractor completed...
2025-03-12 17:14:35,054 - INFO - Executing Step: CSVLoader
2025-03-12 17:14:35,055 - INFO - Checkpoint stored for step: 83f75dc262c2019d6cd451384412e01b
2025-03-12 17:14:35,055 - INFO - Step: CSVLoader completed...
2025-03-12 17:14:35,055 - INFO - Executing Step: reset_cache
2025-03-12 17:14:35,055 - INFO - Step: reset_cache completed...
2025-03-12 17:14:35,055 - INFO - No valid checkpoint found, starting from the beginning...
2025-03-12 17:14:35,055 - INFO - Beginning ETL Execution at time: 1741814075.0557332 ...
2025-03-12 17:14:35,056 - INFO - Executing Step: CSVExtractor
2025-03-12 17:14:35,057 - INFO - Checkpoint stored for step: de222ed930bca8da97e04ac3f0e1a8c4
2025-03-12 17:14:35,057 - INFO - Step: CSVExtractor completed...
2025-03-12 17:14:35,057 - INFO - Executing Step: CSVExtractor
2025-03-12 17:14:35,058 - INFO - Checkpoint stored for step: 412abfdcd44b2d96741df91f5a116e5d
2025-03-12 17:14:35,058 - INFO - Step: CSVExtractor completed...
2025-03-12 17:14:35,058 - INFO - Executing Step: CSVLoader
2025-03-12 17:14:35,059 - INFO - Checkpoint stored for step: 83f75dc262c2019d6cd451384412e01b
2025-03-12 17:14:35,059 - INFO - Step: CSVLoader completed...
2025-03-12 17:14:35,059 - INFO - Executing Step: reset_cache
2025-03-12 17:14:35,059 - INFO - Step: reset_cache completed...
2025-03-12 17:14:35,059 - INFO - No valid checkpoint found, starting from the beginning...
2025-03-12 17:14:35,059 - INFO - Beginning ETL Execution at time: 1741814075.05993 ...
2025-03-12 17:14:35,060 - INFO - Executing Step: CSVExtractor
2025-03-12 17:14:35,061 - INFO - Checkpoint stored for step: de222ed930bca8da97e04ac3f0e1a8c4
2025-03-12 17:14:35,061 - INFO - Step: CSVExtractor completed...
2025-03-12 17:14:35,061 - INFO - Executing Step: CSVExtractor
2025-03-12 17:14:35,061 - INFO - Checkpoint stored for step: 412abfdcd44b2d96741df91f5a116e5d
2025-03-12 17:14:35,062 - INFO - Step: CSVExtractor completed...
2025-03-12 17:14:35,062 - INFO - Executing Step: CSVLoader
2025-03-12 17:14:35,062 - INFO - Checkpoint stored for step: 83f75dc262c2019d6cd451384412e01b
2025-03-12 17:14:35,062 - INFO - Step: CSVLoader completed...
2025-03-12 17:14:35,062 - INFO - Executing Step: reset_cache
2025-03-12 17:14:35,062 - INFO - Step: reset_cache completed...
2025-03-12 17:14:35,063 - INFO - No valid checkpoint found, starting from the beginning...
2025-03-12 17:14:35,063 - INFO - Beginning ETL Execution at time: 1741814075.0631173 ...
2025-03-12 17:14:35,063 - INFO - Executing Step: CSVExtractor
2025-03-12 17:14:35,064 - INFO - Checkpoint stored for step: de222ed930bca8da97e04ac3f0e1a8c4
2025-03-12 17:14:35,064 - INFO - Step: CSVExtractor completed...
2025-03-12 17:14:35,064 - INFO - Executing Step: CSVExtractor
2025-03-12 17:14:35,064 - INFO - Checkpoint stored for step: 412abfdcd44b2d96741df91f5a116e5d
2025-03-12 17:14:35,064 - INFO - Step: CSVExtractor completed...
2025-03-12 17:14:35,064 - INFO - Executing Step: CSVLoader
2025-03-12 17:14:35,065 - INFO - Checkpoint stored for step: 83f75dc262c2019d6cd451384412e01b
2025-03-12 17:14:35,065 - INFO - Step: CSVLoader completed...
2025-03-12 17:14:35,065 - INFO - Executing Step: reset_cache
2025-03-12 17:14:35,065 - INFO - Step: reset_cache completed...
2025-03-12 17:14:35,065 - INFO - No valid checkpoint found, starting from the beginning...
2025-03-12 17:14:35,065 - INFO - Beginning ETL Execution at time: 1741814075.0659416 ...
2025-03-12 17:14:35,066 - INFO - Executing Step: CSVExtractor
2025-03-12 17:14:35,067 - INFO - Checkpoint stored for step: de222ed930bca8da97e04ac3f0e1a8c4
2025-03-12 17:14:35,067 - INFO - Step: CSVExtractor completed...
2025-03-12 17:14:35,067 - INFO - Executing Step: CSVExtractor
2025-03-12 17:14:35,067 - INFO - Checkpoint stored for step: 412abfdcd44b2d96741df91f5a116e5d
2025-03-12 17:14:35,067 - INFO - Step: CSVExtractor completed...
2025-03-12 17:14:35,067 - INFO - Executing Step: CSVLoader
2025-03-12 17:14:35,068 - INFO - Checkpoint stored for step: 83f75dc262c2019d6cd451384412e01b
2025-03-12 17:14:35,068 - INFO - Step: CSVLoader completed...
2025-03-12 17:14:35,068 - INFO - Executing Step: reset_cache
2025-03-12 17:14:35,068 - INFO - Step: reset_cache completed...
2025-03-12 17:14:35,068 - INFO - No valid checkpoint found, starting from the beginning...
2025-03-12 17:14:35,068 - INFO - Beginning ETL Execution at time: 1741814075.0688384 ...
2025-03-12 17:14:35,069 - INFO - Executing Step: CSVExtractor
2025-03-12 17:14:35,069 - INFO - Checkpoint stored for step: de222ed930bca8da97e04ac3f0e1a8c4
2025-03-12 17:14:35,069 - INFO - Step: CSVExtractor completed...
2025-03-12 17:14:35,069 - INFO - Executing Step: CSVExtractor
2025-03-12 17:14:35,070 - INFO - Checkpoint stored for step: 412abfdcd44b2d96741df91f5a116e5d
2025-03-12 17:14:35,070 - INFO - Step: CSVExtractor completed...
2025-03-12 17:14:35,070 - INFO - Executing Step: CSVLoader
2025-03-12 17:14:35,071 - INFO - Checkpoint stored for step: 83f75dc262c2019d6cd451384412e01b
2025-03-12 17:14:35,071 - INFO - Step: CSVLoader completed...
2025-03-12 17:14:35,071 - INFO - Executing Step: reset_cache
2025-03-12 17:14:35,071 - INFO - Step: reset_cache completed...
2025-03-12 17:14:35,071 - INFO - No valid checkpoint found, starting from the beginning...
2025-03-12 17:14:35,071 - INFO - Beginning ETL Execution at time: 1741814075.071549 ...
2025-03-12 17:14:35,071 - INFO - Executing Step: CSVExtractor
2025-03-12 17:14:35,072 - INFO - Checkpoint stored for step: de222ed930bca8da97e04ac3f0e1a8c4
2025-03-12 17:14:35,072 - INFO - Step: CSVExtractor completed...
2025-03-12 17:14:35,072 - INFO - Executing Step: CSVExtractor
2025-03-12 17:14:35,073 - INFO - Checkpoint stored for step: 412abfdcd44b2d96741df91f5a116e5d
2025-03-12 17:14:35,073 - INFO - Step: CSVExtractor completed...
2025-03-12 17:14:35,073 - INFO - Executing Step: CSVLoader
2025-03-12 17:14:35,074 - INFO - Checkpoint stored for step: 83f75dc262c2019d6cd451384412e01b
2025-03-12 17:14:35,074 - INFO - Step: CSVLoader completed...
2025-03-12 17:14:35,074 - INFO - Executing Step: reset_cache
2025-03-12 17:14:35,074 - INFO - Step: reset_cache completed...
2025-03-12 17:14:35,074 - INFO - No valid checkpoint found, starting from the beginning...
2025-03-12 17:14:35,074 - INFO - Beginning ETL Execution at time: 1741814075.0745375 ...
2025-03-12 17:14:35,074 - INFO - Executing Step: CSVExtractor
2025-03-12 17:14:35,075 - INFO - Checkpoint stored for step: de222ed930bca8da97e04ac3f0e1a8c4
2025-03-12 17:14:35,075 - INFO - Step: CSVExtractor completed...
2025-03-12 17:14:35,075 - INFO - Executing Step: CSVExtractor
2025-03-12 17:14:35,076 - INFO - Checkpoint stored for step: 412abfdcd44b2d96741df91f5a116e5d
2025-03-12 17:14:35,076 - INFO - Step: CSVExtractor completed...
2025-03-12 17:14:35,076 - INFO - Executing Step: CSVLoader
2025-03-12 17:14:35,077 - INFO - Checkpoint stored for step: 83f75dc262c2019d6cd451384412e01b
2025-03-12 17:14:35,077 - INFO - Step: CSVLoader completed...
2025-03-12 17:14:35,077 - INFO - Executing Step: reset_cache
2025-03-12 17:14:35,077 - INFO - Step: reset_cache completed...
2025-03-12 17:14:35,077 - INFO - No valid checkpoint found, starting from the beginning...
2025-03-12 17:14:35,077 - INFO - Beginning ETL Execution at time: 1741814075.0776315 ...
2025-03-12 17:14:35,077 - INFO - Executing Step: CSVExtractor
2025-03-12 17:14:35,078 - INFO - Checkpoint stored for step: de222ed930bca8da97e04ac3f0e1a8c4
2025-03-12 17:14:35,078 - INFO - Step: CSVExtractor completed...
2025-03-12 17:14:35,078 - INFO - Executing Step: CSVExtractor
2025-03-12 17:14:35,079 - INFO - Checkpoint stored for step: 412abfdcd44b2d96741df91f5a116e5d
2025-03-12 17:14:35,079 - INFO - Step: CSVExtractor completed...
2025-03-12 17:14:35,079 - INFO - Executing Step: CSVLoader
2025-03-12 17:14:35,080 - INFO - Checkpoint stored for step: 83f75dc262c2019d6cd451384412e01b
2025-03-12 17:14:35,080 - INFO - Step: CSVLoader completed...
2025-03-12 17:14:35,080 - INFO - Executing Step: reset_cache
2025-03-12 17:14:35,080 - INFO - Step: reset_cache completed...
2025-03-12 17:14:35,080 - INFO - No valid checkpoint found, starting from the beginning...
2025-03-12 17:14:35,080 - INFO - Beginning ETL Execution at time: 1741814075.0805535 ...
2025-03-12 17:14:35,080 - INFO - Executing Step: CSVExtractor
2025-03-12 17:14:35,081 - INFO - Checkpoint stored for step: de222ed930bca8da97e04ac3f0e1a8c4
2025-03-12 17:14:35,081 - INFO - Step: CSVExtractor completed...
2025-03-12 17:14:35,081 - INFO - Executing Step: CSVExtractor
2025-03-12 17:14:35,082 - INFO - Checkpoint stored for step: 412abfdcd44b2d96741df91f5a116e5d
2025-03-12 17:14:35,082 - INFO - Step: CSVExtractor completed...
2025-03-12 17:14:35,082 - INFO - Executing Step: CSVLoader
2025-03-12 17:14:35,083 - INFO - Checkpoint stored for step: 83f75dc262c2019d6cd451384412e01b
2025-03-12 17:14:35,083 - INFO - Step: CSVLoader completed...
2025-03-12 17:14:35,083 - INFO - Executing Step: reset_cache
2025-03-12 17:14:35,083 - INFO - Step: reset_cache completed...
2025-03-12 17:14:35,083 - INFO - No valid checkpoint found, starting from the beginning...
2025-03-12 17:14:35,083 - INFO - Beginning ETL Execution at time: 1741814075.0835314 ...
2025-03-12 17:14:35,084 - INFO - Executing Step: CSVExtractor
2025-03-12 17:14:35,084 - INFO - Checkpoint stored for step: de222ed930bca8da97e04ac3f0e1a8c4
2025-03-12 17:14:35,084 - INFO - Step: CSVExtractor completed...
2025-03-12 17:14:35,084 - INFO - Executing Step: CSVExtractor
2025-03-12 17:14:35,085 - INFO - Checkpoint stored for step: 412abfdcd44b2d96741df91f5a116e5d
2025-03-12 17:14:35,085 - INFO - Step: CSVExtractor completed...
2025-03-12 17:14:35,085 - INFO - Executing Step: CSVLoader
2025-03-12 17:14:35,086 - INFO - Checkpoint stored for step: 83f75dc262c2019d6cd451384412e01b
2025-03-12 17:14:35,086 - INFO - Step: CSVLoader completed...
2025-03-12 17:14:35,086 - INFO - Executing Step: reset_cache
2025-03-12 17:14:35,086 - INFO - Step: reset_cache completed...
2025-03-12 17:14:35,086 - INFO - No valid checkpoint found, starting from the beginning...
2025-03-12 17:14:35,086 - INFO - Beginning ETL Execution at time: 1741814075.0868783 ...
2025-03-12 17:14:35,087 - INFO - Executing Step: CSVExtractor
2025-03-12 17:14:35,087 - INFO - Checkpoint stored for step: de222ed930bca8da97e04ac3f0e1a8c4
2025-03-12 17:14:35,087 - INFO - Step: CSVExtractor completed...
2025-03-12 17:14:35,088 - INFO - Executing Step: CSVExtractor
2025-03-12 17:14:35,088 - INFO - Checkpoint stored for step: 412abfdcd44b2d96741df91f5a116e5d
2025-03-12 17:14:35,088 - INFO - Step: CSVExtractor completed...
2025-03-12 17:14:35,088 - INFO - Executing Step: CSVLoader
2025-03-12 17:14:35,089 - INFO - Checkpoint stored for step: 83f75dc262c2019d6cd451384412e01b
2025-03-12 17:14:35,089 - INFO - Step: CSVLoader completed...
2025-03-12 17:14:35,089 - INFO - Executing Step: reset_cache
2025-03-12 17:14:35,089 - INFO - Step: reset_cache completed...
2025-03-12 17:14:35,089 - INFO - No valid checkpoint found, starting from the beginning...
2025-03-12 17:14:35,089 - INFO - Beginning ETL Execution at time: 1741814075.089885 ...
2025-03-12 17:14:35,090 - INFO - Executing Step: CSVExtractor
2025-03-12 17:14:35,091 - INFO - Checkpoint stored for step: de222ed930bca8da97e04ac3f0e1a8c4
2025-03-12 17:14:35,091 - INFO - Step: CSVExtractor completed...
2025-03-12 17:14:35,091 - INFO - Executing Step: CSVExtractor
2025-03-12 17:14:35,091 - INFO - Checkpoint stored for step: 412abfdcd44b2d96741df91f5a116e5d
2025-03-12 17:14:35,091 - INFO - Step: CSVExtractor completed...
2025-03-12 17:14:35,091 - INFO - Executing Step: CSVLoader
2025-03-12 17:14:35,092 - INFO - Checkpoint stored for step: 83f75dc262c2019d6cd451384412e01b
2025-03-12 17:14:35,092 - INFO - Step: CSVLoader completed...
2025-03-12 17:14:35,092 - INFO - Executing Step: reset_cache
2025-03-12 17:14:35,092 - INFO - Step: reset_cache completed...
2025-03-12 17:14:35,092 - INFO - No valid checkpoint found, starting from the beginning...
2025-03-12 17:14:35,092 - INFO - Beginning ETL Execution at time: 1741814075.092938 ...
2025-03-12 17:14:35,093 - INFO - Executing Step: CSVExtractor
2025-03-12 17:14:35,094 - INFO - Checkpoint stored for step: de222ed930bca8da97e04ac3f0e1a8c4
2025-03-12 17:14:35,094 - INFO - Step: CSVExtractor completed...
2025-03-12 17:14:35,094 - INFO - Executing Step: CSVExtractor
2025-03-12 17:14:35,094 - INFO - Checkpoint stored for step: 412abfdcd44b2d96741df91f5a116e5d
2025-03-12 17:14:35,094 - INFO - Step: CSVExtractor completed...
2025-03-12 17:14:35,094 - INFO - Executing Step: CSVLoader
2025-03-12 17:14:35,095 - INFO - Checkpoint stored for step: 83f75dc262c2019d6cd451384412e01b
2025-03-12 17:14:35,095 - INFO - Step: CSVLoader completed...
2025-03-12 17:14:35,095 - INFO - Executing Step: reset_cache
2025-03-12 17:14:35,095 - INFO - Step: reset_cache completed...
2025-03-12 17:14:35,095 - INFO - No valid checkpoint found, starting from the beginning...
2025-03-12 17:14:35,095 - INFO - Beginning ETL Execution at time: 1741814075.095918 ...
2025-03-12 17:14:35,096 - INFO - Executing Step: CSVExtractor
2025-03-12 17:14:35,097 - INFO - Checkpoint stored for step: de222ed930bca8da97e04ac3f0e1a8c4
2025-03-12 17:14:35,097 - INFO - Step: CSVExtractor completed...
2025-03-12 17:14:35,097 - INFO - Executing Step: CSVExtractor
2025-03-12 17:14:35,097 - INFO - Checkpoint stored for step: 412abfdcd44b2d96741df91f5a116e5d
2025-03-12 17:14:35,097 - INFO - Step: CSVExtractor completed...
2025-03-12 17:14:35,097 - INFO - Executing Step: CSVLoader
2025-03-12 17:14:35,098 - INFO - Checkpoint stored for step: 83f75dc262c2019d6cd451384412e01b
2025-03-12 17:14:35,098 - INFO - Step: CSVLoader completed...
2025-03-12 17:14:35,098 - INFO - Executing Step: reset_cache
2025-03-12 17:14:35,098 - INFO - Step: reset_cache completed...
