2025-03-12 16:23:55,709 - INFO - Target extractor set...
2025-03-12 16:23:55,710 - INFO - Target loader set...
2025-03-12 16:23:55,712 - INFO - Successfully added step with key: 412abfdcd44b2d96741df91f5a116e5d
2025-03-12 16:23:55,712 - INFO - Successfully added step with key: de222ed930bca8da97e04ac3f0e1a8c4
2025-03-12 16:23:55,712 - INFO - Successfully added step with key: 83f75dc262c2019d6cd451384412e01b
2025-03-12 16:23:55,712 - INFO - Successfully added step with key: 303c02b1d9dc0c0c316fca773bdcf9b6
2025-03-12 16:23:55,713 - INFO - No valid checkpoint found, starting from the beginning...
2025-03-12 16:23:55,713 - INFO - Beginning ETL Execution at time: 1741811035.7130778 ...
2025-03-12 16:23:55,714 - INFO - Executing Step: CSVExtractor
2025-03-12 16:23:55,715 - INFO - Added dataframe: othertmp to globalcontext
2025-03-12 16:23:55,716 - INFO - Checkpoint stored for step: de222ed930bca8da97e04ac3f0e1a8c4
2025-03-12 16:23:55,716 - INFO - Step: CSVExtractor completed...
2025-03-12 16:23:55,716 - INFO - Executing Step: CSVExtractor
2025-03-12 16:23:55,716 - INFO - Added dataframe: tmp to globalcontext
2025-03-12 16:23:55,717 - INFO - Checkpoint stored for step: 412abfdcd44b2d96741df91f5a116e5d
2025-03-12 16:23:55,717 - INFO - Step: CSVExtractor completed...
2025-03-12 16:23:55,717 - INFO - Executing Step: CSVLoader
2025-03-12 16:23:55,719 - INFO - Checkpoint stored for step: 83f75dc262c2019d6cd451384412e01b
2025-03-12 16:23:55,719 - INFO - Step: CSVLoader completed...
2025-03-12 16:23:55,719 - INFO - Executing Step: reset_cache
2025-03-12 16:23:55,719 - INFO - Step: reset_cache completed...
2025-03-12 16:23:55,719 - INFO - No valid checkpoint found, starting from the beginning...
2025-03-12 16:23:55,719 - INFO - Beginning ETL Execution at time: 1741811035.7195573 ...
2025-03-12 16:23:55,719 - INFO - Executing Step: CSVExtractor
2025-03-12 16:23:55,720 - INFO - Added dataframe: othertmp to globalcontext
2025-03-12 16:23:55,721 - INFO - Checkpoint stored for step: de222ed930bca8da97e04ac3f0e1a8c4
2025-03-12 16:23:55,721 - INFO - Step: CSVExtractor completed...
2025-03-12 16:23:55,721 - INFO - Executing Step: CSVExtractor
2025-03-12 16:23:55,721 - INFO - Added dataframe: tmp to globalcontext
2025-03-12 16:23:55,722 - INFO - Checkpoint stored for step: 412abfdcd44b2d96741df91f5a116e5d
2025-03-12 16:23:55,722 - INFO - Step: CSVExtractor completed...
2025-03-12 16:23:55,723 - INFO - Executing Step: CSVLoader
2025-03-12 16:23:55,725 - INFO - Checkpoint stored for step: 83f75dc262c2019d6cd451384412e01b
2025-03-12 16:23:55,725 - INFO - Step: CSVLoader completed...
2025-03-12 16:23:55,725 - INFO - Executing Step: reset_cache
2025-03-12 16:23:55,725 - INFO - Step: reset_cache completed...
2025-03-12 16:23:55,725 - INFO - No valid checkpoint found, starting from the beginning...
2025-03-12 16:23:55,725 - INFO - Beginning ETL Execution at time: 1741811035.7259784 ...
2025-03-12 16:23:55,726 - INFO - Executing Step: CSVExtractor
2025-03-12 16:23:55,728 - INFO - Checkpoint stored for step: de222ed930bca8da97e04ac3f0e1a8c4
2025-03-12 16:23:55,728 - INFO - Step: CSVExtractor completed...
2025-03-12 16:23:55,728 - INFO - Executing Step: CSVExtractor
2025-03-12 16:23:55,730 - INFO - Checkpoint stored for step: 412abfdcd44b2d96741df91f5a116e5d
2025-03-12 16:23:55,730 - INFO - Step: CSVExtractor completed...
2025-03-12 16:23:55,730 - INFO - Executing Step: CSVLoader
2025-03-12 16:23:55,731 - INFO - Checkpoint stored for step: 83f75dc262c2019d6cd451384412e01b
2025-03-12 16:23:55,731 - INFO - Step: CSVLoader completed...
2025-03-12 16:23:55,731 - INFO - Executing Step: reset_cache
2025-03-12 16:23:55,731 - INFO - Step: reset_cache completed...
2025-03-12 16:23:55,731 - INFO - No valid checkpoint found, starting from the beginning...
2025-03-12 16:23:55,731 - INFO - Beginning ETL Execution at time: 1741811035.7318408 ...
2025-03-12 16:23:55,732 - INFO - Executing Step: CSVExtractor
2025-03-12 16:23:55,734 - INFO - Checkpoint stored for step: de222ed930bca8da97e04ac3f0e1a8c4
2025-03-12 16:23:55,734 - INFO - Step: CSVExtractor completed...
2025-03-12 16:23:55,734 - INFO - Executing Step: CSVExtractor
2025-03-12 16:23:55,735 - INFO - Checkpoint stored for step: 412abfdcd44b2d96741df91f5a116e5d
2025-03-12 16:23:55,735 - INFO - Step: CSVExtractor completed...
2025-03-12 16:23:55,735 - INFO - Executing Step: CSVLoader
2025-03-12 16:23:55,736 - INFO - Checkpoint stored for step: 83f75dc262c2019d6cd451384412e01b
2025-03-12 16:23:55,737 - INFO - Step: CSVLoader completed...
2025-03-12 16:23:55,737 - INFO - Executing Step: reset_cache
2025-03-12 16:23:55,737 - INFO - Step: reset_cache completed...
2025-03-12 16:23:55,737 - INFO - No valid checkpoint found, starting from the beginning...
2025-03-12 16:23:55,737 - INFO - Beginning ETL Execution at time: 1741811035.7375376 ...
2025-03-12 16:23:55,738 - INFO - Executing Step: CSVExtractor
2025-03-12 16:23:55,739 - INFO - Checkpoint stored for step: de222ed930bca8da97e04ac3f0e1a8c4
2025-03-12 16:23:55,739 - INFO - Step: CSVExtractor completed...
2025-03-12 16:23:55,739 - INFO - Executing Step: CSVExtractor
2025-03-12 16:23:55,741 - INFO - Checkpoint stored for step: 412abfdcd44b2d96741df91f5a116e5d
2025-03-12 16:23:55,741 - INFO - Step: CSVExtractor completed...
2025-03-12 16:23:55,741 - INFO - Executing Step: CSVLoader
2025-03-12 16:23:55,742 - INFO - Checkpoint stored for step: 83f75dc262c2019d6cd451384412e01b
2025-03-12 16:23:55,742 - INFO - Step: CSVLoader completed...
2025-03-12 16:23:55,742 - INFO - Executing Step: reset_cache
2025-03-12 16:23:55,742 - INFO - Step: reset_cache completed...
2025-03-12 16:23:55,742 - INFO - No valid checkpoint found, starting from the beginning...
2025-03-12 16:23:55,742 - INFO - Beginning ETL Execution at time: 1741811035.7428458 ...
2025-03-12 16:23:55,743 - INFO - Executing Step: CSVExtractor
2025-03-12 16:23:55,744 - INFO - Checkpoint stored for step: de222ed930bca8da97e04ac3f0e1a8c4
2025-03-12 16:23:55,745 - INFO - Step: CSVExtractor completed...
2025-03-12 16:23:55,745 - INFO - Executing Step: CSVExtractor
2025-03-12 16:23:55,746 - INFO - Checkpoint stored for step: 412abfdcd44b2d96741df91f5a116e5d
2025-03-12 16:23:55,746 - INFO - Step: CSVExtractor completed...
2025-03-12 16:23:55,746 - INFO - Executing Step: CSVLoader
2025-03-12 16:23:55,748 - INFO - Checkpoint stored for step: 83f75dc262c2019d6cd451384412e01b
2025-03-12 16:23:55,748 - INFO - Step: CSVLoader completed...
2025-03-12 16:23:55,748 - INFO - Executing Step: reset_cache
2025-03-12 16:23:55,748 - INFO - Step: reset_cache completed...
2025-03-12 16:23:55,749 - INFO - No valid checkpoint found, starting from the beginning...
2025-03-12 16:23:55,749 - INFO - Beginning ETL Execution at time: 1741811035.7491956 ...
2025-03-12 16:23:55,750 - INFO - Executing Step: CSVExtractor
2025-03-12 16:23:55,752 - INFO - Checkpoint stored for step: de222ed930bca8da97e04ac3f0e1a8c4
2025-03-12 16:23:55,752 - INFO - Step: CSVExtractor completed...
2025-03-12 16:23:55,752 - INFO - Executing Step: CSVExtractor
2025-03-12 16:23:55,753 - INFO - Checkpoint stored for step: 412abfdcd44b2d96741df91f5a116e5d
2025-03-12 16:23:55,753 - INFO - Step: CSVExtractor completed...
2025-03-12 16:23:55,754 - INFO - Executing Step: CSVLoader
2025-03-12 16:23:55,755 - INFO - Checkpoint stored for step: 83f75dc262c2019d6cd451384412e01b
2025-03-12 16:23:55,755 - INFO - Step: CSVLoader completed...
2025-03-12 16:23:55,755 - INFO - Executing Step: reset_cache
2025-03-12 16:23:55,755 - INFO - Step: reset_cache completed...
2025-03-12 16:23:55,755 - INFO - ETL Execution Finished at time: 1741811035.7557368 ...
2025-03-12 16:23:55,755 - INFO - Total Execution Time: 0.01 seconds
