2025-03-12 17:25:27,972 - INFO - Target extractor set...
2025-03-12 17:25:27,972 - INFO - Target loader set...
2025-03-12 17:25:27,972 - INFO - Successfully added step with key: 412abfdcd44b2d96741df91f5a116e5d
2025-03-12 17:25:27,975 - INFO - Successfully added step with key: de222ed930bca8da97e04ac3f0e1a8c4
2025-03-12 17:25:27,975 - INFO - Successfully added step with key: 83f75dc262c2019d6cd451384412e01b
2025-03-12 17:25:27,975 - INFO - Successfully added step with key: 303c02b1d9dc0c0c316fca773bdcf9b6
2025-03-12 17:25:27,976 - INFO - No valid checkpoint found, starting from the beginning...
2025-03-12 17:25:27,976 - INFO - Beginning ETL Execution at time: 1741814727.9761899 ...
2025-03-12 17:25:27,977 - INFO - Executing Step: CSVExtractor
2025-03-12 17:25:27,978 - INFO - Added dataframe: tmp to globalcontext
2025-03-12 17:25:27,979 - INFO - Checkpoint stored for step: de222ed930bca8da97e04ac3f0e1a8c4
2025-03-12 17:25:27,979 - INFO - Step: CSVExtractor completed...
2025-03-12 17:25:27,979 - INFO - Executing Step: CSVExtractor
2025-03-12 17:25:27,980 - INFO - Added dataframe: othertmp to globalcontext
2025-03-12 17:25:27,981 - INFO - Checkpoint stored for step: 412abfdcd44b2d96741df91f5a116e5d
2025-03-12 17:25:27,981 - INFO - Step: CSVExtractor completed...
2025-03-12 17:25:27,981 - INFO - Executing Step: CSVLoader
2025-03-12 17:25:27,982 - INFO - Checkpoint stored for step: 83f75dc262c2019d6cd451384412e01b
2025-03-12 17:25:27,982 - INFO - Step: CSVLoader completed...
2025-03-12 17:25:27,982 - INFO - Executing Step: reset_cache
2025-03-12 17:25:27,982 - INFO - Step: reset_cache completed...
2025-03-12 17:25:27,983 - INFO - No valid checkpoint found, starting from the beginning...
2025-03-12 17:25:27,983 - INFO - Beginning ETL Execution at time: 1741814727.9830613 ...
2025-03-12 17:25:27,983 - INFO - Executing Step: CSVExtractor
2025-03-12 17:25:27,984 - INFO - Added dataframe: tmp to globalcontext
2025-03-12 17:25:27,984 - INFO - Checkpoint stored for step: de222ed930bca8da97e04ac3f0e1a8c4
2025-03-12 17:25:27,984 - INFO - Step: CSVExtractor completed...
2025-03-12 17:25:27,984 - INFO - Executing Step: CSVExtractor
2025-03-12 17:25:27,985 - INFO - Added dataframe: othertmp to globalcontext
2025-03-12 17:25:27,986 - INFO - Checkpoint stored for step: 412abfdcd44b2d96741df91f5a116e5d
2025-03-12 17:25:27,986 - INFO - Step: CSVExtractor completed...
2025-03-12 17:25:27,986 - INFO - Executing Step: CSVLoader
2025-03-12 17:25:27,987 - INFO - Checkpoint stored for step: 83f75dc262c2019d6cd451384412e01b
2025-03-12 17:25:27,987 - INFO - Step: CSVLoader completed...
2025-03-12 17:25:27,987 - INFO - Executing Step: reset_cache
2025-03-12 17:25:27,987 - INFO - Step: reset_cache completed...
2025-03-12 17:25:27,987 - INFO - No valid checkpoint found, starting from the beginning...
2025-03-12 17:25:27,987 - INFO - Beginning ETL Execution at time: 1741814727.9876478 ...
2025-03-12 17:25:27,988 - INFO - Executing Step: CSVExtractor
2025-03-12 17:25:27,990 - INFO - Checkpoint stored for step: de222ed930bca8da97e04ac3f0e1a8c4
2025-03-12 17:25:27,990 - INFO - Step: CSVExtractor completed...
2025-03-12 17:25:27,990 - INFO - Executing Step: CSVExtractor
2025-03-12 17:25:27,992 - INFO - Checkpoint stored for step: 412abfdcd44b2d96741df91f5a116e5d
2025-03-12 17:25:27,992 - INFO - Step: CSVExtractor completed...
2025-03-12 17:25:27,992 - INFO - Executing Step: CSVLoader
2025-03-12 17:25:27,993 - INFO - Checkpoint stored for step: 83f75dc262c2019d6cd451384412e01b
2025-03-12 17:25:27,993 - INFO - Step: CSVLoader completed...
2025-03-12 17:25:27,993 - INFO - Executing Step: reset_cache
2025-03-12 17:25:27,993 - INFO - Step: reset_cache completed...
2025-03-12 17:25:27,993 - INFO - No valid checkpoint found, starting from the beginning...
2025-03-12 17:25:27,993 - INFO - Beginning ETL Execution at time: 1741814727.9938414 ...
2025-03-12 17:25:27,994 - INFO - Executing Step: CSVExtractor
2025-03-12 17:25:27,995 - INFO - Checkpoint stored for step: de222ed930bca8da97e04ac3f0e1a8c4
2025-03-12 17:25:27,995 - INFO - Step: CSVExtractor completed...
2025-03-12 17:25:27,995 - INFO - Executing Step: CSVExtractor
2025-03-12 17:25:27,997 - INFO - Checkpoint stored for step: 412abfdcd44b2d96741df91f5a116e5d
2025-03-12 17:25:27,997 - INFO - Step: CSVExtractor completed...
2025-03-12 17:25:27,997 - INFO - Executing Step: CSVLoader
2025-03-12 17:25:27,998 - INFO - Checkpoint stored for step: 83f75dc262c2019d6cd451384412e01b
2025-03-12 17:25:27,998 - INFO - Step: CSVLoader completed...
2025-03-12 17:25:27,998 - INFO - Executing Step: reset_cache
2025-03-12 17:25:27,998 - INFO - Step: reset_cache completed...
2025-03-12 17:25:27,998 - INFO - No valid checkpoint found, starting from the beginning...
2025-03-12 17:25:27,998 - INFO - Beginning ETL Execution at time: 1741814727.9985127 ...
2025-03-12 17:25:27,998 - INFO - Executing Step: CSVExtractor
2025-03-12 17:25:28,000 - INFO - Checkpoint stored for step: de222ed930bca8da97e04ac3f0e1a8c4
2025-03-12 17:25:28,000 - INFO - Step: CSVExtractor completed...
2025-03-12 17:25:28,000 - INFO - Executing Step: CSVExtractor
2025-03-12 17:25:28,001 - INFO - Checkpoint stored for step: 412abfdcd44b2d96741df91f5a116e5d
2025-03-12 17:25:28,001 - INFO - Step: CSVExtractor completed...
2025-03-12 17:25:28,001 - INFO - Executing Step: CSVLoader
2025-03-12 17:25:28,002 - INFO - Checkpoint stored for step: 83f75dc262c2019d6cd451384412e01b
2025-03-12 17:25:28,002 - INFO - Step: CSVLoader completed...
2025-03-12 17:25:28,002 - INFO - Executing Step: reset_cache
2025-03-12 17:25:28,002 - INFO - Step: reset_cache completed...
2025-03-12 17:25:28,003 - INFO - No valid checkpoint found, starting from the beginning...
2025-03-12 17:25:28,003 - INFO - Beginning ETL Execution at time: 1741814728.0031304 ...
2025-03-12 17:25:28,003 - INFO - Executing Step: CSVExtractor
2025-03-12 17:25:28,005 - INFO - Checkpoint stored for step: de222ed930bca8da97e04ac3f0e1a8c4
2025-03-12 17:25:28,005 - INFO - Step: CSVExtractor completed...
2025-03-12 17:25:28,005 - INFO - Executing Step: CSVExtractor
2025-03-12 17:25:28,006 - INFO - Checkpoint stored for step: 412abfdcd44b2d96741df91f5a116e5d
2025-03-12 17:25:28,006 - INFO - Step: CSVExtractor completed...
2025-03-12 17:25:28,006 - INFO - Executing Step: CSVLoader
2025-03-12 17:25:28,007 - INFO - Checkpoint stored for step: 83f75dc262c2019d6cd451384412e01b
2025-03-12 17:25:28,007 - INFO - Step: CSVLoader completed...
2025-03-12 17:25:28,007 - INFO - Executing Step: reset_cache
2025-03-12 17:25:28,007 - INFO - Step: reset_cache completed...
2025-03-12 17:25:28,008 - INFO - No valid checkpoint found, starting from the beginning...
2025-03-12 17:25:28,008 - INFO - Beginning ETL Execution at time: 1741814728.008104 ...
2025-03-12 17:25:28,008 - INFO - Executing Step: CSVExtractor
2025-03-12 17:25:28,010 - INFO - Checkpoint stored for step: de222ed930bca8da97e04ac3f0e1a8c4
2025-03-12 17:25:28,010 - INFO - Step: CSVExtractor completed...
2025-03-12 17:25:28,010 - INFO - Executing Step: CSVExtractor
2025-03-12 17:25:28,011 - INFO - Checkpoint stored for step: 412abfdcd44b2d96741df91f5a116e5d
2025-03-12 17:25:28,011 - INFO - Step: CSVExtractor completed...
2025-03-12 17:25:28,011 - INFO - Executing Step: CSVLoader
2025-03-12 17:25:28,012 - INFO - Checkpoint stored for step: 83f75dc262c2019d6cd451384412e01b
2025-03-12 17:25:28,012 - INFO - Step: CSVLoader completed...
2025-03-12 17:25:28,012 - INFO - Executing Step: reset_cache
2025-03-12 17:25:28,012 - INFO - Step: reset_cache completed...
