2025-03-12 17:26:30,345 - INFO - Target extractor set...
2025-03-12 17:26:30,345 - INFO - Target loader set...
2025-03-12 17:26:30,345 - INFO - Successfully added step with key: 412abfdcd44b2d96741df91f5a116e5d
2025-03-12 17:26:30,347 - INFO - Successfully added step with key: de222ed930bca8da97e04ac3f0e1a8c4
2025-03-12 17:26:30,348 - INFO - Successfully added step with key: 83f75dc262c2019d6cd451384412e01b
2025-03-12 17:26:30,348 - INFO - Successfully added step with key: 303c02b1d9dc0c0c316fca773bdcf9b6
2025-03-12 17:26:30,348 - INFO - No valid checkpoint found, starting from the beginning...
2025-03-12 17:26:30,348 - INFO - Beginning ETL Execution at time: 1741814790.3486307 ...
2025-03-12 17:26:30,349 - INFO - Executing Step: CSVExtractor
2025-03-12 17:26:30,351 - INFO - Added dataframe: tmp to globalcontext
2025-03-12 17:26:30,352 - INFO - Checkpoint stored for step: de222ed930bca8da97e04ac3f0e1a8c4
2025-03-12 17:26:30,352 - INFO - Step: CSVExtractor completed...
2025-03-12 17:26:30,352 - INFO - Executing Step: CSVExtractor
2025-03-12 17:26:30,352 - INFO - Added dataframe: othertmp to globalcontext
2025-03-12 17:26:30,353 - INFO - Checkpoint stored for step: 412abfdcd44b2d96741df91f5a116e5d
2025-03-12 17:26:30,353 - INFO - Step: CSVExtractor completed...
2025-03-12 17:26:30,353 - INFO - Executing Step: CSVLoader
2025-03-12 17:26:30,355 - INFO - Checkpoint stored for step: 83f75dc262c2019d6cd451384412e01b
2025-03-12 17:26:30,355 - INFO - Step: CSVLoader completed...
2025-03-12 17:26:30,355 - INFO - Executing Step: reset_cache
2025-03-12 17:26:30,355 - INFO - Step: reset_cache completed...
2025-03-12 17:26:30,355 - INFO - No valid checkpoint found, starting from the beginning...
2025-03-12 17:26:30,355 - INFO - Beginning ETL Execution at time: 1741814790.3557563 ...
2025-03-12 17:26:30,356 - INFO - Executing Step: CSVExtractor
2025-03-12 17:26:30,356 - INFO - Added dataframe: tmp to globalcontext
2025-03-12 17:26:30,357 - INFO - Checkpoint stored for step: de222ed930bca8da97e04ac3f0e1a8c4
2025-03-12 17:26:30,357 - INFO - Step: CSVExtractor completed...
2025-03-12 17:26:30,357 - INFO - Executing Step: CSVExtractor
2025-03-12 17:26:30,357 - INFO - Added dataframe: othertmp to globalcontext
2025-03-12 17:26:30,358 - INFO - Checkpoint stored for step: 412abfdcd44b2d96741df91f5a116e5d
2025-03-12 17:26:30,358 - INFO - Step: CSVExtractor completed...
2025-03-12 17:26:30,358 - INFO - Executing Step: CSVLoader
2025-03-12 17:26:30,359 - INFO - Checkpoint stored for step: 83f75dc262c2019d6cd451384412e01b
2025-03-12 17:26:30,360 - INFO - Step: CSVLoader completed...
2025-03-12 17:26:30,360 - INFO - Executing Step: reset_cache
2025-03-12 17:26:30,360 - INFO - Step: reset_cache completed...
2025-03-12 17:26:30,360 - INFO - No valid checkpoint found, starting from the beginning...
2025-03-12 17:26:30,360 - INFO - Beginning ETL Execution at time: 1741814790.3604305 ...
2025-03-12 17:26:30,360 - INFO - Executing Step: CSVExtractor
2025-03-12 17:26:30,362 - INFO - Checkpoint stored for step: de222ed930bca8da97e04ac3f0e1a8c4
2025-03-12 17:26:30,362 - INFO - Step: CSVExtractor completed...
2025-03-12 17:26:30,362 - INFO - Executing Step: CSVExtractor
2025-03-12 17:26:30,363 - INFO - Checkpoint stored for step: 412abfdcd44b2d96741df91f5a116e5d
2025-03-12 17:26:30,363 - INFO - Step: CSVExtractor completed...
2025-03-12 17:26:30,363 - INFO - Executing Step: CSVLoader
2025-03-12 17:26:30,364 - INFO - Checkpoint stored for step: 83f75dc262c2019d6cd451384412e01b
2025-03-12 17:26:30,364 - INFO - Step: CSVLoader completed...
2025-03-12 17:26:30,364 - INFO - Executing Step: reset_cache
2025-03-12 17:26:30,364 - INFO - Step: reset_cache completed...
2025-03-12 17:26:30,365 - INFO - No valid checkpoint found, starting from the beginning...
2025-03-12 17:26:30,365 - INFO - Beginning ETL Execution at time: 1741814790.3652463 ...
2025-03-12 17:26:30,365 - INFO - Executing Step: CSVExtractor
2025-03-12 17:26:30,366 - INFO - Checkpoint stored for step: de222ed930bca8da97e04ac3f0e1a8c4
2025-03-12 17:26:30,366 - INFO - Step: CSVExtractor completed...
2025-03-12 17:26:30,367 - INFO - Executing Step: CSVExtractor
2025-03-12 17:26:30,368 - INFO - Checkpoint stored for step: 412abfdcd44b2d96741df91f5a116e5d
2025-03-12 17:26:30,368 - INFO - Step: CSVExtractor completed...
2025-03-12 17:26:30,368 - INFO - Executing Step: CSVLoader
2025-03-12 17:26:30,369 - INFO - Checkpoint stored for step: 83f75dc262c2019d6cd451384412e01b
2025-03-12 17:26:30,369 - INFO - Step: CSVLoader completed...
2025-03-12 17:26:30,369 - INFO - Executing Step: reset_cache
2025-03-12 17:26:30,369 - INFO - Step: reset_cache completed...
2025-03-12 17:26:30,369 - INFO - No valid checkpoint found, starting from the beginning...
2025-03-12 17:26:30,369 - INFO - Beginning ETL Execution at time: 1741814790.3697548 ...
2025-03-12 17:26:30,370 - INFO - Executing Step: CSVExtractor
2025-03-12 17:26:30,371 - INFO - Checkpoint stored for step: de222ed930bca8da97e04ac3f0e1a8c4
2025-03-12 17:26:30,371 - INFO - Step: CSVExtractor completed...
2025-03-12 17:26:30,371 - INFO - Executing Step: CSVExtractor
2025-03-12 17:26:30,372 - INFO - Checkpoint stored for step: 412abfdcd44b2d96741df91f5a116e5d
2025-03-12 17:26:30,372 - INFO - Step: CSVExtractor completed...
2025-03-12 17:26:30,372 - INFO - Executing Step: CSVLoader
2025-03-12 17:26:30,373 - INFO - Checkpoint stored for step: 83f75dc262c2019d6cd451384412e01b
2025-03-12 17:26:30,373 - INFO - Step: CSVLoader completed...
2025-03-12 17:26:30,373 - INFO - Executing Step: reset_cache
2025-03-12 17:26:30,373 - INFO - Step: reset_cache completed...
2025-03-12 17:26:30,374 - INFO - No valid checkpoint found, starting from the beginning...
2025-03-12 17:26:30,374 - INFO - Beginning ETL Execution at time: 1741814790.374018 ...
2025-03-12 17:26:30,374 - INFO - Executing Step: CSVExtractor
2025-03-12 17:26:30,375 - INFO - Checkpoint stored for step: de222ed930bca8da97e04ac3f0e1a8c4
2025-03-12 17:26:30,375 - INFO - Step: CSVExtractor completed...
2025-03-12 17:26:30,375 - INFO - Executing Step: CSVExtractor
2025-03-12 17:26:30,376 - INFO - Checkpoint stored for step: 412abfdcd44b2d96741df91f5a116e5d
2025-03-12 17:26:30,376 - INFO - Step: CSVExtractor completed...
2025-03-12 17:26:30,376 - INFO - Executing Step: CSVLoader
2025-03-12 17:26:30,378 - INFO - Checkpoint stored for step: 83f75dc262c2019d6cd451384412e01b
2025-03-12 17:26:30,378 - INFO - Step: CSVLoader completed...
2025-03-12 17:26:30,378 - INFO - Executing Step: reset_cache
2025-03-12 17:26:30,378 - INFO - Step: reset_cache completed...
2025-03-12 17:26:30,378 - INFO - No valid checkpoint found, starting from the beginning...
2025-03-12 17:26:30,378 - INFO - Beginning ETL Execution at time: 1741814790.3783956 ...
2025-03-12 17:26:30,378 - INFO - Executing Step: CSVExtractor
2025-03-12 17:26:30,380 - INFO - Checkpoint stored for step: de222ed930bca8da97e04ac3f0e1a8c4
2025-03-12 17:26:30,380 - INFO - Step: CSVExtractor completed...
2025-03-12 17:26:30,380 - INFO - Executing Step: CSVExtractor
2025-03-12 17:26:30,381 - INFO - Checkpoint stored for step: 412abfdcd44b2d96741df91f5a116e5d
2025-03-12 17:26:30,381 - INFO - Step: CSVExtractor completed...
2025-03-12 17:26:30,381 - INFO - Executing Step: CSVLoader
2025-03-12 17:26:30,382 - INFO - Checkpoint stored for step: 83f75dc262c2019d6cd451384412e01b
2025-03-12 17:26:30,382 - INFO - Step: CSVLoader completed...
2025-03-12 17:26:30,382 - INFO - Executing Step: reset_cache
2025-03-12 17:26:30,382 - INFO - Step: reset_cache completed...
