2025-03-12 17:05:41,373 - INFO - Target extractor set...
2025-03-12 17:05:41,374 - INFO - Target loader set...
2025-03-12 17:05:41,377 - INFO - Successfully added step with key: 412abfdcd44b2d96741df91f5a116e5d
2025-03-12 17:05:41,377 - INFO - Successfully added step with key: a9d2d015f54ec6ed470f2e80d92f220a
2025-03-12 17:05:41,378 - INFO - Successfully added step with key: 27d8060727e34c3f38218b3d4aa43473
2025-03-12 17:05:41,378 - INFO - No valid checkpoint found, starting from the beginning...
2025-03-12 17:05:41,378 - INFO - Beginning ETL Execution at time: 1741813541.3789606 ...
2025-03-12 17:05:41,380 - INFO - Executing Step: CSVExtractor
2025-03-12 17:05:41,382 - INFO - Added dataframe: tmp to globalcontext
2025-03-12 17:05:41,384 - INFO - Checkpoint stored for step: 412abfdcd44b2d96741df91f5a116e5d
2025-03-12 17:05:41,384 - INFO - Step: CSVExtractor completed...
2025-03-12 17:05:41,384 - INFO - Executing Step: CSVLoader
2025-03-12 17:05:41,385 - INFO - Checkpoint stored for step: a9d2d015f54ec6ed470f2e80d92f220a
2025-03-12 17:05:41,385 - INFO - Step: CSVLoader completed...
2025-03-12 17:05:41,385 - INFO - Executing Step: reset_cache
2025-03-12 17:05:41,385 - INFO - Step: reset_cache completed...
2025-03-12 17:05:41,386 - INFO - No valid checkpoint found, starting from the beginning...
2025-03-12 17:05:41,386 - INFO - Beginning ETL Execution at time: 1741813541.3866246 ...
2025-03-12 17:05:41,387 - INFO - Executing Step: CSVExtractor
2025-03-12 17:05:41,388 - INFO - Added dataframe: tmp to globalcontext
2025-03-12 17:05:41,389 - INFO - Checkpoint stored for step: 412abfdcd44b2d96741df91f5a116e5d
2025-03-12 17:05:41,389 - INFO - Step: CSVExtractor completed...
2025-03-12 17:05:41,389 - INFO - Executing Step: CSVLoader
2025-03-12 17:05:41,390 - INFO - Checkpoint stored for step: a9d2d015f54ec6ed470f2e80d92f220a
2025-03-12 17:05:41,390 - INFO - Step: CSVLoader completed...
2025-03-12 17:05:41,390 - INFO - Executing Step: reset_cache
2025-03-12 17:05:41,390 - INFO - Step: reset_cache completed...
2025-03-12 17:05:41,390 - INFO - No valid checkpoint found, starting from the beginning...
2025-03-12 17:05:41,390 - INFO - Beginning ETL Execution at time: 1741813541.3909626 ...
2025-03-12 17:05:41,391 - INFO - Executing Step: CSVExtractor
2025-03-12 17:05:41,392 - INFO - Checkpoint stored for step: 412abfdcd44b2d96741df91f5a116e5d
2025-03-12 17:05:41,392 - INFO - Step: CSVExtractor completed...
2025-03-12 17:05:41,392 - INFO - Executing Step: CSVLoader
2025-03-12 17:05:41,393 - INFO - Checkpoint stored for step: a9d2d015f54ec6ed470f2e80d92f220a
2025-03-12 17:05:41,393 - INFO - Step: CSVLoader completed...
2025-03-12 17:05:41,393 - INFO - Executing Step: reset_cache
2025-03-12 17:05:41,393 - INFO - Step: reset_cache completed...
2025-03-12 17:05:41,394 - INFO - No valid checkpoint found, starting from the beginning...
2025-03-12 17:05:41,394 - INFO - Beginning ETL Execution at time: 1741813541.394073 ...
2025-03-12 17:05:41,394 - INFO - Executing Step: CSVExtractor
2025-03-12 17:05:41,396 - INFO - Checkpoint stored for step: 412abfdcd44b2d96741df91f5a116e5d
2025-03-12 17:05:41,396 - INFO - Step: CSVExtractor completed...
2025-03-12 17:05:41,396 - INFO - Executing Step: CSVLoader
2025-03-12 17:05:41,397 - INFO - Checkpoint stored for step: a9d2d015f54ec6ed470f2e80d92f220a
2025-03-12 17:05:41,397 - INFO - Step: CSVLoader completed...
2025-03-12 17:05:41,397 - INFO - Executing Step: reset_cache
2025-03-12 17:05:41,397 - INFO - Step: reset_cache completed...
2025-03-12 17:05:41,397 - INFO - No valid checkpoint found, starting from the beginning...
2025-03-12 17:05:41,397 - INFO - Beginning ETL Execution at time: 1741813541.3975298 ...
2025-03-12 17:05:41,397 - INFO - Executing Step: CSVExtractor
2025-03-12 17:05:41,399 - INFO - Checkpoint stored for step: 412abfdcd44b2d96741df91f5a116e5d
2025-03-12 17:05:41,399 - INFO - Step: CSVExtractor completed...
2025-03-12 17:05:41,399 - INFO - Executing Step: CSVLoader
2025-03-12 17:05:41,399 - INFO - Checkpoint stored for step: a9d2d015f54ec6ed470f2e80d92f220a
2025-03-12 17:05:41,399 - INFO - Step: CSVLoader completed...
2025-03-12 17:05:41,399 - INFO - Executing Step: reset_cache
2025-03-12 17:05:41,400 - INFO - Step: reset_cache completed...
2025-03-12 17:05:41,400 - INFO - No valid checkpoint found, starting from the beginning...
2025-03-12 17:05:41,400 - INFO - Beginning ETL Execution at time: 1741813541.400316 ...
2025-03-12 17:05:41,400 - INFO - Executing Step: CSVExtractor
2025-03-12 17:05:41,401 - INFO - Checkpoint stored for step: 412abfdcd44b2d96741df91f5a116e5d
2025-03-12 17:05:41,401 - INFO - Step: CSVExtractor completed...
2025-03-12 17:05:41,401 - INFO - Executing Step: CSVLoader
2025-03-12 17:05:41,402 - INFO - Checkpoint stored for step: a9d2d015f54ec6ed470f2e80d92f220a
2025-03-12 17:05:41,402 - INFO - Step: CSVLoader completed...
2025-03-12 17:05:41,402 - INFO - Executing Step: reset_cache
2025-03-12 17:05:41,402 - INFO - Step: reset_cache completed...
2025-03-12 17:05:41,403 - INFO - No valid checkpoint found, starting from the beginning...
2025-03-12 17:05:41,403 - INFO - Beginning ETL Execution at time: 1741813541.4031897 ...
2025-03-12 17:05:41,403 - INFO - Executing Step: CSVExtractor
2025-03-12 17:05:41,404 - INFO - Checkpoint stored for step: 412abfdcd44b2d96741df91f5a116e5d
2025-03-12 17:05:41,404 - INFO - Step: CSVExtractor completed...
2025-03-12 17:05:41,404 - INFO - Executing Step: CSVLoader
2025-03-12 17:05:41,405 - INFO - Checkpoint stored for step: a9d2d015f54ec6ed470f2e80d92f220a
2025-03-12 17:05:41,405 - INFO - Step: CSVLoader completed...
2025-03-12 17:05:41,405 - INFO - Executing Step: reset_cache
2025-03-12 17:05:41,405 - INFO - Step: reset_cache completed...
