2025-03-12 16:35:20,904 - INFO - Target extractor set...
2025-03-12 16:35:20,905 - INFO - Target loader set...
2025-03-12 16:35:20,907 - INFO - Successfully added step with key: 412abfdcd44b2d96741df91f5a116e5d
2025-03-12 16:35:20,907 - INFO - Successfully added step with key: de222ed930bca8da97e04ac3f0e1a8c4
2025-03-12 16:35:20,907 - INFO - Successfully added step with key: 83f75dc262c2019d6cd451384412e01b
2025-03-12 16:35:20,907 - INFO - No valid checkpoint found, starting from the beginning...
2025-03-12 16:35:20,907 - INFO - Beginning ETL Execution at time: 1741811720.9077365 ...
2025-03-12 16:35:20,909 - INFO - Executing Step: CSVExtractor
2025-03-12 16:35:20,910 - INFO - Added dataframe: othertmp to globalcontext
2025-03-12 16:35:20,911 - INFO - Checkpoint stored for step: de222ed930bca8da97e04ac3f0e1a8c4
2025-03-12 16:35:20,911 - INFO - Step: CSVExtractor completed...
2025-03-12 16:35:20,911 - INFO - Executing Step: CSVExtractor
2025-03-12 16:35:20,911 - INFO - Added dataframe: tmp to globalcontext
2025-03-12 16:35:20,912 - INFO - Checkpoint stored for step: 412abfdcd44b2d96741df91f5a116e5d
2025-03-12 16:35:20,912 - INFO - Step: CSVExtractor completed...
2025-03-12 16:35:20,912 - INFO - Executing Step: CSVLoader
2025-03-12 16:35:20,914 - INFO - Checkpoint stored for step: 83f75dc262c2019d6cd451384412e01b
2025-03-12 16:35:20,914 - INFO - Step: CSVLoader completed...
2025-03-12 16:35:20,914 - INFO - ETL Execution Finished at time: 1741811720.914354 ...
2025-03-12 16:35:20,914 - INFO - Total Execution Time: 0.01 seconds
