2025-03-13 15:45:13,951 - INFO - Target extractor set...
2025-03-13 15:45:13,951 - INFO - Target loader set...
2025-03-13 15:45:13,952 - INFO - Successfully added step with key: 5384c54d3bd68715812bd9480e8adb85
2025-03-13 15:45:13,952 - INFO - Successfully added step with key: f5809fe043c6f2ca419783197caeaa26
2025-03-13 15:45:13,952 - INFO - Successfully added step with key: ab00358d4f21e3fdc6949972080c85ae
2025-03-13 15:45:13,956 - INFO - Successfully added step with key: dc9c09368b6fc1eac32cee7be7815efa
2025-03-13 15:45:13,956 - INFO - Successfully added step with key: 9b2cd0a71d8e9a10a579ebaa632def31
2025-03-13 15:45:13,957 - INFO - Successfully added step with key: 265a8c16da69ec12db7978232af482c8
2025-03-13 15:45:13,957 - INFO - No valid checkpoint found, starting from the beginning...
2025-03-13 15:45:13,957 - INFO - Beginning ETL Execution at time: 1741895113.95753 ...
2025-03-13 15:45:13,970 - INFO - Executing Step: CSVExtractor
2025-03-13 15:45:13,975 - INFO - Added dataframe: tmp to globalcontext
2025-03-13 15:45:13,978 - INFO - Checkpoint stored for step: dc9c09368b6fc1eac32cee7be7815efa
2025-03-13 15:45:13,978 - INFO - Step: CSVExtractor completed...
2025-03-13 15:45:13,978 - INFO - Executing Step: print_df_step
2025-03-13 15:45:13,983 - INFO - Checkpoint stored for step: 5384c54d3bd68715812bd9480e8adb85
2025-03-13 15:45:13,983 - INFO - Step: print_df_step completed...
2025-03-13 15:45:13,984 - INFO - Executing Step: UpdateVariable
2025-03-13 15:45:13,985 - INFO - Checkpoint stored for step: f5809fe043c6f2ca419783197caeaa26
2025-03-13 15:45:13,985 - INFO - Step: UpdateVariable completed...
2025-03-13 15:45:13,985 - INFO - Executing Step: print_df_step
2025-03-13 15:45:13,987 - INFO - Checkpoint stored for step: ab00358d4f21e3fdc6949972080c85ae
2025-03-13 15:45:13,987 - INFO - Step: print_df_step completed...
2025-03-13 15:45:13,987 - INFO - Executing Step: CSVLoader
2025-03-13 15:45:13,988 - INFO - Checkpoint stored for step: 9b2cd0a71d8e9a10a579ebaa632def31
2025-03-13 15:45:13,988 - INFO - Step: CSVLoader completed...
2025-03-13 15:45:13,988 - INFO - Executing Step: reset_cache
2025-03-13 15:45:13,989 - INFO - Step: reset_cache completed...
2025-03-13 15:45:13,990 - INFO - No valid checkpoint found, starting from the beginning...
2025-03-13 15:45:13,990 - INFO - Beginning ETL Execution at time: 1741895113.9901628 ...
2025-03-13 15:45:13,990 - INFO - Executing Step: CSVExtractor
2025-03-13 15:45:13,992 - INFO - Added dataframe: tmp to globalcontext
2025-03-13 15:45:13,993 - INFO - Checkpoint stored for step: dc9c09368b6fc1eac32cee7be7815efa
2025-03-13 15:45:13,993 - INFO - Step: CSVExtractor completed...
2025-03-13 15:45:13,994 - INFO - Executing Step: print_df_step
2025-03-13 15:45:13,995 - INFO - Checkpoint stored for step: 5384c54d3bd68715812bd9480e8adb85
2025-03-13 15:45:13,995 - INFO - Step: print_df_step completed...
2025-03-13 15:45:13,995 - INFO - Executing Step: UpdateVariable
2025-03-13 15:45:13,996 - INFO - Checkpoint stored for step: f5809fe043c6f2ca419783197caeaa26
2025-03-13 15:45:13,996 - INFO - Step: UpdateVariable completed...
2025-03-13 15:45:13,996 - INFO - Executing Step: print_df_step
2025-03-13 15:45:13,997 - INFO - Checkpoint stored for step: ab00358d4f21e3fdc6949972080c85ae
2025-03-13 15:45:13,997 - INFO - Step: print_df_step completed...
2025-03-13 15:45:13,997 - INFO - Executing Step: CSVLoader
2025-03-13 15:45:13,998 - INFO - Checkpoint stored for step: 9b2cd0a71d8e9a10a579ebaa632def31
2025-03-13 15:45:13,998 - INFO - Step: CSVLoader completed...
2025-03-13 15:45:13,998 - INFO - Executing Step: reset_cache
2025-03-13 15:45:13,998 - INFO - Step: reset_cache completed...
