2025-03-12 17:06:34,840 - INFO - Target extractor set...
2025-03-12 17:06:34,840 - INFO - Target loader set...
2025-03-12 17:06:34,842 - INFO - Successfully added step with key: 412abfdcd44b2d96741df91f5a116e5d
2025-03-12 17:06:34,842 - INFO - Successfully added step with key: a9d2d015f54ec6ed470f2e80d92f220a
2025-03-12 17:06:34,843 - INFO - Successfully added step with key: 27d8060727e34c3f38218b3d4aa43473
2025-03-12 17:06:34,843 - INFO - No valid checkpoint found, starting from the beginning...
2025-03-12 17:06:34,843 - INFO - Beginning ETL Execution at time: 1741813594.8434737 ...
2025-03-12 17:06:34,844 - INFO - Executing Step: CSVExtractor
2025-03-12 17:06:34,845 - INFO - Added dataframe: tmp to globalcontext
2025-03-12 17:06:34,846 - INFO - Checkpoint stored for step: 412abfdcd44b2d96741df91f5a116e5d
2025-03-12 17:06:34,846 - INFO - Step: CSVExtractor completed...
2025-03-12 17:06:34,846 - INFO - Executing Step: CSVLoader
2025-03-12 17:06:34,848 - INFO - Checkpoint stored for step: a9d2d015f54ec6ed470f2e80d92f220a
2025-03-12 17:06:34,848 - INFO - Step: CSVLoader completed...
2025-03-12 17:06:34,848 - INFO - Executing Step: reset_cache
2025-03-12 17:06:34,848 - INFO - Step: reset_cache completed...
2025-03-12 17:06:34,848 - INFO - No valid checkpoint found, starting from the beginning...
2025-03-12 17:06:34,848 - INFO - Beginning ETL Execution at time: 1741813594.848652 ...
2025-03-12 17:06:34,849 - INFO - Executing Step: CSVExtractor
2025-03-12 17:06:34,850 - INFO - Added dataframe: tmp to globalcontext
2025-03-12 17:06:34,850 - INFO - Checkpoint stored for step: 412abfdcd44b2d96741df91f5a116e5d
2025-03-12 17:06:34,850 - INFO - Step: CSVExtractor completed...
2025-03-12 17:06:34,850 - INFO - Executing Step: CSVLoader
2025-03-12 17:06:34,851 - INFO - Checkpoint stored for step: a9d2d015f54ec6ed470f2e80d92f220a
2025-03-12 17:06:34,851 - INFO - Step: CSVLoader completed...
2025-03-12 17:06:34,851 - INFO - Executing Step: reset_cache
2025-03-12 17:06:34,851 - INFO - Step: reset_cache completed...
2025-03-12 17:06:34,851 - INFO - No valid checkpoint found, starting from the beginning...
2025-03-12 17:06:34,852 - INFO - Beginning ETL Execution at time: 1741813594.8520095 ...
2025-03-12 17:06:34,852 - INFO - Executing Step: CSVExtractor
2025-03-12 17:06:34,853 - INFO - Checkpoint stored for step: 412abfdcd44b2d96741df91f5a116e5d
2025-03-12 17:06:34,853 - INFO - Step: CSVExtractor completed...
2025-03-12 17:06:34,853 - INFO - Executing Step: CSVLoader
2025-03-12 17:06:34,854 - INFO - Checkpoint stored for step: a9d2d015f54ec6ed470f2e80d92f220a
2025-03-12 17:06:34,854 - INFO - Step: CSVLoader completed...
2025-03-12 17:06:34,854 - INFO - Executing Step: reset_cache
2025-03-12 17:06:34,854 - INFO - Step: reset_cache completed...
2025-03-12 17:06:34,855 - INFO - No valid checkpoint found, starting from the beginning...
2025-03-12 17:06:34,855 - INFO - Beginning ETL Execution at time: 1741813594.8550353 ...
2025-03-12 17:06:34,855 - INFO - Executing Step: CSVExtractor
2025-03-12 17:06:34,856 - INFO - Checkpoint stored for step: 412abfdcd44b2d96741df91f5a116e5d
2025-03-12 17:06:34,856 - INFO - Step: CSVExtractor completed...
2025-03-12 17:06:34,856 - INFO - Executing Step: CSVLoader
2025-03-12 17:06:34,857 - INFO - Checkpoint stored for step: a9d2d015f54ec6ed470f2e80d92f220a
2025-03-12 17:06:34,857 - INFO - Step: CSVLoader completed...
2025-03-12 17:06:34,857 - INFO - Executing Step: reset_cache
2025-03-12 17:06:34,857 - INFO - Step: reset_cache completed...
2025-03-12 17:06:34,857 - INFO - No valid checkpoint found, starting from the beginning...
2025-03-12 17:06:34,858 - INFO - Beginning ETL Execution at time: 1741813594.8580136 ...
2025-03-12 17:06:34,858 - INFO - Executing Step: CSVExtractor
2025-03-12 17:06:34,859 - INFO - Checkpoint stored for step: 412abfdcd44b2d96741df91f5a116e5d
2025-03-12 17:06:34,859 - INFO - Step: CSVExtractor completed...
2025-03-12 17:06:34,859 - INFO - Executing Step: CSVLoader
2025-03-12 17:06:34,860 - INFO - Checkpoint stored for step: a9d2d015f54ec6ed470f2e80d92f220a
2025-03-12 17:06:34,860 - INFO - Step: CSVLoader completed...
2025-03-12 17:06:34,860 - INFO - Executing Step: reset_cache
2025-03-12 17:06:34,860 - INFO - Step: reset_cache completed...
2025-03-12 17:06:34,861 - INFO - No valid checkpoint found, starting from the beginning...
2025-03-12 17:06:34,861 - INFO - Beginning ETL Execution at time: 1741813594.861278 ...
2025-03-12 17:06:34,862 - INFO - Executing Step: CSVExtractor
2025-03-12 17:06:34,863 - INFO - Checkpoint stored for step: 412abfdcd44b2d96741df91f5a116e5d
2025-03-12 17:06:34,863 - INFO - Step: CSVExtractor completed...
2025-03-12 17:06:34,863 - INFO - Executing Step: CSVLoader
2025-03-12 17:06:34,864 - INFO - Checkpoint stored for step: a9d2d015f54ec6ed470f2e80d92f220a
2025-03-12 17:06:34,864 - INFO - Step: CSVLoader completed...
2025-03-12 17:06:34,864 - INFO - Executing Step: reset_cache
2025-03-12 17:06:34,864 - INFO - Step: reset_cache completed...
2025-03-12 17:06:34,865 - INFO - No valid checkpoint found, starting from the beginning...
2025-03-12 17:06:34,865 - INFO - Beginning ETL Execution at time: 1741813594.865067 ...
2025-03-12 17:06:34,866 - INFO - Executing Step: CSVExtractor
2025-03-12 17:06:34,867 - INFO - Checkpoint stored for step: 412abfdcd44b2d96741df91f5a116e5d
2025-03-12 17:06:34,867 - INFO - Step: CSVExtractor completed...
2025-03-12 17:06:34,867 - INFO - Executing Step: CSVLoader
2025-03-12 17:06:34,868 - INFO - Checkpoint stored for step: a9d2d015f54ec6ed470f2e80d92f220a
2025-03-12 17:06:34,868 - INFO - Step: CSVLoader completed...
2025-03-12 17:06:34,868 - INFO - Executing Step: reset_cache
2025-03-12 17:06:34,868 - INFO - Step: reset_cache completed...
