2025-03-12 11:47:44,792 - INFO - Target extractor set...
2025-03-12 11:47:44,792 - INFO - Target loader set...
2025-03-12 11:47:44,793 - INFO - Successfully added step with key: 5384c54d3bd68715812bd9480e8adb85
2025-03-12 11:47:44,793 - INFO - Successfully added step with key: 0b31cc6b31a422983771068cbdf6a923
2025-03-12 11:47:44,793 - INFO - Successfully added step with key: f5e71a0bea083254707ca05a5cd6b067
2025-03-12 11:47:44,799 - INFO - Successfully added step with key: dc9c09368b6fc1eac32cee7be7815efa
2025-03-12 11:47:44,800 - INFO - Successfully added step with key: 9b2cd0a71d8e9a10a579ebaa632def31
2025-03-12 11:47:44,800 - INFO - Successfully added step with key: 265a8c16da69ec12db7978232af482c8
2025-03-12 11:47:44,860 - INFO - No valid checkpoint found, starting from the beginning...
2025-03-12 11:47:44,860 - INFO - Beginning ETL Execution at time: 1741794464.860746 ...
2025-03-12 11:47:44,867 - INFO - Executing Step: CSVExtractor
2025-03-12 11:47:44,870 - INFO - Added dataframe: tmp to globalcontext
2025-03-12 11:47:44,871 - INFO - Checkpoint stored for step: dc9c09368b6fc1eac32cee7be7815efa
2025-03-12 11:47:44,871 - INFO - Step: CSVExtractor completed...
2025-03-12 11:47:44,871 - INFO - Executing Step: print_df_step
2025-03-12 11:47:44,873 - INFO - Checkpoint stored for step: 5384c54d3bd68715812bd9480e8adb85
2025-03-12 11:47:44,873 - INFO - Step: print_df_step completed...
2025-03-12 11:47:44,873 - INFO - Executing Step: ExcelExtractor
2025-03-12 11:47:44,881 - INFO - Added dataframe: tmpBook to globalcontext
2025-03-12 11:47:44,883 - INFO - Checkpoint stored for step: 0b31cc6b31a422983771068cbdf6a923
2025-03-12 11:47:44,883 - INFO - Step: ExcelExtractor completed...
2025-03-12 11:47:44,883 - INFO - Executing Step: print_df_step2
2025-03-12 11:47:44,885 - INFO - Checkpoint stored for step: f5e71a0bea083254707ca05a5cd6b067
2025-03-12 11:47:44,885 - INFO - Step: print_df_step2 completed...
2025-03-12 11:47:44,886 - INFO - Executing Step: CSVLoader
2025-03-12 11:47:44,888 - INFO - Checkpoint stored for step: 9b2cd0a71d8e9a10a579ebaa632def31
2025-03-12 11:47:44,888 - INFO - Step: CSVLoader completed...
2025-03-12 11:47:44,888 - INFO - Executing Step: reset_cache
2025-03-12 11:47:44,888 - INFO - Step: reset_cache completed...
2025-03-12 11:47:44,889 - INFO - No valid checkpoint found, starting from the beginning...
2025-03-12 11:47:44,889 - INFO - Beginning ETL Execution at time: 1741794464.889067 ...
2025-03-12 11:47:44,890 - INFO - Executing Step: CSVExtractor
2025-03-12 11:47:44,891 - INFO - Added dataframe: tmp to globalcontext
2025-03-12 11:47:44,892 - INFO - Checkpoint stored for step: dc9c09368b6fc1eac32cee7be7815efa
2025-03-12 11:47:44,892 - INFO - Step: CSVExtractor completed...
2025-03-12 11:47:44,892 - INFO - Executing Step: print_df_step
2025-03-12 11:47:44,893 - INFO - Checkpoint stored for step: 5384c54d3bd68715812bd9480e8adb85
2025-03-12 11:47:44,893 - INFO - Step: print_df_step completed...
2025-03-12 11:47:44,893 - INFO - Executing Step: ExcelExtractor
2025-03-12 11:47:44,895 - INFO - Added dataframe: tmpBook to globalcontext
2025-03-12 11:47:44,896 - INFO - Checkpoint stored for step: 0b31cc6b31a422983771068cbdf6a923
2025-03-12 11:47:44,896 - INFO - Step: ExcelExtractor completed...
2025-03-12 11:47:44,896 - INFO - Executing Step: print_df_step2
2025-03-12 11:47:44,897 - INFO - Checkpoint stored for step: f5e71a0bea083254707ca05a5cd6b067
2025-03-12 11:47:44,897 - INFO - Step: print_df_step2 completed...
2025-03-12 11:47:44,897 - INFO - Executing Step: CSVLoader
2025-03-12 11:47:44,899 - INFO - Checkpoint stored for step: 9b2cd0a71d8e9a10a579ebaa632def31
2025-03-12 11:47:44,899 - INFO - Step: CSVLoader completed...
2025-03-12 11:47:44,899 - INFO - Executing Step: reset_cache
2025-03-12 11:47:44,899 - INFO - Step: reset_cache completed...
2025-03-12 11:47:44,899 - INFO - No valid checkpoint found, starting from the beginning...
2025-03-12 11:47:44,899 - INFO - Beginning ETL Execution at time: 1741794464.8999941 ...
2025-03-12 11:47:44,900 - INFO - Executing Step: CSVExtractor
2025-03-12 11:47:44,903 - INFO - Checkpoint stored for step: dc9c09368b6fc1eac32cee7be7815efa
2025-03-12 11:47:44,904 - INFO - Step: CSVExtractor completed...
2025-03-12 11:47:44,904 - INFO - Executing Step: print_df_step
2025-03-12 11:47:44,905 - INFO - Checkpoint stored for step: 5384c54d3bd68715812bd9480e8adb85
2025-03-12 11:47:44,905 - INFO - Step: print_df_step completed...
2025-03-12 11:47:44,905 - INFO - Executing Step: ExcelExtractor
2025-03-12 11:47:44,908 - INFO - Checkpoint stored for step: 0b31cc6b31a422983771068cbdf6a923
2025-03-12 11:47:44,908 - INFO - Step: ExcelExtractor completed...
2025-03-12 11:47:44,908 - INFO - Executing Step: print_df_step2
2025-03-12 11:47:44,909 - INFO - Checkpoint stored for step: f5e71a0bea083254707ca05a5cd6b067
2025-03-12 11:47:44,909 - INFO - Step: print_df_step2 completed...
2025-03-12 11:47:44,909 - INFO - Executing Step: CSVLoader
2025-03-12 11:47:44,910 - INFO - Checkpoint stored for step: 9b2cd0a71d8e9a10a579ebaa632def31
2025-03-12 11:47:44,910 - INFO - Step: CSVLoader completed...
2025-03-12 11:47:44,910 - INFO - Executing Step: reset_cache
2025-03-12 11:47:44,910 - INFO - Step: reset_cache completed...
2025-03-12 11:47:44,911 - INFO - No valid checkpoint found, starting from the beginning...
2025-03-12 11:47:44,911 - INFO - Beginning ETL Execution at time: 1741794464.911092 ...
2025-03-12 11:47:44,911 - INFO - Executing Step: CSVExtractor
2025-03-12 11:47:44,914 - INFO - Checkpoint stored for step: dc9c09368b6fc1eac32cee7be7815efa
2025-03-12 11:47:44,914 - INFO - Step: CSVExtractor completed...
2025-03-12 11:47:44,914 - INFO - Executing Step: print_df_step
2025-03-12 11:47:44,917 - INFO - Checkpoint stored for step: 5384c54d3bd68715812bd9480e8adb85
2025-03-12 11:47:44,917 - INFO - Step: print_df_step completed...
2025-03-12 11:47:44,917 - INFO - Executing Step: ExcelExtractor
2025-03-12 11:47:44,920 - INFO - Checkpoint stored for step: 0b31cc6b31a422983771068cbdf6a923
2025-03-12 11:47:44,920 - INFO - Step: ExcelExtractor completed...
2025-03-12 11:47:44,920 - INFO - Executing Step: print_df_step2
2025-03-12 11:47:44,921 - INFO - Checkpoint stored for step: f5e71a0bea083254707ca05a5cd6b067
2025-03-12 11:47:44,921 - INFO - Step: print_df_step2 completed...
2025-03-12 11:47:44,921 - INFO - Executing Step: CSVLoader
2025-03-12 11:47:44,922 - INFO - Checkpoint stored for step: 9b2cd0a71d8e9a10a579ebaa632def31
2025-03-12 11:47:44,922 - INFO - Step: CSVLoader completed...
2025-03-12 11:47:44,922 - INFO - Executing Step: reset_cache
2025-03-12 11:47:44,922 - INFO - Step: reset_cache completed...
2025-03-12 11:47:44,923 - INFO - No valid checkpoint found, starting from the beginning...
2025-03-12 11:47:44,923 - INFO - Beginning ETL Execution at time: 1741794464.9231439 ...
2025-03-12 11:47:44,924 - INFO - Executing Step: CSVExtractor
2025-03-12 11:47:44,932 - INFO - Checkpoint stored for step: dc9c09368b6fc1eac32cee7be7815efa
2025-03-12 11:47:44,932 - INFO - Step: CSVExtractor completed...
2025-03-12 11:47:44,932 - INFO - Executing Step: print_df_step
2025-03-12 11:47:44,934 - INFO - Checkpoint stored for step: 5384c54d3bd68715812bd9480e8adb85
2025-03-12 11:47:44,934 - INFO - Step: print_df_step completed...
2025-03-12 11:47:44,934 - INFO - Executing Step: ExcelExtractor
2025-03-12 11:47:44,937 - INFO - Checkpoint stored for step: 0b31cc6b31a422983771068cbdf6a923
2025-03-12 11:47:44,937 - INFO - Step: ExcelExtractor completed...
2025-03-12 11:47:44,937 - INFO - Executing Step: print_df_step2
2025-03-12 11:47:44,939 - INFO - Checkpoint stored for step: f5e71a0bea083254707ca05a5cd6b067
2025-03-12 11:47:44,939 - INFO - Step: print_df_step2 completed...
2025-03-12 11:47:44,939 - INFO - Executing Step: CSVLoader
2025-03-12 11:47:44,941 - INFO - Checkpoint stored for step: 9b2cd0a71d8e9a10a579ebaa632def31
2025-03-12 11:47:44,941 - INFO - Step: CSVLoader completed...
2025-03-12 11:47:44,941 - INFO - Executing Step: reset_cache
2025-03-12 11:47:44,941 - INFO - Step: reset_cache completed...
2025-03-12 11:47:44,941 - INFO - No valid checkpoint found, starting from the beginning...
2025-03-12 11:47:44,941 - INFO - Beginning ETL Execution at time: 1741794464.94177 ...
2025-03-12 11:47:44,942 - INFO - Executing Step: CSVExtractor
2025-03-12 11:47:44,944 - INFO - Checkpoint stored for step: dc9c09368b6fc1eac32cee7be7815efa
2025-03-12 11:47:44,944 - INFO - Step: CSVExtractor completed...
2025-03-12 11:47:44,944 - INFO - Executing Step: print_df_step
2025-03-12 11:47:44,945 - INFO - Checkpoint stored for step: 5384c54d3bd68715812bd9480e8adb85
2025-03-12 11:47:44,945 - INFO - Step: print_df_step completed...
2025-03-12 11:47:44,945 - INFO - Executing Step: ExcelExtractor
2025-03-12 11:47:44,949 - INFO - Checkpoint stored for step: 0b31cc6b31a422983771068cbdf6a923
2025-03-12 11:47:44,949 - INFO - Step: ExcelExtractor completed...
2025-03-12 11:47:44,949 - INFO - Executing Step: print_df_step2
2025-03-12 11:47:44,950 - INFO - Checkpoint stored for step: f5e71a0bea083254707ca05a5cd6b067
2025-03-12 11:47:44,950 - INFO - Step: print_df_step2 completed...
2025-03-12 11:47:44,950 - INFO - Executing Step: CSVLoader
2025-03-12 11:47:44,951 - INFO - Checkpoint stored for step: 9b2cd0a71d8e9a10a579ebaa632def31
2025-03-12 11:47:44,951 - INFO - Step: CSVLoader completed...
2025-03-12 11:47:44,951 - INFO - Executing Step: reset_cache
2025-03-12 11:47:44,951 - INFO - Step: reset_cache completed...
2025-03-12 11:47:44,952 - INFO - No valid checkpoint found, starting from the beginning...
2025-03-12 11:47:44,952 - INFO - Beginning ETL Execution at time: 1741794464.9523578 ...
2025-03-12 11:47:44,953 - INFO - Executing Step: CSVExtractor
2025-03-12 11:47:44,956 - INFO - Checkpoint stored for step: dc9c09368b6fc1eac32cee7be7815efa
2025-03-12 11:47:44,956 - INFO - Step: CSVExtractor completed...
2025-03-12 11:47:44,956 - INFO - Executing Step: print_df_step
2025-03-12 11:47:44,957 - INFO - Checkpoint stored for step: 5384c54d3bd68715812bd9480e8adb85
2025-03-12 11:47:44,957 - INFO - Step: print_df_step completed...
2025-03-12 11:47:44,957 - INFO - Executing Step: ExcelExtractor
2025-03-12 11:47:44,960 - INFO - Checkpoint stored for step: 0b31cc6b31a422983771068cbdf6a923
2025-03-12 11:47:44,960 - INFO - Step: ExcelExtractor completed...
2025-03-12 11:47:44,960 - INFO - Executing Step: print_df_step2
2025-03-12 11:47:44,961 - INFO - Checkpoint stored for step: f5e71a0bea083254707ca05a5cd6b067
2025-03-12 11:47:44,961 - INFO - Step: print_df_step2 completed...
2025-03-12 11:47:44,961 - INFO - Executing Step: CSVLoader
2025-03-12 11:47:44,962 - INFO - Checkpoint stored for step: 9b2cd0a71d8e9a10a579ebaa632def31
2025-03-12 11:47:44,962 - INFO - Step: CSVLoader completed...
2025-03-12 11:47:44,962 - INFO - Executing Step: reset_cache
2025-03-12 11:47:44,963 - INFO - Step: reset_cache completed...
2025-03-12 11:47:44,963 - INFO - No valid checkpoint found, starting from the beginning...
2025-03-12 11:47:44,963 - INFO - Beginning ETL Execution at time: 1741794464.9637601 ...
2025-03-12 11:47:44,964 - INFO - Executing Step: CSVExtractor
2025-03-12 11:47:44,967 - INFO - Checkpoint stored for step: dc9c09368b6fc1eac32cee7be7815efa
2025-03-12 11:47:44,967 - INFO - Step: CSVExtractor completed...
2025-03-12 11:47:44,967 - INFO - Executing Step: print_df_step
2025-03-12 11:47:44,969 - INFO - Checkpoint stored for step: 5384c54d3bd68715812bd9480e8adb85
2025-03-12 11:47:44,969 - INFO - Step: print_df_step completed...
2025-03-12 11:47:44,969 - INFO - Executing Step: ExcelExtractor
2025-03-12 11:47:44,972 - INFO - Checkpoint stored for step: 0b31cc6b31a422983771068cbdf6a923
2025-03-12 11:47:44,972 - INFO - Step: ExcelExtractor completed...
2025-03-12 11:47:44,972 - INFO - Executing Step: print_df_step2
2025-03-12 11:47:44,973 - INFO - Checkpoint stored for step: f5e71a0bea083254707ca05a5cd6b067
2025-03-12 11:47:44,973 - INFO - Step: print_df_step2 completed...
2025-03-12 11:47:44,973 - INFO - Executing Step: CSVLoader
2025-03-12 11:47:44,974 - INFO - Checkpoint stored for step: 9b2cd0a71d8e9a10a579ebaa632def31
2025-03-12 11:47:44,974 - INFO - Step: CSVLoader completed...
2025-03-12 11:47:44,974 - INFO - Executing Step: reset_cache
2025-03-12 11:47:44,974 - INFO - Step: reset_cache completed...
2025-03-12 11:47:44,975 - INFO - No valid checkpoint found, starting from the beginning...
2025-03-12 11:47:44,975 - INFO - Beginning ETL Execution at time: 1741794464.9751308 ...
2025-03-12 11:47:44,975 - INFO - Executing Step: CSVExtractor
2025-03-12 11:47:45,009 - INFO - Checkpoint stored for step: dc9c09368b6fc1eac32cee7be7815efa
2025-03-12 11:47:45,009 - INFO - Step: CSVExtractor completed...
2025-03-12 11:47:45,009 - INFO - Executing Step: print_df_step
2025-03-12 11:47:45,010 - INFO - Checkpoint stored for step: 5384c54d3bd68715812bd9480e8adb85
2025-03-12 11:47:45,010 - INFO - Step: print_df_step completed...
2025-03-12 11:47:45,010 - INFO - Executing Step: ExcelExtractor
2025-03-12 11:47:45,019 - INFO - Checkpoint stored for step: 0b31cc6b31a422983771068cbdf6a923
2025-03-12 11:47:45,020 - INFO - Step: ExcelExtractor completed...
2025-03-12 11:47:45,020 - INFO - Executing Step: print_df_step2
2025-03-12 11:47:45,021 - INFO - Checkpoint stored for step: f5e71a0bea083254707ca05a5cd6b067
2025-03-12 11:47:45,021 - INFO - Step: print_df_step2 completed...
2025-03-12 11:47:45,021 - INFO - Executing Step: CSVLoader
2025-03-12 11:47:45,023 - INFO - Checkpoint stored for step: 9b2cd0a71d8e9a10a579ebaa632def31
2025-03-12 11:47:45,023 - INFO - Step: CSVLoader completed...
2025-03-12 11:47:45,023 - INFO - Executing Step: reset_cache
2025-03-12 11:47:45,023 - INFO - Step: reset_cache completed...
2025-03-12 11:47:45,024 - INFO - No valid checkpoint found, starting from the beginning...
2025-03-12 11:47:45,024 - INFO - Beginning ETL Execution at time: 1741794465.024111 ...
2025-03-12 11:47:45,024 - INFO - Executing Step: CSVExtractor
2025-03-12 11:47:45,027 - INFO - Checkpoint stored for step: dc9c09368b6fc1eac32cee7be7815efa
2025-03-12 11:47:45,027 - INFO - Step: CSVExtractor completed...
2025-03-12 11:47:45,027 - INFO - Executing Step: print_df_step
2025-03-12 11:47:45,028 - INFO - Checkpoint stored for step: 5384c54d3bd68715812bd9480e8adb85
2025-03-12 11:47:45,028 - INFO - Step: print_df_step completed...
2025-03-12 11:47:45,028 - INFO - Executing Step: ExcelExtractor
2025-03-12 11:47:45,031 - INFO - Checkpoint stored for step: 0b31cc6b31a422983771068cbdf6a923
2025-03-12 11:47:45,031 - INFO - Step: ExcelExtractor completed...
2025-03-12 11:47:45,031 - INFO - Executing Step: print_df_step2
2025-03-12 11:47:45,032 - INFO - Checkpoint stored for step: f5e71a0bea083254707ca05a5cd6b067
2025-03-12 11:47:45,032 - INFO - Step: print_df_step2 completed...
2025-03-12 11:47:45,032 - INFO - Executing Step: CSVLoader
2025-03-12 11:47:45,034 - INFO - Checkpoint stored for step: 9b2cd0a71d8e9a10a579ebaa632def31
2025-03-12 11:47:45,034 - INFO - Step: CSVLoader completed...
2025-03-12 11:47:45,034 - INFO - Executing Step: reset_cache
2025-03-12 11:47:45,034 - INFO - Step: reset_cache completed...
2025-03-12 11:47:45,034 - INFO - ETL Execution Finished at time: 1741794465.034671 ...
2025-03-12 11:47:45,034 - INFO - Total Execution Time: 0.01 seconds
