2025-03-12 17:13:50,733 - INFO - Target extractor set...
2025-03-12 17:13:50,733 - INFO - Target loader set...
2025-03-12 17:13:50,735 - INFO - Successfully added step with key: 412abfdcd44b2d96741df91f5a116e5d
2025-03-12 17:13:50,735 - INFO - Successfully added step with key: a9d2d015f54ec6ed470f2e80d92f220a
2025-03-12 17:13:50,736 - INFO - Successfully added step with key: 27d8060727e34c3f38218b3d4aa43473
2025-03-12 17:13:50,736 - INFO - No valid checkpoint found, starting from the beginning...
2025-03-12 17:13:50,736 - INFO - Beginning ETL Execution at time: 1741814030.7364962 ...
2025-03-12 17:13:50,737 - INFO - Executing Step: CSVExtractor
2025-03-12 17:13:50,738 - INFO - Added dataframe: tmp to globalcontext
2025-03-12 17:13:50,740 - INFO - Checkpoint stored for step: 412abfdcd44b2d96741df91f5a116e5d
2025-03-12 17:13:50,740 - INFO - Step: CSVExtractor completed...
2025-03-12 17:13:50,740 - INFO - Executing Step: CSVLoader
2025-03-12 17:13:50,741 - INFO - Checkpoint stored for step: a9d2d015f54ec6ed470f2e80d92f220a
2025-03-12 17:13:50,741 - INFO - Step: CSVLoader completed...
2025-03-12 17:13:50,741 - INFO - Executing Step: reset_cache
2025-03-12 17:13:50,741 - INFO - Step: reset_cache completed...
2025-03-12 17:13:50,742 - INFO - No valid checkpoint found, starting from the beginning...
2025-03-12 17:13:50,742 - INFO - Beginning ETL Execution at time: 1741814030.742079 ...
2025-03-12 17:13:50,742 - INFO - Executing Step: CSVExtractor
2025-03-12 17:13:50,743 - INFO - Added dataframe: tmp to globalcontext
2025-03-12 17:13:50,743 - INFO - Checkpoint stored for step: 412abfdcd44b2d96741df91f5a116e5d
2025-03-12 17:13:50,743 - INFO - Step: CSVExtractor completed...
2025-03-12 17:13:50,743 - INFO - Executing Step: CSVLoader
2025-03-12 17:13:50,744 - INFO - Checkpoint stored for step: a9d2d015f54ec6ed470f2e80d92f220a
2025-03-12 17:13:50,744 - INFO - Step: CSVLoader completed...
2025-03-12 17:13:50,744 - INFO - Executing Step: reset_cache
2025-03-12 17:13:50,745 - INFO - Step: reset_cache completed...
2025-03-12 17:13:50,745 - INFO - No valid checkpoint found, starting from the beginning...
2025-03-12 17:13:50,745 - INFO - Beginning ETL Execution at time: 1741814030.7453346 ...
2025-03-12 17:13:50,745 - INFO - Executing Step: CSVExtractor
2025-03-12 17:13:50,746 - INFO - Checkpoint stored for step: 412abfdcd44b2d96741df91f5a116e5d
2025-03-12 17:13:50,746 - INFO - Step: CSVExtractor completed...
2025-03-12 17:13:50,746 - INFO - Executing Step: CSVLoader
2025-03-12 17:13:50,747 - INFO - Checkpoint stored for step: a9d2d015f54ec6ed470f2e80d92f220a
2025-03-12 17:13:50,747 - INFO - Step: CSVLoader completed...
2025-03-12 17:13:50,747 - INFO - Executing Step: reset_cache
2025-03-12 17:13:50,747 - INFO - Step: reset_cache completed...
