2025-03-12 17:14:00,769 - INFO - Target extractor set...
2025-03-12 17:14:00,769 - INFO - Target loader set...
2025-03-12 17:14:00,772 - INFO - Successfully added step with key: 412abfdcd44b2d96741df91f5a116e5d
2025-03-12 17:14:00,772 - INFO - Successfully added step with key: a9d2d015f54ec6ed470f2e80d92f220a
2025-03-12 17:14:00,772 - INFO - Successfully added step with key: 27d8060727e34c3f38218b3d4aa43473
2025-03-12 17:14:00,772 - INFO - No valid checkpoint found, starting from the beginning...
2025-03-12 17:14:00,772 - INFO - Beginning ETL Execution at time: 1741814040.7729058 ...
2025-03-12 17:14:00,774 - INFO - Executing Step: CSVExtractor
2025-03-12 17:14:00,775 - INFO - Added dataframe: tmp to globalcontext
2025-03-12 17:14:00,776 - INFO - Checkpoint stored for step: 412abfdcd44b2d96741df91f5a116e5d
2025-03-12 17:14:00,776 - INFO - Step: CSVExtractor completed...
2025-03-12 17:14:00,776 - INFO - Executing Step: CSVLoader
2025-03-12 17:14:00,777 - INFO - Checkpoint stored for step: a9d2d015f54ec6ed470f2e80d92f220a
2025-03-12 17:14:00,777 - INFO - Step: CSVLoader completed...
2025-03-12 17:14:00,777 - INFO - Executing Step: reset_cache
2025-03-12 17:14:00,777 - INFO - Step: reset_cache completed...
2025-03-12 17:14:00,778 - INFO - No valid checkpoint found, starting from the beginning...
2025-03-12 17:14:00,778 - INFO - Beginning ETL Execution at time: 1741814040.778049 ...
2025-03-12 17:14:00,778 - INFO - Executing Step: CSVExtractor
2025-03-12 17:14:00,779 - INFO - Added dataframe: tmp to globalcontext
2025-03-12 17:14:00,780 - INFO - Checkpoint stored for step: 412abfdcd44b2d96741df91f5a116e5d
2025-03-12 17:14:00,780 - INFO - Step: CSVExtractor completed...
2025-03-12 17:14:00,780 - INFO - Executing Step: CSVLoader
2025-03-12 17:14:00,781 - INFO - Checkpoint stored for step: a9d2d015f54ec6ed470f2e80d92f220a
2025-03-12 17:14:00,781 - INFO - Step: CSVLoader completed...
2025-03-12 17:14:00,781 - INFO - Executing Step: reset_cache
2025-03-12 17:14:00,781 - INFO - Step: reset_cache completed...
