2025-03-12 12:00:50,365 - INFO - Target extractor set...
2025-03-12 12:00:50,365 - INFO - Target loader set...
2025-03-12 12:00:50,366 - INFO - Successfully added step with key: 5384c54d3bd68715812bd9480e8adb85
2025-03-12 12:00:50,366 - INFO - Successfully added step with key: 0b31cc6b31a422983771068cbdf6a923
2025-03-12 12:00:50,366 - INFO - Successfully added step with key: f5e71a0bea083254707ca05a5cd6b067
2025-03-12 12:00:50,370 - INFO - Successfully added step with key: dc9c09368b6fc1eac32cee7be7815efa
2025-03-12 12:00:50,370 - INFO - Successfully added step with key: 9b2cd0a71d8e9a10a579ebaa632def31
2025-03-12 12:00:50,371 - INFO - Successfully added step with key: 265a8c16da69ec12db7978232af482c8
2025-03-12 12:00:50,434 - INFO - No valid checkpoint found, starting from the beginning...
2025-03-12 12:00:50,434 - INFO - Beginning ETL Execution at time: 1741795250.43462 ...
2025-03-12 12:00:50,442 - INFO - Executing Step: CSVExtractor
2025-03-12 12:00:50,446 - INFO - Added dataframe: tmp to globalcontext
2025-03-12 12:00:50,448 - INFO - Checkpoint stored for step: dc9c09368b6fc1eac32cee7be7815efa
2025-03-12 12:00:50,448 - INFO - Step: CSVExtractor completed...
2025-03-12 12:00:50,448 - INFO - Executing Step: print_df_step
2025-03-12 12:00:50,452 - INFO - Checkpoint stored for step: 5384c54d3bd68715812bd9480e8adb85
2025-03-12 12:00:50,452 - INFO - Step: print_df_step completed...
2025-03-12 12:00:50,452 - INFO - Executing Step: ExcelExtractor
2025-03-12 12:00:50,462 - INFO - Added dataframe: tmpBook to globalcontext
2025-03-12 12:00:50,463 - INFO - Checkpoint stored for step: 0b31cc6b31a422983771068cbdf6a923
2025-03-12 12:00:50,463 - INFO - Step: ExcelExtractor completed...
2025-03-12 12:00:50,463 - INFO - Executing Step: print_df_step2
2025-03-12 12:00:50,465 - INFO - Checkpoint stored for step: f5e71a0bea083254707ca05a5cd6b067
2025-03-12 12:00:50,465 - INFO - Step: print_df_step2 completed...
2025-03-12 12:00:50,465 - INFO - Executing Step: CSVLoader
2025-03-12 12:00:50,467 - INFO - Checkpoint stored for step: 9b2cd0a71d8e9a10a579ebaa632def31
2025-03-12 12:00:50,467 - INFO - Step: CSVLoader completed...
2025-03-12 12:00:50,467 - INFO - Executing Step: reset_cache
2025-03-12 12:00:50,467 - INFO - Step: reset_cache completed...
2025-03-12 12:00:50,467 - INFO - No valid checkpoint found, starting from the beginning...
2025-03-12 12:00:50,467 - INFO - Beginning ETL Execution at time: 1741795250.467856 ...
2025-03-12 12:00:50,468 - INFO - Executing Step: CSVExtractor
2025-03-12 12:00:50,469 - INFO - Added dataframe: tmp to globalcontext
2025-03-12 12:00:50,470 - INFO - Checkpoint stored for step: dc9c09368b6fc1eac32cee7be7815efa
2025-03-12 12:00:50,470 - INFO - Step: CSVExtractor completed...
2025-03-12 12:00:50,470 - INFO - Executing Step: print_df_step
2025-03-12 12:00:50,471 - INFO - Checkpoint stored for step: 5384c54d3bd68715812bd9480e8adb85
2025-03-12 12:00:50,471 - INFO - Step: print_df_step completed...
2025-03-12 12:00:50,471 - INFO - Executing Step: ExcelExtractor
2025-03-12 12:00:50,473 - INFO - Added dataframe: tmpBook to globalcontext
2025-03-12 12:00:50,475 - INFO - Checkpoint stored for step: 0b31cc6b31a422983771068cbdf6a923
2025-03-12 12:00:50,475 - INFO - Step: ExcelExtractor completed...
2025-03-12 12:00:50,475 - INFO - Executing Step: print_df_step2
2025-03-12 12:00:50,476 - INFO - Checkpoint stored for step: f5e71a0bea083254707ca05a5cd6b067
2025-03-12 12:00:50,476 - INFO - Step: print_df_step2 completed...
2025-03-12 12:00:50,476 - INFO - Executing Step: CSVLoader
2025-03-12 12:00:50,477 - INFO - Checkpoint stored for step: 9b2cd0a71d8e9a10a579ebaa632def31
2025-03-12 12:00:50,477 - INFO - Step: CSVLoader completed...
2025-03-12 12:00:50,477 - INFO - Executing Step: reset_cache
2025-03-12 12:00:50,477 - INFO - Step: reset_cache completed...
2025-03-12 12:00:50,478 - INFO - No valid checkpoint found, starting from the beginning...
2025-03-12 12:00:50,478 - INFO - Beginning ETL Execution at time: 1741795250.478216 ...
2025-03-12 12:00:50,478 - INFO - Executing Step: CSVExtractor
2025-03-12 12:00:50,481 - INFO - Checkpoint stored for step: dc9c09368b6fc1eac32cee7be7815efa
2025-03-12 12:00:50,481 - INFO - Step: CSVExtractor completed...
2025-03-12 12:00:50,481 - INFO - Executing Step: print_df_step
2025-03-12 12:00:50,483 - INFO - Checkpoint stored for step: 5384c54d3bd68715812bd9480e8adb85
2025-03-12 12:00:50,483 - INFO - Step: print_df_step completed...
2025-03-12 12:00:50,483 - INFO - Executing Step: ExcelExtractor
2025-03-12 12:00:50,486 - INFO - Checkpoint stored for step: 0b31cc6b31a422983771068cbdf6a923
2025-03-12 12:00:50,486 - INFO - Step: ExcelExtractor completed...
2025-03-12 12:00:50,486 - INFO - Executing Step: print_df_step2
2025-03-12 12:00:50,487 - INFO - Checkpoint stored for step: f5e71a0bea083254707ca05a5cd6b067
2025-03-12 12:00:50,487 - INFO - Step: print_df_step2 completed...
2025-03-12 12:00:50,487 - INFO - Executing Step: CSVLoader
2025-03-12 12:00:50,488 - INFO - Checkpoint stored for step: 9b2cd0a71d8e9a10a579ebaa632def31
2025-03-12 12:00:50,488 - INFO - Step: CSVLoader completed...
2025-03-12 12:00:50,488 - INFO - Executing Step: reset_cache
2025-03-12 12:00:50,488 - INFO - Step: reset_cache completed...
2025-03-12 12:00:50,488 - INFO - No valid checkpoint found, starting from the beginning...
2025-03-12 12:00:50,489 - INFO - Beginning ETL Execution at time: 1741795250.489026 ...
2025-03-12 12:00:50,489 - INFO - Executing Step: CSVExtractor
2025-03-12 12:00:50,507 - INFO - Checkpoint stored for step: dc9c09368b6fc1eac32cee7be7815efa
2025-03-12 12:00:50,508 - INFO - Step: CSVExtractor completed...
2025-03-12 12:00:50,508 - INFO - Executing Step: print_df_step
2025-03-12 12:00:50,525 - INFO - Checkpoint stored for step: 5384c54d3bd68715812bd9480e8adb85
2025-03-12 12:00:50,525 - INFO - Step: print_df_step completed...
2025-03-12 12:00:50,525 - INFO - Executing Step: ExcelExtractor
2025-03-12 12:00:50,528 - INFO - Checkpoint stored for step: 0b31cc6b31a422983771068cbdf6a923
2025-03-12 12:00:50,528 - INFO - Step: ExcelExtractor completed...
2025-03-12 12:00:50,528 - INFO - Executing Step: print_df_step2
2025-03-12 12:00:50,530 - INFO - Checkpoint stored for step: f5e71a0bea083254707ca05a5cd6b067
2025-03-12 12:00:50,530 - INFO - Step: print_df_step2 completed...
2025-03-12 12:00:50,530 - INFO - Executing Step: CSVLoader
2025-03-12 12:00:50,535 - INFO - Checkpoint stored for step: 9b2cd0a71d8e9a10a579ebaa632def31
2025-03-12 12:00:50,535 - INFO - Step: CSVLoader completed...
2025-03-12 12:00:50,535 - INFO - Executing Step: reset_cache
2025-03-12 12:00:50,536 - INFO - Step: reset_cache completed...
2025-03-12 12:00:50,537 - INFO - ETL Execution Finished at time: 1741795250.537204 ...
2025-03-12 12:00:50,537 - INFO - Total Execution Time: 0.05 seconds
