2025-03-12 11:04:49,205 - INFO - Target extractor set...
2025-03-12 11:04:49,206 - INFO - Target loader set...
2025-03-12 11:04:49,206 - INFO - Successfully added step with key: 5384c54d3bd68715812bd9480e8adb85
2025-03-12 11:04:49,241 - INFO - Successfully added step with key: de222ed930bca8da97e04ac3f0e1a8c4
2025-03-12 11:04:49,242 - INFO - Successfully added step with key: 83f75dc262c2019d6cd451384412e01b
2025-03-12 11:04:49,245 - INFO - Successfully added step with key: 303c02b1d9dc0c0c316fca773bdcf9b6
2025-03-12 11:04:49,247 - INFO - No valid checkpoint found, starting from the beginning...
2025-03-12 11:04:49,248 - INFO - Beginning ETL Execution at time: 1741791889.248003 ...
2025-03-12 11:04:49,257 - INFO - Executing Step: CSVExtractor
2025-03-12 11:04:49,260 - INFO - Added dataframe: tmp to globalcontext
2025-03-12 11:04:49,262 - INFO - Checkpoint stored for step: de222ed930bca8da97e04ac3f0e1a8c4
2025-03-12 11:04:49,262 - INFO - Step: CSVExtractor completed...
2025-03-12 11:04:49,262 - INFO - Executing Step: print_df_step
2025-03-12 11:04:49,264 - INFO - Checkpoint stored for step: 5384c54d3bd68715812bd9480e8adb85
2025-03-12 11:04:49,264 - INFO - Step: print_df_step completed...
2025-03-12 11:04:49,264 - INFO - Executing Step: CSVLoader
2025-03-12 11:04:49,266 - INFO - Checkpoint stored for step: 83f75dc262c2019d6cd451384412e01b
2025-03-12 11:04:49,266 - INFO - Step: CSVLoader completed...
2025-03-12 11:04:49,266 - INFO - Executing Step: reset_cache
2025-03-12 11:04:49,267 - INFO - Checkpoint stored for step: 303c02b1d9dc0c0c316fca773bdcf9b6
2025-03-12 11:04:49,267 - INFO - Step: reset_cache completed...
2025-03-12 11:04:49,267 - INFO - No valid checkpoint found, starting from the beginning...
2025-03-12 11:04:49,267 - INFO - Beginning ETL Execution at time: 1741791889.267661 ...
2025-03-12 11:04:49,268 - INFO - Executing Step: CSVExtractor
2025-03-12 11:04:49,270 - INFO - Added dataframe: tmp to globalcontext
2025-03-12 11:04:49,271 - INFO - Checkpoint stored for step: de222ed930bca8da97e04ac3f0e1a8c4
2025-03-12 11:04:49,272 - INFO - Step: CSVExtractor completed...
2025-03-12 11:04:49,272 - INFO - Executing Step: print_df_step
2025-03-12 11:04:49,274 - INFO - Checkpoint stored for step: 5384c54d3bd68715812bd9480e8adb85
2025-03-12 11:04:49,274 - INFO - Step: print_df_step completed...
2025-03-12 11:04:49,274 - INFO - Executing Step: CSVLoader
2025-03-12 11:04:49,275 - INFO - Checkpoint stored for step: 83f75dc262c2019d6cd451384412e01b
2025-03-12 11:04:49,275 - INFO - Step: CSVLoader completed...
2025-03-12 11:04:49,275 - INFO - Executing Step: reset_cache
2025-03-12 11:04:49,276 - INFO - Checkpoint stored for step: 303c02b1d9dc0c0c316fca773bdcf9b6
2025-03-12 11:04:49,276 - INFO - Step: reset_cache completed...
2025-03-12 11:04:49,276 - INFO - No valid checkpoint found, starting from the beginning...
2025-03-12 11:04:49,276 - INFO - Beginning ETL Execution at time: 1741791889.276818 ...
2025-03-12 11:04:49,277 - INFO - Executing Step: CSVExtractor
2025-03-12 11:04:49,281 - INFO - Checkpoint stored for step: de222ed930bca8da97e04ac3f0e1a8c4
2025-03-12 11:04:49,281 - INFO - Step: CSVExtractor completed...
2025-03-12 11:04:49,281 - INFO - Executing Step: print_df_step
2025-03-12 11:04:49,283 - INFO - Checkpoint stored for step: 5384c54d3bd68715812bd9480e8adb85
2025-03-12 11:04:49,283 - INFO - Step: print_df_step completed...
2025-03-12 11:04:49,283 - INFO - Executing Step: CSVLoader
2025-03-12 11:04:49,284 - INFO - Checkpoint stored for step: 83f75dc262c2019d6cd451384412e01b
2025-03-12 11:04:49,284 - INFO - Step: CSVLoader completed...
2025-03-12 11:04:49,284 - INFO - Executing Step: reset_cache
2025-03-12 11:04:49,285 - INFO - Checkpoint stored for step: 303c02b1d9dc0c0c316fca773bdcf9b6
2025-03-12 11:04:49,285 - INFO - Step: reset_cache completed...
2025-03-12 11:04:49,286 - INFO - No valid checkpoint found, starting from the beginning...
2025-03-12 11:04:49,286 - INFO - Beginning ETL Execution at time: 1741791889.2860339 ...
2025-03-12 11:04:49,287 - INFO - Executing Step: CSVExtractor
2025-03-12 11:04:49,289 - INFO - Checkpoint stored for step: de222ed930bca8da97e04ac3f0e1a8c4
2025-03-12 11:04:49,289 - INFO - Step: CSVExtractor completed...
2025-03-12 11:04:49,289 - INFO - Executing Step: print_df_step
2025-03-12 11:04:49,291 - INFO - Checkpoint stored for step: 5384c54d3bd68715812bd9480e8adb85
2025-03-12 11:04:49,291 - INFO - Step: print_df_step completed...
2025-03-12 11:04:49,291 - INFO - Executing Step: CSVLoader
2025-03-12 11:04:49,291 - INFO - Checkpoint stored for step: 83f75dc262c2019d6cd451384412e01b
2025-03-12 11:04:49,291 - INFO - Step: CSVLoader completed...
2025-03-12 11:04:49,291 - INFO - Executing Step: reset_cache
2025-03-12 11:04:49,292 - INFO - Checkpoint stored for step: 303c02b1d9dc0c0c316fca773bdcf9b6
2025-03-12 11:04:49,292 - INFO - Step: reset_cache completed...
2025-03-12 11:04:49,293 - INFO - ETL Execution Finished at time: 1741791889.293082 ...
2025-03-12 11:04:49,293 - INFO - Total Execution Time: 0.01 seconds
