2025-03-13 15:46:00,588 - INFO - Target extractor set...
2025-03-13 15:46:00,588 - INFO - Target loader set...
2025-03-13 15:46:00,588 - INFO - Successfully added step with key: 5384c54d3bd68715812bd9480e8adb85
2025-03-13 15:46:00,588 - INFO - Successfully added step with key: f5809fe043c6f2ca419783197caeaa26
2025-03-13 15:46:00,588 - INFO - Successfully added step with key: ab00358d4f21e3fdc6949972080c85ae
2025-03-13 15:46:00,592 - INFO - Successfully added step with key: dc9c09368b6fc1eac32cee7be7815efa
2025-03-13 15:46:00,592 - INFO - Successfully added step with key: 9b2cd0a71d8e9a10a579ebaa632def31
2025-03-13 15:46:00,593 - INFO - Successfully added step with key: 265a8c16da69ec12db7978232af482c8
2025-03-13 15:46:00,603 - INFO - Resuming execution from checkpoint: dc9c09368b6fc1eac32cee7be7815efa
2025-03-13 15:46:00,604 - INFO - Beginning ETL Execution at time: 1741895160.6047301 ...
2025-03-13 15:46:00,639 - INFO - Executing Step: print_df_step
2025-03-13 15:46:00,644 - INFO - Checkpoint stored for step: 5384c54d3bd68715812bd9480e8adb85
2025-03-13 15:46:00,644 - INFO - Step: print_df_step completed...
2025-03-13 15:46:00,644 - INFO - Executing Step: UpdateVariable
2025-03-13 15:46:00,645 - INFO - Checkpoint stored for step: f5809fe043c6f2ca419783197caeaa26
2025-03-13 15:46:00,645 - INFO - Step: UpdateVariable completed...
2025-03-13 15:46:00,645 - INFO - Executing Step: print_df_step
2025-03-13 15:46:00,647 - INFO - Checkpoint stored for step: ab00358d4f21e3fdc6949972080c85ae
2025-03-13 15:46:00,647 - INFO - Step: print_df_step completed...
2025-03-13 15:46:00,647 - INFO - Executing Step: CSVLoader
2025-03-13 15:46:00,648 - INFO - Checkpoint stored for step: 9b2cd0a71d8e9a10a579ebaa632def31
2025-03-13 15:46:00,648 - INFO - Step: CSVLoader completed...
2025-03-13 15:46:00,648 - INFO - Executing Step: reset_cache
2025-03-13 15:46:00,649 - INFO - Step: reset_cache completed...
2025-03-13 15:46:00,649 - INFO - No valid checkpoint found, starting from the beginning...
2025-03-13 15:46:00,649 - INFO - Beginning ETL Execution at time: 1741895160.649608 ...
2025-03-13 15:46:00,650 - INFO - Executing Step: CSVExtractor
2025-03-13 15:46:00,652 - INFO - Added dataframe: tmp to globalcontext
2025-03-13 15:46:00,653 - INFO - Checkpoint stored for step: dc9c09368b6fc1eac32cee7be7815efa
2025-03-13 15:46:00,653 - INFO - Step: CSVExtractor completed...
2025-03-13 15:46:00,653 - INFO - Executing Step: print_df_step
2025-03-13 15:46:00,654 - INFO - Checkpoint stored for step: 5384c54d3bd68715812bd9480e8adb85
2025-03-13 15:46:00,654 - INFO - Step: print_df_step completed...
2025-03-13 15:46:00,654 - INFO - Executing Step: UpdateVariable
2025-03-13 15:46:00,655 - INFO - Checkpoint stored for step: f5809fe043c6f2ca419783197caeaa26
2025-03-13 15:46:00,655 - INFO - Step: UpdateVariable completed...
2025-03-13 15:46:00,655 - INFO - Executing Step: print_df_step
2025-03-13 15:46:00,657 - INFO - Checkpoint stored for step: ab00358d4f21e3fdc6949972080c85ae
2025-03-13 15:46:00,657 - INFO - Step: print_df_step completed...
2025-03-13 15:46:00,657 - INFO - Executing Step: CSVLoader
2025-03-13 15:46:00,658 - INFO - Checkpoint stored for step: 9b2cd0a71d8e9a10a579ebaa632def31
2025-03-13 15:46:00,658 - INFO - Step: CSVLoader completed...
2025-03-13 15:46:00,658 - INFO - Executing Step: reset_cache
2025-03-13 15:46:00,658 - INFO - Step: reset_cache completed...
2025-03-13 15:46:00,658 - INFO - No valid checkpoint found, starting from the beginning...
2025-03-13 15:46:00,659 - INFO - Beginning ETL Execution at time: 1741895160.659067 ...
2025-03-13 15:46:00,660 - INFO - Executing Step: CSVExtractor
2025-03-13 15:46:00,662 - INFO - Checkpoint stored for step: dc9c09368b6fc1eac32cee7be7815efa
2025-03-13 15:46:00,662 - INFO - Step: CSVExtractor completed...
2025-03-13 15:46:00,662 - INFO - Executing Step: print_df_step
2025-03-13 15:46:00,663 - INFO - Checkpoint stored for step: 5384c54d3bd68715812bd9480e8adb85
2025-03-13 15:46:00,663 - INFO - Step: print_df_step completed...
2025-03-13 15:46:00,663 - INFO - Executing Step: UpdateVariable
2025-03-13 15:46:00,664 - INFO - Checkpoint stored for step: f5809fe043c6f2ca419783197caeaa26
2025-03-13 15:46:00,664 - INFO - Step: UpdateVariable completed...
2025-03-13 15:46:00,664 - INFO - Executing Step: print_df_step
2025-03-13 15:46:00,665 - INFO - Checkpoint stored for step: ab00358d4f21e3fdc6949972080c85ae
2025-03-13 15:46:00,665 - INFO - Step: print_df_step completed...
2025-03-13 15:46:00,665 - INFO - Executing Step: CSVLoader
2025-03-13 15:46:00,666 - INFO - Checkpoint stored for step: 9b2cd0a71d8e9a10a579ebaa632def31
2025-03-13 15:46:00,666 - INFO - Step: CSVLoader completed...
2025-03-13 15:46:00,666 - INFO - Executing Step: reset_cache
2025-03-13 15:46:00,666 - INFO - Step: reset_cache completed...
