2025-03-13 14:21:15,173 - INFO - Target extractor set...
2025-03-13 14:21:15,173 - INFO - Target loader set...
2025-03-13 14:21:15,174 - INFO - Successfully added step with key: e097713b11b58d029a197fb21d7ff9e5
2025-03-13 14:21:15,178 - INFO - Successfully added step with key: de222ed930bca8da97e04ac3f0e1a8c4
2025-03-13 14:21:15,178 - INFO - Successfully added step with key: 83f75dc262c2019d6cd451384412e01b
2025-03-13 14:21:15,179 - INFO - Successfully added step with key: 303c02b1d9dc0c0c316fca773bdcf9b6
2025-03-13 14:21:15,179 - INFO - No valid checkpoint found, starting from the beginning...
2025-03-13 14:21:15,180 - INFO - Beginning ETL Execution at time: 1741890075.180013 ...
2025-03-13 14:21:15,190 - INFO - Executing Step: CSVExtractor
2025-03-13 14:21:15,195 - INFO - Added dataframe: tmp to globalcontext
2025-03-13 14:21:15,197 - INFO - Checkpoint stored for step: de222ed930bca8da97e04ac3f0e1a8c4
2025-03-13 14:21:15,197 - INFO - Step: CSVExtractor completed...
2025-03-13 14:21:15,197 - INFO - Executing Step: TransposeDataFrame
2025-03-13 14:21:15,198 - INFO - Checkpoint stored for step: e097713b11b58d029a197fb21d7ff9e5
2025-03-13 14:21:15,198 - INFO - Step: TransposeDataFrame completed...
2025-03-13 14:21:15,198 - INFO - Executing Step: CSVLoader
2025-03-13 14:21:15,200 - INFO - Checkpoint stored for step: 83f75dc262c2019d6cd451384412e01b
2025-03-13 14:21:15,200 - INFO - Step: CSVLoader completed...
2025-03-13 14:21:15,200 - INFO - Executing Step: reset_cache
2025-03-13 14:21:15,200 - INFO - Step: reset_cache completed...
2025-03-13 14:21:15,201 - INFO - No valid checkpoint found, starting from the beginning...
2025-03-13 14:21:15,201 - INFO - Beginning ETL Execution at time: 1741890075.2013571 ...
2025-03-13 14:21:15,202 - INFO - Executing Step: CSVExtractor
2025-03-13 14:21:15,205 - INFO - Added dataframe: tmp to globalcontext
2025-03-13 14:21:15,206 - INFO - Checkpoint stored for step: de222ed930bca8da97e04ac3f0e1a8c4
2025-03-13 14:21:15,206 - INFO - Step: CSVExtractor completed...
2025-03-13 14:21:15,206 - INFO - Executing Step: TransposeDataFrame
2025-03-13 14:21:15,207 - INFO - Checkpoint stored for step: e097713b11b58d029a197fb21d7ff9e5
2025-03-13 14:21:15,207 - INFO - Step: TransposeDataFrame completed...
2025-03-13 14:21:15,207 - INFO - Executing Step: CSVLoader
2025-03-13 14:21:15,208 - INFO - Checkpoint stored for step: 83f75dc262c2019d6cd451384412e01b
2025-03-13 14:21:15,208 - INFO - Step: CSVLoader completed...
2025-03-13 14:21:15,208 - INFO - Executing Step: reset_cache
2025-03-13 14:21:15,208 - INFO - Step: reset_cache completed...
