2025-03-12 11:35:16,278 - INFO - Target extractor set...
2025-03-12 11:35:16,278 - INFO - Target loader set...
2025-03-12 11:35:16,278 - INFO - Successfully added step with key: 5384c54d3bd68715812bd9480e8adb85
2025-03-12 11:35:16,278 - INFO - Successfully added step with key: 0b31cc6b31a422983771068cbdf6a923
2025-03-12 11:35:16,278 - INFO - Successfully added step with key: f5e71a0bea083254707ca05a5cd6b067
2025-03-12 11:35:16,282 - INFO - Successfully added step with key: dc9c09368b6fc1eac32cee7be7815efa
2025-03-12 11:35:16,282 - INFO - Successfully added step with key: 9b2cd0a71d8e9a10a579ebaa632def31
2025-03-12 11:35:16,283 - INFO - Successfully added step with key: 265a8c16da69ec12db7978232af482c8
2025-03-12 11:35:16,283 - INFO - No valid checkpoint found, starting from the beginning...
2025-03-12 11:35:16,283 - INFO - Beginning ETL Execution at time: 1741793716.283925 ...
2025-03-12 11:35:16,328 - INFO - Executing Step: CSVExtractor
2025-03-12 11:35:16,332 - INFO - Added dataframe: tmp to globalcontext
2025-03-12 11:35:16,334 - INFO - Checkpoint stored for step: dc9c09368b6fc1eac32cee7be7815efa
2025-03-12 11:35:16,334 - INFO - Step: CSVExtractor completed...
2025-03-12 11:35:16,334 - INFO - Executing Step: print_df_step
2025-03-12 11:35:16,337 - INFO - Checkpoint stored for step: 5384c54d3bd68715812bd9480e8adb85
2025-03-12 11:35:16,337 - INFO - Step: print_df_step completed...
2025-03-12 11:35:16,337 - INFO - Executing Step: ExcelExtractor
2025-03-12 11:35:16,409 - INFO - Added dataframe: tmpBook to globalcontext
2025-03-12 11:35:16,410 - INFO - Checkpoint stored for step: 0b31cc6b31a422983771068cbdf6a923
2025-03-12 11:35:16,410 - INFO - Step: ExcelExtractor completed...
2025-03-12 11:35:16,410 - INFO - Executing Step: print_df_step2
2025-03-12 11:35:16,412 - INFO - Checkpoint stored for step: f5e71a0bea083254707ca05a5cd6b067
2025-03-12 11:35:16,412 - INFO - Step: print_df_step2 completed...
2025-03-12 11:35:16,412 - INFO - Executing Step: CSVLoader
2025-03-12 11:35:16,415 - INFO - Checkpoint stored for step: 9b2cd0a71d8e9a10a579ebaa632def31
2025-03-12 11:35:16,415 - INFO - Step: CSVLoader completed...
2025-03-12 11:35:16,415 - INFO - Executing Step: reset_cache
2025-03-12 11:35:16,415 - INFO - Step: reset_cache completed...
2025-03-12 11:35:16,415 - INFO - No valid checkpoint found, starting from the beginning...
2025-03-12 11:35:16,416 - INFO - Beginning ETL Execution at time: 1741793716.416018 ...
2025-03-12 11:35:16,416 - INFO - Executing Step: CSVExtractor
2025-03-12 11:35:16,417 - INFO - Added dataframe: tmp to globalcontext
2025-03-12 11:35:16,418 - INFO - Checkpoint stored for step: dc9c09368b6fc1eac32cee7be7815efa
2025-03-12 11:35:16,418 - INFO - Step: CSVExtractor completed...
2025-03-12 11:35:16,418 - INFO - Executing Step: print_df_step
2025-03-12 11:35:16,420 - INFO - Checkpoint stored for step: 5384c54d3bd68715812bd9480e8adb85
2025-03-12 11:35:16,420 - INFO - Step: print_df_step completed...
2025-03-12 11:35:16,420 - INFO - Executing Step: ExcelExtractor
2025-03-12 11:35:16,422 - INFO - Added dataframe: tmpBook to globalcontext
2025-03-12 11:35:16,423 - INFO - Checkpoint stored for step: 0b31cc6b31a422983771068cbdf6a923
2025-03-12 11:35:16,423 - INFO - Step: ExcelExtractor completed...
2025-03-12 11:35:16,423 - INFO - Executing Step: print_df_step2
2025-03-12 11:35:16,424 - INFO - Checkpoint stored for step: f5e71a0bea083254707ca05a5cd6b067
2025-03-12 11:35:16,424 - INFO - Step: print_df_step2 completed...
2025-03-12 11:35:16,424 - INFO - Executing Step: CSVLoader
2025-03-12 11:35:16,425 - INFO - Checkpoint stored for step: 9b2cd0a71d8e9a10a579ebaa632def31
2025-03-12 11:35:16,425 - INFO - Step: CSVLoader completed...
2025-03-12 11:35:16,425 - INFO - Executing Step: reset_cache
2025-03-12 11:35:16,425 - INFO - Step: reset_cache completed...
2025-03-12 11:35:16,426 - INFO - No valid checkpoint found, starting from the beginning...
2025-03-12 11:35:16,426 - INFO - Beginning ETL Execution at time: 1741793716.4262059 ...
2025-03-12 11:35:16,426 - INFO - Executing Step: CSVExtractor
2025-03-12 11:35:16,430 - INFO - Checkpoint stored for step: dc9c09368b6fc1eac32cee7be7815efa
2025-03-12 11:35:16,430 - INFO - Step: CSVExtractor completed...
2025-03-12 11:35:16,430 - INFO - Executing Step: print_df_step
2025-03-12 11:35:16,432 - INFO - Checkpoint stored for step: 5384c54d3bd68715812bd9480e8adb85
2025-03-12 11:35:16,432 - INFO - Step: print_df_step completed...
2025-03-12 11:35:16,432 - INFO - Executing Step: ExcelExtractor
2025-03-12 11:35:16,435 - INFO - Checkpoint stored for step: 0b31cc6b31a422983771068cbdf6a923
2025-03-12 11:35:16,435 - INFO - Step: ExcelExtractor completed...
2025-03-12 11:35:16,435 - INFO - Executing Step: print_df_step2
2025-03-12 11:35:16,436 - INFO - Checkpoint stored for step: f5e71a0bea083254707ca05a5cd6b067
2025-03-12 11:35:16,436 - INFO - Step: print_df_step2 completed...
2025-03-12 11:35:16,436 - INFO - Executing Step: CSVLoader
2025-03-12 11:35:16,437 - INFO - Checkpoint stored for step: 9b2cd0a71d8e9a10a579ebaa632def31
2025-03-12 11:35:16,438 - INFO - Step: CSVLoader completed...
2025-03-12 11:35:16,438 - INFO - Executing Step: reset_cache
2025-03-12 11:35:16,438 - INFO - Step: reset_cache completed...
2025-03-12 11:35:16,439 - INFO - No valid checkpoint found, starting from the beginning...
2025-03-12 11:35:16,439 - INFO - Beginning ETL Execution at time: 1741793716.439796 ...
2025-03-12 11:35:16,440 - INFO - Executing Step: CSVExtractor
2025-03-12 11:35:16,443 - INFO - Checkpoint stored for step: dc9c09368b6fc1eac32cee7be7815efa
2025-03-12 11:35:16,443 - INFO - Step: CSVExtractor completed...
2025-03-12 11:35:16,443 - INFO - Executing Step: print_df_step
2025-03-12 11:35:16,444 - INFO - Checkpoint stored for step: 5384c54d3bd68715812bd9480e8adb85
2025-03-12 11:35:16,444 - INFO - Step: print_df_step completed...
2025-03-12 11:35:16,444 - INFO - Executing Step: ExcelExtractor
2025-03-12 11:35:16,447 - INFO - Checkpoint stored for step: 0b31cc6b31a422983771068cbdf6a923
2025-03-12 11:35:16,447 - INFO - Step: ExcelExtractor completed...
2025-03-12 11:35:16,448 - INFO - Executing Step: print_df_step2
2025-03-12 11:35:16,449 - INFO - Checkpoint stored for step: f5e71a0bea083254707ca05a5cd6b067
2025-03-12 11:35:16,449 - INFO - Step: print_df_step2 completed...
2025-03-12 11:35:16,449 - INFO - Executing Step: CSVLoader
2025-03-12 11:35:16,450 - INFO - Checkpoint stored for step: 9b2cd0a71d8e9a10a579ebaa632def31
2025-03-12 11:35:16,450 - INFO - Step: CSVLoader completed...
2025-03-12 11:35:16,450 - INFO - Executing Step: reset_cache
2025-03-12 11:35:16,450 - INFO - Step: reset_cache completed...
2025-03-12 11:35:16,450 - INFO - ETL Execution Finished at time: 1741793716.450955 ...
2025-03-12 11:35:16,451 - INFO - Total Execution Time: 0.01 seconds
