2025-03-12 11:02:55,445 - INFO - Target extractor set...
2025-03-12 11:02:55,445 - INFO - Target loader set...
2025-03-12 11:02:55,445 - INFO - Successfully added step with key: 5384c54d3bd68715812bd9480e8adb85
2025-03-12 11:02:55,449 - INFO - Successfully added step with key: de222ed930bca8da97e04ac3f0e1a8c4
2025-03-12 11:02:55,449 - INFO - Successfully added step with key: 83f75dc262c2019d6cd451384412e01b
2025-03-12 11:02:55,450 - INFO - Successfully added step with key: 303c02b1d9dc0c0c316fca773bdcf9b6
2025-03-12 11:02:55,451 - INFO - No valid checkpoint found, starting from the beginning...
2025-03-12 11:02:55,451 - INFO - Beginning ETL Execution at time: 1741791775.451042 ...
2025-03-12 11:02:55,489 - INFO - Executing Step: CSVExtractor
2025-03-12 11:02:55,496 - INFO - Added dataframe: tmp to globalcontext
2025-03-12 11:02:55,499 - INFO - Checkpoint stored for step: de222ed930bca8da97e04ac3f0e1a8c4
2025-03-12 11:02:55,499 - INFO - Step: CSVExtractor completed...
2025-03-12 11:02:55,499 - INFO - Executing Step: print_df_step
2025-03-12 11:02:55,502 - INFO - Checkpoint stored for step: 5384c54d3bd68715812bd9480e8adb85
2025-03-12 11:02:55,502 - INFO - Step: print_df_step completed...
2025-03-12 11:02:55,502 - INFO - Executing Step: CSVLoader
2025-03-12 11:02:55,504 - INFO - Checkpoint stored for step: 83f75dc262c2019d6cd451384412e01b
2025-03-12 11:02:55,505 - INFO - Step: CSVLoader completed...
2025-03-12 11:02:55,505 - INFO - Executing Step: reset_cache
2025-03-12 11:02:55,506 - INFO - Checkpoint stored for step: 303c02b1d9dc0c0c316fca773bdcf9b6
2025-03-12 11:02:55,506 - INFO - Step: reset_cache completed...
2025-03-12 11:02:55,507 - INFO - No valid checkpoint found, starting from the beginning...
2025-03-12 11:02:55,507 - INFO - Beginning ETL Execution at time: 1741791775.507209 ...
2025-03-12 11:02:55,508 - INFO - Executing Step: CSVExtractor
2025-03-12 11:02:55,509 - INFO - Added dataframe: tmp to globalcontext
2025-03-12 11:02:55,510 - INFO - Checkpoint stored for step: de222ed930bca8da97e04ac3f0e1a8c4
2025-03-12 11:02:55,510 - INFO - Step: CSVExtractor completed...
2025-03-12 11:02:55,510 - INFO - Executing Step: print_df_step
2025-03-12 11:02:55,512 - INFO - Checkpoint stored for step: 5384c54d3bd68715812bd9480e8adb85
2025-03-12 11:02:55,512 - INFO - Step: print_df_step completed...
2025-03-12 11:02:55,512 - INFO - Executing Step: CSVLoader
2025-03-12 11:02:55,513 - INFO - Checkpoint stored for step: 83f75dc262c2019d6cd451384412e01b
2025-03-12 11:02:55,513 - INFO - Step: CSVLoader completed...
2025-03-12 11:02:55,513 - INFO - Executing Step: reset_cache
2025-03-12 11:02:55,514 - INFO - Checkpoint stored for step: 303c02b1d9dc0c0c316fca773bdcf9b6
2025-03-12 11:02:55,514 - INFO - Step: reset_cache completed...
2025-03-12 11:02:55,514 - INFO - No valid checkpoint found, starting from the beginning...
2025-03-12 11:02:55,514 - INFO - Beginning ETL Execution at time: 1741791775.514539 ...
2025-03-12 11:02:55,515 - INFO - Executing Step: CSVExtractor
2025-03-12 11:02:55,517 - INFO - Checkpoint stored for step: de222ed930bca8da97e04ac3f0e1a8c4
2025-03-12 11:02:55,517 - INFO - Step: CSVExtractor completed...
2025-03-12 11:02:55,517 - INFO - Executing Step: print_df_step
2025-03-12 11:02:55,521 - INFO - Checkpoint stored for step: 5384c54d3bd68715812bd9480e8adb85
2025-03-12 11:02:55,521 - INFO - Step: print_df_step completed...
2025-03-12 11:02:55,521 - INFO - Executing Step: CSVLoader
2025-03-12 11:02:55,523 - INFO - Checkpoint stored for step: 83f75dc262c2019d6cd451384412e01b
2025-03-12 11:02:55,523 - INFO - Step: CSVLoader completed...
2025-03-12 11:02:55,523 - INFO - Executing Step: reset_cache
2025-03-12 11:02:55,524 - INFO - Checkpoint stored for step: 303c02b1d9dc0c0c316fca773bdcf9b6
2025-03-12 11:02:55,524 - INFO - Step: reset_cache completed...
2025-03-12 11:02:55,524 - INFO - No valid checkpoint found, starting from the beginning...
2025-03-12 11:02:55,524 - INFO - Beginning ETL Execution at time: 1741791775.52469 ...
2025-03-12 11:02:55,525 - INFO - Executing Step: CSVExtractor
2025-03-12 11:02:55,527 - INFO - Checkpoint stored for step: de222ed930bca8da97e04ac3f0e1a8c4
2025-03-12 11:02:55,527 - INFO - Step: CSVExtractor completed...
2025-03-12 11:02:55,527 - INFO - Executing Step: print_df_step
2025-03-12 11:02:55,528 - INFO - Checkpoint stored for step: 5384c54d3bd68715812bd9480e8adb85
2025-03-12 11:02:55,528 - INFO - Step: print_df_step completed...
2025-03-12 11:02:55,528 - INFO - Executing Step: CSVLoader
2025-03-12 11:02:55,529 - INFO - Checkpoint stored for step: 83f75dc262c2019d6cd451384412e01b
2025-03-12 11:02:55,529 - INFO - Step: CSVLoader completed...
2025-03-12 11:02:55,529 - INFO - Executing Step: reset_cache
2025-03-12 11:02:55,530 - INFO - Checkpoint stored for step: 303c02b1d9dc0c0c316fca773bdcf9b6
2025-03-12 11:02:55,530 - INFO - Step: reset_cache completed...
2025-03-12 11:02:55,531 - INFO - ETL Execution Finished at time: 1741791775.531008 ...
2025-03-12 11:02:55,531 - INFO - Total Execution Time: 0.01 seconds
