2025-03-12 16:16:53,916 - INFO - Target extractor set...
2025-03-12 16:16:53,916 - INFO - Target loader set...
2025-03-12 16:16:53,916 - INFO - Successfully added step with key: 412abfdcd44b2d96741df91f5a116e5d
2025-03-12 16:16:53,916 - INFO - Successfully added step with key: de222ed930bca8da97e04ac3f0e1a8c4
2025-03-12 16:16:53,916 - INFO - Successfully added step with key: 5acba52b9eb6c6b8de5458d681f2529e
2025-03-12 16:16:53,919 - INFO - Successfully added step with key: dc9c09368b6fc1eac32cee7be7815efa
2025-03-12 16:16:53,920 - INFO - Successfully added step with key: 9b2cd0a71d8e9a10a579ebaa632def31
2025-03-12 16:16:53,920 - INFO - Successfully added step with key: 265a8c16da69ec12db7978232af482c8
2025-03-12 16:16:53,920 - INFO - No valid checkpoint found, starting from the beginning...
2025-03-12 16:16:53,920 - INFO - Beginning ETL Execution at time: 1741810613.920956 ...
2025-03-12 16:16:53,922 - INFO - Executing Step: CSVExtractor
2025-03-12 16:16:53,924 - INFO - Added dataframe: tmp to globalcontext
2025-03-12 16:16:53,925 - INFO - Checkpoint stored for step: dc9c09368b6fc1eac32cee7be7815efa
2025-03-12 16:16:53,925 - INFO - Step: CSVExtractor completed...
2025-03-12 16:16:53,925 - INFO - Executing Step: CSVExtractor
2025-03-12 16:16:53,926 - INFO - Checkpoint stored for step: 412abfdcd44b2d96741df91f5a116e5d
2025-03-12 16:16:53,926 - INFO - Step: CSVExtractor completed...
2025-03-12 16:16:53,926 - INFO - Executing Step: CSVExtractor
2025-03-12 16:16:53,927 - INFO - Added dataframe: othertmp to globalcontext
2025-03-12 16:16:53,928 - INFO - Checkpoint stored for step: de222ed930bca8da97e04ac3f0e1a8c4
2025-03-12 16:16:53,928 - INFO - Step: CSVExtractor completed...
2025-03-12 16:16:53,928 - INFO - Executing Step: MultiCSVExtractor
2025-03-12 16:16:53,928 - INFO - Checkpoint stored for step: 5acba52b9eb6c6b8de5458d681f2529e
2025-03-12 16:16:53,928 - INFO - Step: MultiCSVExtractor completed...
2025-03-12 16:16:53,928 - INFO - Executing Step: CSVLoader
2025-03-12 16:16:53,930 - INFO - Checkpoint stored for step: 9b2cd0a71d8e9a10a579ebaa632def31
2025-03-12 16:16:53,930 - INFO - Step: CSVLoader completed...
2025-03-12 16:16:53,930 - INFO - Executing Step: reset_cache
2025-03-12 16:16:53,930 - INFO - Step: reset_cache completed...
2025-03-12 16:16:53,931 - INFO - No valid checkpoint found, starting from the beginning...
2025-03-12 16:16:53,931 - INFO - Beginning ETL Execution at time: 1741810613.9311018 ...
2025-03-12 16:16:53,931 - INFO - Executing Step: CSVExtractor
2025-03-12 16:16:53,932 - INFO - Added dataframe: tmp to globalcontext
2025-03-12 16:16:53,933 - INFO - Checkpoint stored for step: dc9c09368b6fc1eac32cee7be7815efa
2025-03-12 16:16:53,933 - INFO - Step: CSVExtractor completed...
2025-03-12 16:16:53,933 - INFO - Executing Step: CSVExtractor
2025-03-12 16:16:53,934 - INFO - Checkpoint stored for step: 412abfdcd44b2d96741df91f5a116e5d
2025-03-12 16:16:53,934 - INFO - Step: CSVExtractor completed...
2025-03-12 16:16:53,934 - INFO - Executing Step: CSVExtractor
2025-03-12 16:16:53,934 - INFO - Added dataframe: othertmp to globalcontext
2025-03-12 16:16:53,935 - INFO - Checkpoint stored for step: de222ed930bca8da97e04ac3f0e1a8c4
2025-03-12 16:16:53,935 - INFO - Step: CSVExtractor completed...
2025-03-12 16:16:53,935 - INFO - Executing Step: MultiCSVExtractor
2025-03-12 16:16:53,936 - INFO - Checkpoint stored for step: 5acba52b9eb6c6b8de5458d681f2529e
2025-03-12 16:16:53,936 - INFO - Step: MultiCSVExtractor completed...
2025-03-12 16:16:53,936 - INFO - Executing Step: CSVLoader
2025-03-12 16:16:53,937 - INFO - Checkpoint stored for step: 9b2cd0a71d8e9a10a579ebaa632def31
2025-03-12 16:16:53,937 - INFO - Step: CSVLoader completed...
2025-03-12 16:16:53,937 - INFO - Executing Step: reset_cache
2025-03-12 16:16:53,937 - INFO - Step: reset_cache completed...
2025-03-12 16:16:53,937 - INFO - No valid checkpoint found, starting from the beginning...
2025-03-12 16:16:53,937 - INFO - Beginning ETL Execution at time: 1741810613.937972 ...
2025-03-12 16:16:53,938 - INFO - Executing Step: CSVExtractor
2025-03-12 16:16:53,939 - INFO - Checkpoint stored for step: dc9c09368b6fc1eac32cee7be7815efa
2025-03-12 16:16:53,940 - INFO - Step: CSVExtractor completed...
2025-03-12 16:16:53,940 - INFO - Executing Step: CSVExtractor
2025-03-12 16:16:53,941 - INFO - Checkpoint stored for step: 412abfdcd44b2d96741df91f5a116e5d
2025-03-12 16:16:53,941 - INFO - Step: CSVExtractor completed...
2025-03-12 16:16:53,941 - INFO - Executing Step: CSVExtractor
2025-03-12 16:16:53,942 - INFO - Checkpoint stored for step: de222ed930bca8da97e04ac3f0e1a8c4
2025-03-12 16:16:53,942 - INFO - Step: CSVExtractor completed...
2025-03-12 16:16:53,942 - INFO - Executing Step: MultiCSVExtractor
2025-03-12 16:16:53,943 - INFO - Checkpoint stored for step: 5acba52b9eb6c6b8de5458d681f2529e
2025-03-12 16:16:53,943 - INFO - Step: MultiCSVExtractor completed...
2025-03-12 16:16:53,943 - INFO - Executing Step: CSVLoader
2025-03-12 16:16:53,944 - INFO - Checkpoint stored for step: 9b2cd0a71d8e9a10a579ebaa632def31
2025-03-12 16:16:53,944 - INFO - Step: CSVLoader completed...
2025-03-12 16:16:53,944 - INFO - Executing Step: reset_cache
2025-03-12 16:16:53,944 - INFO - Step: reset_cache completed...
2025-03-12 16:16:53,944 - INFO - No valid checkpoint found, starting from the beginning...
2025-03-12 16:16:53,944 - INFO - Beginning ETL Execution at time: 1741810613.9447403 ...
2025-03-12 16:16:53,945 - INFO - Executing Step: CSVExtractor
2025-03-12 16:16:53,946 - INFO - Checkpoint stored for step: dc9c09368b6fc1eac32cee7be7815efa
2025-03-12 16:16:53,946 - INFO - Step: CSVExtractor completed...
2025-03-12 16:16:53,946 - INFO - Executing Step: CSVExtractor
2025-03-12 16:16:53,948 - INFO - Checkpoint stored for step: 412abfdcd44b2d96741df91f5a116e5d
2025-03-12 16:16:53,948 - INFO - Step: CSVExtractor completed...
2025-03-12 16:16:53,948 - INFO - Executing Step: CSVExtractor
2025-03-12 16:16:53,949 - INFO - Checkpoint stored for step: de222ed930bca8da97e04ac3f0e1a8c4
2025-03-12 16:16:53,949 - INFO - Step: CSVExtractor completed...
2025-03-12 16:16:53,949 - INFO - Executing Step: MultiCSVExtractor
2025-03-12 16:16:53,950 - INFO - Checkpoint stored for step: 5acba52b9eb6c6b8de5458d681f2529e
2025-03-12 16:16:53,950 - INFO - Step: MultiCSVExtractor completed...
2025-03-12 16:16:53,950 - INFO - Executing Step: CSVLoader
2025-03-12 16:16:53,951 - INFO - Checkpoint stored for step: 9b2cd0a71d8e9a10a579ebaa632def31
2025-03-12 16:16:53,951 - INFO - Step: CSVLoader completed...
2025-03-12 16:16:53,951 - INFO - Executing Step: reset_cache
2025-03-12 16:16:53,951 - INFO - Step: reset_cache completed...
2025-03-12 16:16:53,951 - INFO - No valid checkpoint found, starting from the beginning...
2025-03-12 16:16:53,951 - INFO - Beginning ETL Execution at time: 1741810613.9516976 ...
2025-03-12 16:16:53,952 - INFO - Executing Step: CSVExtractor
2025-03-12 16:16:53,953 - INFO - Checkpoint stored for step: dc9c09368b6fc1eac32cee7be7815efa
2025-03-12 16:16:53,953 - INFO - Step: CSVExtractor completed...
2025-03-12 16:16:53,953 - INFO - Executing Step: CSVExtractor
2025-03-12 16:16:53,954 - INFO - Checkpoint stored for step: 412abfdcd44b2d96741df91f5a116e5d
2025-03-12 16:16:53,954 - INFO - Step: CSVExtractor completed...
2025-03-12 16:16:53,954 - INFO - Executing Step: CSVExtractor
2025-03-12 16:16:53,955 - INFO - Checkpoint stored for step: de222ed930bca8da97e04ac3f0e1a8c4
2025-03-12 16:16:53,955 - INFO - Step: CSVExtractor completed...
2025-03-12 16:16:53,955 - INFO - Executing Step: MultiCSVExtractor
2025-03-12 16:16:53,956 - INFO - Checkpoint stored for step: 5acba52b9eb6c6b8de5458d681f2529e
2025-03-12 16:16:53,956 - INFO - Step: MultiCSVExtractor completed...
2025-03-12 16:16:53,956 - INFO - Executing Step: CSVLoader
2025-03-12 16:16:53,957 - INFO - Checkpoint stored for step: 9b2cd0a71d8e9a10a579ebaa632def31
2025-03-12 16:16:53,957 - INFO - Step: CSVLoader completed...
2025-03-12 16:16:53,957 - INFO - Executing Step: reset_cache
2025-03-12 16:16:53,957 - INFO - Step: reset_cache completed...
2025-03-12 16:16:53,958 - INFO - No valid checkpoint found, starting from the beginning...
2025-03-12 16:16:53,958 - INFO - Beginning ETL Execution at time: 1741810613.9581964 ...
2025-03-12 16:16:53,958 - INFO - Executing Step: CSVExtractor
2025-03-12 16:16:53,959 - INFO - Checkpoint stored for step: dc9c09368b6fc1eac32cee7be7815efa
2025-03-12 16:16:53,959 - INFO - Step: CSVExtractor completed...
2025-03-12 16:16:53,959 - INFO - Executing Step: CSVExtractor
2025-03-12 16:16:53,961 - INFO - Checkpoint stored for step: 412abfdcd44b2d96741df91f5a116e5d
2025-03-12 16:16:53,961 - INFO - Step: CSVExtractor completed...
2025-03-12 16:16:53,961 - INFO - Executing Step: CSVExtractor
2025-03-12 16:16:53,962 - INFO - Checkpoint stored for step: de222ed930bca8da97e04ac3f0e1a8c4
2025-03-12 16:16:53,962 - INFO - Step: CSVExtractor completed...
2025-03-12 16:16:53,962 - INFO - Executing Step: MultiCSVExtractor
2025-03-12 16:16:53,963 - INFO - Checkpoint stored for step: 5acba52b9eb6c6b8de5458d681f2529e
2025-03-12 16:16:53,963 - INFO - Step: MultiCSVExtractor completed...
2025-03-12 16:16:53,963 - INFO - Executing Step: CSVLoader
2025-03-12 16:16:53,964 - INFO - Checkpoint stored for step: 9b2cd0a71d8e9a10a579ebaa632def31
2025-03-12 16:16:53,964 - INFO - Step: CSVLoader completed...
2025-03-12 16:16:53,964 - INFO - Executing Step: reset_cache
2025-03-12 16:16:53,964 - INFO - Step: reset_cache completed...
2025-03-12 16:16:53,964 - INFO - No valid checkpoint found, starting from the beginning...
2025-03-12 16:16:53,964 - INFO - Beginning ETL Execution at time: 1741810613.964512 ...
2025-03-12 16:16:53,964 - INFO - Executing Step: CSVExtractor
2025-03-12 16:16:53,966 - INFO - Checkpoint stored for step: dc9c09368b6fc1eac32cee7be7815efa
2025-03-12 16:16:53,966 - INFO - Step: CSVExtractor completed...
2025-03-12 16:16:53,966 - INFO - Executing Step: CSVExtractor
2025-03-12 16:16:53,967 - INFO - Checkpoint stored for step: 412abfdcd44b2d96741df91f5a116e5d
2025-03-12 16:16:53,967 - INFO - Step: CSVExtractor completed...
2025-03-12 16:16:53,967 - INFO - Executing Step: CSVExtractor
2025-03-12 16:16:53,968 - INFO - Checkpoint stored for step: de222ed930bca8da97e04ac3f0e1a8c4
2025-03-12 16:16:53,968 - INFO - Step: CSVExtractor completed...
2025-03-12 16:16:53,968 - INFO - Executing Step: MultiCSVExtractor
2025-03-12 16:16:53,969 - INFO - Checkpoint stored for step: 5acba52b9eb6c6b8de5458d681f2529e
2025-03-12 16:16:53,969 - INFO - Step: MultiCSVExtractor completed...
2025-03-12 16:16:53,969 - INFO - Executing Step: CSVLoader
2025-03-12 16:16:53,970 - INFO - Checkpoint stored for step: 9b2cd0a71d8e9a10a579ebaa632def31
2025-03-12 16:16:53,970 - INFO - Step: CSVLoader completed...
2025-03-12 16:16:53,970 - INFO - Executing Step: reset_cache
2025-03-12 16:16:53,970 - INFO - Step: reset_cache completed...
2025-03-12 16:16:53,970 - INFO - ETL Execution Finished at time: 1741810613.9709773 ...
2025-03-12 16:16:53,970 - INFO - Total Execution Time: 0.01 seconds
