2025-03-15 13:55:04,551 - INFO - Target extractor set...
2025-03-15 13:55:04,551 - INFO - Target loader set...
2025-03-15 13:55:04,551 - INFO - Successfully added step with key: 32d19eb47ab401990ab22f7a7131e175
2025-03-15 13:55:04,551 - INFO - Successfully added step with key: 13dc46e0dd043397767ffdc997a4743b
2025-03-15 13:55:04,551 - INFO - Successfully added step with key: ab00358d4f21e3fdc6949972080c85ae
2025-03-15 13:55:04,556 - INFO - Successfully added step with key: dc9c09368b6fc1eac32cee7be7815efa
2025-03-15 13:55:04,556 - INFO - Successfully added step with key: 9b2cd0a71d8e9a10a579ebaa632def31
2025-03-15 13:55:04,556 - INFO - Beginning ETL Execution at time: 1742061304.556421 ...
2025-03-15 13:55:04,566 - INFO - Executing Step: CSVExtractor
2025-03-15 13:55:04,611 - INFO - Added dataframe: tmp to globalcontext
2025-03-15 13:55:04,612 - INFO - Step: CSVExtractor completed...
2025-03-15 13:55:04,612 - INFO - Executing Step: CreateVariable
2025-03-15 13:55:04,612 - INFO - Step: CreateVariable completed...
2025-03-15 13:55:04,612 - INFO - Executing Step: IncrementVariable
2025-03-15 13:55:04,612 - INFO - Step: IncrementVariable completed...
2025-03-15 13:55:04,612 - INFO - Executing Step: print_df_step
2025-03-15 13:55:04,615 - INFO - Step: print_df_step completed...
2025-03-15 13:55:04,615 - INFO - Executing Step: CSVLoader
2025-03-15 13:55:04,617 - INFO - Step: CSVLoader completed...
2025-03-15 13:55:04,625 - INFO - ETL Execution Finished at time: 1742061304.6256042 ...
2025-03-15 13:55:04,625 - INFO - Total Execution Time: 0.07 seconds
