2025-03-12 17:32:31,274 - INFO - Target extractor set...
2025-03-12 17:32:31,274 - INFO - Target loader set...
2025-03-12 17:32:31,274 - INFO - Successfully added step with key: 412abfdcd44b2d96741df91f5a116e5d
2025-03-12 17:32:31,276 - INFO - Successfully added step with key: de222ed930bca8da97e04ac3f0e1a8c4
2025-03-12 17:32:31,276 - INFO - Successfully added step with key: 83f75dc262c2019d6cd451384412e01b
2025-03-12 17:32:31,277 - INFO - Successfully added step with key: 303c02b1d9dc0c0c316fca773bdcf9b6
2025-03-12 17:32:31,277 - INFO - No valid checkpoint found, starting from the beginning...
2025-03-12 17:32:31,277 - INFO - Beginning ETL Execution at time: 1741815151.2775068 ...
2025-03-12 17:32:31,278 - INFO - Executing Step: CSVExtractor
2025-03-12 17:32:31,279 - INFO - Added dataframe: tmp to globalcontext
2025-03-12 17:32:31,280 - INFO - Checkpoint stored for step: de222ed930bca8da97e04ac3f0e1a8c4
2025-03-12 17:32:31,280 - INFO - Step: CSVExtractor completed...
2025-03-12 17:32:31,280 - INFO - Executing Step: CSVExtractor
2025-03-12 17:32:31,281 - INFO - Added dataframe: othertmp to globalcontext
2025-03-12 17:32:31,282 - INFO - Checkpoint stored for step: 412abfdcd44b2d96741df91f5a116e5d
2025-03-12 17:32:31,282 - INFO - Step: CSVExtractor completed...
2025-03-12 17:32:31,282 - INFO - Executing Step: CSVLoader
2025-03-12 17:32:31,283 - INFO - Checkpoint stored for step: 83f75dc262c2019d6cd451384412e01b
2025-03-12 17:32:31,283 - INFO - Step: CSVLoader completed...
2025-03-12 17:32:31,283 - INFO - Executing Step: reset_cache
2025-03-12 17:32:31,283 - INFO - Step: reset_cache completed...
2025-03-12 17:32:31,284 - INFO - No valid checkpoint found, starting from the beginning...
2025-03-12 17:32:31,284 - INFO - Beginning ETL Execution at time: 1741815151.2843504 ...
2025-03-12 17:32:31,284 - INFO - Executing Step: CSVExtractor
2025-03-12 17:32:31,285 - INFO - Added dataframe: tmp to globalcontext
2025-03-12 17:32:31,285 - INFO - Checkpoint stored for step: de222ed930bca8da97e04ac3f0e1a8c4
2025-03-12 17:32:31,285 - INFO - Step: CSVExtractor completed...
2025-03-12 17:32:31,285 - INFO - Executing Step: CSVExtractor
2025-03-12 17:32:31,286 - INFO - Added dataframe: othertmp to globalcontext
2025-03-12 17:32:31,287 - INFO - Checkpoint stored for step: 412abfdcd44b2d96741df91f5a116e5d
2025-03-12 17:32:31,287 - INFO - Step: CSVExtractor completed...
2025-03-12 17:32:31,287 - INFO - Executing Step: CSVLoader
2025-03-12 17:32:31,288 - INFO - Checkpoint stored for step: 83f75dc262c2019d6cd451384412e01b
2025-03-12 17:32:31,288 - INFO - Step: CSVLoader completed...
2025-03-12 17:32:31,288 - INFO - Executing Step: reset_cache
2025-03-12 17:32:31,288 - INFO - Step: reset_cache completed...
2025-03-12 17:32:31,288 - INFO - No valid checkpoint found, starting from the beginning...
2025-03-12 17:32:31,288 - INFO - Beginning ETL Execution at time: 1741815151.2886832 ...
2025-03-12 17:32:31,289 - INFO - Executing Step: CSVExtractor
2025-03-12 17:32:31,290 - INFO - Checkpoint stored for step: de222ed930bca8da97e04ac3f0e1a8c4
2025-03-12 17:32:31,290 - INFO - Step: CSVExtractor completed...
2025-03-12 17:32:31,290 - INFO - Executing Step: CSVExtractor
2025-03-12 17:32:31,291 - INFO - Checkpoint stored for step: 412abfdcd44b2d96741df91f5a116e5d
2025-03-12 17:32:31,291 - INFO - Step: CSVExtractor completed...
2025-03-12 17:32:31,291 - INFO - Executing Step: CSVLoader
2025-03-12 17:32:31,292 - INFO - Checkpoint stored for step: 83f75dc262c2019d6cd451384412e01b
2025-03-12 17:32:31,292 - INFO - Step: CSVLoader completed...
2025-03-12 17:32:31,292 - INFO - Executing Step: reset_cache
2025-03-12 17:32:31,292 - INFO - Step: reset_cache completed...
