2025-03-12 16:38:09,456 - INFO - Target extractor set...
2025-03-12 16:38:09,457 - INFO - Target loader set...
2025-03-12 16:38:09,459 - INFO - Successfully added step with key: 412abfdcd44b2d96741df91f5a116e5d
2025-03-12 16:38:09,460 - INFO - Successfully added step with key: de222ed930bca8da97e04ac3f0e1a8c4
2025-03-12 16:38:09,460 - INFO - Successfully added step with key: 83f75dc262c2019d6cd451384412e01b
2025-03-12 16:38:09,460 - INFO - Successfully added step with key: 303c02b1d9dc0c0c316fca773bdcf9b6
2025-03-12 16:38:09,460 - INFO - No valid checkpoint found, starting from the beginning...
2025-03-12 16:38:09,461 - INFO - Beginning ETL Execution at time: 1741811889.4609954 ...
2025-03-12 16:38:09,462 - INFO - Executing Step: CSVExtractor
2025-03-12 16:38:09,463 - INFO - Added dataframe: othertmp to globalcontext
2025-03-12 16:38:09,464 - INFO - Checkpoint stored for step: de222ed930bca8da97e04ac3f0e1a8c4
2025-03-12 16:38:09,464 - INFO - Step: CSVExtractor completed...
2025-03-12 16:38:09,464 - INFO - Executing Step: CSVExtractor
2025-03-12 16:38:09,464 - INFO - Added dataframe: tmp to globalcontext
2025-03-12 16:38:09,465 - INFO - Checkpoint stored for step: 412abfdcd44b2d96741df91f5a116e5d
2025-03-12 16:38:09,465 - INFO - Step: CSVExtractor completed...
2025-03-12 16:38:09,465 - INFO - Executing Step: CSVLoader
2025-03-12 16:38:09,467 - INFO - Checkpoint stored for step: 83f75dc262c2019d6cd451384412e01b
2025-03-12 16:38:09,467 - INFO - Step: CSVLoader completed...
2025-03-12 16:38:09,467 - INFO - Executing Step: reset_cache
2025-03-12 16:38:09,467 - INFO - Step: reset_cache completed...
2025-03-12 16:38:09,468 - INFO - No valid checkpoint found, starting from the beginning...
2025-03-12 16:38:09,468 - INFO - Beginning ETL Execution at time: 1741811889.4685996 ...
2025-03-12 16:38:09,469 - INFO - Executing Step: CSVExtractor
2025-03-12 16:38:09,471 - INFO - Added dataframe: othertmp to globalcontext
2025-03-12 16:38:09,473 - INFO - Checkpoint stored for step: de222ed930bca8da97e04ac3f0e1a8c4
2025-03-12 16:38:09,473 - INFO - Step: CSVExtractor completed...
2025-03-12 16:38:09,473 - INFO - Executing Step: CSVExtractor
2025-03-12 16:38:09,474 - INFO - Added dataframe: tmp to globalcontext
2025-03-12 16:38:09,477 - INFO - Checkpoint stored for step: 412abfdcd44b2d96741df91f5a116e5d
2025-03-12 16:38:09,477 - INFO - Step: CSVExtractor completed...
2025-03-12 16:38:09,477 - INFO - Executing Step: CSVLoader
2025-03-12 16:38:09,480 - INFO - Checkpoint stored for step: 83f75dc262c2019d6cd451384412e01b
2025-03-12 16:38:09,480 - INFO - Step: CSVLoader completed...
2025-03-12 16:38:09,480 - INFO - Executing Step: reset_cache
2025-03-12 16:38:09,480 - INFO - Step: reset_cache completed...
2025-03-12 16:38:09,481 - INFO - No valid checkpoint found, starting from the beginning...
2025-03-12 16:38:09,481 - INFO - Beginning ETL Execution at time: 1741811889.4814675 ...
2025-03-12 16:38:09,482 - INFO - Executing Step: CSVExtractor
2025-03-12 16:38:09,486 - INFO - Checkpoint stored for step: de222ed930bca8da97e04ac3f0e1a8c4
2025-03-12 16:38:09,486 - INFO - Step: CSVExtractor completed...
2025-03-12 16:38:09,486 - INFO - Executing Step: CSVExtractor
2025-03-12 16:38:09,488 - INFO - Checkpoint stored for step: 412abfdcd44b2d96741df91f5a116e5d
2025-03-12 16:38:09,488 - INFO - Step: CSVExtractor completed...
2025-03-12 16:38:09,489 - INFO - Executing Step: CSVLoader
2025-03-12 16:38:09,491 - INFO - Checkpoint stored for step: 83f75dc262c2019d6cd451384412e01b
2025-03-12 16:38:09,491 - INFO - Step: CSVLoader completed...
2025-03-12 16:38:09,491 - INFO - Executing Step: reset_cache
2025-03-12 16:38:09,491 - INFO - Step: reset_cache completed...
2025-03-12 16:38:09,492 - INFO - No valid checkpoint found, starting from the beginning...
2025-03-12 16:38:09,492 - INFO - Beginning ETL Execution at time: 1741811889.4921784 ...
2025-03-12 16:38:09,493 - INFO - Executing Step: CSVExtractor
2025-03-12 16:38:09,495 - INFO - Checkpoint stored for step: de222ed930bca8da97e04ac3f0e1a8c4
2025-03-12 16:38:09,495 - INFO - Step: CSVExtractor completed...
2025-03-12 16:38:09,495 - INFO - Executing Step: CSVExtractor
2025-03-12 16:38:09,497 - INFO - Checkpoint stored for step: 412abfdcd44b2d96741df91f5a116e5d
2025-03-12 16:38:09,497 - INFO - Step: CSVExtractor completed...
2025-03-12 16:38:09,497 - INFO - Executing Step: CSVLoader
2025-03-12 16:38:09,499 - INFO - Checkpoint stored for step: 83f75dc262c2019d6cd451384412e01b
2025-03-12 16:38:09,499 - INFO - Step: CSVLoader completed...
2025-03-12 16:38:09,499 - INFO - Executing Step: reset_cache
2025-03-12 16:38:09,499 - INFO - Step: reset_cache completed...
2025-03-12 16:38:09,500 - INFO - No valid checkpoint found, starting from the beginning...
2025-03-12 16:38:09,500 - INFO - Beginning ETL Execution at time: 1741811889.5002196 ...
2025-03-12 16:38:09,500 - INFO - Executing Step: CSVExtractor
2025-03-12 16:38:09,502 - INFO - Checkpoint stored for step: de222ed930bca8da97e04ac3f0e1a8c4
2025-03-12 16:38:09,502 - INFO - Step: CSVExtractor completed...
2025-03-12 16:38:09,503 - INFO - Executing Step: CSVExtractor
2025-03-12 16:38:09,504 - INFO - Checkpoint stored for step: 412abfdcd44b2d96741df91f5a116e5d
2025-03-12 16:38:09,504 - INFO - Step: CSVExtractor completed...
2025-03-12 16:38:09,504 - INFO - Executing Step: CSVLoader
2025-03-12 16:38:09,506 - INFO - Checkpoint stored for step: 83f75dc262c2019d6cd451384412e01b
2025-03-12 16:38:09,506 - INFO - Step: CSVLoader completed...
2025-03-12 16:38:09,506 - INFO - Executing Step: reset_cache
2025-03-12 16:38:09,506 - INFO - Step: reset_cache completed...
2025-03-12 16:38:09,506 - INFO - No valid checkpoint found, starting from the beginning...
2025-03-12 16:38:09,506 - INFO - Beginning ETL Execution at time: 1741811889.5069683 ...
2025-03-12 16:38:09,507 - INFO - Executing Step: CSVExtractor
2025-03-12 16:38:09,510 - INFO - Checkpoint stored for step: de222ed930bca8da97e04ac3f0e1a8c4
2025-03-12 16:38:09,510 - INFO - Step: CSVExtractor completed...
2025-03-12 16:38:09,510 - INFO - Executing Step: CSVExtractor
2025-03-12 16:38:09,512 - INFO - Checkpoint stored for step: 412abfdcd44b2d96741df91f5a116e5d
2025-03-12 16:38:09,512 - INFO - Step: CSVExtractor completed...
2025-03-12 16:38:09,512 - INFO - Executing Step: CSVLoader
2025-03-12 16:38:09,513 - INFO - Checkpoint stored for step: 83f75dc262c2019d6cd451384412e01b
2025-03-12 16:38:09,513 - INFO - Step: CSVLoader completed...
2025-03-12 16:38:09,513 - INFO - Executing Step: reset_cache
2025-03-12 16:38:09,513 - INFO - Step: reset_cache completed...
2025-03-12 16:38:09,513 - INFO - No valid checkpoint found, starting from the beginning...
2025-03-12 16:38:09,513 - INFO - Beginning ETL Execution at time: 1741811889.5138488 ...
2025-03-12 16:38:09,514 - INFO - Executing Step: CSVExtractor
2025-03-12 16:38:09,515 - INFO - Checkpoint stored for step: de222ed930bca8da97e04ac3f0e1a8c4
2025-03-12 16:38:09,515 - INFO - Step: CSVExtractor completed...
2025-03-12 16:38:09,515 - INFO - Executing Step: CSVExtractor
2025-03-12 16:38:09,516 - INFO - Checkpoint stored for step: 412abfdcd44b2d96741df91f5a116e5d
2025-03-12 16:38:09,516 - INFO - Step: CSVExtractor completed...
2025-03-12 16:38:09,517 - INFO - Executing Step: CSVLoader
2025-03-12 16:38:09,518 - INFO - Checkpoint stored for step: 83f75dc262c2019d6cd451384412e01b
2025-03-12 16:38:09,518 - INFO - Step: CSVLoader completed...
2025-03-12 16:38:09,518 - INFO - Executing Step: reset_cache
2025-03-12 16:38:09,518 - INFO - Step: reset_cache completed...
