2025-03-12 10:20:04,465 - INFO - Target extractor set...
2025-03-12 10:20:04,465 - INFO - Target loader set...
2025-03-12 10:20:04,465 - INFO - Successfully added step with key: 5384c54d3bd68715812bd9480e8adb85
2025-03-12 10:20:04,470 - INFO - Successfully added step with key: de222ed930bca8da97e04ac3f0e1a8c4
2025-03-12 10:20:04,470 - INFO - Successfully added step with key: 83f75dc262c2019d6cd451384412e01b
2025-03-12 10:20:04,472 - INFO - No valid checkpoint found, starting from the beginning...
2025-03-12 10:20:04,472 - INFO - Beginning ETL Execution at time: 1741789204.472498 ...
2025-03-12 10:20:04,484 - INFO - Executing Step: CSVExtractor
2025-03-12 10:20:04,487 - INFO - Added dataframe: tmp to globalcontext
2025-03-12 10:20:04,488 - INFO - Checkpoint stored for step: de222ed930bca8da97e04ac3f0e1a8c4
2025-03-12 10:20:04,488 - INFO - Step: CSVExtractor completed...
2025-03-12 10:20:04,488 - INFO - Executing Step: print_df_step
2025-03-12 10:20:04,491 - INFO - Checkpoint stored for step: 5384c54d3bd68715812bd9480e8adb85
2025-03-12 10:20:04,491 - INFO - Step: print_df_step completed...
2025-03-12 10:20:04,491 - INFO - Executing Step: CSVLoader
2025-03-12 10:20:04,493 - INFO - Checkpoint stored for step: 83f75dc262c2019d6cd451384412e01b
2025-03-12 10:20:04,493 - INFO - Step: CSVLoader completed...
2025-03-12 10:20:04,494 - INFO - Successfully added step with key: dc9c09368b6fc1eac32cee7be7815efa
2025-03-12 10:20:04,494 - INFO - Successfully added step with key: 9b2cd0a71d8e9a10a579ebaa632def31
2025-03-12 10:20:04,495 - INFO - No valid checkpoint found, starting from the beginning...
2025-03-12 10:20:04,495 - INFO - Beginning ETL Execution at time: 1741789204.495619 ...
2025-03-12 10:20:04,496 - INFO - Executing Step: CSVExtractor
2025-03-12 10:20:04,497 - INFO - Added dataframe: tmp to globalcontext
2025-03-12 10:20:04,499 - INFO - Checkpoint stored for step: dc9c09368b6fc1eac32cee7be7815efa
2025-03-12 10:20:04,499 - INFO - Step: CSVExtractor completed...
2025-03-12 10:20:04,499 - INFO - Executing Step: CSVExtractor
2025-03-12 10:20:04,500 - INFO - Checkpoint stored for step: de222ed930bca8da97e04ac3f0e1a8c4
2025-03-12 10:20:04,500 - INFO - Step: CSVExtractor completed...
2025-03-12 10:20:04,500 - INFO - Executing Step: print_df_step
2025-03-12 10:20:04,502 - INFO - Checkpoint stored for step: 5384c54d3bd68715812bd9480e8adb85
2025-03-12 10:20:04,502 - INFO - Step: print_df_step completed...
2025-03-12 10:20:04,502 - INFO - Executing Step: CSVLoader
2025-03-12 10:20:04,503 - INFO - Checkpoint stored for step: 83f75dc262c2019d6cd451384412e01b
2025-03-12 10:20:04,503 - INFO - Step: CSVLoader completed...
2025-03-12 10:20:04,503 - INFO - Executing Step: CSVLoader
2025-03-12 10:20:04,504 - INFO - Checkpoint stored for step: 9b2cd0a71d8e9a10a579ebaa632def31
2025-03-12 10:20:04,504 - INFO - Step: CSVLoader completed...
2025-03-12 10:20:04,504 - INFO - Successfully added step with key: fc0de5317ae15ad50e902796a1016724
2025-03-12 10:20:04,504 - INFO - Successfully added step with key: eaf1a0baf28692a69cbc149f0099f7c6
2025-03-12 10:20:04,504 - INFO - No valid checkpoint found, starting from the beginning...
2025-03-12 10:20:04,505 - INFO - Beginning ETL Execution at time: 1741789204.505016 ...
2025-03-12 10:20:04,505 - INFO - Executing Step: CSVExtractor
2025-03-12 10:20:04,508 - INFO - Checkpoint stored for step: fc0de5317ae15ad50e902796a1016724
2025-03-12 10:20:04,508 - INFO - Step: CSVExtractor completed...
2025-03-12 10:20:04,508 - INFO - Executing Step: CSVExtractor
