2025-03-13 15:56:57,803 - INFO - Target extractor set...
2025-03-13 15:56:57,803 - INFO - Target loader set...
2025-03-13 15:56:57,803 - INFO - Successfully added step with key: 32d19eb47ab401990ab22f7a7131e175
2025-03-13 15:56:57,803 - INFO - Successfully added step with key: f5809fe043c6f2ca419783197caeaa26
2025-03-13 15:56:57,807 - INFO - Successfully added step with key: 190c24b772bdc0bb5b66e4561cc6a959
2025-03-13 15:56:57,808 - INFO - Successfully added step with key: 2bccaac0d8c1b35e3fe74c2843e26c43
2025-03-13 15:56:57,809 - INFO - Successfully added step with key: 25dac2d2dae014fb38d1ca9328cd5654
2025-03-13 15:56:57,809 - INFO - No valid checkpoint found, starting from the beginning...
2025-03-13 15:56:57,810 - INFO - Beginning ETL Execution at time: 1741895817.8100321 ...
2025-03-13 15:56:57,819 - INFO - Executing Step: CSVExtractor
2025-03-13 15:56:57,824 - INFO - Added dataframe: tmp to globalcontext
2025-03-13 15:56:57,826 - INFO - Checkpoint stored for step: 190c24b772bdc0bb5b66e4561cc6a959
2025-03-13 15:56:57,826 - INFO - Step: CSVExtractor completed...
2025-03-13 15:56:57,826 - INFO - Executing Step: CreateVariable
2025-03-13 15:56:57,826 - INFO - Checkpoint stored for step: 32d19eb47ab401990ab22f7a7131e175
2025-03-13 15:56:57,826 - INFO - Step: CreateVariable completed...
2025-03-13 15:56:57,826 - INFO - Executing Step: UpdateVariable
2025-03-13 15:56:57,827 - INFO - Checkpoint stored for step: f5809fe043c6f2ca419783197caeaa26
2025-03-13 15:56:57,827 - INFO - Step: UpdateVariable completed...
2025-03-13 15:56:57,827 - INFO - Executing Step: CSVLoader
2025-03-13 15:56:57,830 - INFO - Checkpoint stored for step: 2bccaac0d8c1b35e3fe74c2843e26c43
2025-03-13 15:56:57,830 - INFO - Step: CSVLoader completed...
2025-03-13 15:56:57,830 - INFO - Executing Step: reset_cache
2025-03-13 15:56:57,830 - INFO - Step: reset_cache completed...
2025-03-13 15:56:57,830 - INFO - No valid checkpoint found, starting from the beginning...
2025-03-13 15:56:57,830 - INFO - Beginning ETL Execution at time: 1741895817.830919 ...
2025-03-13 15:56:57,831 - INFO - Executing Step: CSVExtractor
2025-03-13 15:56:57,834 - INFO - Added dataframe: tmp to globalcontext
2025-03-13 15:56:57,835 - INFO - Checkpoint stored for step: 190c24b772bdc0bb5b66e4561cc6a959
2025-03-13 15:56:57,835 - INFO - Step: CSVExtractor completed...
2025-03-13 15:56:57,835 - INFO - Executing Step: CreateVariable
2025-03-13 15:56:57,836 - INFO - Checkpoint stored for step: 32d19eb47ab401990ab22f7a7131e175
2025-03-13 15:56:57,836 - INFO - Step: CreateVariable completed...
2025-03-13 15:56:57,836 - INFO - Executing Step: UpdateVariable
2025-03-13 15:56:57,836 - INFO - Checkpoint stored for step: f5809fe043c6f2ca419783197caeaa26
2025-03-13 15:56:57,836 - INFO - Step: UpdateVariable completed...
2025-03-13 15:56:57,836 - INFO - Executing Step: CSVLoader
2025-03-13 15:56:57,838 - INFO - Checkpoint stored for step: 2bccaac0d8c1b35e3fe74c2843e26c43
2025-03-13 15:56:57,838 - INFO - Step: CSVLoader completed...
2025-03-13 15:56:57,838 - INFO - Executing Step: reset_cache
2025-03-13 15:56:57,838 - INFO - Step: reset_cache completed...
