2025-03-12 11:49:54,938 - INFO - Target extractor set...
2025-03-12 11:49:54,938 - INFO - Target loader set...
2025-03-12 11:49:54,939 - INFO - Successfully added step with key: 5384c54d3bd68715812bd9480e8adb85
2025-03-12 11:49:54,939 - INFO - Successfully added step with key: 0b31cc6b31a422983771068cbdf6a923
2025-03-12 11:49:54,939 - INFO - Successfully added step with key: f5e71a0bea083254707ca05a5cd6b067
2025-03-12 11:49:54,943 - INFO - Successfully added step with key: dc9c09368b6fc1eac32cee7be7815efa
2025-03-12 11:49:54,943 - INFO - Successfully added step with key: 9b2cd0a71d8e9a10a579ebaa632def31
2025-03-12 11:49:54,944 - INFO - Successfully added step with key: 265a8c16da69ec12db7978232af482c8
2025-03-12 11:49:55,004 - INFO - No valid checkpoint found, starting from the beginning...
2025-03-12 11:49:55,004 - INFO - Beginning ETL Execution at time: 1741794595.0049589 ...
2025-03-12 11:49:55,013 - INFO - Executing Step: CSVExtractor
2025-03-12 11:49:55,017 - INFO - Added dataframe: tmp to globalcontext
2025-03-12 11:49:55,018 - INFO - Checkpoint stored for step: dc9c09368b6fc1eac32cee7be7815efa
2025-03-12 11:49:55,018 - INFO - Step: CSVExtractor completed...
2025-03-12 11:49:55,018 - INFO - Executing Step: print_df_step
2025-03-12 11:49:55,020 - INFO - Checkpoint stored for step: 5384c54d3bd68715812bd9480e8adb85
2025-03-12 11:49:55,020 - INFO - Step: print_df_step completed...
2025-03-12 11:49:55,020 - INFO - Executing Step: ExcelExtractor
2025-03-12 11:49:55,029 - INFO - Added dataframe: tmpBook to globalcontext
2025-03-12 11:49:55,030 - INFO - Checkpoint stored for step: 0b31cc6b31a422983771068cbdf6a923
2025-03-12 11:49:55,030 - INFO - Step: ExcelExtractor completed...
2025-03-12 11:49:55,030 - INFO - Executing Step: print_df_step2
2025-03-12 11:49:55,031 - INFO - Checkpoint stored for step: f5e71a0bea083254707ca05a5cd6b067
2025-03-12 11:49:55,031 - INFO - Step: print_df_step2 completed...
2025-03-12 11:49:55,031 - INFO - Executing Step: CSVLoader
2025-03-12 11:49:55,033 - INFO - Checkpoint stored for step: 9b2cd0a71d8e9a10a579ebaa632def31
2025-03-12 11:49:55,033 - INFO - Step: CSVLoader completed...
2025-03-12 11:49:55,033 - INFO - Executing Step: reset_cache
2025-03-12 11:49:55,034 - INFO - Step: reset_cache completed...
2025-03-12 11:49:55,035 - INFO - No valid checkpoint found, starting from the beginning...
2025-03-12 11:49:55,035 - INFO - Beginning ETL Execution at time: 1741794595.035043 ...
2025-03-12 11:49:55,035 - INFO - Executing Step: CSVExtractor
2025-03-12 11:49:55,037 - INFO - Added dataframe: tmp to globalcontext
2025-03-12 11:49:55,038 - INFO - Checkpoint stored for step: dc9c09368b6fc1eac32cee7be7815efa
2025-03-12 11:49:55,038 - INFO - Step: CSVExtractor completed...
2025-03-12 11:49:55,038 - INFO - Executing Step: print_df_step
2025-03-12 11:49:55,039 - INFO - Checkpoint stored for step: 5384c54d3bd68715812bd9480e8adb85
2025-03-12 11:49:55,039 - INFO - Step: print_df_step completed...
2025-03-12 11:49:55,039 - INFO - Executing Step: ExcelExtractor
2025-03-12 11:49:55,042 - INFO - Added dataframe: tmpBook to globalcontext
2025-03-12 11:49:55,043 - INFO - Checkpoint stored for step: 0b31cc6b31a422983771068cbdf6a923
2025-03-12 11:49:55,043 - INFO - Step: ExcelExtractor completed...
2025-03-12 11:49:55,043 - INFO - Executing Step: print_df_step2
2025-03-12 11:49:55,044 - INFO - Checkpoint stored for step: f5e71a0bea083254707ca05a5cd6b067
2025-03-12 11:49:55,044 - INFO - Step: print_df_step2 completed...
2025-03-12 11:49:55,044 - INFO - Executing Step: CSVLoader
2025-03-12 11:49:55,045 - INFO - Checkpoint stored for step: 9b2cd0a71d8e9a10a579ebaa632def31
2025-03-12 11:49:55,045 - INFO - Step: CSVLoader completed...
2025-03-12 11:49:55,045 - INFO - Executing Step: reset_cache
2025-03-12 11:49:55,045 - INFO - Step: reset_cache completed...
2025-03-12 11:49:55,046 - INFO - No valid checkpoint found, starting from the beginning...
2025-03-12 11:49:55,046 - INFO - Beginning ETL Execution at time: 1741794595.046104 ...
2025-03-12 11:49:55,047 - INFO - Executing Step: CSVExtractor
2025-03-12 11:49:55,049 - INFO - Checkpoint stored for step: dc9c09368b6fc1eac32cee7be7815efa
2025-03-12 11:49:55,049 - INFO - Step: CSVExtractor completed...
2025-03-12 11:49:55,049 - INFO - Executing Step: print_df_step
2025-03-12 11:49:55,051 - INFO - Checkpoint stored for step: 5384c54d3bd68715812bd9480e8adb85
2025-03-12 11:49:55,051 - INFO - Step: print_df_step completed...
2025-03-12 11:49:55,051 - INFO - Executing Step: ExcelExtractor
2025-03-12 11:49:55,054 - INFO - Checkpoint stored for step: 0b31cc6b31a422983771068cbdf6a923
2025-03-12 11:49:55,054 - INFO - Step: ExcelExtractor completed...
2025-03-12 11:49:55,054 - INFO - Executing Step: print_df_step2
2025-03-12 11:49:55,056 - INFO - Checkpoint stored for step: f5e71a0bea083254707ca05a5cd6b067
2025-03-12 11:49:55,056 - INFO - Step: print_df_step2 completed...
2025-03-12 11:49:55,056 - INFO - Executing Step: CSVLoader
2025-03-12 11:49:55,057 - INFO - Checkpoint stored for step: 9b2cd0a71d8e9a10a579ebaa632def31
2025-03-12 11:49:55,057 - INFO - Step: CSVLoader completed...
2025-03-12 11:49:55,057 - INFO - Executing Step: reset_cache
2025-03-12 11:49:55,057 - INFO - Step: reset_cache completed...
2025-03-12 11:49:55,058 - INFO - No valid checkpoint found, starting from the beginning...
2025-03-12 11:49:55,058 - INFO - Beginning ETL Execution at time: 1741794595.058523 ...
2025-03-12 11:49:55,059 - INFO - Executing Step: CSVExtractor
2025-03-12 11:49:55,062 - INFO - Checkpoint stored for step: dc9c09368b6fc1eac32cee7be7815efa
2025-03-12 11:49:55,062 - INFO - Step: CSVExtractor completed...
2025-03-12 11:49:55,062 - INFO - Executing Step: print_df_step
2025-03-12 11:49:55,063 - INFO - Checkpoint stored for step: 5384c54d3bd68715812bd9480e8adb85
2025-03-12 11:49:55,063 - INFO - Step: print_df_step completed...
2025-03-12 11:49:55,063 - INFO - Executing Step: ExcelExtractor
2025-03-12 11:49:55,066 - INFO - Checkpoint stored for step: 0b31cc6b31a422983771068cbdf6a923
2025-03-12 11:49:55,066 - INFO - Step: ExcelExtractor completed...
2025-03-12 11:49:55,066 - INFO - Executing Step: print_df_step2
2025-03-12 11:49:55,067 - INFO - Checkpoint stored for step: f5e71a0bea083254707ca05a5cd6b067
2025-03-12 11:49:55,067 - INFO - Step: print_df_step2 completed...
2025-03-12 11:49:55,067 - INFO - Executing Step: CSVLoader
2025-03-12 11:49:55,068 - INFO - Checkpoint stored for step: 9b2cd0a71d8e9a10a579ebaa632def31
2025-03-12 11:49:55,068 - INFO - Step: CSVLoader completed...
2025-03-12 11:49:55,068 - INFO - Executing Step: reset_cache
2025-03-12 11:49:55,068 - INFO - Step: reset_cache completed...
2025-03-12 11:49:55,069 - INFO - No valid checkpoint found, starting from the beginning...
2025-03-12 11:49:55,069 - INFO - Beginning ETL Execution at time: 1741794595.0693052 ...
2025-03-12 11:49:55,069 - INFO - Executing Step: CSVExtractor
2025-03-12 11:49:55,073 - INFO - Checkpoint stored for step: dc9c09368b6fc1eac32cee7be7815efa
2025-03-12 11:49:55,073 - INFO - Step: CSVExtractor completed...
2025-03-12 11:49:55,073 - INFO - Executing Step: print_df_step
2025-03-12 11:49:55,075 - INFO - Checkpoint stored for step: 5384c54d3bd68715812bd9480e8adb85
2025-03-12 11:49:55,075 - INFO - Step: print_df_step completed...
2025-03-12 11:49:55,075 - INFO - Executing Step: ExcelExtractor
2025-03-12 11:49:55,078 - INFO - Checkpoint stored for step: 0b31cc6b31a422983771068cbdf6a923
2025-03-12 11:49:55,078 - INFO - Step: ExcelExtractor completed...
2025-03-12 11:49:55,078 - INFO - Executing Step: print_df_step2
2025-03-12 11:49:55,079 - INFO - Checkpoint stored for step: f5e71a0bea083254707ca05a5cd6b067
2025-03-12 11:49:55,079 - INFO - Step: print_df_step2 completed...
2025-03-12 11:49:55,079 - INFO - Executing Step: CSVLoader
2025-03-12 11:49:55,080 - INFO - Checkpoint stored for step: 9b2cd0a71d8e9a10a579ebaa632def31
2025-03-12 11:49:55,080 - INFO - Step: CSVLoader completed...
2025-03-12 11:49:55,080 - INFO - Executing Step: reset_cache
2025-03-12 11:49:55,080 - INFO - Step: reset_cache completed...
2025-03-12 11:49:55,081 - INFO - No valid checkpoint found, starting from the beginning...
2025-03-12 11:49:55,081 - INFO - Beginning ETL Execution at time: 1741794595.0813031 ...
2025-03-12 11:49:55,082 - INFO - Executing Step: CSVExtractor
2025-03-12 11:49:55,085 - INFO - Checkpoint stored for step: dc9c09368b6fc1eac32cee7be7815efa
2025-03-12 11:49:55,085 - INFO - Step: CSVExtractor completed...
2025-03-12 11:49:55,085 - INFO - Executing Step: print_df_step
2025-03-12 11:49:55,086 - INFO - Checkpoint stored for step: 5384c54d3bd68715812bd9480e8adb85
2025-03-12 11:49:55,086 - INFO - Step: print_df_step completed...
2025-03-12 11:49:55,086 - INFO - Executing Step: ExcelExtractor
2025-03-12 11:49:55,090 - INFO - Checkpoint stored for step: 0b31cc6b31a422983771068cbdf6a923
2025-03-12 11:49:55,090 - INFO - Step: ExcelExtractor completed...
2025-03-12 11:49:55,090 - INFO - Executing Step: print_df_step2
2025-03-12 11:49:55,091 - INFO - Checkpoint stored for step: f5e71a0bea083254707ca05a5cd6b067
2025-03-12 11:49:55,091 - INFO - Step: print_df_step2 completed...
2025-03-12 11:49:55,091 - INFO - Executing Step: CSVLoader
2025-03-12 11:49:55,092 - INFO - Checkpoint stored for step: 9b2cd0a71d8e9a10a579ebaa632def31
2025-03-12 11:49:55,092 - INFO - Step: CSVLoader completed...
2025-03-12 11:49:55,092 - INFO - Executing Step: reset_cache
2025-03-12 11:49:55,092 - INFO - Step: reset_cache completed...
2025-03-12 11:49:55,093 - INFO - No valid checkpoint found, starting from the beginning...
2025-03-12 11:49:55,093 - INFO - Beginning ETL Execution at time: 1741794595.0936131 ...
2025-03-12 11:49:55,094 - INFO - Executing Step: CSVExtractor
2025-03-12 11:49:55,111 - INFO - Checkpoint stored for step: dc9c09368b6fc1eac32cee7be7815efa
2025-03-12 11:49:55,111 - INFO - Step: CSVExtractor completed...
2025-03-12 11:49:55,111 - INFO - Executing Step: print_df_step
2025-03-12 11:49:55,128 - INFO - Checkpoint stored for step: 5384c54d3bd68715812bd9480e8adb85
2025-03-12 11:49:55,128 - INFO - Step: print_df_step completed...
2025-03-12 11:49:55,128 - INFO - Executing Step: ExcelExtractor
2025-03-12 11:49:55,133 - INFO - Checkpoint stored for step: 0b31cc6b31a422983771068cbdf6a923
2025-03-12 11:49:55,134 - INFO - Step: ExcelExtractor completed...
2025-03-12 11:49:55,134 - INFO - Executing Step: print_df_step2
2025-03-12 11:49:55,138 - INFO - Checkpoint stored for step: f5e71a0bea083254707ca05a5cd6b067
2025-03-12 11:49:55,138 - INFO - Step: print_df_step2 completed...
2025-03-12 11:49:55,138 - INFO - Executing Step: CSVLoader
2025-03-12 11:49:55,140 - INFO - Checkpoint stored for step: 9b2cd0a71d8e9a10a579ebaa632def31
2025-03-12 11:49:55,140 - INFO - Step: CSVLoader completed...
2025-03-12 11:49:55,140 - INFO - Executing Step: reset_cache
2025-03-12 11:49:55,140 - INFO - Step: reset_cache completed...
2025-03-12 11:49:55,141 - INFO - No valid checkpoint found, starting from the beginning...
2025-03-12 11:49:55,141 - INFO - Beginning ETL Execution at time: 1741794595.1414342 ...
2025-03-12 11:49:55,142 - INFO - Executing Step: CSVExtractor
2025-03-12 11:49:55,144 - INFO - Checkpoint stored for step: dc9c09368b6fc1eac32cee7be7815efa
2025-03-12 11:49:55,144 - INFO - Step: CSVExtractor completed...
2025-03-12 11:49:55,144 - INFO - Executing Step: print_df_step
2025-03-12 11:49:55,145 - INFO - Checkpoint stored for step: 5384c54d3bd68715812bd9480e8adb85
2025-03-12 11:49:55,145 - INFO - Step: print_df_step completed...
2025-03-12 11:49:55,145 - INFO - Executing Step: ExcelExtractor
2025-03-12 11:49:55,148 - INFO - Checkpoint stored for step: 0b31cc6b31a422983771068cbdf6a923
2025-03-12 11:49:55,148 - INFO - Step: ExcelExtractor completed...
2025-03-12 11:49:55,148 - INFO - Executing Step: print_df_step2
2025-03-12 11:49:55,149 - INFO - Checkpoint stored for step: f5e71a0bea083254707ca05a5cd6b067
2025-03-12 11:49:55,149 - INFO - Step: print_df_step2 completed...
2025-03-12 11:49:55,149 - INFO - Executing Step: CSVLoader
2025-03-12 11:49:55,151 - INFO - Checkpoint stored for step: 9b2cd0a71d8e9a10a579ebaa632def31
2025-03-12 11:49:55,151 - INFO - Step: CSVLoader completed...
2025-03-12 11:49:55,151 - INFO - Executing Step: reset_cache
2025-03-12 11:49:55,151 - INFO - Step: reset_cache completed...
2025-03-12 11:49:55,151 - INFO - No valid checkpoint found, starting from the beginning...
2025-03-12 11:49:55,151 - INFO - Beginning ETL Execution at time: 1741794595.1516092 ...
2025-03-12 11:49:55,152 - INFO - Executing Step: CSVExtractor
2025-03-12 11:49:55,155 - INFO - Checkpoint stored for step: dc9c09368b6fc1eac32cee7be7815efa
2025-03-12 11:49:55,155 - INFO - Step: CSVExtractor completed...
2025-03-12 11:49:55,155 - INFO - Executing Step: print_df_step
2025-03-12 11:49:55,157 - INFO - Checkpoint stored for step: 5384c54d3bd68715812bd9480e8adb85
2025-03-12 11:49:55,157 - INFO - Step: print_df_step completed...
2025-03-12 11:49:55,157 - INFO - Executing Step: ExcelExtractor
2025-03-12 11:49:55,161 - INFO - Checkpoint stored for step: 0b31cc6b31a422983771068cbdf6a923
2025-03-12 11:49:55,161 - INFO - Step: ExcelExtractor completed...
2025-03-12 11:49:55,161 - INFO - Executing Step: print_df_step2
2025-03-12 11:49:55,162 - INFO - Checkpoint stored for step: f5e71a0bea083254707ca05a5cd6b067
2025-03-12 11:49:55,162 - INFO - Step: print_df_step2 completed...
2025-03-12 11:49:55,162 - INFO - Executing Step: CSVLoader
2025-03-12 11:49:55,164 - INFO - Checkpoint stored for step: 9b2cd0a71d8e9a10a579ebaa632def31
2025-03-12 11:49:55,164 - INFO - Step: CSVLoader completed...
2025-03-12 11:49:55,164 - INFO - Executing Step: reset_cache
2025-03-12 11:49:55,165 - INFO - Step: reset_cache completed...
2025-03-12 11:49:55,165 - INFO - No valid checkpoint found, starting from the beginning...
2025-03-12 11:49:55,165 - INFO - Beginning ETL Execution at time: 1741794595.165736 ...
2025-03-12 11:49:55,167 - INFO - Executing Step: CSVExtractor
2025-03-12 11:49:55,169 - INFO - Checkpoint stored for step: dc9c09368b6fc1eac32cee7be7815efa
2025-03-12 11:49:55,169 - INFO - Step: CSVExtractor completed...
2025-03-12 11:49:55,169 - INFO - Executing Step: print_df_step
2025-03-12 11:49:55,171 - INFO - Checkpoint stored for step: 5384c54d3bd68715812bd9480e8adb85
2025-03-12 11:49:55,171 - INFO - Step: print_df_step completed...
2025-03-12 11:49:55,171 - INFO - Executing Step: ExcelExtractor
2025-03-12 11:49:55,174 - INFO - Checkpoint stored for step: 0b31cc6b31a422983771068cbdf6a923
2025-03-12 11:49:55,174 - INFO - Step: ExcelExtractor completed...
2025-03-12 11:49:55,174 - INFO - Executing Step: print_df_step2
2025-03-12 11:49:55,175 - INFO - Checkpoint stored for step: f5e71a0bea083254707ca05a5cd6b067
2025-03-12 11:49:55,175 - INFO - Step: print_df_step2 completed...
2025-03-12 11:49:55,176 - INFO - Executing Step: CSVLoader
2025-03-12 11:49:55,177 - INFO - Checkpoint stored for step: 9b2cd0a71d8e9a10a579ebaa632def31
2025-03-12 11:49:55,177 - INFO - Step: CSVLoader completed...
2025-03-12 11:49:55,177 - INFO - Executing Step: reset_cache
2025-03-12 11:49:55,177 - INFO - Step: reset_cache completed...
2025-03-12 11:49:55,177 - INFO - ETL Execution Finished at time: 1741794595.177866 ...
2025-03-12 11:49:55,177 - INFO - Total Execution Time: 0.01 seconds
