2025-03-12 11:55:35,285 - INFO - Target extractor set...
2025-03-12 11:55:35,285 - INFO - Target loader set...
2025-03-12 11:55:35,285 - INFO - Successfully added step with key: 5384c54d3bd68715812bd9480e8adb85
2025-03-12 11:55:35,285 - INFO - Successfully added step with key: 0b31cc6b31a422983771068cbdf6a923
2025-03-12 11:55:35,285 - INFO - Successfully added step with key: f5e71a0bea083254707ca05a5cd6b067
2025-03-12 11:55:35,292 - INFO - Successfully added step with key: dc9c09368b6fc1eac32cee7be7815efa
2025-03-12 11:55:35,292 - INFO - Successfully added step with key: 9b2cd0a71d8e9a10a579ebaa632def31
2025-03-12 11:55:35,296 - INFO - Successfully added step with key: 265a8c16da69ec12db7978232af482c8
2025-03-12 11:55:35,361 - INFO - No valid checkpoint found, starting from the beginning...
2025-03-12 11:55:35,361 - INFO - Beginning ETL Execution at time: 1741794935.3612769 ...
2025-03-12 11:55:35,368 - INFO - Executing Step: CSVExtractor
2025-03-12 11:55:35,371 - INFO - Added dataframe: tmp to globalcontext
2025-03-12 11:55:35,372 - INFO - Checkpoint stored for step: dc9c09368b6fc1eac32cee7be7815efa
2025-03-12 11:55:35,372 - INFO - Step: CSVExtractor completed...
2025-03-12 11:55:35,372 - INFO - Executing Step: print_df_step
2025-03-12 11:55:35,375 - INFO - Checkpoint stored for step: 5384c54d3bd68715812bd9480e8adb85
2025-03-12 11:55:35,375 - INFO - Step: print_df_step completed...
2025-03-12 11:55:35,375 - INFO - Executing Step: ExcelExtractor
2025-03-12 11:55:35,383 - INFO - Added dataframe: tmpBook to globalcontext
2025-03-12 11:55:35,385 - INFO - Checkpoint stored for step: 0b31cc6b31a422983771068cbdf6a923
2025-03-12 11:55:35,385 - INFO - Step: ExcelExtractor completed...
2025-03-12 11:55:35,385 - INFO - Executing Step: print_df_step2
2025-03-12 11:55:35,387 - INFO - Checkpoint stored for step: f5e71a0bea083254707ca05a5cd6b067
2025-03-12 11:55:35,387 - INFO - Step: print_df_step2 completed...
2025-03-12 11:55:35,387 - INFO - Executing Step: CSVLoader
2025-03-12 11:55:35,389 - INFO - Checkpoint stored for step: 9b2cd0a71d8e9a10a579ebaa632def31
2025-03-12 11:55:35,389 - INFO - Step: CSVLoader completed...
2025-03-12 11:55:35,389 - INFO - Executing Step: reset_cache
2025-03-12 11:55:35,389 - INFO - Step: reset_cache completed...
2025-03-12 11:55:35,391 - INFO - No valid checkpoint found, starting from the beginning...
2025-03-12 11:55:35,391 - INFO - Beginning ETL Execution at time: 1741794935.391139 ...
2025-03-12 11:55:35,392 - INFO - Executing Step: CSVExtractor
2025-03-12 11:55:35,393 - INFO - Added dataframe: tmp to globalcontext
2025-03-12 11:55:35,395 - INFO - Checkpoint stored for step: dc9c09368b6fc1eac32cee7be7815efa
2025-03-12 11:55:35,395 - INFO - Step: CSVExtractor completed...
2025-03-12 11:55:35,395 - INFO - Executing Step: print_df_step
2025-03-12 11:55:35,396 - INFO - Checkpoint stored for step: 5384c54d3bd68715812bd9480e8adb85
2025-03-12 11:55:35,396 - INFO - Step: print_df_step completed...
2025-03-12 11:55:35,396 - INFO - Executing Step: ExcelExtractor
2025-03-12 11:55:35,398 - INFO - Added dataframe: tmpBook to globalcontext
2025-03-12 11:55:35,399 - INFO - Checkpoint stored for step: 0b31cc6b31a422983771068cbdf6a923
2025-03-12 11:55:35,399 - INFO - Step: ExcelExtractor completed...
2025-03-12 11:55:35,399 - INFO - Executing Step: print_df_step2
2025-03-12 11:55:35,400 - INFO - Checkpoint stored for step: f5e71a0bea083254707ca05a5cd6b067
2025-03-12 11:55:35,400 - INFO - Step: print_df_step2 completed...
2025-03-12 11:55:35,400 - INFO - Executing Step: CSVLoader
2025-03-12 11:55:35,402 - INFO - Checkpoint stored for step: 9b2cd0a71d8e9a10a579ebaa632def31
2025-03-12 11:55:35,402 - INFO - Step: CSVLoader completed...
2025-03-12 11:55:35,402 - INFO - Executing Step: reset_cache
2025-03-12 11:55:35,402 - INFO - Step: reset_cache completed...
2025-03-12 11:55:35,402 - INFO - No valid checkpoint found, starting from the beginning...
2025-03-12 11:55:35,402 - INFO - Beginning ETL Execution at time: 1741794935.4027462 ...
2025-03-12 11:55:35,403 - INFO - Executing Step: CSVExtractor
2025-03-12 11:55:35,408 - INFO - Checkpoint stored for step: dc9c09368b6fc1eac32cee7be7815efa
2025-03-12 11:55:35,408 - INFO - Step: CSVExtractor completed...
2025-03-12 11:55:35,408 - INFO - Executing Step: print_df_step
2025-03-12 11:55:35,410 - INFO - Checkpoint stored for step: 5384c54d3bd68715812bd9480e8adb85
2025-03-12 11:55:35,410 - INFO - Step: print_df_step completed...
2025-03-12 11:55:35,410 - INFO - Executing Step: ExcelExtractor
2025-03-12 11:55:35,413 - INFO - Checkpoint stored for step: 0b31cc6b31a422983771068cbdf6a923
2025-03-12 11:55:35,413 - INFO - Step: ExcelExtractor completed...
2025-03-12 11:55:35,413 - INFO - Executing Step: print_df_step2
2025-03-12 11:55:35,414 - INFO - Checkpoint stored for step: f5e71a0bea083254707ca05a5cd6b067
2025-03-12 11:55:35,414 - INFO - Step: print_df_step2 completed...
2025-03-12 11:55:35,414 - INFO - Executing Step: CSVLoader
2025-03-12 11:55:35,416 - INFO - Checkpoint stored for step: 9b2cd0a71d8e9a10a579ebaa632def31
2025-03-12 11:55:35,416 - INFO - Step: CSVLoader completed...
2025-03-12 11:55:35,416 - INFO - Executing Step: reset_cache
2025-03-12 11:55:35,417 - INFO - Step: reset_cache completed...
2025-03-12 11:55:35,418 - INFO - No valid checkpoint found, starting from the beginning...
2025-03-12 11:55:35,418 - INFO - Beginning ETL Execution at time: 1741794935.418427 ...
2025-03-12 11:55:35,419 - INFO - Executing Step: CSVExtractor
2025-03-12 11:55:35,421 - INFO - Checkpoint stored for step: dc9c09368b6fc1eac32cee7be7815efa
2025-03-12 11:55:35,421 - INFO - Step: CSVExtractor completed...
2025-03-12 11:55:35,421 - INFO - Executing Step: print_df_step
2025-03-12 11:55:35,422 - INFO - Checkpoint stored for step: 5384c54d3bd68715812bd9480e8adb85
2025-03-12 11:55:35,422 - INFO - Step: print_df_step completed...
2025-03-12 11:55:35,422 - INFO - Executing Step: ExcelExtractor
