2025-03-12 11:41:44,143 - INFO - Target extractor set...
2025-03-12 11:41:44,143 - INFO - Target loader set...
2025-03-12 11:41:44,143 - INFO - Successfully added step with key: 5384c54d3bd68715812bd9480e8adb85
2025-03-12 11:41:44,143 - INFO - Successfully added step with key: 0b31cc6b31a422983771068cbdf6a923
2025-03-12 11:41:44,143 - INFO - Successfully added step with key: f5e71a0bea083254707ca05a5cd6b067
2025-03-12 11:41:44,146 - INFO - Successfully added step with key: dc9c09368b6fc1eac32cee7be7815efa
2025-03-12 11:41:44,146 - INFO - Successfully added step with key: 9b2cd0a71d8e9a10a579ebaa632def31
2025-03-12 11:41:44,147 - INFO - Successfully added step with key: 265a8c16da69ec12db7978232af482c8
2025-03-12 11:41:44,251 - INFO - No valid checkpoint found, starting from the beginning...
2025-03-12 11:41:44,251 - INFO - Beginning ETL Execution at time: 1741794104.251658 ...
2025-03-12 11:41:44,260 - INFO - Executing Step: CSVExtractor
2025-03-12 11:41:44,265 - INFO - Added dataframe: tmp to globalcontext
2025-03-12 11:41:44,267 - INFO - Checkpoint stored for step: dc9c09368b6fc1eac32cee7be7815efa
2025-03-12 11:41:44,267 - INFO - Step: CSVExtractor completed...
2025-03-12 11:41:44,267 - INFO - Executing Step: print_df_step
2025-03-12 11:41:44,270 - INFO - Checkpoint stored for step: 5384c54d3bd68715812bd9480e8adb85
2025-03-12 11:41:44,270 - INFO - Step: print_df_step completed...
2025-03-12 11:41:44,270 - INFO - Executing Step: ExcelExtractor
2025-03-12 11:41:44,282 - INFO - Added dataframe: tmpBook to globalcontext
2025-03-12 11:41:44,283 - INFO - Checkpoint stored for step: 0b31cc6b31a422983771068cbdf6a923
2025-03-12 11:41:44,283 - INFO - Step: ExcelExtractor completed...
2025-03-12 11:41:44,283 - INFO - Executing Step: print_df_step2
2025-03-12 11:41:44,285 - INFO - Checkpoint stored for step: f5e71a0bea083254707ca05a5cd6b067
2025-03-12 11:41:44,285 - INFO - Step: print_df_step2 completed...
2025-03-12 11:41:44,285 - INFO - Executing Step: CSVLoader
2025-03-12 11:41:44,287 - INFO - Checkpoint stored for step: 9b2cd0a71d8e9a10a579ebaa632def31
2025-03-12 11:41:44,287 - INFO - Step: CSVLoader completed...
2025-03-12 11:41:44,287 - INFO - Executing Step: reset_cache
2025-03-12 11:41:44,287 - INFO - Step: reset_cache completed...
2025-03-12 11:41:44,288 - INFO - No valid checkpoint found, starting from the beginning...
2025-03-12 11:41:44,288 - INFO - Beginning ETL Execution at time: 1741794104.288251 ...
2025-03-12 11:41:44,288 - INFO - Executing Step: CSVExtractor
2025-03-12 11:41:44,289 - INFO - Added dataframe: tmp to globalcontext
2025-03-12 11:41:44,290 - INFO - Checkpoint stored for step: dc9c09368b6fc1eac32cee7be7815efa
2025-03-12 11:41:44,290 - INFO - Step: CSVExtractor completed...
2025-03-12 11:41:44,290 - INFO - Executing Step: print_df_step
2025-03-12 11:41:44,292 - INFO - Checkpoint stored for step: 5384c54d3bd68715812bd9480e8adb85
2025-03-12 11:41:44,292 - INFO - Step: print_df_step completed...
2025-03-12 11:41:44,292 - INFO - Executing Step: ExcelExtractor
2025-03-12 11:41:44,294 - INFO - Added dataframe: tmpBook to globalcontext
2025-03-12 11:41:44,295 - INFO - Checkpoint stored for step: 0b31cc6b31a422983771068cbdf6a923
2025-03-12 11:41:44,295 - INFO - Step: ExcelExtractor completed...
2025-03-12 11:41:44,295 - INFO - Executing Step: print_df_step2
2025-03-12 11:41:44,296 - INFO - Checkpoint stored for step: f5e71a0bea083254707ca05a5cd6b067
2025-03-12 11:41:44,296 - INFO - Step: print_df_step2 completed...
2025-03-12 11:41:44,296 - INFO - Executing Step: CSVLoader
2025-03-12 11:41:44,298 - INFO - Checkpoint stored for step: 9b2cd0a71d8e9a10a579ebaa632def31
2025-03-12 11:41:44,298 - INFO - Step: CSVLoader completed...
2025-03-12 11:41:44,298 - INFO - Executing Step: reset_cache
2025-03-12 11:41:44,298 - INFO - Step: reset_cache completed...
2025-03-12 11:41:44,298 - INFO - No valid checkpoint found, starting from the beginning...
2025-03-12 11:41:44,298 - INFO - Beginning ETL Execution at time: 1741794104.2988281 ...
2025-03-12 11:41:44,299 - INFO - Executing Step: CSVExtractor
2025-03-12 11:41:44,302 - INFO - Checkpoint stored for step: dc9c09368b6fc1eac32cee7be7815efa
2025-03-12 11:41:44,302 - INFO - Step: CSVExtractor completed...
2025-03-12 11:41:44,302 - INFO - Executing Step: print_df_step
2025-03-12 11:41:44,304 - INFO - Checkpoint stored for step: 5384c54d3bd68715812bd9480e8adb85
2025-03-12 11:41:44,304 - INFO - Step: print_df_step completed...
2025-03-12 11:41:44,304 - INFO - Executing Step: ExcelExtractor
2025-03-12 11:41:44,306 - INFO - Checkpoint stored for step: 0b31cc6b31a422983771068cbdf6a923
2025-03-12 11:41:44,307 - INFO - Step: ExcelExtractor completed...
2025-03-12 11:41:44,307 - INFO - Executing Step: print_df_step2
2025-03-12 11:41:44,308 - INFO - Checkpoint stored for step: f5e71a0bea083254707ca05a5cd6b067
2025-03-12 11:41:44,308 - INFO - Step: print_df_step2 completed...
2025-03-12 11:41:44,308 - INFO - Executing Step: CSVLoader
2025-03-12 11:41:44,309 - INFO - Checkpoint stored for step: 9b2cd0a71d8e9a10a579ebaa632def31
2025-03-12 11:41:44,309 - INFO - Step: CSVLoader completed...
2025-03-12 11:41:44,309 - INFO - Executing Step: reset_cache
2025-03-12 11:41:44,309 - INFO - Step: reset_cache completed...
2025-03-12 11:41:44,309 - INFO - No valid checkpoint found, starting from the beginning...
2025-03-12 11:41:44,309 - INFO - Beginning ETL Execution at time: 1741794104.3099241 ...
2025-03-12 11:41:44,310 - INFO - Executing Step: CSVExtractor
2025-03-12 11:41:44,314 - INFO - Checkpoint stored for step: dc9c09368b6fc1eac32cee7be7815efa
2025-03-12 11:41:44,314 - INFO - Step: CSVExtractor completed...
2025-03-12 11:41:44,314 - INFO - Executing Step: print_df_step
2025-03-12 11:41:44,316 - INFO - Checkpoint stored for step: 5384c54d3bd68715812bd9480e8adb85
2025-03-12 11:41:44,316 - INFO - Step: print_df_step completed...
2025-03-12 11:41:44,316 - INFO - Executing Step: ExcelExtractor
2025-03-12 11:41:44,319 - INFO - Checkpoint stored for step: 0b31cc6b31a422983771068cbdf6a923
2025-03-12 11:41:44,319 - INFO - Step: ExcelExtractor completed...
2025-03-12 11:41:44,319 - INFO - Executing Step: print_df_step2
2025-03-12 11:41:44,320 - INFO - Checkpoint stored for step: f5e71a0bea083254707ca05a5cd6b067
2025-03-12 11:41:44,320 - INFO - Step: print_df_step2 completed...
2025-03-12 11:41:44,320 - INFO - Executing Step: CSVLoader
2025-03-12 11:41:44,322 - INFO - Checkpoint stored for step: 9b2cd0a71d8e9a10a579ebaa632def31
2025-03-12 11:41:44,322 - INFO - Step: CSVLoader completed...
2025-03-12 11:41:44,322 - INFO - Executing Step: reset_cache
2025-03-12 11:41:44,322 - INFO - Step: reset_cache completed...
2025-03-12 11:41:44,323 - INFO - No valid checkpoint found, starting from the beginning...
2025-03-12 11:41:44,323 - INFO - Beginning ETL Execution at time: 1741794104.323328 ...
2025-03-12 11:41:44,324 - INFO - Executing Step: CSVExtractor
2025-03-12 11:41:44,327 - INFO - Checkpoint stored for step: dc9c09368b6fc1eac32cee7be7815efa
2025-03-12 11:41:44,327 - INFO - Step: CSVExtractor completed...
2025-03-12 11:41:44,327 - INFO - Executing Step: print_df_step
2025-03-12 11:41:44,328 - INFO - Checkpoint stored for step: 5384c54d3bd68715812bd9480e8adb85
2025-03-12 11:41:44,328 - INFO - Step: print_df_step completed...
2025-03-12 11:41:44,328 - INFO - Executing Step: ExcelExtractor
2025-03-12 11:41:44,332 - INFO - Checkpoint stored for step: 0b31cc6b31a422983771068cbdf6a923
2025-03-12 11:41:44,332 - INFO - Step: ExcelExtractor completed...
2025-03-12 11:41:44,332 - INFO - Executing Step: print_df_step2
2025-03-12 11:41:44,333 - INFO - Checkpoint stored for step: f5e71a0bea083254707ca05a5cd6b067
2025-03-12 11:41:44,333 - INFO - Step: print_df_step2 completed...
2025-03-12 11:41:44,333 - INFO - Executing Step: CSVLoader
2025-03-12 11:41:44,334 - INFO - Checkpoint stored for step: 9b2cd0a71d8e9a10a579ebaa632def31
2025-03-12 11:41:44,334 - INFO - Step: CSVLoader completed...
2025-03-12 11:41:44,334 - INFO - Executing Step: reset_cache
2025-03-12 11:41:44,335 - INFO - Step: reset_cache completed...
2025-03-12 11:41:44,335 - INFO - No valid checkpoint found, starting from the beginning...
2025-03-12 11:41:44,335 - INFO - Beginning ETL Execution at time: 1741794104.3357031 ...
2025-03-12 11:41:44,337 - INFO - Executing Step: CSVExtractor
2025-03-12 11:41:44,338 - INFO - Checkpoint stored for step: dc9c09368b6fc1eac32cee7be7815efa
2025-03-12 11:41:44,339 - INFO - Step: CSVExtractor completed...
2025-03-12 11:41:44,339 - INFO - Executing Step: print_df_step
2025-03-12 11:41:44,341 - INFO - Checkpoint stored for step: 5384c54d3bd68715812bd9480e8adb85
2025-03-12 11:41:44,341 - INFO - Step: print_df_step completed...
2025-03-12 11:41:44,341 - INFO - Executing Step: ExcelExtractor
2025-03-12 11:41:44,344 - INFO - Checkpoint stored for step: 0b31cc6b31a422983771068cbdf6a923
2025-03-12 11:41:44,344 - INFO - Step: ExcelExtractor completed...
2025-03-12 11:41:44,344 - INFO - Executing Step: print_df_step2
2025-03-12 11:41:44,345 - INFO - Checkpoint stored for step: f5e71a0bea083254707ca05a5cd6b067
2025-03-12 11:41:44,345 - INFO - Step: print_df_step2 completed...
2025-03-12 11:41:44,345 - INFO - Executing Step: CSVLoader
2025-03-12 11:41:44,346 - INFO - Checkpoint stored for step: 9b2cd0a71d8e9a10a579ebaa632def31
2025-03-12 11:41:44,347 - INFO - Step: CSVLoader completed...
2025-03-12 11:41:44,347 - INFO - Executing Step: reset_cache
2025-03-12 11:41:44,347 - INFO - Step: reset_cache completed...
2025-03-12 11:41:44,347 - INFO - No valid checkpoint found, starting from the beginning...
2025-03-12 11:41:44,347 - INFO - Beginning ETL Execution at time: 1741794104.347713 ...
2025-03-12 11:41:44,348 - INFO - Executing Step: CSVExtractor
2025-03-12 11:41:44,351 - INFO - Checkpoint stored for step: dc9c09368b6fc1eac32cee7be7815efa
2025-03-12 11:41:44,351 - INFO - Step: CSVExtractor completed...
2025-03-12 11:41:44,352 - INFO - Executing Step: print_df_step
2025-03-12 11:41:44,354 - INFO - Checkpoint stored for step: 5384c54d3bd68715812bd9480e8adb85
2025-03-12 11:41:44,354 - INFO - Step: print_df_step completed...
2025-03-12 11:41:44,354 - INFO - Executing Step: ExcelExtractor
2025-03-12 11:41:44,357 - INFO - Checkpoint stored for step: 0b31cc6b31a422983771068cbdf6a923
2025-03-12 11:41:44,357 - INFO - Step: ExcelExtractor completed...
2025-03-12 11:41:44,357 - INFO - Executing Step: print_df_step2
2025-03-12 11:41:44,358 - INFO - Checkpoint stored for step: f5e71a0bea083254707ca05a5cd6b067
2025-03-12 11:41:44,358 - INFO - Step: print_df_step2 completed...
2025-03-12 11:41:44,358 - INFO - Executing Step: CSVLoader
2025-03-12 11:41:44,359 - INFO - Checkpoint stored for step: 9b2cd0a71d8e9a10a579ebaa632def31
2025-03-12 11:41:44,359 - INFO - Step: CSVLoader completed...
2025-03-12 11:41:44,359 - INFO - Executing Step: reset_cache
2025-03-12 11:41:44,359 - INFO - Step: reset_cache completed...
2025-03-12 11:41:44,360 - INFO - No valid checkpoint found, starting from the beginning...
2025-03-12 11:41:44,360 - INFO - Beginning ETL Execution at time: 1741794104.360513 ...
2025-03-12 11:41:44,362 - INFO - Executing Step: CSVExtractor
2025-03-12 11:41:44,365 - INFO - Checkpoint stored for step: dc9c09368b6fc1eac32cee7be7815efa
2025-03-12 11:41:44,365 - INFO - Step: CSVExtractor completed...
2025-03-12 11:41:44,365 - INFO - Executing Step: print_df_step
2025-03-12 11:41:44,366 - INFO - Checkpoint stored for step: 5384c54d3bd68715812bd9480e8adb85
2025-03-12 11:41:44,366 - INFO - Step: print_df_step completed...
2025-03-12 11:41:44,366 - INFO - Executing Step: ExcelExtractor
2025-03-12 11:41:44,369 - INFO - Checkpoint stored for step: 0b31cc6b31a422983771068cbdf6a923
2025-03-12 11:41:44,369 - INFO - Step: ExcelExtractor completed...
2025-03-12 11:41:44,369 - INFO - Executing Step: print_df_step2
2025-03-12 11:41:44,370 - INFO - Checkpoint stored for step: f5e71a0bea083254707ca05a5cd6b067
2025-03-12 11:41:44,370 - INFO - Step: print_df_step2 completed...
2025-03-12 11:41:44,370 - INFO - Executing Step: CSVLoader
2025-03-12 11:41:44,373 - INFO - Checkpoint stored for step: 9b2cd0a71d8e9a10a579ebaa632def31
2025-03-12 11:41:44,373 - INFO - Step: CSVLoader completed...
2025-03-12 11:41:44,373 - INFO - Executing Step: reset_cache
2025-03-12 11:41:44,374 - INFO - Step: reset_cache completed...
2025-03-12 11:41:44,374 - INFO - No valid checkpoint found, starting from the beginning...
2025-03-12 11:41:44,374 - INFO - Beginning ETL Execution at time: 1741794104.3746078 ...
2025-03-12 11:41:44,375 - INFO - Executing Step: CSVExtractor
2025-03-12 11:41:44,377 - INFO - Checkpoint stored for step: dc9c09368b6fc1eac32cee7be7815efa
2025-03-12 11:41:44,377 - INFO - Step: CSVExtractor completed...
2025-03-12 11:41:44,377 - INFO - Executing Step: print_df_step
2025-03-12 11:41:44,378 - INFO - Checkpoint stored for step: 5384c54d3bd68715812bd9480e8adb85
2025-03-12 11:41:44,378 - INFO - Step: print_df_step completed...
2025-03-12 11:41:44,378 - INFO - Executing Step: ExcelExtractor
2025-03-12 11:41:44,381 - INFO - Checkpoint stored for step: 0b31cc6b31a422983771068cbdf6a923
2025-03-12 11:41:44,382 - INFO - Step: ExcelExtractor completed...
2025-03-12 11:41:44,382 - INFO - Executing Step: print_df_step2
2025-03-12 11:41:44,383 - INFO - Checkpoint stored for step: f5e71a0bea083254707ca05a5cd6b067
2025-03-12 11:41:44,383 - INFO - Step: print_df_step2 completed...
2025-03-12 11:41:44,383 - INFO - Executing Step: CSVLoader
2025-03-12 11:41:44,384 - INFO - Checkpoint stored for step: 9b2cd0a71d8e9a10a579ebaa632def31
2025-03-12 11:41:44,384 - INFO - Step: CSVLoader completed...
2025-03-12 11:41:44,384 - INFO - Executing Step: reset_cache
2025-03-12 11:41:44,384 - INFO - Step: reset_cache completed...
2025-03-12 11:41:44,384 - INFO - No valid checkpoint found, starting from the beginning...
2025-03-12 11:41:44,384 - INFO - Beginning ETL Execution at time: 1741794104.3848572 ...
2025-03-12 11:41:44,385 - INFO - Executing Step: CSVExtractor
2025-03-12 11:41:44,388 - INFO - Checkpoint stored for step: dc9c09368b6fc1eac32cee7be7815efa
2025-03-12 11:41:44,388 - INFO - Step: CSVExtractor completed...
2025-03-12 11:41:44,388 - INFO - Executing Step: print_df_step
2025-03-12 11:41:44,390 - INFO - Checkpoint stored for step: 5384c54d3bd68715812bd9480e8adb85
2025-03-12 11:41:44,390 - INFO - Step: print_df_step completed...
2025-03-12 11:41:44,390 - INFO - Executing Step: ExcelExtractor
2025-03-12 11:41:44,393 - INFO - Checkpoint stored for step: 0b31cc6b31a422983771068cbdf6a923
2025-03-12 11:41:44,393 - INFO - Step: ExcelExtractor completed...
2025-03-12 11:41:44,393 - INFO - Executing Step: print_df_step2
2025-03-12 11:41:44,394 - INFO - Checkpoint stored for step: f5e71a0bea083254707ca05a5cd6b067
2025-03-12 11:41:44,394 - INFO - Step: print_df_step2 completed...
2025-03-12 11:41:44,394 - INFO - Executing Step: CSVLoader
2025-03-12 11:41:44,395 - INFO - Checkpoint stored for step: 9b2cd0a71d8e9a10a579ebaa632def31
2025-03-12 11:41:44,395 - INFO - Step: CSVLoader completed...
2025-03-12 11:41:44,395 - INFO - Executing Step: reset_cache
2025-03-12 11:41:44,396 - INFO - Step: reset_cache completed...
2025-03-12 11:41:44,396 - INFO - ETL Execution Finished at time: 1741794104.396634 ...
2025-03-12 11:41:44,396 - INFO - Total Execution Time: 0.01 seconds
