2025-03-12 13:32:59,675 - INFO - Target extractor set...
2025-03-12 13:32:59,675 - INFO - Target loader set...
2025-03-12 13:32:59,678 - INFO - Successfully added step with key: 412abfdcd44b2d96741df91f5a116e5d
2025-03-12 13:32:59,678 - INFO - Successfully added step with key: a9d2d015f54ec6ed470f2e80d92f220a
2025-03-12 13:32:59,679 - INFO - Successfully added step with key: 27d8060727e34c3f38218b3d4aa43473
2025-03-12 13:32:59,680 - INFO - No valid checkpoint found, starting from the beginning...
2025-03-12 13:32:59,680 - INFO - Beginning ETL Execution at time: 1741800779.680341 ...
2025-03-12 13:32:59,691 - INFO - Executing Step: CSVExtractor
2025-03-12 13:32:59,695 - INFO - Added dataframe: tmp to globalcontext
2025-03-12 13:32:59,697 - INFO - Checkpoint stored for step: 412abfdcd44b2d96741df91f5a116e5d
2025-03-12 13:32:59,697 - INFO - Step: CSVExtractor completed...
2025-03-12 13:32:59,697 - INFO - Executing Step: CSVLoader
2025-03-12 13:32:59,699 - INFO - Checkpoint stored for step: a9d2d015f54ec6ed470f2e80d92f220a
2025-03-12 13:32:59,699 - INFO - Step: CSVLoader completed...
2025-03-12 13:32:59,699 - INFO - Executing Step: reset_cache
2025-03-12 13:32:59,699 - INFO - Step: reset_cache completed...
2025-03-12 13:32:59,700 - INFO - No valid checkpoint found, starting from the beginning...
2025-03-12 13:32:59,700 - INFO - Beginning ETL Execution at time: 1741800779.700174 ...
2025-03-12 13:32:59,700 - INFO - Executing Step: CSVExtractor
2025-03-12 13:32:59,702 - INFO - Added dataframe: tmp to globalcontext
2025-03-12 13:32:59,705 - INFO - Checkpoint stored for step: 412abfdcd44b2d96741df91f5a116e5d
2025-03-12 13:32:59,705 - INFO - Step: CSVExtractor completed...
2025-03-12 13:32:59,705 - INFO - Executing Step: CSVLoader
2025-03-12 13:32:59,706 - INFO - Checkpoint stored for step: a9d2d015f54ec6ed470f2e80d92f220a
2025-03-12 13:32:59,706 - INFO - Step: CSVLoader completed...
2025-03-12 13:32:59,706 - INFO - Executing Step: reset_cache
2025-03-12 13:32:59,706 - INFO - Step: reset_cache completed...
2025-03-12 13:32:59,707 - INFO - No valid checkpoint found, starting from the beginning...
2025-03-12 13:32:59,707 - INFO - Beginning ETL Execution at time: 1741800779.707198 ...
2025-03-12 13:32:59,708 - INFO - Executing Step: CSVExtractor
2025-03-12 13:32:59,710 - INFO - Checkpoint stored for step: 412abfdcd44b2d96741df91f5a116e5d
2025-03-12 13:32:59,710 - INFO - Step: CSVExtractor completed...
2025-03-12 13:32:59,710 - INFO - Executing Step: CSVLoader
2025-03-12 13:32:59,711 - INFO - Checkpoint stored for step: a9d2d015f54ec6ed470f2e80d92f220a
2025-03-12 13:32:59,711 - INFO - Step: CSVLoader completed...
2025-03-12 13:32:59,711 - INFO - Executing Step: reset_cache
2025-03-12 13:32:59,711 - INFO - Step: reset_cache completed...
2025-03-12 13:32:59,711 - INFO - No valid checkpoint found, starting from the beginning...
2025-03-12 13:32:59,711 - INFO - Beginning ETL Execution at time: 1741800779.711562 ...
2025-03-12 13:32:59,712 - INFO - Executing Step: CSVExtractor
2025-03-12 13:32:59,714 - INFO - Checkpoint stored for step: 412abfdcd44b2d96741df91f5a116e5d
2025-03-12 13:32:59,714 - INFO - Step: CSVExtractor completed...
2025-03-12 13:32:59,714 - INFO - Executing Step: CSVLoader
2025-03-12 13:32:59,716 - INFO - Checkpoint stored for step: a9d2d015f54ec6ed470f2e80d92f220a
2025-03-12 13:32:59,716 - INFO - Step: CSVLoader completed...
2025-03-12 13:32:59,716 - INFO - Executing Step: reset_cache
2025-03-12 13:32:59,716 - INFO - Step: reset_cache completed...
2025-03-12 13:32:59,719 - INFO - No valid checkpoint found, starting from the beginning...
2025-03-12 13:32:59,720 - INFO - Beginning ETL Execution at time: 1741800779.720046 ...
2025-03-12 13:32:59,741 - INFO - Executing Step: CSVExtractor
2025-03-12 13:32:59,758 - INFO - Checkpoint stored for step: 412abfdcd44b2d96741df91f5a116e5d
2025-03-12 13:32:59,758 - INFO - Step: CSVExtractor completed...
2025-03-12 13:32:59,758 - INFO - Executing Step: CSVLoader
2025-03-12 13:32:59,759 - INFO - Checkpoint stored for step: a9d2d015f54ec6ed470f2e80d92f220a
2025-03-12 13:32:59,759 - INFO - Step: CSVLoader completed...
2025-03-12 13:32:59,759 - INFO - Executing Step: reset_cache
2025-03-12 13:32:59,759 - INFO - Step: reset_cache completed...
2025-03-12 13:32:59,760 - INFO - No valid checkpoint found, starting from the beginning...
2025-03-12 13:32:59,760 - INFO - Beginning ETL Execution at time: 1741800779.760213 ...
2025-03-12 13:32:59,761 - INFO - Executing Step: CSVExtractor
2025-03-12 13:32:59,769 - INFO - Checkpoint stored for step: 412abfdcd44b2d96741df91f5a116e5d
2025-03-12 13:32:59,769 - INFO - Step: CSVExtractor completed...
2025-03-12 13:32:59,769 - INFO - Executing Step: CSVLoader
2025-03-12 13:32:59,770 - INFO - Checkpoint stored for step: a9d2d015f54ec6ed470f2e80d92f220a
2025-03-12 13:32:59,770 - INFO - Step: CSVLoader completed...
2025-03-12 13:32:59,770 - INFO - Executing Step: reset_cache
2025-03-12 13:32:59,771 - INFO - Step: reset_cache completed...
2025-03-12 13:32:59,771 - INFO - No valid checkpoint found, starting from the beginning...
2025-03-12 13:32:59,771 - INFO - Beginning ETL Execution at time: 1741800779.77147 ...
2025-03-12 13:32:59,772 - INFO - Executing Step: CSVExtractor
2025-03-12 13:32:59,775 - INFO - Checkpoint stored for step: 412abfdcd44b2d96741df91f5a116e5d
2025-03-12 13:32:59,775 - INFO - Step: CSVExtractor completed...
2025-03-12 13:32:59,775 - INFO - Executing Step: CSVLoader
2025-03-12 13:32:59,776 - INFO - Checkpoint stored for step: a9d2d015f54ec6ed470f2e80d92f220a
2025-03-12 13:32:59,776 - INFO - Step: CSVLoader completed...
2025-03-12 13:32:59,776 - INFO - Executing Step: reset_cache
2025-03-12 13:32:59,776 - INFO - Step: reset_cache completed...
2025-03-12 13:32:59,776 - INFO - No valid checkpoint found, starting from the beginning...
2025-03-12 13:32:59,776 - INFO - Beginning ETL Execution at time: 1741800779.776757 ...
2025-03-12 13:32:59,777 - INFO - Executing Step: CSVExtractor
2025-03-12 13:32:59,778 - INFO - Checkpoint stored for step: 412abfdcd44b2d96741df91f5a116e5d
2025-03-12 13:32:59,778 - INFO - Step: CSVExtractor completed...
2025-03-12 13:32:59,778 - INFO - Executing Step: CSVLoader
2025-03-12 13:32:59,779 - INFO - Checkpoint stored for step: a9d2d015f54ec6ed470f2e80d92f220a
2025-03-12 13:32:59,779 - INFO - Step: CSVLoader completed...
2025-03-12 13:32:59,779 - INFO - Executing Step: reset_cache
2025-03-12 13:32:59,779 - INFO - Step: reset_cache completed...
2025-03-12 13:32:59,779 - INFO - ETL Execution Finished at time: 1741800779.779688 ...
2025-03-12 13:32:59,779 - INFO - Total Execution Time: 0.00 seconds
