2025-03-13 15:46:38,801 - INFO - Target extractor set...
2025-03-13 15:46:38,801 - INFO - Target loader set...
2025-03-13 15:46:38,801 - INFO - Successfully added step with key: 5384c54d3bd68715812bd9480e8adb85
2025-03-13 15:46:38,801 - INFO - Successfully added step with key: f5809fe043c6f2ca419783197caeaa26
2025-03-13 15:46:38,802 - INFO - Successfully added step with key: ab00358d4f21e3fdc6949972080c85ae
2025-03-13 15:46:38,805 - INFO - Successfully added step with key: dc9c09368b6fc1eac32cee7be7815efa
2025-03-13 15:46:38,805 - INFO - Successfully added step with key: 9b2cd0a71d8e9a10a579ebaa632def31
2025-03-13 15:46:38,806 - INFO - Successfully added step with key: 265a8c16da69ec12db7978232af482c8
2025-03-13 15:46:38,807 - INFO - No valid checkpoint found, starting from the beginning...
2025-03-13 15:46:38,807 - INFO - Beginning ETL Execution at time: 1741895198.8077922 ...
2025-03-13 15:46:38,818 - INFO - Executing Step: CSVExtractor
2025-03-13 15:46:38,821 - INFO - Added dataframe: tmp to globalcontext
2025-03-13 15:46:38,823 - INFO - Checkpoint stored for step: dc9c09368b6fc1eac32cee7be7815efa
2025-03-13 15:46:38,823 - INFO - Step: CSVExtractor completed...
2025-03-13 15:46:38,823 - INFO - Executing Step: print_df_step
2025-03-13 15:46:38,826 - INFO - Checkpoint stored for step: 5384c54d3bd68715812bd9480e8adb85
2025-03-13 15:46:38,826 - INFO - Step: print_df_step completed...
2025-03-13 15:46:38,826 - INFO - Executing Step: UpdateVariable
2025-03-13 15:46:38,827 - INFO - Checkpoint stored for step: f5809fe043c6f2ca419783197caeaa26
2025-03-13 15:46:38,827 - INFO - Step: UpdateVariable completed...
2025-03-13 15:46:38,827 - INFO - Executing Step: print_df_step
2025-03-13 15:46:38,828 - INFO - Checkpoint stored for step: ab00358d4f21e3fdc6949972080c85ae
2025-03-13 15:46:38,828 - INFO - Step: print_df_step completed...
2025-03-13 15:46:38,828 - INFO - Executing Step: CSVLoader
2025-03-13 15:46:38,829 - INFO - Checkpoint stored for step: 9b2cd0a71d8e9a10a579ebaa632def31
2025-03-13 15:46:38,829 - INFO - Step: CSVLoader completed...
2025-03-13 15:46:38,830 - INFO - Executing Step: reset_cache
2025-03-13 15:46:38,830 - INFO - Step: reset_cache completed...
2025-03-13 15:46:38,830 - INFO - No valid checkpoint found, starting from the beginning...
2025-03-13 15:46:38,830 - INFO - Beginning ETL Execution at time: 1741895198.830878 ...
2025-03-13 15:46:38,831 - INFO - Executing Step: CSVExtractor
2025-03-13 15:46:38,871 - INFO - Added dataframe: tmp to globalcontext
2025-03-13 15:46:38,873 - INFO - Checkpoint stored for step: dc9c09368b6fc1eac32cee7be7815efa
2025-03-13 15:46:38,873 - INFO - Step: CSVExtractor completed...
2025-03-13 15:46:38,873 - INFO - Executing Step: print_df_step
2025-03-13 15:46:38,874 - INFO - Checkpoint stored for step: 5384c54d3bd68715812bd9480e8adb85
2025-03-13 15:46:38,874 - INFO - Step: print_df_step completed...
2025-03-13 15:46:38,874 - INFO - Executing Step: UpdateVariable
2025-03-13 15:46:38,876 - INFO - Checkpoint stored for step: f5809fe043c6f2ca419783197caeaa26
2025-03-13 15:46:38,876 - INFO - Step: UpdateVariable completed...
2025-03-13 15:46:38,876 - INFO - Executing Step: print_df_step
2025-03-13 15:46:38,881 - INFO - Checkpoint stored for step: ab00358d4f21e3fdc6949972080c85ae
2025-03-13 15:46:38,881 - INFO - Step: print_df_step completed...
2025-03-13 15:46:38,881 - INFO - Executing Step: CSVLoader
2025-03-13 15:46:38,884 - INFO - Checkpoint stored for step: 9b2cd0a71d8e9a10a579ebaa632def31
2025-03-13 15:46:38,884 - INFO - Step: CSVLoader completed...
2025-03-13 15:46:38,884 - INFO - Executing Step: reset_cache
2025-03-13 15:46:38,884 - INFO - Step: reset_cache completed...
