2025-03-13 14:21:43,230 - INFO - Target extractor set...
2025-03-13 14:21:43,233 - INFO - Target loader set...
2025-03-13 14:21:43,242 - INFO - Successfully added step with key: e097713b11b58d029a197fb21d7ff9e5
2025-03-13 14:21:43,258 - INFO - Successfully added step with key: de222ed930bca8da97e04ac3f0e1a8c4
2025-03-13 14:21:43,258 - INFO - Successfully added step with key: 83f75dc262c2019d6cd451384412e01b
2025-03-13 14:21:43,260 - INFO - Successfully added step with key: 303c02b1d9dc0c0c316fca773bdcf9b6
2025-03-13 14:21:43,262 - INFO - No valid checkpoint found, starting from the beginning...
2025-03-13 14:21:43,262 - INFO - Beginning ETL Execution at time: 1741890103.262418 ...
2025-03-13 14:21:43,273 - INFO - Executing Step: CSVExtractor
2025-03-13 14:21:43,277 - INFO - Added dataframe: tmp to globalcontext
2025-03-13 14:21:43,278 - INFO - Checkpoint stored for step: de222ed930bca8da97e04ac3f0e1a8c4
2025-03-13 14:21:43,278 - INFO - Step: CSVExtractor completed...
2025-03-13 14:21:43,278 - INFO - Executing Step: TransposeDataFrame
2025-03-13 14:21:43,279 - INFO - Checkpoint stored for step: e097713b11b58d029a197fb21d7ff9e5
2025-03-13 14:21:43,279 - INFO - Step: TransposeDataFrame completed...
2025-03-13 14:21:43,279 - INFO - Executing Step: CSVLoader
2025-03-13 14:21:43,281 - INFO - Checkpoint stored for step: 83f75dc262c2019d6cd451384412e01b
2025-03-13 14:21:43,281 - INFO - Step: CSVLoader completed...
2025-03-13 14:21:43,281 - INFO - Executing Step: reset_cache
2025-03-13 14:21:43,281 - INFO - Step: reset_cache completed...
2025-03-13 14:21:43,282 - INFO - No valid checkpoint found, starting from the beginning...
2025-03-13 14:21:43,282 - INFO - Beginning ETL Execution at time: 1741890103.2821708 ...
2025-03-13 14:21:43,283 - INFO - Executing Step: CSVExtractor
2025-03-13 14:21:43,284 - INFO - Added dataframe: tmp to globalcontext
2025-03-13 14:21:43,287 - INFO - Checkpoint stored for step: de222ed930bca8da97e04ac3f0e1a8c4
2025-03-13 14:21:43,287 - INFO - Step: CSVExtractor completed...
2025-03-13 14:21:43,287 - INFO - Executing Step: TransposeDataFrame
2025-03-13 14:21:43,288 - INFO - Checkpoint stored for step: e097713b11b58d029a197fb21d7ff9e5
2025-03-13 14:21:43,288 - INFO - Step: TransposeDataFrame completed...
2025-03-13 14:21:43,288 - INFO - Executing Step: CSVLoader
2025-03-13 14:21:43,289 - INFO - Checkpoint stored for step: 83f75dc262c2019d6cd451384412e01b
2025-03-13 14:21:43,289 - INFO - Step: CSVLoader completed...
2025-03-13 14:21:43,289 - INFO - Executing Step: reset_cache
2025-03-13 14:21:43,289 - INFO - Step: reset_cache completed...
