2025-03-12 17:23:16,218 - INFO - Target extractor set...
2025-03-12 17:23:16,218 - INFO - Target loader set...
2025-03-12 17:23:16,218 - INFO - Successfully added step with key: 412abfdcd44b2d96741df91f5a116e5d
2025-03-12 17:23:16,221 - INFO - Successfully added step with key: de222ed930bca8da97e04ac3f0e1a8c4
2025-03-12 17:23:16,221 - INFO - Successfully added step with key: 83f75dc262c2019d6cd451384412e01b
2025-03-12 17:23:16,221 - INFO - Successfully added step with key: 303c02b1d9dc0c0c316fca773bdcf9b6
2025-03-12 17:23:16,222 - INFO - No valid checkpoint found, starting from the beginning...
2025-03-12 17:23:16,222 - INFO - Beginning ETL Execution at time: 1741814596.2221804 ...
2025-03-12 17:23:16,223 - INFO - Executing Step: CSVExtractor
2025-03-12 17:23:16,224 - INFO - Added dataframe: tmp to globalcontext
2025-03-12 17:23:16,225 - INFO - Checkpoint stored for step: de222ed930bca8da97e04ac3f0e1a8c4
2025-03-12 17:23:16,225 - INFO - Step: CSVExtractor completed...
2025-03-12 17:23:16,225 - INFO - Executing Step: CSVExtractor
2025-03-12 17:23:16,226 - INFO - Added dataframe: othertmp to globalcontext
2025-03-12 17:23:16,226 - INFO - Checkpoint stored for step: 412abfdcd44b2d96741df91f5a116e5d
2025-03-12 17:23:16,226 - INFO - Step: CSVExtractor completed...
2025-03-12 17:23:16,226 - INFO - Executing Step: CSVLoader
2025-03-12 17:23:16,228 - INFO - Checkpoint stored for step: 83f75dc262c2019d6cd451384412e01b
2025-03-12 17:23:16,228 - INFO - Step: CSVLoader completed...
2025-03-12 17:23:16,228 - INFO - Executing Step: reset_cache
2025-03-12 17:23:16,228 - INFO - Step: reset_cache completed...
2025-03-12 17:23:16,228 - INFO - No valid checkpoint found, starting from the beginning...
2025-03-12 17:23:16,228 - INFO - Beginning ETL Execution at time: 1741814596.2288294 ...
2025-03-12 17:23:16,229 - INFO - Executing Step: CSVExtractor
2025-03-12 17:23:16,229 - INFO - Added dataframe: tmp to globalcontext
2025-03-12 17:23:16,230 - INFO - Checkpoint stored for step: de222ed930bca8da97e04ac3f0e1a8c4
2025-03-12 17:23:16,230 - INFO - Step: CSVExtractor completed...
2025-03-12 17:23:16,230 - INFO - Executing Step: CSVExtractor
2025-03-12 17:23:16,231 - INFO - Added dataframe: othertmp to globalcontext
2025-03-12 17:23:16,231 - INFO - Checkpoint stored for step: 412abfdcd44b2d96741df91f5a116e5d
2025-03-12 17:23:16,231 - INFO - Step: CSVExtractor completed...
2025-03-12 17:23:16,231 - INFO - Executing Step: CSVLoader
2025-03-12 17:23:16,233 - INFO - Checkpoint stored for step: 83f75dc262c2019d6cd451384412e01b
2025-03-12 17:23:16,233 - INFO - Step: CSVLoader completed...
2025-03-12 17:23:16,233 - INFO - Executing Step: reset_cache
2025-03-12 17:23:16,233 - INFO - Step: reset_cache completed...
2025-03-12 17:23:16,233 - INFO - No valid checkpoint found, starting from the beginning...
2025-03-12 17:23:16,233 - INFO - Beginning ETL Execution at time: 1741814596.2335107 ...
2025-03-12 17:23:16,233 - INFO - Executing Step: CSVExtractor
2025-03-12 17:23:16,235 - INFO - Checkpoint stored for step: de222ed930bca8da97e04ac3f0e1a8c4
2025-03-12 17:23:16,235 - INFO - Step: CSVExtractor completed...
2025-03-12 17:23:16,235 - INFO - Executing Step: CSVExtractor
2025-03-12 17:23:16,236 - INFO - Checkpoint stored for step: 412abfdcd44b2d96741df91f5a116e5d
2025-03-12 17:23:16,236 - INFO - Step: CSVExtractor completed...
2025-03-12 17:23:16,236 - INFO - Executing Step: CSVLoader
2025-03-12 17:23:16,237 - INFO - Checkpoint stored for step: 83f75dc262c2019d6cd451384412e01b
2025-03-12 17:23:16,237 - INFO - Step: CSVLoader completed...
2025-03-12 17:23:16,237 - INFO - Executing Step: reset_cache
2025-03-12 17:23:16,237 - INFO - Step: reset_cache completed...
2025-03-12 17:23:16,237 - INFO - No valid checkpoint found, starting from the beginning...
2025-03-12 17:23:16,238 - INFO - Beginning ETL Execution at time: 1741814596.2380073 ...
2025-03-12 17:23:16,238 - INFO - Executing Step: CSVExtractor
2025-03-12 17:23:16,239 - INFO - Checkpoint stored for step: de222ed930bca8da97e04ac3f0e1a8c4
2025-03-12 17:23:16,239 - INFO - Step: CSVExtractor completed...
2025-03-12 17:23:16,239 - INFO - Executing Step: CSVExtractor
2025-03-12 17:23:16,240 - INFO - Checkpoint stored for step: 412abfdcd44b2d96741df91f5a116e5d
2025-03-12 17:23:16,240 - INFO - Step: CSVExtractor completed...
2025-03-12 17:23:16,240 - INFO - Executing Step: CSVLoader
2025-03-12 17:23:16,242 - INFO - Checkpoint stored for step: 83f75dc262c2019d6cd451384412e01b
2025-03-12 17:23:16,242 - INFO - Step: CSVLoader completed...
2025-03-12 17:23:16,242 - INFO - Executing Step: reset_cache
2025-03-12 17:23:16,242 - INFO - Step: reset_cache completed...
2025-03-12 17:23:16,242 - INFO - No valid checkpoint found, starting from the beginning...
2025-03-12 17:23:16,242 - INFO - Beginning ETL Execution at time: 1741814596.2423303 ...
2025-03-12 17:23:16,243 - INFO - Executing Step: CSVExtractor
2025-03-12 17:23:16,244 - INFO - Checkpoint stored for step: de222ed930bca8da97e04ac3f0e1a8c4
2025-03-12 17:23:16,244 - INFO - Step: CSVExtractor completed...
2025-03-12 17:23:16,244 - INFO - Executing Step: CSVExtractor
2025-03-12 17:23:16,245 - INFO - Checkpoint stored for step: 412abfdcd44b2d96741df91f5a116e5d
2025-03-12 17:23:16,245 - INFO - Step: CSVExtractor completed...
2025-03-12 17:23:16,245 - INFO - Executing Step: CSVLoader
2025-03-12 17:23:16,246 - INFO - Checkpoint stored for step: 83f75dc262c2019d6cd451384412e01b
2025-03-12 17:23:16,246 - INFO - Step: CSVLoader completed...
2025-03-12 17:23:16,246 - INFO - Executing Step: reset_cache
2025-03-12 17:23:16,246 - INFO - Step: reset_cache completed...
2025-03-12 17:23:16,247 - INFO - No valid checkpoint found, starting from the beginning...
2025-03-12 17:23:16,247 - INFO - Beginning ETL Execution at time: 1741814596.247158 ...
2025-03-12 17:23:16,247 - INFO - Executing Step: CSVExtractor
2025-03-12 17:23:16,249 - INFO - Checkpoint stored for step: de222ed930bca8da97e04ac3f0e1a8c4
2025-03-12 17:23:16,249 - INFO - Step: CSVExtractor completed...
2025-03-12 17:23:16,249 - INFO - Executing Step: CSVExtractor
2025-03-12 17:23:16,251 - INFO - Checkpoint stored for step: 412abfdcd44b2d96741df91f5a116e5d
2025-03-12 17:23:16,251 - INFO - Step: CSVExtractor completed...
2025-03-12 17:23:16,251 - INFO - Executing Step: CSVLoader
2025-03-12 17:23:16,253 - INFO - Checkpoint stored for step: 83f75dc262c2019d6cd451384412e01b
2025-03-12 17:23:16,253 - INFO - Step: CSVLoader completed...
2025-03-12 17:23:16,253 - INFO - Executing Step: reset_cache
2025-03-12 17:23:16,253 - INFO - Step: reset_cache completed...
