2025-03-12 12:01:26,655 - INFO - Target extractor set...
2025-03-12 12:01:26,656 - INFO - Target loader set...
2025-03-12 12:01:26,656 - INFO - Successfully added step with key: 5384c54d3bd68715812bd9480e8adb85
2025-03-12 12:01:26,656 - INFO - Successfully added step with key: 0b31cc6b31a422983771068cbdf6a923
2025-03-12 12:01:26,656 - INFO - Successfully added step with key: f5e71a0bea083254707ca05a5cd6b067
2025-03-12 12:01:26,659 - INFO - Successfully added step with key: dc9c09368b6fc1eac32cee7be7815efa
2025-03-12 12:01:26,659 - INFO - Successfully added step with key: 9b2cd0a71d8e9a10a579ebaa632def31
2025-03-12 12:01:26,660 - INFO - Successfully added step with key: 265a8c16da69ec12db7978232af482c8
2025-03-12 12:01:26,719 - INFO - No valid checkpoint found, starting from the beginning...
2025-03-12 12:01:26,719 - INFO - Beginning ETL Execution at time: 1741795286.71951 ...
2025-03-12 12:01:26,727 - INFO - Executing Step: CSVExtractor
2025-03-12 12:01:26,731 - INFO - Added dataframe: tmp to globalcontext
2025-03-12 12:01:26,733 - INFO - Checkpoint stored for step: dc9c09368b6fc1eac32cee7be7815efa
2025-03-12 12:01:26,733 - INFO - Step: CSVExtractor completed...
2025-03-12 12:01:26,733 - INFO - Executing Step: print_df_step
2025-03-12 12:01:26,735 - INFO - Checkpoint stored for step: 5384c54d3bd68715812bd9480e8adb85
2025-03-12 12:01:26,735 - INFO - Step: print_df_step completed...
2025-03-12 12:01:26,735 - INFO - Executing Step: ExcelExtractor
2025-03-12 12:01:26,745 - INFO - Added dataframe: tmpBook to globalcontext
2025-03-12 12:01:26,746 - INFO - Checkpoint stored for step: 0b31cc6b31a422983771068cbdf6a923
2025-03-12 12:01:26,746 - INFO - Step: ExcelExtractor completed...
2025-03-12 12:01:26,746 - INFO - Executing Step: print_df_step2
2025-03-12 12:01:26,747 - INFO - Checkpoint stored for step: f5e71a0bea083254707ca05a5cd6b067
2025-03-12 12:01:26,747 - INFO - Step: print_df_step2 completed...
2025-03-12 12:01:26,747 - INFO - Executing Step: CSVLoader
2025-03-12 12:01:26,749 - INFO - Checkpoint stored for step: 9b2cd0a71d8e9a10a579ebaa632def31
2025-03-12 12:01:26,749 - INFO - Step: CSVLoader completed...
2025-03-12 12:01:26,749 - INFO - Executing Step: reset_cache
2025-03-12 12:01:26,749 - INFO - Step: reset_cache completed...
2025-03-12 12:01:26,750 - INFO - No valid checkpoint found, starting from the beginning...
2025-03-12 12:01:26,750 - INFO - Beginning ETL Execution at time: 1741795286.750365 ...
2025-03-12 12:01:26,770 - INFO - Executing Step: CSVExtractor
2025-03-12 12:01:26,777 - INFO - Added dataframe: tmp to globalcontext
2025-03-12 12:01:26,784 - INFO - Checkpoint stored for step: dc9c09368b6fc1eac32cee7be7815efa
2025-03-12 12:01:26,784 - INFO - Step: CSVExtractor completed...
2025-03-12 12:01:26,784 - INFO - Executing Step: print_df_step
2025-03-12 12:01:26,787 - INFO - Checkpoint stored for step: 5384c54d3bd68715812bd9480e8adb85
2025-03-12 12:01:26,787 - INFO - Step: print_df_step completed...
2025-03-12 12:01:26,787 - INFO - Executing Step: ExcelExtractor
2025-03-12 12:01:26,794 - INFO - Added dataframe: tmpBook to globalcontext
2025-03-12 12:01:26,796 - INFO - Checkpoint stored for step: 0b31cc6b31a422983771068cbdf6a923
2025-03-12 12:01:26,796 - INFO - Step: ExcelExtractor completed...
2025-03-12 12:01:26,796 - INFO - Executing Step: print_df_step2
2025-03-12 12:01:26,798 - INFO - Checkpoint stored for step: f5e71a0bea083254707ca05a5cd6b067
2025-03-12 12:01:26,798 - INFO - Step: print_df_step2 completed...
2025-03-12 12:01:26,798 - INFO - Executing Step: CSVLoader
2025-03-12 12:01:26,799 - INFO - Checkpoint stored for step: 9b2cd0a71d8e9a10a579ebaa632def31
2025-03-12 12:01:26,799 - INFO - Step: CSVLoader completed...
2025-03-12 12:01:26,799 - INFO - Executing Step: reset_cache
2025-03-12 12:01:26,799 - INFO - Step: reset_cache completed...
2025-03-12 12:01:26,800 - INFO - No valid checkpoint found, starting from the beginning...
2025-03-12 12:01:26,800 - INFO - Beginning ETL Execution at time: 1741795286.8002079 ...
2025-03-12 12:01:26,801 - INFO - Executing Step: CSVExtractor
2025-03-12 12:01:26,802 - INFO - Checkpoint stored for step: dc9c09368b6fc1eac32cee7be7815efa
2025-03-12 12:01:26,803 - INFO - Step: CSVExtractor completed...
2025-03-12 12:01:26,803 - INFO - Executing Step: print_df_step
2025-03-12 12:01:26,804 - INFO - Checkpoint stored for step: 5384c54d3bd68715812bd9480e8adb85
2025-03-12 12:01:26,804 - INFO - Step: print_df_step completed...
2025-03-12 12:01:26,804 - INFO - Executing Step: ExcelExtractor
2025-03-12 12:01:26,807 - INFO - Checkpoint stored for step: 0b31cc6b31a422983771068cbdf6a923
2025-03-12 12:01:26,807 - INFO - Step: ExcelExtractor completed...
2025-03-12 12:01:26,807 - INFO - Executing Step: print_df_step2
2025-03-12 12:01:26,808 - INFO - Checkpoint stored for step: f5e71a0bea083254707ca05a5cd6b067
2025-03-12 12:01:26,808 - INFO - Step: print_df_step2 completed...
2025-03-12 12:01:26,808 - INFO - Executing Step: CSVLoader
2025-03-12 12:01:26,809 - INFO - Checkpoint stored for step: 9b2cd0a71d8e9a10a579ebaa632def31
2025-03-12 12:01:26,809 - INFO - Step: CSVLoader completed...
2025-03-12 12:01:26,809 - INFO - Executing Step: reset_cache
2025-03-12 12:01:26,810 - INFO - Step: reset_cache completed...
2025-03-12 12:01:26,810 - INFO - No valid checkpoint found, starting from the beginning...
2025-03-12 12:01:26,810 - INFO - Beginning ETL Execution at time: 1741795286.810603 ...
2025-03-12 12:01:26,811 - INFO - Executing Step: CSVExtractor
2025-03-12 12:01:26,814 - INFO - Checkpoint stored for step: dc9c09368b6fc1eac32cee7be7815efa
2025-03-12 12:01:26,814 - INFO - Step: CSVExtractor completed...
2025-03-12 12:01:26,814 - INFO - Executing Step: print_df_step
2025-03-12 12:01:26,815 - INFO - Checkpoint stored for step: 5384c54d3bd68715812bd9480e8adb85
2025-03-12 12:01:26,815 - INFO - Step: print_df_step completed...
2025-03-12 12:01:26,815 - INFO - Executing Step: ExcelExtractor
2025-03-12 12:01:26,816 - INFO - Checkpoint stored for step: 0b31cc6b31a422983771068cbdf6a923
2025-03-12 12:01:26,816 - INFO - Step: ExcelExtractor completed...
2025-03-12 12:01:26,816 - INFO - Executing Step: print_df_step2
2025-03-12 12:01:26,817 - INFO - Checkpoint stored for step: f5e71a0bea083254707ca05a5cd6b067
2025-03-12 12:01:26,817 - INFO - Step: print_df_step2 completed...
2025-03-12 12:01:26,817 - INFO - Executing Step: CSVLoader
2025-03-12 12:01:26,818 - INFO - Checkpoint stored for step: 9b2cd0a71d8e9a10a579ebaa632def31
2025-03-12 12:01:26,818 - INFO - Step: CSVLoader completed...
2025-03-12 12:01:26,818 - INFO - Executing Step: reset_cache
2025-03-12 12:01:26,819 - INFO - Step: reset_cache completed...
2025-03-12 12:01:26,819 - INFO - No valid checkpoint found, starting from the beginning...
2025-03-12 12:01:26,819 - INFO - Beginning ETL Execution at time: 1741795286.819476 ...
2025-03-12 12:01:26,820 - INFO - Executing Step: CSVExtractor
2025-03-12 12:01:26,821 - INFO - Checkpoint stored for step: dc9c09368b6fc1eac32cee7be7815efa
2025-03-12 12:01:26,821 - INFO - Step: CSVExtractor completed...
2025-03-12 12:01:26,821 - INFO - Executing Step: print_df_step
2025-03-12 12:01:26,824 - INFO - Checkpoint stored for step: 5384c54d3bd68715812bd9480e8adb85
2025-03-12 12:01:26,824 - INFO - Step: print_df_step completed...
2025-03-12 12:01:26,825 - INFO - Executing Step: ExcelExtractor
2025-03-12 12:01:26,826 - INFO - Checkpoint stored for step: 0b31cc6b31a422983771068cbdf6a923
2025-03-12 12:01:26,826 - INFO - Step: ExcelExtractor completed...
2025-03-12 12:01:26,826 - INFO - Executing Step: print_df_step2
2025-03-12 12:01:26,827 - INFO - Checkpoint stored for step: f5e71a0bea083254707ca05a5cd6b067
2025-03-12 12:01:26,827 - INFO - Step: print_df_step2 completed...
2025-03-12 12:01:26,827 - INFO - Executing Step: CSVLoader
2025-03-12 12:01:26,828 - INFO - Checkpoint stored for step: 9b2cd0a71d8e9a10a579ebaa632def31
2025-03-12 12:01:26,828 - INFO - Step: CSVLoader completed...
2025-03-12 12:01:26,828 - INFO - Executing Step: reset_cache
2025-03-12 12:01:26,828 - INFO - Step: reset_cache completed...
2025-03-12 12:01:26,828 - INFO - No valid checkpoint found, starting from the beginning...
2025-03-12 12:01:26,828 - INFO - Beginning ETL Execution at time: 1741795286.828788 ...
2025-03-12 12:01:26,829 - INFO - Executing Step: CSVExtractor
2025-03-12 12:01:26,831 - INFO - Checkpoint stored for step: dc9c09368b6fc1eac32cee7be7815efa
2025-03-12 12:01:26,831 - INFO - Step: CSVExtractor completed...
2025-03-12 12:01:26,831 - INFO - Executing Step: print_df_step
2025-03-12 12:01:26,833 - INFO - Checkpoint stored for step: 5384c54d3bd68715812bd9480e8adb85
2025-03-12 12:01:26,833 - INFO - Step: print_df_step completed...
2025-03-12 12:01:26,833 - INFO - Executing Step: ExcelExtractor
2025-03-12 12:01:26,833 - INFO - Checkpoint stored for step: 0b31cc6b31a422983771068cbdf6a923
2025-03-12 12:01:26,833 - INFO - Step: ExcelExtractor completed...
2025-03-12 12:01:26,833 - INFO - Executing Step: print_df_step2
2025-03-12 12:01:26,834 - INFO - Checkpoint stored for step: f5e71a0bea083254707ca05a5cd6b067
2025-03-12 12:01:26,834 - INFO - Step: print_df_step2 completed...
2025-03-12 12:01:26,834 - INFO - Executing Step: CSVLoader
2025-03-12 12:01:26,835 - INFO - Checkpoint stored for step: 9b2cd0a71d8e9a10a579ebaa632def31
2025-03-12 12:01:26,835 - INFO - Step: CSVLoader completed...
2025-03-12 12:01:26,835 - INFO - Executing Step: reset_cache
2025-03-12 12:01:26,835 - INFO - Step: reset_cache completed...
2025-03-12 12:01:26,836 - INFO - No valid checkpoint found, starting from the beginning...
2025-03-12 12:01:26,836 - INFO - Beginning ETL Execution at time: 1741795286.8363059 ...
2025-03-12 12:01:26,836 - INFO - Executing Step: CSVExtractor
2025-03-12 12:01:26,838 - INFO - Checkpoint stored for step: dc9c09368b6fc1eac32cee7be7815efa
2025-03-12 12:01:26,838 - INFO - Step: CSVExtractor completed...
2025-03-12 12:01:26,838 - INFO - Executing Step: print_df_step
2025-03-12 12:01:26,839 - INFO - Checkpoint stored for step: 5384c54d3bd68715812bd9480e8adb85
2025-03-12 12:01:26,839 - INFO - Step: print_df_step completed...
2025-03-12 12:01:26,839 - INFO - Executing Step: ExcelExtractor
2025-03-12 12:01:26,841 - INFO - Checkpoint stored for step: 0b31cc6b31a422983771068cbdf6a923
2025-03-12 12:01:26,841 - INFO - Step: ExcelExtractor completed...
2025-03-12 12:01:26,841 - INFO - Executing Step: print_df_step2
2025-03-12 12:01:26,842 - INFO - Checkpoint stored for step: f5e71a0bea083254707ca05a5cd6b067
2025-03-12 12:01:26,842 - INFO - Step: print_df_step2 completed...
2025-03-12 12:01:26,842 - INFO - Executing Step: CSVLoader
2025-03-12 12:01:26,844 - INFO - Checkpoint stored for step: 9b2cd0a71d8e9a10a579ebaa632def31
2025-03-12 12:01:26,844 - INFO - Step: CSVLoader completed...
2025-03-12 12:01:26,845 - INFO - Executing Step: reset_cache
2025-03-12 12:01:26,846 - INFO - Step: reset_cache completed...
2025-03-12 12:01:26,853 - INFO - ETL Execution Finished at time: 1741795286.8535738 ...
2025-03-12 12:01:26,853 - INFO - Total Execution Time: 0.02 seconds
