2025-03-15 13:53:32,143 - INFO - Target extractor set...
2025-03-15 13:53:32,144 - INFO - Target loader set...
2025-03-15 13:53:32,144 - INFO - Successfully added step with key: 32d19eb47ab401990ab22f7a7131e175
2025-03-15 13:53:32,144 - INFO - Successfully added step with key: 13dc46e0dd043397767ffdc997a4743b
2025-03-15 13:53:32,144 - INFO - Successfully added step with key: ab00358d4f21e3fdc6949972080c85ae
2025-03-15 13:53:32,147 - INFO - Successfully added step with key: dc9c09368b6fc1eac32cee7be7815efa
2025-03-15 13:53:32,147 - INFO - Successfully added step with key: 9b2cd0a71d8e9a10a579ebaa632def31
2025-03-15 13:53:32,147 - INFO - Beginning ETL Execution at time: 1742061212.147837 ...
2025-03-15 13:53:32,188 - INFO - Executing Step: CSVExtractor
2025-03-15 13:53:32,203 - INFO - Added dataframe: tmp to globalcontext
2025-03-15 13:53:32,203 - INFO - Step: CSVExtractor completed...
2025-03-15 13:53:32,203 - INFO - Executing Step: CreateVariable
2025-03-15 13:53:32,203 - INFO - Step: CreateVariable completed...
2025-03-15 13:53:32,203 - INFO - Executing Step: IncrementVariable
2025-03-15 13:53:32,203 - INFO - Step: IncrementVariable completed...
2025-03-15 13:53:32,203 - INFO - Executing Step: print_df_step
2025-03-15 13:53:32,204 - INFO - Step: print_df_step completed...
2025-03-15 13:53:32,204 - INFO - Executing Step: CSVLoader
2025-03-15 13:53:32,206 - INFO - Step: CSVLoader completed...
2025-03-15 13:53:32,206 - INFO - ETL Execution Finished at time: 1742061212.206592 ...
2025-03-15 13:53:32,206 - INFO - Total Execution Time: 0.06 seconds
