2025-03-12 16:35:40,447 - INFO - Target extractor set...
2025-03-12 16:35:40,447 - INFO - Target loader set...
2025-03-12 16:35:40,450 - INFO - Successfully added step with key: 412abfdcd44b2d96741df91f5a116e5d
2025-03-12 16:35:40,450 - INFO - Successfully added step with key: de222ed930bca8da97e04ac3f0e1a8c4
2025-03-12 16:35:40,450 - INFO - Successfully added step with key: 83f75dc262c2019d6cd451384412e01b
2025-03-12 16:35:40,450 - INFO - Successfully added step with key: 303c02b1d9dc0c0c316fca773bdcf9b6
2025-03-12 16:35:40,451 - INFO - No valid checkpoint found, starting from the beginning...
2025-03-12 16:35:40,451 - INFO - Beginning ETL Execution at time: 1741811740.4510365 ...
2025-03-12 16:35:40,452 - INFO - Executing Step: CSVExtractor
2025-03-12 16:35:40,453 - INFO - Added dataframe: othertmp to globalcontext
2025-03-12 16:35:40,454 - INFO - Checkpoint stored for step: de222ed930bca8da97e04ac3f0e1a8c4
2025-03-12 16:35:40,454 - INFO - Step: CSVExtractor completed...
2025-03-12 16:35:40,454 - INFO - Executing Step: CSVExtractor
2025-03-12 16:35:40,455 - INFO - Added dataframe: tmp to globalcontext
2025-03-12 16:35:40,456 - INFO - Checkpoint stored for step: 412abfdcd44b2d96741df91f5a116e5d
2025-03-12 16:35:40,456 - INFO - Step: CSVExtractor completed...
2025-03-12 16:35:40,456 - INFO - Executing Step: CSVLoader
2025-03-12 16:35:40,457 - INFO - Checkpoint stored for step: 83f75dc262c2019d6cd451384412e01b
2025-03-12 16:35:40,457 - INFO - Step: CSVLoader completed...
2025-03-12 16:35:40,457 - INFO - Executing Step: reset_cache
2025-03-12 16:35:40,457 - INFO - Step: reset_cache completed...
2025-03-12 16:35:40,458 - INFO - No valid checkpoint found, starting from the beginning...
2025-03-12 16:35:40,458 - INFO - Beginning ETL Execution at time: 1741811740.4580743 ...
2025-03-12 16:35:40,458 - INFO - Executing Step: CSVExtractor
2025-03-12 16:35:40,459 - INFO - Added dataframe: othertmp to globalcontext
2025-03-12 16:35:40,459 - INFO - Checkpoint stored for step: de222ed930bca8da97e04ac3f0e1a8c4
2025-03-12 16:35:40,459 - INFO - Step: CSVExtractor completed...
2025-03-12 16:35:40,459 - INFO - Executing Step: CSVExtractor
2025-03-12 16:35:40,460 - INFO - Added dataframe: tmp to globalcontext
2025-03-12 16:35:40,461 - INFO - Checkpoint stored for step: 412abfdcd44b2d96741df91f5a116e5d
2025-03-12 16:35:40,461 - INFO - Step: CSVExtractor completed...
2025-03-12 16:35:40,461 - INFO - Executing Step: CSVLoader
2025-03-12 16:35:40,462 - INFO - Checkpoint stored for step: 83f75dc262c2019d6cd451384412e01b
2025-03-12 16:35:40,462 - INFO - Step: CSVLoader completed...
2025-03-12 16:35:40,462 - INFO - Executing Step: reset_cache
2025-03-12 16:35:40,462 - INFO - Step: reset_cache completed...
2025-03-12 16:35:40,462 - INFO - No valid checkpoint found, starting from the beginning...
2025-03-12 16:35:40,462 - INFO - Beginning ETL Execution at time: 1741811740.4628205 ...
2025-03-12 16:35:40,463 - INFO - Executing Step: CSVExtractor
2025-03-12 16:35:40,464 - INFO - Checkpoint stored for step: de222ed930bca8da97e04ac3f0e1a8c4
2025-03-12 16:35:40,464 - INFO - Step: CSVExtractor completed...
2025-03-12 16:35:40,464 - INFO - Executing Step: CSVExtractor
2025-03-12 16:35:40,466 - INFO - Checkpoint stored for step: 412abfdcd44b2d96741df91f5a116e5d
2025-03-12 16:35:40,466 - INFO - Step: CSVExtractor completed...
2025-03-12 16:35:40,466 - INFO - Executing Step: CSVLoader
2025-03-12 16:35:40,467 - INFO - Checkpoint stored for step: 83f75dc262c2019d6cd451384412e01b
2025-03-12 16:35:40,467 - INFO - Step: CSVLoader completed...
2025-03-12 16:35:40,467 - INFO - Executing Step: reset_cache
2025-03-12 16:35:40,467 - INFO - Step: reset_cache completed...
2025-03-12 16:35:40,467 - INFO - No valid checkpoint found, starting from the beginning...
2025-03-12 16:35:40,467 - INFO - Beginning ETL Execution at time: 1741811740.4677167 ...
2025-03-12 16:35:40,468 - INFO - Executing Step: CSVExtractor
2025-03-12 16:35:40,469 - INFO - Checkpoint stored for step: de222ed930bca8da97e04ac3f0e1a8c4
2025-03-12 16:35:40,469 - INFO - Step: CSVExtractor completed...
2025-03-12 16:35:40,469 - INFO - Executing Step: CSVExtractor
2025-03-12 16:35:40,471 - INFO - Checkpoint stored for step: 412abfdcd44b2d96741df91f5a116e5d
2025-03-12 16:35:40,471 - INFO - Step: CSVExtractor completed...
2025-03-12 16:35:40,471 - INFO - Executing Step: CSVLoader
2025-03-12 16:35:40,472 - INFO - Checkpoint stored for step: 83f75dc262c2019d6cd451384412e01b
2025-03-12 16:35:40,472 - INFO - Step: CSVLoader completed...
2025-03-12 16:35:40,472 - INFO - Executing Step: reset_cache
2025-03-12 16:35:40,472 - INFO - Step: reset_cache completed...
2025-03-12 16:35:40,473 - INFO - No valid checkpoint found, starting from the beginning...
2025-03-12 16:35:40,473 - INFO - Beginning ETL Execution at time: 1741811740.4730308 ...
2025-03-12 16:35:40,474 - INFO - Executing Step: CSVExtractor
2025-03-12 16:35:40,475 - INFO - Checkpoint stored for step: de222ed930bca8da97e04ac3f0e1a8c4
2025-03-12 16:35:40,475 - INFO - Step: CSVExtractor completed...
2025-03-12 16:35:40,475 - INFO - Executing Step: CSVExtractor
2025-03-12 16:35:40,477 - INFO - Checkpoint stored for step: 412abfdcd44b2d96741df91f5a116e5d
2025-03-12 16:35:40,477 - INFO - Step: CSVExtractor completed...
2025-03-12 16:35:40,477 - INFO - Executing Step: CSVLoader
2025-03-12 16:35:40,478 - INFO - Checkpoint stored for step: 83f75dc262c2019d6cd451384412e01b
2025-03-12 16:35:40,478 - INFO - Step: CSVLoader completed...
2025-03-12 16:35:40,478 - INFO - Executing Step: reset_cache
2025-03-12 16:35:40,478 - INFO - Step: reset_cache completed...
2025-03-12 16:35:40,479 - INFO - No valid checkpoint found, starting from the beginning...
2025-03-12 16:35:40,479 - INFO - Beginning ETL Execution at time: 1741811740.4791605 ...
2025-03-12 16:35:40,479 - INFO - Executing Step: CSVExtractor
2025-03-12 16:35:40,481 - INFO - Checkpoint stored for step: de222ed930bca8da97e04ac3f0e1a8c4
2025-03-12 16:35:40,481 - INFO - Step: CSVExtractor completed...
2025-03-12 16:35:40,481 - INFO - Executing Step: CSVExtractor
2025-03-12 16:35:40,482 - INFO - Checkpoint stored for step: 412abfdcd44b2d96741df91f5a116e5d
2025-03-12 16:35:40,482 - INFO - Step: CSVExtractor completed...
2025-03-12 16:35:40,482 - INFO - Executing Step: CSVLoader
2025-03-12 16:35:40,484 - INFO - Checkpoint stored for step: 83f75dc262c2019d6cd451384412e01b
2025-03-12 16:35:40,484 - INFO - Step: CSVLoader completed...
2025-03-12 16:35:40,484 - INFO - Executing Step: reset_cache
2025-03-12 16:35:40,484 - INFO - Step: reset_cache completed...
2025-03-12 16:35:40,484 - INFO - No valid checkpoint found, starting from the beginning...
2025-03-12 16:35:40,484 - INFO - Beginning ETL Execution at time: 1741811740.484644 ...
2025-03-12 16:35:40,485 - INFO - Executing Step: CSVExtractor
2025-03-12 16:35:40,486 - INFO - Checkpoint stored for step: de222ed930bca8da97e04ac3f0e1a8c4
2025-03-12 16:35:40,486 - INFO - Step: CSVExtractor completed...
2025-03-12 16:35:40,486 - INFO - Executing Step: CSVExtractor
2025-03-12 16:35:40,488 - INFO - Checkpoint stored for step: 412abfdcd44b2d96741df91f5a116e5d
2025-03-12 16:35:40,488 - INFO - Step: CSVExtractor completed...
2025-03-12 16:35:40,488 - INFO - Executing Step: CSVLoader
2025-03-12 16:35:40,489 - INFO - Checkpoint stored for step: 83f75dc262c2019d6cd451384412e01b
2025-03-12 16:35:40,489 - INFO - Step: CSVLoader completed...
2025-03-12 16:35:40,489 - INFO - Executing Step: reset_cache
2025-03-12 16:35:40,489 - INFO - Step: reset_cache completed...
