2025-03-12 16:25:09,270 - INFO - Target extractor set...
2025-03-12 16:25:09,270 - INFO - Target loader set...
2025-03-12 16:25:09,272 - INFO - Successfully added step with key: 412abfdcd44b2d96741df91f5a116e5d
2025-03-12 16:25:09,272 - INFO - Successfully added step with key: de222ed930bca8da97e04ac3f0e1a8c4
2025-03-12 16:25:09,272 - INFO - Successfully added step with key: 83f75dc262c2019d6cd451384412e01b
2025-03-12 16:25:09,273 - INFO - Successfully added step with key: 303c02b1d9dc0c0c316fca773bdcf9b6
2025-03-12 16:25:09,273 - INFO - No valid checkpoint found, starting from the beginning...
2025-03-12 16:25:09,273 - INFO - Beginning ETL Execution at time: 1741811109.2735558 ...
2025-03-12 16:25:09,275 - INFO - Executing Step: CSVExtractor
2025-03-12 16:25:09,276 - INFO - Added dataframe: othertmp to globalcontext
2025-03-12 16:25:09,277 - INFO - Checkpoint stored for step: de222ed930bca8da97e04ac3f0e1a8c4
2025-03-12 16:25:09,277 - INFO - Step: CSVExtractor completed...
2025-03-12 16:25:09,277 - INFO - Executing Step: CSVExtractor
2025-03-12 16:25:09,277 - INFO - Added dataframe: tmp to globalcontext
2025-03-12 16:25:09,278 - INFO - Checkpoint stored for step: 412abfdcd44b2d96741df91f5a116e5d
2025-03-12 16:25:09,278 - INFO - Step: CSVExtractor completed...
2025-03-12 16:25:09,278 - INFO - Executing Step: CSVLoader
2025-03-12 16:25:09,280 - INFO - Checkpoint stored for step: 83f75dc262c2019d6cd451384412e01b
2025-03-12 16:25:09,280 - INFO - Step: CSVLoader completed...
2025-03-12 16:25:09,280 - INFO - Executing Step: reset_cache
2025-03-12 16:25:09,280 - INFO - Step: reset_cache completed...
2025-03-12 16:25:09,281 - INFO - No valid checkpoint found, starting from the beginning...
2025-03-12 16:25:09,281 - INFO - Beginning ETL Execution at time: 1741811109.2810702 ...
2025-03-12 16:25:09,281 - INFO - Executing Step: CSVExtractor
2025-03-12 16:25:09,282 - INFO - Added dataframe: othertmp to globalcontext
2025-03-12 16:25:09,283 - INFO - Checkpoint stored for step: de222ed930bca8da97e04ac3f0e1a8c4
2025-03-12 16:25:09,284 - INFO - Step: CSVExtractor completed...
2025-03-12 16:25:09,284 - INFO - Executing Step: CSVExtractor
2025-03-12 16:25:09,284 - INFO - Added dataframe: tmp to globalcontext
2025-03-12 16:25:09,285 - INFO - Checkpoint stored for step: 412abfdcd44b2d96741df91f5a116e5d
2025-03-12 16:25:09,285 - INFO - Step: CSVExtractor completed...
2025-03-12 16:25:09,285 - INFO - Executing Step: CSVLoader
2025-03-12 16:25:09,287 - INFO - Checkpoint stored for step: 83f75dc262c2019d6cd451384412e01b
2025-03-12 16:25:09,287 - INFO - Step: CSVLoader completed...
2025-03-12 16:25:09,287 - INFO - Executing Step: reset_cache
2025-03-12 16:25:09,287 - INFO - Step: reset_cache completed...
2025-03-12 16:25:09,287 - INFO - No valid checkpoint found, starting from the beginning...
2025-03-12 16:25:09,287 - INFO - Beginning ETL Execution at time: 1741811109.2878966 ...
2025-03-12 16:25:09,288 - INFO - Executing Step: CSVExtractor
2025-03-12 16:25:09,290 - INFO - Checkpoint stored for step: de222ed930bca8da97e04ac3f0e1a8c4
2025-03-12 16:25:09,290 - INFO - Step: CSVExtractor completed...
2025-03-12 16:25:09,290 - INFO - Executing Step: CSVExtractor
2025-03-12 16:25:09,292 - INFO - Checkpoint stored for step: 412abfdcd44b2d96741df91f5a116e5d
2025-03-12 16:25:09,292 - INFO - Step: CSVExtractor completed...
2025-03-12 16:25:09,292 - INFO - Executing Step: CSVLoader
2025-03-12 16:25:09,293 - INFO - Checkpoint stored for step: 83f75dc262c2019d6cd451384412e01b
2025-03-12 16:25:09,293 - INFO - Step: CSVLoader completed...
2025-03-12 16:25:09,293 - INFO - Executing Step: reset_cache
2025-03-12 16:25:09,293 - INFO - Step: reset_cache completed...
2025-03-12 16:25:09,294 - INFO - No valid checkpoint found, starting from the beginning...
2025-03-12 16:25:09,294 - INFO - Beginning ETL Execution at time: 1741811109.2940814 ...
2025-03-12 16:25:09,294 - INFO - Executing Step: CSVExtractor
2025-03-12 16:25:09,297 - INFO - Checkpoint stored for step: de222ed930bca8da97e04ac3f0e1a8c4
2025-03-12 16:25:09,297 - INFO - Step: CSVExtractor completed...
2025-03-12 16:25:09,297 - INFO - Executing Step: CSVExtractor
2025-03-12 16:25:09,299 - INFO - Checkpoint stored for step: 412abfdcd44b2d96741df91f5a116e5d
2025-03-12 16:25:09,299 - INFO - Step: CSVExtractor completed...
2025-03-12 16:25:09,299 - INFO - Executing Step: CSVLoader
2025-03-12 16:25:09,300 - INFO - Checkpoint stored for step: 83f75dc262c2019d6cd451384412e01b
2025-03-12 16:25:09,300 - INFO - Step: CSVLoader completed...
2025-03-12 16:25:09,300 - INFO - Executing Step: reset_cache
2025-03-12 16:25:09,301 - INFO - Step: reset_cache completed...
2025-03-12 16:25:09,301 - INFO - No valid checkpoint found, starting from the beginning...
2025-03-12 16:25:09,301 - INFO - Beginning ETL Execution at time: 1741811109.3014865 ...
2025-03-12 16:25:09,302 - INFO - Executing Step: CSVExtractor
2025-03-12 16:25:09,303 - INFO - Checkpoint stored for step: de222ed930bca8da97e04ac3f0e1a8c4
2025-03-12 16:25:09,303 - INFO - Step: CSVExtractor completed...
2025-03-12 16:25:09,303 - INFO - Executing Step: CSVExtractor
2025-03-12 16:25:09,304 - INFO - Checkpoint stored for step: 412abfdcd44b2d96741df91f5a116e5d
2025-03-12 16:25:09,304 - INFO - Step: CSVExtractor completed...
2025-03-12 16:25:09,304 - INFO - Executing Step: CSVLoader
2025-03-12 16:25:09,305 - INFO - Checkpoint stored for step: 83f75dc262c2019d6cd451384412e01b
2025-03-12 16:25:09,305 - INFO - Step: CSVLoader completed...
2025-03-12 16:25:09,305 - INFO - Executing Step: reset_cache
2025-03-12 16:25:09,305 - INFO - Step: reset_cache completed...
2025-03-12 16:25:09,305 - INFO - No valid checkpoint found, starting from the beginning...
2025-03-12 16:25:09,305 - INFO - Beginning ETL Execution at time: 1741811109.305836 ...
2025-03-12 16:25:09,306 - INFO - Executing Step: CSVExtractor
2025-03-12 16:25:09,307 - INFO - Checkpoint stored for step: de222ed930bca8da97e04ac3f0e1a8c4
2025-03-12 16:25:09,307 - INFO - Step: CSVExtractor completed...
2025-03-12 16:25:09,307 - INFO - Executing Step: CSVExtractor
2025-03-12 16:25:09,308 - INFO - Checkpoint stored for step: 412abfdcd44b2d96741df91f5a116e5d
2025-03-12 16:25:09,308 - INFO - Step: CSVExtractor completed...
2025-03-12 16:25:09,308 - INFO - Executing Step: CSVLoader
2025-03-12 16:25:09,309 - INFO - Checkpoint stored for step: 83f75dc262c2019d6cd451384412e01b
2025-03-12 16:25:09,309 - INFO - Step: CSVLoader completed...
2025-03-12 16:25:09,309 - INFO - Executing Step: reset_cache
2025-03-12 16:25:09,309 - INFO - Step: reset_cache completed...
2025-03-12 16:25:09,309 - INFO - No valid checkpoint found, starting from the beginning...
2025-03-12 16:25:09,309 - INFO - Beginning ETL Execution at time: 1741811109.3097386 ...
2025-03-12 16:25:09,310 - INFO - Executing Step: CSVExtractor
2025-03-12 16:25:09,311 - INFO - Checkpoint stored for step: de222ed930bca8da97e04ac3f0e1a8c4
2025-03-12 16:25:09,311 - INFO - Step: CSVExtractor completed...
2025-03-12 16:25:09,311 - INFO - Executing Step: CSVExtractor
2025-03-12 16:25:09,312 - INFO - Checkpoint stored for step: 412abfdcd44b2d96741df91f5a116e5d
2025-03-12 16:25:09,312 - INFO - Step: CSVExtractor completed...
2025-03-12 16:25:09,312 - INFO - Executing Step: CSVLoader
2025-03-12 16:25:09,313 - INFO - Checkpoint stored for step: 83f75dc262c2019d6cd451384412e01b
2025-03-12 16:25:09,313 - INFO - Step: CSVLoader completed...
2025-03-12 16:25:09,313 - INFO - Executing Step: reset_cache
2025-03-12 16:25:09,313 - INFO - Step: reset_cache completed...
2025-03-12 16:25:09,313 - INFO - ETL Execution Finished at time: 1741811109.313846 ...
2025-03-12 16:25:09,313 - INFO - Total Execution Time: 0.00 seconds
