2025-03-12 10:16:35,321 - INFO - Target extractor set...
2025-03-12 10:16:35,321 - INFO - Target loader set...
2025-03-12 10:16:35,321 - INFO - Successfully added step with key: 5384c54d3bd68715812bd9480e8adb85
2025-03-12 10:16:35,331 - INFO - Successfully added step with key: de222ed930bca8da97e04ac3f0e1a8c4
2025-03-12 10:16:35,331 - INFO - Successfully added step with key: 83f75dc262c2019d6cd451384412e01b
2025-03-12 10:16:35,333 - INFO - No valid checkpoint found, starting from the beginning...
2025-03-12 10:16:35,333 - INFO - Beginning ETL Execution at time: 1741788995.333798 ...
2025-03-12 10:16:35,377 - INFO - Executing Step: CSVExtractor
2025-03-12 10:16:35,393 - INFO - Added dataframe: tmp to globalcontext
2025-03-12 10:16:35,397 - INFO - Checkpoint stored for step: de222ed930bca8da97e04ac3f0e1a8c4
2025-03-12 10:16:35,397 - INFO - Step: CSVExtractor completed...
2025-03-12 10:16:35,397 - INFO - Executing Step: print_df_step
2025-03-12 10:16:35,401 - INFO - Checkpoint stored for step: 5384c54d3bd68715812bd9480e8adb85
2025-03-12 10:16:35,401 - INFO - Step: print_df_step completed...
2025-03-12 10:16:35,401 - INFO - Executing Step: CSVLoader
2025-03-12 10:16:35,404 - INFO - Checkpoint stored for step: 83f75dc262c2019d6cd451384412e01b
2025-03-12 10:16:35,404 - INFO - Step: CSVLoader completed...
2025-03-12 10:16:35,405 - INFO - Successfully added step with key: dc9c09368b6fc1eac32cee7be7815efa
2025-03-12 10:16:35,405 - INFO - Successfully added step with key: 9b2cd0a71d8e9a10a579ebaa632def31
2025-03-12 10:16:35,405 - INFO - No valid checkpoint found, starting from the beginning...
2025-03-12 10:16:35,406 - INFO - Beginning ETL Execution at time: 1741788995.4062421 ...
2025-03-12 10:16:35,412 - INFO - Executing Step: CSVExtractor
2025-03-12 10:16:35,414 - INFO - Added dataframe: tmp to globalcontext
2025-03-12 10:16:35,415 - INFO - Checkpoint stored for step: dc9c09368b6fc1eac32cee7be7815efa
2025-03-12 10:16:35,415 - INFO - Step: CSVExtractor completed...
2025-03-12 10:16:35,415 - INFO - Executing Step: CSVExtractor
2025-03-12 10:16:35,417 - INFO - Checkpoint stored for step: de222ed930bca8da97e04ac3f0e1a8c4
2025-03-12 10:16:35,418 - INFO - Step: CSVExtractor completed...
2025-03-12 10:16:35,418 - INFO - Executing Step: print_df_step
2025-03-12 10:16:35,420 - INFO - Checkpoint stored for step: 5384c54d3bd68715812bd9480e8adb85
2025-03-12 10:16:35,420 - INFO - Step: print_df_step completed...
2025-03-12 10:16:35,420 - INFO - Executing Step: CSVLoader
2025-03-12 10:16:35,422 - INFO - Checkpoint stored for step: 83f75dc262c2019d6cd451384412e01b
2025-03-12 10:16:35,422 - INFO - Step: CSVLoader completed...
2025-03-12 10:16:35,422 - INFO - Executing Step: CSVLoader
2025-03-12 10:16:35,424 - INFO - Checkpoint stored for step: 9b2cd0a71d8e9a10a579ebaa632def31
2025-03-12 10:16:35,424 - INFO - Step: CSVLoader completed...
2025-03-12 10:16:35,424 - INFO - Successfully added step with key: fc0de5317ae15ad50e902796a1016724
2025-03-12 10:16:35,424 - INFO - Successfully added step with key: eaf1a0baf28692a69cbc149f0099f7c6
2025-03-12 10:16:35,425 - INFO - No valid checkpoint found, starting from the beginning...
2025-03-12 10:16:35,425 - INFO - Beginning ETL Execution at time: 1741788995.425142 ...
2025-03-12 10:16:35,425 - INFO - Executing Step: CSVExtractor
2025-03-12 10:16:35,428 - INFO - Checkpoint stored for step: fc0de5317ae15ad50e902796a1016724
2025-03-12 10:16:35,428 - INFO - Step: CSVExtractor completed...
2025-03-12 10:16:35,428 - INFO - Executing Step: CSVExtractor
