2025-03-12 16:30:46,261 - INFO - Target extractor set...
2025-03-12 16:30:46,262 - INFO - Target loader set...
2025-03-12 16:30:46,262 - INFO - Successfully added step with key: 412abfdcd44b2d96741df91f5a116e5d
2025-03-12 16:30:46,264 - INFO - Successfully added step with key: de222ed930bca8da97e04ac3f0e1a8c4
2025-03-12 16:30:46,264 - INFO - Successfully added step with key: 190c24b772bdc0bb5b66e4561cc6a959
2025-03-12 16:30:46,264 - INFO - Successfully added step with key: 2bccaac0d8c1b35e3fe74c2843e26c43
2025-03-12 16:30:46,264 - INFO - Successfully added step with key: 25dac2d2dae014fb38d1ca9328cd5654
2025-03-12 16:30:46,265 - INFO - No valid checkpoint found, starting from the beginning...
2025-03-12 16:30:46,265 - INFO - Beginning ETL Execution at time: 1741811446.2655263 ...
2025-03-12 16:30:46,266 - INFO - Executing Step: CSVExtractor
2025-03-12 16:30:46,267 - INFO - Added dataframe: othertmp to globalcontext
2025-03-12 16:30:46,268 - INFO - Checkpoint stored for step: 190c24b772bdc0bb5b66e4561cc6a959
2025-03-12 16:30:46,268 - INFO - Step: CSVExtractor completed...
2025-03-12 16:30:46,268 - INFO - Executing Step: CSVExtractor
2025-03-12 16:30:46,269 - INFO - Added dataframe: tmp to globalcontext
2025-03-12 16:30:46,270 - INFO - Checkpoint stored for step: de222ed930bca8da97e04ac3f0e1a8c4
2025-03-12 16:30:46,270 - INFO - Step: CSVExtractor completed...
2025-03-12 16:30:46,270 - INFO - Executing Step: CSVExtractor
2025-03-12 16:30:46,271 - INFO - Checkpoint stored for step: 412abfdcd44b2d96741df91f5a116e5d
2025-03-12 16:30:46,271 - INFO - Step: CSVExtractor completed...
2025-03-12 16:30:46,271 - INFO - Executing Step: CSVLoader
2025-03-12 16:30:46,273 - INFO - Checkpoint stored for step: 2bccaac0d8c1b35e3fe74c2843e26c43
2025-03-12 16:30:46,273 - INFO - Step: CSVLoader completed...
2025-03-12 16:30:46,273 - INFO - Executing Step: reset_cache
2025-03-12 16:30:46,273 - INFO - Step: reset_cache completed...
2025-03-12 16:30:46,273 - INFO - No valid checkpoint found, starting from the beginning...
2025-03-12 16:30:46,273 - INFO - Beginning ETL Execution at time: 1741811446.273839 ...
2025-03-12 16:30:46,274 - INFO - Executing Step: CSVExtractor
2025-03-12 16:30:46,275 - INFO - Added dataframe: othertmp to globalcontext
2025-03-12 16:30:46,277 - INFO - Checkpoint stored for step: 190c24b772bdc0bb5b66e4561cc6a959
2025-03-12 16:30:46,277 - INFO - Step: CSVExtractor completed...
2025-03-12 16:30:46,277 - INFO - Executing Step: CSVExtractor
2025-03-12 16:30:46,278 - INFO - Added dataframe: tmp to globalcontext
2025-03-12 16:30:46,279 - INFO - Checkpoint stored for step: de222ed930bca8da97e04ac3f0e1a8c4
2025-03-12 16:30:46,279 - INFO - Step: CSVExtractor completed...
2025-03-12 16:30:46,279 - INFO - Executing Step: CSVExtractor
2025-03-12 16:30:46,281 - INFO - Checkpoint stored for step: 412abfdcd44b2d96741df91f5a116e5d
2025-03-12 16:30:46,281 - INFO - Step: CSVExtractor completed...
2025-03-12 16:30:46,281 - INFO - Executing Step: CSVLoader
2025-03-12 16:30:46,283 - INFO - Checkpoint stored for step: 2bccaac0d8c1b35e3fe74c2843e26c43
2025-03-12 16:30:46,283 - INFO - Step: CSVLoader completed...
2025-03-12 16:30:46,284 - INFO - Executing Step: reset_cache
2025-03-12 16:30:46,284 - INFO - Step: reset_cache completed...
2025-03-12 16:30:46,284 - INFO - No valid checkpoint found, starting from the beginning...
2025-03-12 16:30:46,284 - INFO - Beginning ETL Execution at time: 1741811446.284768 ...
2025-03-12 16:30:46,285 - INFO - Executing Step: CSVExtractor
2025-03-12 16:30:46,288 - INFO - Checkpoint stored for step: 190c24b772bdc0bb5b66e4561cc6a959
2025-03-12 16:30:46,288 - INFO - Step: CSVExtractor completed...
2025-03-12 16:30:46,288 - INFO - Executing Step: CSVExtractor
2025-03-12 16:30:46,290 - INFO - Checkpoint stored for step: de222ed930bca8da97e04ac3f0e1a8c4
2025-03-12 16:30:46,290 - INFO - Step: CSVExtractor completed...
2025-03-12 16:30:46,290 - INFO - Executing Step: CSVExtractor
2025-03-12 16:30:46,292 - INFO - Checkpoint stored for step: 412abfdcd44b2d96741df91f5a116e5d
2025-03-12 16:30:46,292 - INFO - Step: CSVExtractor completed...
2025-03-12 16:30:46,293 - INFO - Executing Step: CSVLoader
2025-03-12 16:30:46,294 - INFO - Checkpoint stored for step: 2bccaac0d8c1b35e3fe74c2843e26c43
2025-03-12 16:30:46,294 - INFO - Step: CSVLoader completed...
2025-03-12 16:30:46,294 - INFO - Executing Step: reset_cache
2025-03-12 16:30:46,294 - INFO - Step: reset_cache completed...
2025-03-12 16:30:46,295 - INFO - No valid checkpoint found, starting from the beginning...
2025-03-12 16:30:46,295 - INFO - Beginning ETL Execution at time: 1741811446.2953448 ...
2025-03-12 16:30:46,295 - INFO - Executing Step: CSVExtractor
2025-03-12 16:30:46,297 - INFO - Checkpoint stored for step: 190c24b772bdc0bb5b66e4561cc6a959
2025-03-12 16:30:46,297 - INFO - Step: CSVExtractor completed...
2025-03-12 16:30:46,297 - INFO - Executing Step: CSVExtractor
2025-03-12 16:30:46,298 - INFO - Checkpoint stored for step: de222ed930bca8da97e04ac3f0e1a8c4
2025-03-12 16:30:46,298 - INFO - Step: CSVExtractor completed...
2025-03-12 16:30:46,298 - INFO - Executing Step: CSVExtractor
2025-03-12 16:30:46,299 - INFO - Checkpoint stored for step: 412abfdcd44b2d96741df91f5a116e5d
2025-03-12 16:30:46,299 - INFO - Step: CSVExtractor completed...
2025-03-12 16:30:46,299 - INFO - Executing Step: CSVLoader
2025-03-12 16:30:46,301 - INFO - Checkpoint stored for step: 2bccaac0d8c1b35e3fe74c2843e26c43
2025-03-12 16:30:46,301 - INFO - Step: CSVLoader completed...
2025-03-12 16:30:46,301 - INFO - Executing Step: reset_cache
2025-03-12 16:30:46,301 - INFO - Step: reset_cache completed...
2025-03-12 16:30:46,301 - INFO - No valid checkpoint found, starting from the beginning...
2025-03-12 16:30:46,301 - INFO - Beginning ETL Execution at time: 1741811446.3014636 ...
2025-03-12 16:30:46,302 - INFO - Executing Step: CSVExtractor
2025-03-12 16:30:46,303 - INFO - Checkpoint stored for step: 190c24b772bdc0bb5b66e4561cc6a959
2025-03-12 16:30:46,303 - INFO - Step: CSVExtractor completed...
2025-03-12 16:30:46,303 - INFO - Executing Step: CSVExtractor
2025-03-12 16:30:46,304 - INFO - Checkpoint stored for step: de222ed930bca8da97e04ac3f0e1a8c4
2025-03-12 16:30:46,304 - INFO - Step: CSVExtractor completed...
2025-03-12 16:30:46,304 - INFO - Executing Step: CSVExtractor
2025-03-12 16:30:46,306 - INFO - Checkpoint stored for step: 412abfdcd44b2d96741df91f5a116e5d
2025-03-12 16:30:46,306 - INFO - Step: CSVExtractor completed...
2025-03-12 16:30:46,306 - INFO - Executing Step: CSVLoader
2025-03-12 16:30:46,308 - INFO - Checkpoint stored for step: 2bccaac0d8c1b35e3fe74c2843e26c43
2025-03-12 16:30:46,308 - INFO - Step: CSVLoader completed...
2025-03-12 16:30:46,308 - INFO - Executing Step: reset_cache
2025-03-12 16:30:46,308 - INFO - Step: reset_cache completed...
2025-03-12 16:30:46,308 - INFO - No valid checkpoint found, starting from the beginning...
2025-03-12 16:30:46,308 - INFO - Beginning ETL Execution at time: 1741811446.3087604 ...
2025-03-12 16:30:46,309 - INFO - Executing Step: CSVExtractor
2025-03-12 16:30:46,310 - INFO - Checkpoint stored for step: 190c24b772bdc0bb5b66e4561cc6a959
2025-03-12 16:30:46,310 - INFO - Step: CSVExtractor completed...
2025-03-12 16:30:46,310 - INFO - Executing Step: CSVExtractor
2025-03-12 16:30:46,312 - INFO - Checkpoint stored for step: de222ed930bca8da97e04ac3f0e1a8c4
2025-03-12 16:30:46,312 - INFO - Step: CSVExtractor completed...
2025-03-12 16:30:46,312 - INFO - Executing Step: CSVExtractor
2025-03-12 16:30:46,313 - INFO - Checkpoint stored for step: 412abfdcd44b2d96741df91f5a116e5d
2025-03-12 16:30:46,313 - INFO - Step: CSVExtractor completed...
2025-03-12 16:30:46,313 - INFO - Executing Step: CSVLoader
2025-03-12 16:30:46,314 - INFO - Checkpoint stored for step: 2bccaac0d8c1b35e3fe74c2843e26c43
2025-03-12 16:30:46,314 - INFO - Step: CSVLoader completed...
2025-03-12 16:30:46,314 - INFO - Executing Step: reset_cache
2025-03-12 16:30:46,314 - INFO - Step: reset_cache completed...
2025-03-12 16:30:46,315 - INFO - No valid checkpoint found, starting from the beginning...
2025-03-12 16:30:46,315 - INFO - Beginning ETL Execution at time: 1741811446.3150494 ...
2025-03-12 16:30:46,315 - INFO - Executing Step: CSVExtractor
2025-03-12 16:30:46,316 - INFO - Checkpoint stored for step: 190c24b772bdc0bb5b66e4561cc6a959
2025-03-12 16:30:46,316 - INFO - Step: CSVExtractor completed...
2025-03-12 16:30:46,316 - INFO - Executing Step: CSVExtractor
2025-03-12 16:30:46,317 - INFO - Checkpoint stored for step: de222ed930bca8da97e04ac3f0e1a8c4
2025-03-12 16:30:46,318 - INFO - Step: CSVExtractor completed...
2025-03-12 16:30:46,318 - INFO - Executing Step: CSVExtractor
2025-03-12 16:30:46,319 - INFO - Checkpoint stored for step: 412abfdcd44b2d96741df91f5a116e5d
2025-03-12 16:30:46,319 - INFO - Step: CSVExtractor completed...
2025-03-12 16:30:46,319 - INFO - Executing Step: CSVLoader
2025-03-12 16:30:46,320 - INFO - Checkpoint stored for step: 2bccaac0d8c1b35e3fe74c2843e26c43
2025-03-12 16:30:46,320 - INFO - Step: CSVLoader completed...
2025-03-12 16:30:46,320 - INFO - Executing Step: reset_cache
2025-03-12 16:30:46,320 - INFO - Step: reset_cache completed...
2025-03-12 16:30:46,320 - INFO - ETL Execution Finished at time: 1741811446.320715 ...
2025-03-12 16:30:46,320 - INFO - Total Execution Time: 0.01 seconds
