2025-03-12 11:06:36,185 - INFO - Target extractor set...
2025-03-12 11:06:36,186 - INFO - Target loader set...
2025-03-12 11:06:36,186 - INFO - Successfully added step with key: 5384c54d3bd68715812bd9480e8adb85
2025-03-12 11:06:36,189 - INFO - Successfully added step with key: de222ed930bca8da97e04ac3f0e1a8c4
2025-03-12 11:06:36,189 - INFO - Successfully added step with key: 83f75dc262c2019d6cd451384412e01b
2025-03-12 11:06:36,190 - INFO - Successfully added step with key: 303c02b1d9dc0c0c316fca773bdcf9b6
2025-03-12 11:06:36,191 - INFO - No valid checkpoint found, starting from the beginning...
2025-03-12 11:06:36,191 - INFO - Beginning ETL Execution at time: 1741791996.191044 ...
2025-03-12 11:06:36,202 - INFO - Executing Step: CSVExtractor
2025-03-12 11:06:36,206 - INFO - Added dataframe: tmp to globalcontext
2025-03-12 11:06:36,208 - INFO - Checkpoint stored for step: de222ed930bca8da97e04ac3f0e1a8c4
2025-03-12 11:06:36,208 - INFO - Step: CSVExtractor completed...
2025-03-12 11:06:36,208 - INFO - Executing Step: print_df_step
2025-03-12 11:06:36,212 - INFO - Checkpoint stored for step: 5384c54d3bd68715812bd9480e8adb85
2025-03-12 11:06:36,212 - INFO - Step: print_df_step completed...
2025-03-12 11:06:36,212 - INFO - Executing Step: CSVLoader
2025-03-12 11:06:36,215 - INFO - Checkpoint stored for step: 83f75dc262c2019d6cd451384412e01b
2025-03-12 11:06:36,215 - INFO - Step: CSVLoader completed...
2025-03-12 11:06:36,215 - INFO - Executing Step: reset_cache
2025-03-12 11:06:36,217 - INFO - Checkpoint stored for step: 303c02b1d9dc0c0c316fca773bdcf9b6
2025-03-12 11:06:36,217 - INFO - Step: reset_cache completed...
2025-03-12 11:06:36,224 - INFO - No valid checkpoint found, starting from the beginning...
2025-03-12 11:06:36,224 - INFO - Beginning ETL Execution at time: 1741791996.224982 ...
2025-03-12 11:06:36,249 - INFO - Executing Step: CSVExtractor
2025-03-12 11:06:36,251 - INFO - Added dataframe: tmp to globalcontext
2025-03-12 11:06:36,252 - INFO - Checkpoint stored for step: de222ed930bca8da97e04ac3f0e1a8c4
2025-03-12 11:06:36,252 - INFO - Step: CSVExtractor completed...
2025-03-12 11:06:36,252 - INFO - Executing Step: print_df_step
2025-03-12 11:06:36,257 - INFO - Checkpoint stored for step: 5384c54d3bd68715812bd9480e8adb85
2025-03-12 11:06:36,257 - INFO - Step: print_df_step completed...
2025-03-12 11:06:36,257 - INFO - Executing Step: CSVLoader
2025-03-12 11:06:36,262 - INFO - Checkpoint stored for step: 83f75dc262c2019d6cd451384412e01b
2025-03-12 11:06:36,262 - INFO - Step: CSVLoader completed...
2025-03-12 11:06:36,262 - INFO - Executing Step: reset_cache
2025-03-12 11:06:36,264 - INFO - Checkpoint stored for step: 303c02b1d9dc0c0c316fca773bdcf9b6
2025-03-12 11:06:36,265 - INFO - Step: reset_cache completed...
2025-03-12 11:06:36,265 - INFO - No valid checkpoint found, starting from the beginning...
2025-03-12 11:06:36,265 - INFO - Beginning ETL Execution at time: 1741791996.265667 ...
2025-03-12 11:06:36,266 - INFO - Executing Step: CSVExtractor
2025-03-12 11:06:36,268 - INFO - Checkpoint stored for step: de222ed930bca8da97e04ac3f0e1a8c4
2025-03-12 11:06:36,268 - INFO - Step: CSVExtractor completed...
2025-03-12 11:06:36,268 - INFO - Executing Step: print_df_step
2025-03-12 11:06:36,270 - INFO - Checkpoint stored for step: 5384c54d3bd68715812bd9480e8adb85
2025-03-12 11:06:36,270 - INFO - Step: print_df_step completed...
2025-03-12 11:06:36,270 - INFO - Executing Step: CSVLoader
2025-03-12 11:06:36,271 - INFO - Checkpoint stored for step: 83f75dc262c2019d6cd451384412e01b
2025-03-12 11:06:36,271 - INFO - Step: CSVLoader completed...
2025-03-12 11:06:36,271 - INFO - Executing Step: reset_cache
2025-03-12 11:06:36,272 - INFO - Checkpoint stored for step: 303c02b1d9dc0c0c316fca773bdcf9b6
2025-03-12 11:06:36,272 - INFO - Step: reset_cache completed...
2025-03-12 11:06:36,273 - INFO - No valid checkpoint found, starting from the beginning...
2025-03-12 11:06:36,273 - INFO - Beginning ETL Execution at time: 1741791996.273203 ...
2025-03-12 11:06:36,274 - INFO - Executing Step: CSVExtractor
2025-03-12 11:06:36,277 - INFO - Checkpoint stored for step: de222ed930bca8da97e04ac3f0e1a8c4
2025-03-12 11:06:36,277 - INFO - Step: CSVExtractor completed...
2025-03-12 11:06:36,277 - INFO - Executing Step: print_df_step
2025-03-12 11:06:36,279 - INFO - Checkpoint stored for step: 5384c54d3bd68715812bd9480e8adb85
2025-03-12 11:06:36,279 - INFO - Step: print_df_step completed...
2025-03-12 11:06:36,279 - INFO - Executing Step: CSVLoader
2025-03-12 11:06:36,280 - INFO - Checkpoint stored for step: 83f75dc262c2019d6cd451384412e01b
2025-03-12 11:06:36,280 - INFO - Step: CSVLoader completed...
2025-03-12 11:06:36,280 - INFO - Executing Step: reset_cache
2025-03-12 11:06:36,281 - INFO - Checkpoint stored for step: 303c02b1d9dc0c0c316fca773bdcf9b6
2025-03-12 11:06:36,281 - INFO - Step: reset_cache completed...
2025-03-12 11:06:36,281 - INFO - ETL Execution Finished at time: 1741791996.281377 ...
2025-03-12 11:06:36,281 - INFO - Total Execution Time: 0.01 seconds
