2025-03-12 16:36:15,763 - INFO - Target extractor set...
2025-03-12 16:36:15,763 - INFO - Target loader set...
2025-03-12 16:36:15,765 - INFO - Successfully added step with key: 412abfdcd44b2d96741df91f5a116e5d
2025-03-12 16:36:15,765 - INFO - Successfully added step with key: de222ed930bca8da97e04ac3f0e1a8c4
2025-03-12 16:36:15,765 - INFO - Successfully added step with key: 83f75dc262c2019d6cd451384412e01b
2025-03-12 16:36:15,766 - INFO - Successfully added step with key: 303c02b1d9dc0c0c316fca773bdcf9b6
2025-03-12 16:36:15,766 - INFO - No valid checkpoint found, starting from the beginning...
2025-03-12 16:36:15,766 - INFO - Beginning ETL Execution at time: 1741811775.7665854 ...
2025-03-12 16:36:15,768 - INFO - Executing Step: CSVExtractor
2025-03-12 16:36:15,770 - INFO - Added dataframe: othertmp to globalcontext
2025-03-12 16:36:15,772 - INFO - Checkpoint stored for step: de222ed930bca8da97e04ac3f0e1a8c4
2025-03-12 16:36:15,772 - INFO - Step: CSVExtractor completed...
2025-03-12 16:36:15,772 - INFO - Executing Step: CSVExtractor
2025-03-12 16:36:15,773 - INFO - Added dataframe: tmp to globalcontext
2025-03-12 16:36:15,775 - INFO - Checkpoint stored for step: 412abfdcd44b2d96741df91f5a116e5d
2025-03-12 16:36:15,775 - INFO - Step: CSVExtractor completed...
2025-03-12 16:36:15,775 - INFO - Executing Step: CSVLoader
2025-03-12 16:36:15,777 - INFO - Checkpoint stored for step: 83f75dc262c2019d6cd451384412e01b
2025-03-12 16:36:15,777 - INFO - Step: CSVLoader completed...
2025-03-12 16:36:15,777 - INFO - Executing Step: reset_cache
2025-03-12 16:36:15,777 - INFO - Step: reset_cache completed...
2025-03-12 16:36:15,777 - INFO - No valid checkpoint found, starting from the beginning...
2025-03-12 16:36:15,778 - INFO - Beginning ETL Execution at time: 1741811775.7782388 ...
2025-03-12 16:36:15,779 - INFO - Executing Step: CSVExtractor
2025-03-12 16:36:15,779 - INFO - Added dataframe: othertmp to globalcontext
2025-03-12 16:36:15,780 - INFO - Checkpoint stored for step: de222ed930bca8da97e04ac3f0e1a8c4
2025-03-12 16:36:15,780 - INFO - Step: CSVExtractor completed...
2025-03-12 16:36:15,780 - INFO - Executing Step: CSVExtractor
2025-03-12 16:36:15,781 - INFO - Added dataframe: tmp to globalcontext
2025-03-12 16:36:15,782 - INFO - Checkpoint stored for step: 412abfdcd44b2d96741df91f5a116e5d
2025-03-12 16:36:15,782 - INFO - Step: CSVExtractor completed...
2025-03-12 16:36:15,782 - INFO - Executing Step: CSVLoader
2025-03-12 16:36:15,783 - INFO - Checkpoint stored for step: 83f75dc262c2019d6cd451384412e01b
2025-03-12 16:36:15,783 - INFO - Step: CSVLoader completed...
2025-03-12 16:36:15,783 - INFO - Executing Step: reset_cache
2025-03-12 16:36:15,783 - INFO - Step: reset_cache completed...
2025-03-12 16:36:15,784 - INFO - No valid checkpoint found, starting from the beginning...
2025-03-12 16:36:15,784 - INFO - Beginning ETL Execution at time: 1741811775.784328 ...
2025-03-12 16:36:15,785 - INFO - Executing Step: CSVExtractor
2025-03-12 16:36:15,786 - INFO - Checkpoint stored for step: de222ed930bca8da97e04ac3f0e1a8c4
2025-03-12 16:36:15,786 - INFO - Step: CSVExtractor completed...
2025-03-12 16:36:15,786 - INFO - Executing Step: CSVExtractor
2025-03-12 16:36:15,788 - INFO - Checkpoint stored for step: 412abfdcd44b2d96741df91f5a116e5d
2025-03-12 16:36:15,788 - INFO - Step: CSVExtractor completed...
2025-03-12 16:36:15,788 - INFO - Executing Step: CSVLoader
2025-03-12 16:36:15,789 - INFO - Checkpoint stored for step: 83f75dc262c2019d6cd451384412e01b
2025-03-12 16:36:15,789 - INFO - Step: CSVLoader completed...
2025-03-12 16:36:15,789 - INFO - Executing Step: reset_cache
2025-03-12 16:36:15,789 - INFO - Step: reset_cache completed...
2025-03-12 16:36:15,790 - INFO - No valid checkpoint found, starting from the beginning...
2025-03-12 16:36:15,790 - INFO - Beginning ETL Execution at time: 1741811775.7902572 ...
2025-03-12 16:36:15,791 - INFO - Executing Step: CSVExtractor
2025-03-12 16:36:15,792 - INFO - Checkpoint stored for step: de222ed930bca8da97e04ac3f0e1a8c4
2025-03-12 16:36:15,792 - INFO - Step: CSVExtractor completed...
2025-03-12 16:36:15,792 - INFO - Executing Step: CSVExtractor
2025-03-12 16:36:15,793 - INFO - Checkpoint stored for step: 412abfdcd44b2d96741df91f5a116e5d
2025-03-12 16:36:15,793 - INFO - Step: CSVExtractor completed...
2025-03-12 16:36:15,793 - INFO - Executing Step: CSVLoader
2025-03-12 16:36:15,795 - INFO - Checkpoint stored for step: 83f75dc262c2019d6cd451384412e01b
2025-03-12 16:36:15,795 - INFO - Step: CSVLoader completed...
2025-03-12 16:36:15,795 - INFO - Executing Step: reset_cache
2025-03-12 16:36:15,795 - INFO - Step: reset_cache completed...
2025-03-12 16:36:15,795 - INFO - No valid checkpoint found, starting from the beginning...
2025-03-12 16:36:15,795 - INFO - Beginning ETL Execution at time: 1741811775.7956483 ...
2025-03-12 16:36:15,796 - INFO - Executing Step: CSVExtractor
2025-03-12 16:36:15,797 - INFO - Checkpoint stored for step: de222ed930bca8da97e04ac3f0e1a8c4
2025-03-12 16:36:15,797 - INFO - Step: CSVExtractor completed...
2025-03-12 16:36:15,797 - INFO - Executing Step: CSVExtractor
2025-03-12 16:36:15,799 - INFO - Checkpoint stored for step: 412abfdcd44b2d96741df91f5a116e5d
2025-03-12 16:36:15,799 - INFO - Step: CSVExtractor completed...
2025-03-12 16:36:15,799 - INFO - Executing Step: CSVLoader
2025-03-12 16:36:15,800 - INFO - Checkpoint stored for step: 83f75dc262c2019d6cd451384412e01b
2025-03-12 16:36:15,800 - INFO - Step: CSVLoader completed...
2025-03-12 16:36:15,800 - INFO - Executing Step: reset_cache
2025-03-12 16:36:15,800 - INFO - Step: reset_cache completed...
2025-03-12 16:36:15,801 - INFO - No valid checkpoint found, starting from the beginning...
2025-03-12 16:36:15,801 - INFO - Beginning ETL Execution at time: 1741811775.8013527 ...
2025-03-12 16:36:15,801 - INFO - Executing Step: CSVExtractor
2025-03-12 16:36:15,803 - INFO - Checkpoint stored for step: de222ed930bca8da97e04ac3f0e1a8c4
2025-03-12 16:36:15,803 - INFO - Step: CSVExtractor completed...
2025-03-12 16:36:15,803 - INFO - Executing Step: CSVExtractor
2025-03-12 16:36:15,804 - INFO - Checkpoint stored for step: 412abfdcd44b2d96741df91f5a116e5d
2025-03-12 16:36:15,804 - INFO - Step: CSVExtractor completed...
2025-03-12 16:36:15,804 - INFO - Executing Step: CSVLoader
2025-03-12 16:36:15,805 - INFO - Checkpoint stored for step: 83f75dc262c2019d6cd451384412e01b
2025-03-12 16:36:15,805 - INFO - Step: CSVLoader completed...
2025-03-12 16:36:15,805 - INFO - Executing Step: reset_cache
2025-03-12 16:36:15,805 - INFO - Step: reset_cache completed...
2025-03-12 16:36:15,806 - INFO - No valid checkpoint found, starting from the beginning...
2025-03-12 16:36:15,806 - INFO - Beginning ETL Execution at time: 1741811775.80608 ...
2025-03-12 16:36:15,806 - INFO - Executing Step: CSVExtractor
2025-03-12 16:36:15,807 - INFO - Checkpoint stored for step: de222ed930bca8da97e04ac3f0e1a8c4
2025-03-12 16:36:15,807 - INFO - Step: CSVExtractor completed...
2025-03-12 16:36:15,807 - INFO - Executing Step: CSVExtractor
2025-03-12 16:36:15,809 - INFO - Checkpoint stored for step: 412abfdcd44b2d96741df91f5a116e5d
2025-03-12 16:36:15,809 - INFO - Step: CSVExtractor completed...
2025-03-12 16:36:15,809 - INFO - Executing Step: CSVLoader
2025-03-12 16:36:15,810 - INFO - Checkpoint stored for step: 83f75dc262c2019d6cd451384412e01b
2025-03-12 16:36:15,810 - INFO - Step: CSVLoader completed...
2025-03-12 16:36:15,810 - INFO - Executing Step: reset_cache
2025-03-12 16:36:15,810 - INFO - Step: reset_cache completed...
