2025-03-12 11:22:23,649 - INFO - Target extractor set...
2025-03-12 11:22:23,649 - INFO - Target loader set...
2025-03-12 11:22:23,649 - INFO - Successfully added step with key: 5384c54d3bd68715812bd9480e8adb85
2025-03-12 11:22:23,653 - INFO - Successfully added step with key: de222ed930bca8da97e04ac3f0e1a8c4
2025-03-12 11:22:23,653 - INFO - Successfully added step with key: 83f75dc262c2019d6cd451384412e01b
2025-03-12 11:22:23,653 - INFO - Successfully added step with key: 303c02b1d9dc0c0c316fca773bdcf9b6
2025-03-12 11:22:23,654 - INFO - No valid checkpoint found, starting from the beginning...
2025-03-12 11:22:23,654 - INFO - Beginning ETL Execution at time: 1741792943.6542091 ...
2025-03-12 11:22:23,664 - INFO - Executing Step: CSVExtractor
2025-03-12 11:22:23,669 - INFO - Added dataframe: tmp to globalcontext
2025-03-12 11:22:23,671 - INFO - Checkpoint stored for step: de222ed930bca8da97e04ac3f0e1a8c4
2025-03-12 11:22:23,671 - INFO - Step: CSVExtractor completed...
2025-03-12 11:22:23,671 - INFO - Executing Step: print_df_step
2025-03-12 11:22:23,674 - INFO - Checkpoint stored for step: 5384c54d3bd68715812bd9480e8adb85
2025-03-12 11:22:23,674 - INFO - Step: print_df_step completed...
2025-03-12 11:22:23,674 - INFO - Executing Step: CSVLoader
2025-03-12 11:22:23,676 - INFO - Checkpoint stored for step: 83f75dc262c2019d6cd451384412e01b
2025-03-12 11:22:23,676 - INFO - Step: CSVLoader completed...
2025-03-12 11:22:23,676 - INFO - Executing Step: reset_cache
2025-03-12 11:22:23,677 - INFO - Step: reset_cache completed...
2025-03-12 11:22:23,678 - INFO - No valid checkpoint found, starting from the beginning...
2025-03-12 11:22:23,678 - INFO - Beginning ETL Execution at time: 1741792943.678185 ...
2025-03-12 11:22:23,679 - INFO - Executing Step: CSVExtractor
2025-03-12 11:22:23,686 - INFO - Added dataframe: tmp to globalcontext
2025-03-12 11:22:23,689 - INFO - Checkpoint stored for step: de222ed930bca8da97e04ac3f0e1a8c4
2025-03-12 11:22:23,689 - INFO - Step: CSVExtractor completed...
2025-03-12 11:22:23,689 - INFO - Executing Step: print_df_step
2025-03-12 11:22:23,695 - INFO - Checkpoint stored for step: 5384c54d3bd68715812bd9480e8adb85
2025-03-12 11:22:23,695 - INFO - Step: print_df_step completed...
2025-03-12 11:22:23,695 - INFO - Executing Step: CSVLoader
2025-03-12 11:22:23,697 - INFO - Checkpoint stored for step: 83f75dc262c2019d6cd451384412e01b
2025-03-12 11:22:23,697 - INFO - Step: CSVLoader completed...
2025-03-12 11:22:23,697 - INFO - Executing Step: reset_cache
2025-03-12 11:22:23,698 - INFO - Step: reset_cache completed...
2025-03-12 11:22:23,698 - INFO - No valid checkpoint found, starting from the beginning...
2025-03-12 11:22:23,698 - INFO - Beginning ETL Execution at time: 1741792943.698574 ...
2025-03-12 11:22:23,699 - INFO - Executing Step: CSVExtractor
2025-03-12 11:22:23,702 - INFO - Checkpoint stored for step: de222ed930bca8da97e04ac3f0e1a8c4
2025-03-12 11:22:23,702 - INFO - Step: CSVExtractor completed...
2025-03-12 11:22:23,702 - INFO - Executing Step: print_df_step
2025-03-12 11:22:23,703 - INFO - Checkpoint stored for step: 5384c54d3bd68715812bd9480e8adb85
2025-03-12 11:22:23,703 - INFO - Step: print_df_step completed...
2025-03-12 11:22:23,703 - INFO - Executing Step: CSVLoader
2025-03-12 11:22:23,704 - INFO - Checkpoint stored for step: 83f75dc262c2019d6cd451384412e01b
2025-03-12 11:22:23,704 - INFO - Step: CSVLoader completed...
2025-03-12 11:22:23,704 - INFO - Executing Step: reset_cache
2025-03-12 11:22:23,705 - INFO - Step: reset_cache completed...
2025-03-12 11:22:23,705 - INFO - No valid checkpoint found, starting from the beginning...
2025-03-12 11:22:23,705 - INFO - Beginning ETL Execution at time: 1741792943.7055612 ...
2025-03-12 11:22:23,706 - INFO - Executing Step: CSVExtractor
2025-03-12 11:22:23,709 - INFO - Checkpoint stored for step: de222ed930bca8da97e04ac3f0e1a8c4
2025-03-12 11:22:23,709 - INFO - Step: CSVExtractor completed...
2025-03-12 11:22:23,709 - INFO - Executing Step: print_df_step
2025-03-12 11:22:23,711 - INFO - Checkpoint stored for step: 5384c54d3bd68715812bd9480e8adb85
2025-03-12 11:22:23,711 - INFO - Step: print_df_step completed...
2025-03-12 11:22:23,711 - INFO - Executing Step: CSVLoader
2025-03-12 11:22:23,713 - INFO - Checkpoint stored for step: 83f75dc262c2019d6cd451384412e01b
2025-03-12 11:22:23,713 - INFO - Step: CSVLoader completed...
2025-03-12 11:22:23,714 - INFO - Executing Step: reset_cache
2025-03-12 11:22:23,714 - INFO - Step: reset_cache completed...
2025-03-12 11:22:23,714 - INFO - ETL Execution Finished at time: 1741792943.714768 ...
2025-03-12 11:22:23,714 - INFO - Total Execution Time: 0.01 seconds
