2025-03-12 17:13:14,171 - INFO - Target extractor set...
2025-03-12 17:13:14,171 - INFO - Target loader set...
2025-03-12 17:13:14,174 - INFO - Successfully added step with key: 412abfdcd44b2d96741df91f5a116e5d
2025-03-12 17:13:14,174 - INFO - Successfully added step with key: a9d2d015f54ec6ed470f2e80d92f220a
2025-03-12 17:13:14,174 - INFO - Successfully added step with key: 27d8060727e34c3f38218b3d4aa43473
2025-03-12 17:13:14,175 - INFO - No valid checkpoint found, starting from the beginning...
2025-03-12 17:13:14,175 - INFO - Beginning ETL Execution at time: 1741813994.175226 ...
2025-03-12 17:13:14,176 - INFO - Executing Step: CSVExtractor
2025-03-12 17:13:14,177 - INFO - Added dataframe: tmp to globalcontext
2025-03-12 17:13:14,178 - INFO - Checkpoint stored for step: 412abfdcd44b2d96741df91f5a116e5d
2025-03-12 17:13:14,178 - INFO - Step: CSVExtractor completed...
2025-03-12 17:13:14,178 - INFO - Executing Step: CSVLoader
2025-03-12 17:13:14,180 - INFO - Checkpoint stored for step: a9d2d015f54ec6ed470f2e80d92f220a
2025-03-12 17:13:14,180 - INFO - Step: CSVLoader completed...
2025-03-12 17:13:14,180 - INFO - Executing Step: reset_cache
2025-03-12 17:13:14,180 - INFO - Step: reset_cache completed...
2025-03-12 17:13:14,180 - INFO - No valid checkpoint found, starting from the beginning...
2025-03-12 17:13:14,180 - INFO - Beginning ETL Execution at time: 1741813994.180634 ...
2025-03-12 17:13:14,181 - INFO - Executing Step: CSVExtractor
2025-03-12 17:13:14,182 - INFO - Added dataframe: tmp to globalcontext
2025-03-12 17:13:14,182 - INFO - Checkpoint stored for step: 412abfdcd44b2d96741df91f5a116e5d
2025-03-12 17:13:14,182 - INFO - Step: CSVExtractor completed...
2025-03-12 17:13:14,182 - INFO - Executing Step: CSVLoader
2025-03-12 17:13:14,183 - INFO - Checkpoint stored for step: a9d2d015f54ec6ed470f2e80d92f220a
2025-03-12 17:13:14,183 - INFO - Step: CSVLoader completed...
2025-03-12 17:13:14,183 - INFO - Executing Step: reset_cache
2025-03-12 17:13:14,183 - INFO - Step: reset_cache completed...
2025-03-12 17:13:14,184 - INFO - No valid checkpoint found, starting from the beginning...
2025-03-12 17:13:14,184 - INFO - Beginning ETL Execution at time: 1741813994.1840723 ...
2025-03-12 17:13:14,184 - INFO - Executing Step: CSVExtractor
2025-03-12 17:13:14,185 - INFO - Checkpoint stored for step: 412abfdcd44b2d96741df91f5a116e5d
2025-03-12 17:13:14,186 - INFO - Step: CSVExtractor completed...
2025-03-12 17:13:14,186 - INFO - Executing Step: CSVLoader
2025-03-12 17:13:14,186 - INFO - Checkpoint stored for step: a9d2d015f54ec6ed470f2e80d92f220a
2025-03-12 17:13:14,186 - INFO - Step: CSVLoader completed...
2025-03-12 17:13:14,186 - INFO - Executing Step: reset_cache
2025-03-12 17:13:14,186 - INFO - Step: reset_cache completed...
2025-03-12 17:13:14,187 - INFO - No valid checkpoint found, starting from the beginning...
2025-03-12 17:13:14,187 - INFO - Beginning ETL Execution at time: 1741813994.1872926 ...
2025-03-12 17:13:14,187 - INFO - Executing Step: CSVExtractor
2025-03-12 17:13:14,188 - INFO - Checkpoint stored for step: 412abfdcd44b2d96741df91f5a116e5d
2025-03-12 17:13:14,188 - INFO - Step: CSVExtractor completed...
2025-03-12 17:13:14,188 - INFO - Executing Step: CSVLoader
2025-03-12 17:13:14,189 - INFO - Checkpoint stored for step: a9d2d015f54ec6ed470f2e80d92f220a
2025-03-12 17:13:14,189 - INFO - Step: CSVLoader completed...
2025-03-12 17:13:14,189 - INFO - Executing Step: reset_cache
2025-03-12 17:13:14,189 - INFO - Step: reset_cache completed...
2025-03-12 17:13:14,190 - INFO - No valid checkpoint found, starting from the beginning...
2025-03-12 17:13:14,190 - INFO - Beginning ETL Execution at time: 1741813994.1901095 ...
2025-03-12 17:13:14,190 - INFO - Executing Step: CSVExtractor
2025-03-12 17:13:14,191 - INFO - Checkpoint stored for step: 412abfdcd44b2d96741df91f5a116e5d
2025-03-12 17:13:14,191 - INFO - Step: CSVExtractor completed...
2025-03-12 17:13:14,191 - INFO - Executing Step: CSVLoader
2025-03-12 17:13:14,192 - INFO - Checkpoint stored for step: a9d2d015f54ec6ed470f2e80d92f220a
2025-03-12 17:13:14,192 - INFO - Step: CSVLoader completed...
2025-03-12 17:13:14,192 - INFO - Executing Step: reset_cache
2025-03-12 17:13:14,192 - INFO - Step: reset_cache completed...
2025-03-12 17:13:14,193 - INFO - No valid checkpoint found, starting from the beginning...
2025-03-12 17:13:14,193 - INFO - Beginning ETL Execution at time: 1741813994.193336 ...
2025-03-12 17:13:14,193 - INFO - Executing Step: CSVExtractor
2025-03-12 17:13:14,194 - INFO - Checkpoint stored for step: 412abfdcd44b2d96741df91f5a116e5d
2025-03-12 17:13:14,194 - INFO - Step: CSVExtractor completed...
2025-03-12 17:13:14,195 - INFO - Executing Step: CSVLoader
2025-03-12 17:13:14,196 - INFO - Checkpoint stored for step: a9d2d015f54ec6ed470f2e80d92f220a
2025-03-12 17:13:14,196 - INFO - Step: CSVLoader completed...
2025-03-12 17:13:14,196 - INFO - Executing Step: reset_cache
2025-03-12 17:13:14,196 - INFO - Step: reset_cache completed...
2025-03-12 17:13:14,196 - INFO - No valid checkpoint found, starting from the beginning...
2025-03-12 17:13:14,196 - INFO - Beginning ETL Execution at time: 1741813994.1968338 ...
2025-03-12 17:13:14,197 - INFO - Executing Step: CSVExtractor
2025-03-12 17:13:14,199 - INFO - Checkpoint stored for step: 412abfdcd44b2d96741df91f5a116e5d
2025-03-12 17:13:14,199 - INFO - Step: CSVExtractor completed...
2025-03-12 17:13:14,199 - INFO - Executing Step: CSVLoader
2025-03-12 17:13:14,200 - INFO - Checkpoint stored for step: a9d2d015f54ec6ed470f2e80d92f220a
2025-03-12 17:13:14,200 - INFO - Step: CSVLoader completed...
2025-03-12 17:13:14,200 - INFO - Executing Step: reset_cache
2025-03-12 17:13:14,200 - INFO - Step: reset_cache completed...
