2025-03-12 17:22:43,196 - INFO - Target extractor set...
2025-03-12 17:22:43,196 - INFO - Target loader set...
2025-03-12 17:22:43,196 - INFO - Successfully added step with key: 412abfdcd44b2d96741df91f5a116e5d
2025-03-12 17:22:43,199 - INFO - Successfully added step with key: de222ed930bca8da97e04ac3f0e1a8c4
2025-03-12 17:22:43,199 - INFO - Successfully added step with key: 83f75dc262c2019d6cd451384412e01b
2025-03-12 17:22:43,199 - INFO - Successfully added step with key: 303c02b1d9dc0c0c316fca773bdcf9b6
2025-03-12 17:22:43,200 - INFO - No valid checkpoint found, starting from the beginning...
2025-03-12 17:22:43,200 - INFO - Beginning ETL Execution at time: 1741814563.200071 ...
2025-03-12 17:22:43,201 - INFO - Executing Step: CSVExtractor
2025-03-12 17:22:43,203 - INFO - Added dataframe: tmp to globalcontext
2025-03-12 17:22:43,204 - INFO - Checkpoint stored for step: de222ed930bca8da97e04ac3f0e1a8c4
2025-03-12 17:22:43,204 - INFO - Step: CSVExtractor completed...
2025-03-12 17:22:43,204 - INFO - Executing Step: CSVExtractor
2025-03-12 17:22:43,205 - INFO - Added dataframe: othertmp to globalcontext
2025-03-12 17:22:43,206 - INFO - Checkpoint stored for step: 412abfdcd44b2d96741df91f5a116e5d
2025-03-12 17:22:43,206 - INFO - Step: CSVExtractor completed...
2025-03-12 17:22:43,206 - INFO - Executing Step: CSVLoader
2025-03-12 17:22:43,207 - INFO - Checkpoint stored for step: 83f75dc262c2019d6cd451384412e01b
2025-03-12 17:22:43,207 - INFO - Step: CSVLoader completed...
2025-03-12 17:22:43,207 - INFO - Executing Step: reset_cache
2025-03-12 17:22:43,207 - INFO - Step: reset_cache completed...
2025-03-12 17:22:43,208 - INFO - No valid checkpoint found, starting from the beginning...
2025-03-12 17:22:43,208 - INFO - Beginning ETL Execution at time: 1741814563.2082367 ...
2025-03-12 17:22:43,208 - INFO - Executing Step: CSVExtractor
2025-03-12 17:22:43,209 - INFO - Added dataframe: tmp to globalcontext
2025-03-12 17:22:43,209 - INFO - Checkpoint stored for step: de222ed930bca8da97e04ac3f0e1a8c4
2025-03-12 17:22:43,209 - INFO - Step: CSVExtractor completed...
2025-03-12 17:22:43,209 - INFO - Executing Step: CSVExtractor
2025-03-12 17:22:43,210 - INFO - Added dataframe: othertmp to globalcontext
2025-03-12 17:22:43,211 - INFO - Checkpoint stored for step: 412abfdcd44b2d96741df91f5a116e5d
2025-03-12 17:22:43,211 - INFO - Step: CSVExtractor completed...
2025-03-12 17:22:43,211 - INFO - Executing Step: CSVLoader
2025-03-12 17:22:43,212 - INFO - Checkpoint stored for step: 83f75dc262c2019d6cd451384412e01b
2025-03-12 17:22:43,212 - INFO - Step: CSVLoader completed...
2025-03-12 17:22:43,212 - INFO - Executing Step: reset_cache
2025-03-12 17:22:43,212 - INFO - Step: reset_cache completed...
2025-03-12 17:22:43,212 - INFO - No valid checkpoint found, starting from the beginning...
2025-03-12 17:22:43,212 - INFO - Beginning ETL Execution at time: 1741814563.2128758 ...
2025-03-12 17:22:43,213 - INFO - Executing Step: CSVExtractor
2025-03-12 17:22:43,215 - INFO - Checkpoint stored for step: de222ed930bca8da97e04ac3f0e1a8c4
2025-03-12 17:22:43,215 - INFO - Step: CSVExtractor completed...
2025-03-12 17:22:43,215 - INFO - Executing Step: CSVExtractor
2025-03-12 17:22:43,218 - INFO - Checkpoint stored for step: 412abfdcd44b2d96741df91f5a116e5d
2025-03-12 17:22:43,218 - INFO - Step: CSVExtractor completed...
2025-03-12 17:22:43,218 - INFO - Executing Step: CSVLoader
2025-03-12 17:22:43,220 - INFO - Checkpoint stored for step: 83f75dc262c2019d6cd451384412e01b
2025-03-12 17:22:43,220 - INFO - Step: CSVLoader completed...
2025-03-12 17:22:43,220 - INFO - Executing Step: reset_cache
2025-03-12 17:22:43,221 - INFO - Step: reset_cache completed...
2025-03-12 17:22:43,221 - INFO - No valid checkpoint found, starting from the beginning...
2025-03-12 17:22:43,221 - INFO - Beginning ETL Execution at time: 1741814563.2217352 ...
2025-03-12 17:22:43,222 - INFO - Executing Step: CSVExtractor
2025-03-12 17:22:43,225 - INFO - Checkpoint stored for step: de222ed930bca8da97e04ac3f0e1a8c4
2025-03-12 17:22:43,225 - INFO - Step: CSVExtractor completed...
2025-03-12 17:22:43,225 - INFO - Executing Step: CSVExtractor
2025-03-12 17:22:43,227 - INFO - Checkpoint stored for step: 412abfdcd44b2d96741df91f5a116e5d
2025-03-12 17:22:43,227 - INFO - Step: CSVExtractor completed...
2025-03-12 17:22:43,227 - INFO - Executing Step: CSVLoader
2025-03-12 17:22:43,229 - INFO - Checkpoint stored for step: 83f75dc262c2019d6cd451384412e01b
2025-03-12 17:22:43,230 - INFO - Step: CSVLoader completed...
2025-03-12 17:22:43,230 - INFO - Executing Step: reset_cache
2025-03-12 17:22:43,230 - INFO - Step: reset_cache completed...
2025-03-12 17:22:43,230 - INFO - No valid checkpoint found, starting from the beginning...
2025-03-12 17:22:43,231 - INFO - Beginning ETL Execution at time: 1741814563.2309983 ...
2025-03-12 17:22:43,231 - INFO - Executing Step: CSVExtractor
2025-03-12 17:22:43,234 - INFO - Checkpoint stored for step: de222ed930bca8da97e04ac3f0e1a8c4
2025-03-12 17:22:43,234 - INFO - Step: CSVExtractor completed...
2025-03-12 17:22:43,234 - INFO - Executing Step: CSVExtractor
2025-03-12 17:22:43,235 - INFO - Checkpoint stored for step: 412abfdcd44b2d96741df91f5a116e5d
2025-03-12 17:22:43,235 - INFO - Step: CSVExtractor completed...
2025-03-12 17:22:43,235 - INFO - Executing Step: CSVLoader
2025-03-12 17:22:43,236 - INFO - Checkpoint stored for step: 83f75dc262c2019d6cd451384412e01b
2025-03-12 17:22:43,236 - INFO - Step: CSVLoader completed...
2025-03-12 17:22:43,236 - INFO - Executing Step: reset_cache
2025-03-12 17:22:43,236 - INFO - Step: reset_cache completed...
2025-03-12 17:22:43,237 - INFO - No valid checkpoint found, starting from the beginning...
2025-03-12 17:22:43,237 - INFO - Beginning ETL Execution at time: 1741814563.237443 ...
2025-03-12 17:22:43,237 - INFO - Executing Step: CSVExtractor
2025-03-12 17:22:43,239 - INFO - Checkpoint stored for step: de222ed930bca8da97e04ac3f0e1a8c4
2025-03-12 17:22:43,239 - INFO - Step: CSVExtractor completed...
2025-03-12 17:22:43,239 - INFO - Executing Step: CSVExtractor
2025-03-12 17:22:43,240 - INFO - Checkpoint stored for step: 412abfdcd44b2d96741df91f5a116e5d
2025-03-12 17:22:43,240 - INFO - Step: CSVExtractor completed...
2025-03-12 17:22:43,240 - INFO - Executing Step: CSVLoader
2025-03-12 17:22:43,242 - INFO - Checkpoint stored for step: 83f75dc262c2019d6cd451384412e01b
2025-03-12 17:22:43,242 - INFO - Step: CSVLoader completed...
2025-03-12 17:22:43,242 - INFO - Executing Step: reset_cache
2025-03-12 17:22:43,242 - INFO - Step: reset_cache completed...
2025-03-12 17:22:43,242 - INFO - No valid checkpoint found, starting from the beginning...
2025-03-12 17:22:43,242 - INFO - Beginning ETL Execution at time: 1741814563.2425091 ...
2025-03-12 17:22:43,242 - INFO - Executing Step: CSVExtractor
2025-03-12 17:22:43,244 - INFO - Checkpoint stored for step: de222ed930bca8da97e04ac3f0e1a8c4
2025-03-12 17:22:43,245 - INFO - Step: CSVExtractor completed...
2025-03-12 17:22:43,245 - INFO - Executing Step: CSVExtractor
2025-03-12 17:22:43,246 - INFO - Checkpoint stored for step: 412abfdcd44b2d96741df91f5a116e5d
2025-03-12 17:22:43,246 - INFO - Step: CSVExtractor completed...
2025-03-12 17:22:43,246 - INFO - Executing Step: CSVLoader
2025-03-12 17:22:43,247 - INFO - Checkpoint stored for step: 83f75dc262c2019d6cd451384412e01b
2025-03-12 17:22:43,247 - INFO - Step: CSVLoader completed...
2025-03-12 17:22:43,247 - INFO - Executing Step: reset_cache
2025-03-12 17:22:43,247 - INFO - Step: reset_cache completed...
2025-03-12 17:22:43,248 - INFO - No valid checkpoint found, starting from the beginning...
2025-03-12 17:22:43,248 - INFO - Beginning ETL Execution at time: 1741814563.2483044 ...
2025-03-12 17:22:43,248 - INFO - Executing Step: CSVExtractor
2025-03-12 17:22:43,249 - INFO - Checkpoint stored for step: de222ed930bca8da97e04ac3f0e1a8c4
2025-03-12 17:22:43,249 - INFO - Step: CSVExtractor completed...
2025-03-12 17:22:43,249 - INFO - Executing Step: CSVExtractor
2025-03-12 17:22:43,250 - INFO - Checkpoint stored for step: 412abfdcd44b2d96741df91f5a116e5d
2025-03-12 17:22:43,250 - INFO - Step: CSVExtractor completed...
2025-03-12 17:22:43,250 - INFO - Executing Step: CSVLoader
2025-03-12 17:22:43,251 - INFO - Checkpoint stored for step: 83f75dc262c2019d6cd451384412e01b
2025-03-12 17:22:43,251 - INFO - Step: CSVLoader completed...
2025-03-12 17:22:43,251 - INFO - Executing Step: reset_cache
2025-03-12 17:22:43,251 - INFO - Step: reset_cache completed...
2025-03-12 17:22:43,251 - INFO - No valid checkpoint found, starting from the beginning...
2025-03-12 17:22:43,251 - INFO - Beginning ETL Execution at time: 1741814563.2516572 ...
2025-03-12 17:22:43,252 - INFO - Executing Step: CSVExtractor
2025-03-12 17:22:43,252 - INFO - Checkpoint stored for step: de222ed930bca8da97e04ac3f0e1a8c4
2025-03-12 17:22:43,252 - INFO - Step: CSVExtractor completed...
2025-03-12 17:22:43,252 - INFO - Executing Step: CSVExtractor
2025-03-12 17:22:43,253 - INFO - Checkpoint stored for step: 412abfdcd44b2d96741df91f5a116e5d
2025-03-12 17:22:43,253 - INFO - Step: CSVExtractor completed...
2025-03-12 17:22:43,253 - INFO - Executing Step: CSVLoader
2025-03-12 17:22:43,253 - INFO - Checkpoint stored for step: 83f75dc262c2019d6cd451384412e01b
2025-03-12 17:22:43,253 - INFO - Step: CSVLoader completed...
2025-03-12 17:22:43,253 - INFO - Executing Step: reset_cache
2025-03-12 17:22:43,253 - INFO - Step: reset_cache completed...
2025-03-12 17:22:43,254 - INFO - No valid checkpoint found, starting from the beginning...
2025-03-12 17:22:43,254 - INFO - Beginning ETL Execution at time: 1741814563.2542746 ...
2025-03-12 17:22:43,254 - INFO - Executing Step: CSVExtractor
2025-03-12 17:22:43,255 - INFO - Checkpoint stored for step: de222ed930bca8da97e04ac3f0e1a8c4
2025-03-12 17:22:43,255 - INFO - Step: CSVExtractor completed...
2025-03-12 17:22:43,255 - INFO - Executing Step: CSVExtractor
2025-03-12 17:22:43,255 - INFO - Checkpoint stored for step: 412abfdcd44b2d96741df91f5a116e5d
2025-03-12 17:22:43,255 - INFO - Step: CSVExtractor completed...
2025-03-12 17:22:43,255 - INFO - Executing Step: CSVLoader
2025-03-12 17:22:43,256 - INFO - Checkpoint stored for step: 83f75dc262c2019d6cd451384412e01b
2025-03-12 17:22:43,256 - INFO - Step: CSVLoader completed...
2025-03-12 17:22:43,256 - INFO - Executing Step: reset_cache
2025-03-12 17:22:43,256 - INFO - Step: reset_cache completed...
2025-03-12 17:22:43,256 - INFO - No valid checkpoint found, starting from the beginning...
2025-03-12 17:22:43,256 - INFO - Beginning ETL Execution at time: 1741814563.2568407 ...
2025-03-12 17:22:43,257 - INFO - Executing Step: CSVExtractor
2025-03-12 17:22:43,257 - INFO - Checkpoint stored for step: de222ed930bca8da97e04ac3f0e1a8c4
2025-03-12 17:22:43,257 - INFO - Step: CSVExtractor completed...
2025-03-12 17:22:43,257 - INFO - Executing Step: CSVExtractor
2025-03-12 17:22:43,258 - INFO - Checkpoint stored for step: 412abfdcd44b2d96741df91f5a116e5d
2025-03-12 17:22:43,258 - INFO - Step: CSVExtractor completed...
2025-03-12 17:22:43,258 - INFO - Executing Step: CSVLoader
2025-03-12 17:22:43,259 - INFO - Checkpoint stored for step: 83f75dc262c2019d6cd451384412e01b
2025-03-12 17:22:43,259 - INFO - Step: CSVLoader completed...
2025-03-12 17:22:43,259 - INFO - Executing Step: reset_cache
2025-03-12 17:22:43,259 - INFO - Step: reset_cache completed...
2025-03-12 17:22:43,259 - INFO - No valid checkpoint found, starting from the beginning...
2025-03-12 17:22:43,259 - INFO - Beginning ETL Execution at time: 1741814563.2593858 ...
2025-03-12 17:22:43,259 - INFO - Executing Step: CSVExtractor
2025-03-12 17:22:43,260 - INFO - Checkpoint stored for step: de222ed930bca8da97e04ac3f0e1a8c4
2025-03-12 17:22:43,260 - INFO - Step: CSVExtractor completed...
2025-03-12 17:22:43,260 - INFO - Executing Step: CSVExtractor
2025-03-12 17:22:43,261 - INFO - Checkpoint stored for step: 412abfdcd44b2d96741df91f5a116e5d
2025-03-12 17:22:43,261 - INFO - Step: CSVExtractor completed...
2025-03-12 17:22:43,261 - INFO - Executing Step: CSVLoader
2025-03-12 17:22:43,261 - INFO - Checkpoint stored for step: 83f75dc262c2019d6cd451384412e01b
2025-03-12 17:22:43,261 - INFO - Step: CSVLoader completed...
2025-03-12 17:22:43,261 - INFO - Executing Step: reset_cache
2025-03-12 17:22:43,261 - INFO - Step: reset_cache completed...
2025-03-12 17:22:43,262 - INFO - No valid checkpoint found, starting from the beginning...
2025-03-12 17:22:43,262 - INFO - Beginning ETL Execution at time: 1741814563.2621546 ...
2025-03-12 17:22:43,262 - INFO - Executing Step: CSVExtractor
2025-03-12 17:22:43,263 - INFO - Checkpoint stored for step: de222ed930bca8da97e04ac3f0e1a8c4
2025-03-12 17:22:43,263 - INFO - Step: CSVExtractor completed...
2025-03-12 17:22:43,263 - INFO - Executing Step: CSVExtractor
2025-03-12 17:22:43,264 - INFO - Checkpoint stored for step: 412abfdcd44b2d96741df91f5a116e5d
2025-03-12 17:22:43,264 - INFO - Step: CSVExtractor completed...
2025-03-12 17:22:43,264 - INFO - Executing Step: CSVLoader
2025-03-12 17:22:43,265 - INFO - Checkpoint stored for step: 83f75dc262c2019d6cd451384412e01b
2025-03-12 17:22:43,265 - INFO - Step: CSVLoader completed...
2025-03-12 17:22:43,265 - INFO - Executing Step: reset_cache
2025-03-12 17:22:43,265 - INFO - Step: reset_cache completed...
2025-03-12 17:22:43,265 - INFO - No valid checkpoint found, starting from the beginning...
2025-03-12 17:22:43,265 - INFO - Beginning ETL Execution at time: 1741814563.265466 ...
2025-03-12 17:22:43,266 - INFO - Executing Step: CSVExtractor
2025-03-12 17:22:43,266 - INFO - Checkpoint stored for step: de222ed930bca8da97e04ac3f0e1a8c4
2025-03-12 17:22:43,266 - INFO - Step: CSVExtractor completed...
2025-03-12 17:22:43,266 - INFO - Executing Step: CSVExtractor
2025-03-12 17:22:43,267 - INFO - Checkpoint stored for step: 412abfdcd44b2d96741df91f5a116e5d
2025-03-12 17:22:43,267 - INFO - Step: CSVExtractor completed...
2025-03-12 17:22:43,267 - INFO - Executing Step: CSVLoader
2025-03-12 17:22:43,268 - INFO - Checkpoint stored for step: 83f75dc262c2019d6cd451384412e01b
2025-03-12 17:22:43,268 - INFO - Step: CSVLoader completed...
2025-03-12 17:22:43,268 - INFO - Executing Step: reset_cache
2025-03-12 17:22:43,268 - INFO - Step: reset_cache completed...
