2025-03-12 17:55:53,915 - INFO - Target extractor set...
2025-03-12 17:55:53,916 - INFO - Target loader set...
2025-03-12 17:55:53,916 - INFO - Successfully added step with key: 412abfdcd44b2d96741df91f5a116e5d
2025-03-12 17:55:53,918 - INFO - Successfully added step with key: de222ed930bca8da97e04ac3f0e1a8c4
2025-03-12 17:55:53,918 - INFO - Successfully added step with key: 83f75dc262c2019d6cd451384412e01b
2025-03-12 17:55:53,919 - INFO - Successfully added step with key: 303c02b1d9dc0c0c316fca773bdcf9b6
2025-03-12 17:55:53,919 - INFO - No valid checkpoint found, starting from the beginning...
2025-03-12 17:55:53,919 - INFO - Beginning ETL Execution at time: 1741816553.9193876 ...
2025-03-12 17:55:53,920 - INFO - Executing Step: CSVExtractor
2025-03-12 17:55:53,921 - INFO - Added dataframe: tmp to globalcontext
2025-03-12 17:55:53,922 - INFO - Checkpoint stored for step: de222ed930bca8da97e04ac3f0e1a8c4
2025-03-12 17:55:53,922 - INFO - Step: CSVExtractor completed...
2025-03-12 17:55:53,922 - INFO - Executing Step: CSVExtractor
2025-03-12 17:55:53,923 - INFO - Added dataframe: othertmp to globalcontext
2025-03-12 17:55:53,924 - INFO - Checkpoint stored for step: 412abfdcd44b2d96741df91f5a116e5d
2025-03-12 17:55:53,924 - INFO - Step: CSVExtractor completed...
2025-03-12 17:55:53,924 - INFO - Executing Step: CSVLoader
2025-03-12 17:55:53,925 - INFO - Checkpoint stored for step: 83f75dc262c2019d6cd451384412e01b
2025-03-12 17:55:53,925 - INFO - Step: CSVLoader completed...
2025-03-12 17:55:53,925 - INFO - Executing Step: reset_cache
2025-03-12 17:55:53,925 - INFO - Step: reset_cache completed...
2025-03-12 17:55:53,926 - INFO - No valid checkpoint found, starting from the beginning...
2025-03-12 17:55:53,926 - INFO - Beginning ETL Execution at time: 1741816553.9260986 ...
2025-03-12 17:55:53,926 - INFO - Executing Step: CSVExtractor
2025-03-12 17:55:53,927 - INFO - Added dataframe: tmp to globalcontext
2025-03-12 17:55:53,927 - INFO - Checkpoint stored for step: de222ed930bca8da97e04ac3f0e1a8c4
2025-03-12 17:55:53,927 - INFO - Step: CSVExtractor completed...
2025-03-12 17:55:53,927 - INFO - Executing Step: CSVExtractor
2025-03-12 17:55:53,928 - INFO - Added dataframe: othertmp to globalcontext
2025-03-12 17:55:53,929 - INFO - Checkpoint stored for step: 412abfdcd44b2d96741df91f5a116e5d
2025-03-12 17:55:53,929 - INFO - Step: CSVExtractor completed...
2025-03-12 17:55:53,929 - INFO - Executing Step: CSVLoader
2025-03-12 17:55:53,930 - INFO - Checkpoint stored for step: 83f75dc262c2019d6cd451384412e01b
2025-03-12 17:55:53,930 - INFO - Step: CSVLoader completed...
2025-03-12 17:55:53,930 - INFO - Executing Step: reset_cache
2025-03-12 17:55:53,930 - INFO - Step: reset_cache completed...
2025-03-12 17:55:53,930 - INFO - No valid checkpoint found, starting from the beginning...
2025-03-12 17:55:53,930 - INFO - Beginning ETL Execution at time: 1741816553.9306834 ...
2025-03-12 17:55:53,931 - INFO - Executing Step: CSVExtractor
2025-03-12 17:55:53,932 - INFO - Checkpoint stored for step: de222ed930bca8da97e04ac3f0e1a8c4
2025-03-12 17:55:53,932 - INFO - Step: CSVExtractor completed...
2025-03-12 17:55:53,932 - INFO - Executing Step: CSVExtractor
2025-03-12 17:55:53,933 - INFO - Checkpoint stored for step: 412abfdcd44b2d96741df91f5a116e5d
2025-03-12 17:55:53,933 - INFO - Step: CSVExtractor completed...
2025-03-12 17:55:53,933 - INFO - Executing Step: CSVLoader
2025-03-12 17:55:53,934 - INFO - Checkpoint stored for step: 83f75dc262c2019d6cd451384412e01b
2025-03-12 17:55:53,934 - INFO - Step: CSVLoader completed...
2025-03-12 17:55:53,934 - INFO - Executing Step: reset_cache
2025-03-12 17:55:53,934 - INFO - Step: reset_cache completed...
2025-03-12 17:55:53,935 - INFO - No valid checkpoint found, starting from the beginning...
2025-03-12 17:55:53,935 - INFO - Beginning ETL Execution at time: 1741816553.9353037 ...
2025-03-12 17:55:53,935 - INFO - Executing Step: CSVExtractor
2025-03-12 17:55:53,937 - INFO - Checkpoint stored for step: de222ed930bca8da97e04ac3f0e1a8c4
2025-03-12 17:55:53,937 - INFO - Step: CSVExtractor completed...
2025-03-12 17:55:53,937 - INFO - Executing Step: CSVExtractor
2025-03-12 17:55:53,939 - INFO - Checkpoint stored for step: 412abfdcd44b2d96741df91f5a116e5d
2025-03-12 17:55:53,939 - INFO - Step: CSVExtractor completed...
2025-03-12 17:55:53,939 - INFO - Executing Step: CSVLoader
2025-03-12 17:55:53,940 - INFO - Checkpoint stored for step: 83f75dc262c2019d6cd451384412e01b
2025-03-12 17:55:53,940 - INFO - Step: CSVLoader completed...
2025-03-12 17:55:53,940 - INFO - Executing Step: reset_cache
2025-03-12 17:55:53,940 - INFO - Step: reset_cache completed...
2025-03-12 17:55:53,940 - INFO - No valid checkpoint found, starting from the beginning...
2025-03-12 17:55:53,940 - INFO - Beginning ETL Execution at time: 1741816553.9408963 ...
2025-03-12 17:55:53,941 - INFO - Executing Step: CSVExtractor
2025-03-12 17:55:53,942 - INFO - Checkpoint stored for step: de222ed930bca8da97e04ac3f0e1a8c4
2025-03-12 17:55:53,942 - INFO - Step: CSVExtractor completed...
2025-03-12 17:55:53,942 - INFO - Executing Step: CSVExtractor
2025-03-12 17:55:53,944 - INFO - Checkpoint stored for step: 412abfdcd44b2d96741df91f5a116e5d
2025-03-12 17:55:53,944 - INFO - Step: CSVExtractor completed...
2025-03-12 17:55:53,944 - INFO - Executing Step: CSVLoader
2025-03-12 17:55:53,945 - INFO - Checkpoint stored for step: 83f75dc262c2019d6cd451384412e01b
2025-03-12 17:55:53,945 - INFO - Step: CSVLoader completed...
2025-03-12 17:55:53,945 - INFO - Executing Step: reset_cache
2025-03-12 17:55:53,945 - INFO - Step: reset_cache completed...
2025-03-12 17:55:53,945 - INFO - No valid checkpoint found, starting from the beginning...
2025-03-12 17:55:53,945 - INFO - Beginning ETL Execution at time: 1741816553.9458897 ...
2025-03-12 17:55:53,946 - INFO - Executing Step: CSVExtractor
2025-03-12 17:55:53,948 - INFO - Checkpoint stored for step: de222ed930bca8da97e04ac3f0e1a8c4
2025-03-12 17:55:53,948 - INFO - Step: CSVExtractor completed...
2025-03-12 17:55:53,948 - INFO - Executing Step: CSVExtractor
2025-03-12 17:55:53,949 - INFO - Checkpoint stored for step: 412abfdcd44b2d96741df91f5a116e5d
2025-03-12 17:55:53,949 - INFO - Step: CSVExtractor completed...
2025-03-12 17:55:53,949 - INFO - Executing Step: CSVLoader
2025-03-12 17:55:53,951 - INFO - Checkpoint stored for step: 83f75dc262c2019d6cd451384412e01b
2025-03-12 17:55:53,951 - INFO - Step: CSVLoader completed...
2025-03-12 17:55:53,951 - INFO - Executing Step: reset_cache
2025-03-12 17:55:53,951 - INFO - Step: reset_cache completed...
2025-03-12 17:55:53,951 - INFO - No valid checkpoint found, starting from the beginning...
2025-03-12 17:55:53,951 - INFO - Beginning ETL Execution at time: 1741816553.9515336 ...
2025-03-12 17:55:53,952 - INFO - Executing Step: CSVExtractor
2025-03-12 17:55:53,953 - INFO - Checkpoint stored for step: de222ed930bca8da97e04ac3f0e1a8c4
2025-03-12 17:55:53,953 - INFO - Step: CSVExtractor completed...
2025-03-12 17:55:53,953 - INFO - Executing Step: CSVExtractor
2025-03-12 17:55:53,955 - INFO - Checkpoint stored for step: 412abfdcd44b2d96741df91f5a116e5d
2025-03-12 17:55:53,955 - INFO - Step: CSVExtractor completed...
2025-03-12 17:55:53,955 - INFO - Executing Step: CSVLoader
2025-03-12 17:55:53,956 - INFO - Checkpoint stored for step: 83f75dc262c2019d6cd451384412e01b
2025-03-12 17:55:53,956 - INFO - Step: CSVLoader completed...
2025-03-12 17:55:53,956 - INFO - Executing Step: reset_cache
2025-03-12 17:55:53,956 - INFO - Step: reset_cache completed...
2025-03-12 17:55:53,956 - INFO - No valid checkpoint found, starting from the beginning...
2025-03-12 17:55:53,956 - INFO - Beginning ETL Execution at time: 1741816553.9568672 ...
2025-03-12 17:55:53,957 - INFO - Executing Step: CSVExtractor
